[numTestFiles : 532]


---New data---

[Remaining: 531]

[File : ./suiteSparse_dataset_10000_100000/ch7-8-b3/ch7-8-b3.mtx]
[K : 128]
[Sputnik_gflops : 22.40 ]
Matrix diff: 122771.992188

---New data---

[Remaining: 530]

[File : ./suiteSparse_dataset_10000_100000/skirt/skirt.mtx]
[K : 128]
[Sputnik_gflops : 80.13 ]
Matrix diff: 118627.078125

---New data---

[Remaining: 529]

[File : ./suiteSparse_dataset_10000_100000/sctap1-2r/sctap1-2r.mtx]
[K : 128]
[Sputnik_gflops : 6.78 ]
Matrix diff: 106144.742188

---New data---

[Remaining: 528]

[File : ./suiteSparse_dataset_10000_100000/sctap1-2r/sctap1-2r_A_11.mtx]
[K : 128]
[Sputnik_gflops : 7.13 ]
Matrix diff: 131129.375000

---New data---

[Remaining: 527]

[File : ./suiteSparse_dataset_10000_100000/OPF_6000/OPF_6000.mtx]
[K : 128]
[Sputnik_gflops : 23.54 ]
Matrix diff: 123261.984375

---New data---

[Remaining: 526]

[File : ./suiteSparse_dataset_10000_100000/trdheim/trdheim.mtx]
[K : 128]
[Sputnik_gflops : 265.62 ]
Matrix diff: 120516.007812

---New data---

[Remaining: 525]

[File : ./suiteSparse_dataset_10000_100000/mult_dcop_01/mult_dcop_01.mtx]
[K : 128]
[Sputnik_gflops : 21.20 ]
Matrix diff: 69943.093750

---New data---

[Remaining: 524]

[File : ./suiteSparse_dataset_10000_100000/xenon1/xenon1.mtx]
[K : 128]
[Sputnik_gflops : 34.84 ]
Matrix diff: 22804.218750

---New data---

[Remaining: 523]

[File : ./suiteSparse_dataset_10000_100000/delaunay_n16/delaunay_n16.mtx]
[K : 128]
[Sputnik_gflops : 6.40 ]
Matrix diff: 106243.070312

---New data---

[Remaining: 522]

[File : ./suiteSparse_dataset_10000_100000/pkustk13/pkustk13.mtx]
[K : 128]
[Sputnik_gflops : 50.84 ]
Matrix diff: 89646.460938

---New data---

[Remaining: 521]

[File : ./suiteSparse_dataset_10000_100000/ABACUS_shell_ud/ABACUS_shell_ud_M.mtx]
[K : 128]
[Sputnik_gflops : 26.16 ]
Matrix diff: 103415.054688

---New data---

[Remaining: 520]

[File : ./suiteSparse_dataset_10000_100000/ABACUS_shell_ud/ABACUS_shell_ud_K.mtx]
[K : 128]
[Sputnik_gflops : 27.37 ]
Matrix diff: 83888.773438

---New data---

[Remaining: 519]

[File : ./suiteSparse_dataset_10000_100000/ABACUS_shell_ud/ABACUS_shell_ud.mtx]
[K : 128]
[Sputnik_gflops : 27.67 ]
Matrix diff: 91119.695312

---New data---

[Remaining: 518]

[File : ./suiteSparse_dataset_10000_100000/pattern1/pattern1.mtx]
[K : 128]
[Sputnik_gflops : 1296.36 ]
Matrix diff: 99133.062500

---New data---

[Remaining: 517]

[File : ./suiteSparse_dataset_10000_100000/nv1/nv1.mtx]
[K : 128]
[Sputnik_gflops : 29.77 ]
Matrix diff: 24082.533203

---New data---

[Remaining: 516]

[File : ./suiteSparse_dataset_10000_100000/crystk03/crystk03.mtx]
[K : 128]
[Sputnik_gflops : 194.94 ]
Matrix diff: 100961.968750

---New data---

[Remaining: 515]

[File : ./suiteSparse_dataset_10000_100000/viscoplastic2/viscoplastic2_C_6.mtx]
[K : 128]
[Sputnik_gflops : 24.69 ]
Matrix diff: 120082.156250

---New data---

[Remaining: 514]

[File : ./suiteSparse_dataset_10000_100000/viscoplastic2/viscoplastic2_C_3.mtx]
[K : 128]
[Sputnik_gflops : 24.69 ]
Matrix diff: 129897.203125

---New data---

[Remaining: 513]

[File : ./suiteSparse_dataset_10000_100000/viscoplastic2/viscoplastic2_C_7.mtx]
[K : 128]
[Sputnik_gflops : 24.68 ]
Matrix diff: 110438.007812

---New data---

[Remaining: 512]

[File : ./suiteSparse_dataset_10000_100000/viscoplastic2/viscoplastic2_C_5.mtx]
[K : 128]
[Sputnik_gflops : 24.52 ]
Matrix diff: 123589.437500

---New data---

[Remaining: 511]

[File : ./suiteSparse_dataset_10000_100000/viscoplastic2/viscoplastic2.mtx]
[K : 128]
[Sputnik_gflops : 23.48 ]
Matrix diff: 90509.453125

---New data---

[Remaining: 510]

[File : ./suiteSparse_dataset_10000_100000/viscoplastic2/viscoplastic2_C_2.mtx]
[K : 128]
[Sputnik_gflops : 23.48 ]
Matrix diff: 117504.593750

---New data---

[Remaining: 509]

[File : ./suiteSparse_dataset_10000_100000/viscoplastic2/viscoplastic2_C_1.mtx]
[K : 128]
[Sputnik_gflops : 23.48 ]
Matrix diff: 101459.476562

---New data---

[Remaining: 508]

[File : ./suiteSparse_dataset_10000_100000/viscoplastic2/viscoplastic2_C_4.mtx]
[K : 128]
[Sputnik_gflops : 23.48 ]
Matrix diff: 129158.039062

---New data---

[Remaining: 507]

[File : ./suiteSparse_dataset_10000_100000/ABACUS_shell_md/ABACUS_shell_md_K.mtx]
[K : 128]
[Sputnik_gflops : 26.03 ]
Matrix diff: 103583.429688

---New data---

[Remaining: 506]

[File : ./suiteSparse_dataset_10000_100000/ABACUS_shell_md/ABACUS_shell_md.mtx]
[K : 128]
[Sputnik_gflops : 26.32 ]
Matrix diff: 124840.984375

---New data---

[Remaining: 505]

[File : ./suiteSparse_dataset_10000_100000/ABACUS_shell_md/ABACUS_shell_md_M.mtx]
[K : 128]
[Sputnik_gflops : 24.88 ]
Matrix diff: 117607.539062

---New data---

[Remaining: 504]

[File : ./suiteSparse_dataset_10000_100000/Dubcova1/Dubcova1.mtx]
[K : 128]
[Sputnik_gflops : 64.35 ]
Matrix diff: 124509.468750

---New data---

[Remaining: 503]

[File : ./suiteSparse_dataset_10000_100000/ted_A/ted_A.mtx]
[K : 128]
[Sputnik_gflops : 239.66 ]
Matrix diff: 113475.429688

---New data---

[Remaining: 502]

[File : ./suiteSparse_dataset_10000_100000/mk12-b4/mk12-b4.mtx]
[K : 128]
[Sputnik_gflops : 6.50 ]
Matrix diff: 157957.015625

---New data---

[Remaining: 501]

[File : ./suiteSparse_dataset_10000_100000/std1_Jac3_db/std1_Jac3_db.mtx]
[K : 128]
[Sputnik_gflops : 75.19 ]
Matrix diff: 47023.972656

---New data---

[Remaining: 500]

[File : ./suiteSparse_dataset_10000_100000/OPF_10000/OPF_10000.mtx]
[K : 128]
[Sputnik_gflops : 16.95 ]
Matrix diff: 129258.734375

---New data---

[Remaining: 499]

[File : ./suiteSparse_dataset_10000_100000/worms20_10NN/worms20_10NN.mtx]
[K : 128]
[Sputnik_gflops : 41.28 ]
Matrix diff: 88252.828125

---New data---

[Remaining: 498]

[File : ./suiteSparse_dataset_10000_100000/cbuckle/cbuckle.mtx]
[K : 128]
[Sputnik_gflops : 236.64 ]
Matrix diff: 134023.531250

---New data---

[Remaining: 497]

[File : ./suiteSparse_dataset_10000_100000/cbuckle/cbuckle_G.mtx]
[K : 128]
[Sputnik_gflops : 181.00 ]
Matrix diff: 113326.640625

---New data---

[Remaining: 496]

[File : ./suiteSparse_dataset_10000_100000/c-71/c-71.mtx]
[K : 128]
[Sputnik_gflops : 10.23 ]
Matrix diff: 144969.968750

---New data---

[Remaining: 495]

[File : ./suiteSparse_dataset_10000_100000/std1_Jac2/std1_Jac2.mtx]
[K : 128]
[Sputnik_gflops : 173.55 ]
Matrix diff: 57545.914062

---New data---

[Remaining: 494]

[File : ./suiteSparse_dataset_10000_100000/ifiss_mat/ifiss_mat.mtx]
[K : 128]
[Sputnik_gflops : 26.95 ]
Matrix diff: 95814.921875

---New data---

[Remaining: 493]

[File : ./suiteSparse_dataset_10000_100000/TSOPF_RS_b678_c1/TSOPF_RS_b678_c1.mtx]
[K : 128]
[Sputnik_gflops : 817.76 ]
Matrix diff: 84530.289062

---New data---

[Remaining: 492]

[File : ./suiteSparse_dataset_10000_100000/Zd_Jac2_db/Zd_Jac2_db.mtx]
[K : 128]
[Sputnik_gflops : 88.21 ]
Matrix diff: 126037.375000

---New data---

[Remaining: 491]

[File : ./suiteSparse_dataset_10000_100000/scfxm1-2b/scfxm1-2b_A_3.mtx]
[K : 128]
[Sputnik_gflops : 12.31 ]
Matrix diff: 125306.562500

---New data---

[Remaining: 490]

[File : ./suiteSparse_dataset_10000_100000/scfxm1-2b/scfxm1-2b.mtx]
[K : 128]
[Sputnik_gflops : 11.71 ]
Matrix diff: 102805.757812

---New data---

[Remaining: 489]

[File : ./suiteSparse_dataset_10000_100000/mario001/mario001.mtx]
[K : 128]
[Sputnik_gflops : 9.27 ]
Matrix diff: 81939.875000

---New data---

[Remaining: 488]

[File : ./suiteSparse_dataset_10000_100000/e18/e18.mtx]
[K : 128]
[Sputnik_gflops : 11.34 ]
Matrix diff: 119135.710938

---New data---

[Remaining: 487]

[File : ./suiteSparse_dataset_10000_100000/nsct/nsct_A_1.mtx]
[K : 128]
[Sputnik_gflops : 54.22 ]
Matrix diff: 85176.750000

---New data---

[Remaining: 486]

[File : ./suiteSparse_dataset_10000_100000/nsct/nsct.mtx]
[K : 128]
[Sputnik_gflops : 55.32 ]
Matrix diff: 90012.304688

---New data---

[Remaining: 485]

[File : ./suiteSparse_dataset_10000_100000/nsct/nsct_A_2.mtx]
[K : 128]
[Sputnik_gflops : 55.32 ]
Matrix diff: 60171.332031

---New data---

[Remaining: 484]

[File : ./suiteSparse_dataset_10000_100000/lowThrust_10/lowThrust_10.mtx]
[K : 128]
[Sputnik_gflops : 45.32 ]
Matrix diff: 119241.867188

---New data---

[Remaining: 483]

[File : ./suiteSparse_dataset_10000_100000/2D_27628_bjtcai/2D_27628_bjtcai.mtx]
[K : 128]
[Sputnik_gflops : 38.38 ]
Matrix diff: 122479.093750

---New data---

[Remaining: 482]

[File : ./suiteSparse_dataset_10000_100000/Si10H16/Si10H16.mtx]
[K : 128]
[Sputnik_gflops : 188.39 ]
Matrix diff: 134519.343750

---New data---

[Remaining: 481]

[File : ./suiteSparse_dataset_10000_100000/af23560/af23560.mtx]
[K : 128]
[Sputnik_gflops : 57.42 ]
Matrix diff: 130266.101562

---New data---

[Remaining: 480]

[File : ./suiteSparse_dataset_10000_100000/m_t1/m_t1.mtx]
[K : 128]
[Sputnik_gflops : 70.39 ]
Matrix diff: 88149.148438

---New data---

[Remaining: 479]

[File : ./suiteSparse_dataset_10000_100000/cit-HepPh/cit-HepPh.mtx]
[K : 128]
[Sputnik_gflops : 24.52 ]
Matrix diff: 123596.296875

---New data---

[Remaining: 478]

[File : ./suiteSparse_dataset_10000_100000/rma10/rma10.mtx]
[K : 128]
[Sputnik_gflops : 74.55 ]
Matrix diff: 56208.371094

---New data---

[Remaining: 477]

[File : ./suiteSparse_dataset_10000_100000/GaAsH6/GaAsH6.mtx]
[K : 128]
[Sputnik_gflops : 62.03 ]
Matrix diff: 77710.015625

---New data---

[Remaining: 476]

[File : ./suiteSparse_dataset_10000_100000/c-67/c-67.mtx]
[K : 128]
[Sputnik_gflops : 11.08 ]
Matrix diff: 125796.476562

---New data---

[Remaining: 475]

[File : ./suiteSparse_dataset_10000_100000/torsion1/torsion1.mtx]
[K : 128]
[Sputnik_gflops : 8.64 ]
Matrix diff: 107944.710938

---New data---

[Remaining: 474]

[File : ./suiteSparse_dataset_10000_100000/nv2010/nv2010.mtx]
[K : 128]
[Sputnik_gflops : 4.08 ]
Matrix diff: 77887.242188

---New data---

[Remaining: 473]

[File : ./suiteSparse_dataset_10000_100000/bcircuit/bcircuit.mtx]
[K : 128]
[Sputnik_gflops : 5.53 ]
Matrix diff: 72321.046875

---New data---

[Remaining: 472]

[File : ./suiteSparse_dataset_10000_100000/shyy161/shyy161.mtx]
[K : 128]
[Sputnik_gflops : 3.95 ]
Matrix diff: 72498.929688

---New data---

[Remaining: 471]

[File : ./suiteSparse_dataset_10000_100000/c-64b/c-64b.mtx]
[K : 128]
[Sputnik_gflops : 19.29 ]
Matrix diff: 137894.781250

---New data---

[Remaining: 470]

[File : ./suiteSparse_dataset_10000_100000/c-59/c-59.mtx]
[K : 128]
[Sputnik_gflops : 19.65 ]
Matrix diff: 120046.156250

---New data---

[Remaining: 469]

[File : ./suiteSparse_dataset_10000_100000/vsp_c-60_data_cti_cs4/vsp_c-60_data_cti_cs4.mtx]
[K : 128]
[Sputnik_gflops : 4.58 ]
Matrix diff: 73706.007812

---New data---

[Remaining: 468]

[File : ./suiteSparse_dataset_10000_100000/cond-mat-2005/cond-mat-2005.mtx]
[K : 128]
[Sputnik_gflops : 14.98 ]
Matrix diff: 124389.648438

---New data---

[Remaining: 467]

[File : ./suiteSparse_dataset_10000_100000/mark3jac040/mark3jac040.mtx]
[K : 128]
[Sputnik_gflops : 23.47 ]
Matrix diff: 100277.929688

---New data---

[Remaining: 466]

[File : ./suiteSparse_dataset_10000_100000/kim1/kim1.mtx]
[K : 128]
[Sputnik_gflops : 44.04 ]
Matrix diff: 62988.613281

---New data---

[Remaining: 465]

[File : ./suiteSparse_dataset_10000_100000/juba40k/juba40k.mtx]
[K : 128]
[Sputnik_gflops : 6.23 ]
Matrix diff: 116507.304688

---New data---

[Remaining: 464]

[File : ./suiteSparse_dataset_10000_100000/TSOPF_FS_b300_c1/TSOPF_FS_b300_c1.mtx]
[K : 128]
[Sputnik_gflops : 346.86 ]
Matrix diff: 147444.859375

---New data---

[Remaining: 463]

[File : ./suiteSparse_dataset_10000_100000/pfinan512/pfinan512.mtx]
[K : 128]
[Sputnik_gflops : 7.47 ]
Matrix diff: 147596.250000

---New data---

[Remaining: 462]

[File : ./suiteSparse_dataset_10000_100000/co9/co9.mtx]
[K : 128]
[Sputnik_gflops : 30.69 ]
Matrix diff: 118211.757812

---New data---

[Remaining: 461]

[File : ./suiteSparse_dataset_10000_100000/case39/case39_A_12.mtx]
[K : 128]
[Sputnik_gflops : 44.95 ]
Matrix diff: 77229.765625

---New data---

[Remaining: 460]

[File : ./suiteSparse_dataset_10000_100000/case39/case39_A_13.mtx]
[K : 128]
[Sputnik_gflops : 44.95 ]
Matrix diff: 63955.789062

---New data---

[Remaining: 459]

[File : ./suiteSparse_dataset_10000_100000/case39/case39_A_09.mtx]
[K : 128]
[Sputnik_gflops : 44.95 ]
Matrix diff: 74396.734375

---New data---

[Remaining: 458]

[File : ./suiteSparse_dataset_10000_100000/case39/case39.mtx]
[K : 128]
[Sputnik_gflops : 44.95 ]
Matrix diff: 107967.398438

---New data---

[Remaining: 457]

[File : ./suiteSparse_dataset_10000_100000/case39/case39_A_07.mtx]
[K : 128]
[Sputnik_gflops : 44.95 ]
Matrix diff: 53062.335938

---New data---

[Remaining: 456]

[File : ./suiteSparse_dataset_10000_100000/case39/case39_A_03.mtx]
[K : 128]
[Sputnik_gflops : 44.96 ]
Matrix diff: 66751.132812

---New data---

[Remaining: 455]

[File : ./suiteSparse_dataset_10000_100000/case39/case39_A_11.mtx]
[K : 128]
[Sputnik_gflops : 44.95 ]
Matrix diff: 61589.328125

---New data---

[Remaining: 454]

[File : ./suiteSparse_dataset_10000_100000/case39/case39_A_02.mtx]
[K : 128]
[Sputnik_gflops : 44.95 ]
Matrix diff: 88795.414062

---New data---

[Remaining: 453]

[File : ./suiteSparse_dataset_10000_100000/case39/case39_A_05.mtx]
[K : 128]
[Sputnik_gflops : 44.95 ]
Matrix diff: 70259.640625

---New data---

[Remaining: 452]

[File : ./suiteSparse_dataset_10000_100000/case39/case39_A_04.mtx]
[K : 128]
[Sputnik_gflops : 44.95 ]
Matrix diff: 53815.761719

---New data---

[Remaining: 451]

[File : ./suiteSparse_dataset_10000_100000/case39/case39_A_06.mtx]
[K : 128]
[Sputnik_gflops : 44.95 ]
Matrix diff: 125548.789062

---New data---

[Remaining: 450]

[File : ./suiteSparse_dataset_10000_100000/case39/case39_A_08.mtx]
[K : 128]
[Sputnik_gflops : 44.95 ]
Matrix diff: 73327.601562

---New data---

[Remaining: 449]

[File : ./suiteSparse_dataset_10000_100000/case39/case39_A_10.mtx]
[K : 128]
[Sputnik_gflops : 44.93 ]
Matrix diff: 132488.656250

---New data---

[Remaining: 448]

[File : ./suiteSparse_dataset_10000_100000/case39/case39_A_01.mtx]
[K : 128]
[Sputnik_gflops : 44.95 ]
Matrix diff: 49105.242188

---New data---

[Remaining: 447]

[File : ./suiteSparse_dataset_10000_100000/ncvxqp7/ncvxqp7.mtx]
[K : 128]
[Sputnik_gflops : 5.25 ]
Matrix diff: 91989.890625

---New data---

[Remaining: 446]

[File : ./suiteSparse_dataset_10000_100000/uni_chimera_i2/uni_chimera_i2_A_18.mtx]
[K : 128]
[Sputnik_gflops : 5.57 ]
Matrix diff: 128277.203125

---New data---

[Remaining: 445]

[File : ./suiteSparse_dataset_10000_100000/uni_chimera_i2/uni_chimera_i2_A_02.mtx]
[K : 128]
[Sputnik_gflops : 5.57 ]
Matrix diff: 102715.796875

---New data---

[Remaining: 444]

[File : ./suiteSparse_dataset_10000_100000/uni_chimera_i2/uni_chimera_i2_A_14.mtx]
[K : 128]
[Sputnik_gflops : 5.57 ]
Matrix diff: 115058.867188

---New data---

[Remaining: 443]

[File : ./suiteSparse_dataset_10000_100000/uni_chimera_i2/uni_chimera_i2_A_10.mtx]
[K : 128]
[Sputnik_gflops : 5.57 ]
Matrix diff: 142301.718750

---New data---

[Remaining: 442]

[File : ./suiteSparse_dataset_10000_100000/uni_chimera_i2/uni_chimera_i2_A_17.mtx]
[K : 128]
[Sputnik_gflops : 5.58 ]
Matrix diff: 153158.187500

---New data---

[Remaining: 441]

[File : ./suiteSparse_dataset_10000_100000/uni_chimera_i2/uni_chimera_i2.mtx]
[K : 128]
[Sputnik_gflops : 5.58 ]
Matrix diff: 143348.500000

---New data---

[Remaining: 440]

[File : ./suiteSparse_dataset_10000_100000/uni_chimera_i2/uni_chimera_i2_A_16.mtx]
[K : 128]
[Sputnik_gflops : 5.57 ]
Matrix diff: 103176.046875

---New data---

[Remaining: 439]

[File : ./suiteSparse_dataset_10000_100000/uni_chimera_i2/uni_chimera_i2_A_07.mtx]
[K : 128]
[Sputnik_gflops : 5.57 ]
Matrix diff: 167684.234375

---New data---

[Remaining: 438]

[File : ./suiteSparse_dataset_10000_100000/uni_chimera_i2/uni_chimera_i2_A_22.mtx]
[K : 128]
[Sputnik_gflops : 5.57 ]
Matrix diff: 254090.156250

---New data---

[Remaining: 437]

[File : ./suiteSparse_dataset_10000_100000/uni_chimera_i2/uni_chimera_i2_A_20.mtx]
[K : 128]
[Sputnik_gflops : 5.57 ]
Matrix diff: 53298.015625

---New data---

[Remaining: 436]

[File : ./suiteSparse_dataset_10000_100000/uni_chimera_i2/uni_chimera_i2_A_01.mtx]
[K : 128]
[Sputnik_gflops : 5.57 ]
Matrix diff: 66682.828125

---New data---

[Remaining: 435]

[File : ./suiteSparse_dataset_10000_100000/uni_chimera_i2/uni_chimera_i2_A_19.mtx]
[K : 128]
[Sputnik_gflops : 5.57 ]
Matrix diff: 90239.882812

---New data---

[Remaining: 434]

[File : ./suiteSparse_dataset_10000_100000/uni_chimera_i2/uni_chimera_i2_A_04.mtx]
[K : 128]
[Sputnik_gflops : 5.58 ]
Matrix diff: 113945.281250

---New data---

[Remaining: 433]

[File : ./suiteSparse_dataset_10000_100000/uni_chimera_i2/uni_chimera_i2_A_09.mtx]
[K : 128]
[Sputnik_gflops : 5.57 ]
Matrix diff: 89018.765625

---New data---

[Remaining: 432]

[File : ./suiteSparse_dataset_10000_100000/uni_chimera_i2/uni_chimera_i2_A_06.mtx]
[K : 128]
[Sputnik_gflops : 5.58 ]
Matrix diff: 83276.804688

---New data---

[Remaining: 431]

[File : ./suiteSparse_dataset_10000_100000/uni_chimera_i2/uni_chimera_i2_A_13.mtx]
[K : 128]
[Sputnik_gflops : 5.57 ]
Matrix diff: 218848.031250

---New data---

[Remaining: 430]

[File : ./suiteSparse_dataset_10000_100000/uni_chimera_i2/uni_chimera_i2_A_03.mtx]
[K : 128]
[Sputnik_gflops : 5.57 ]
Matrix diff: 150715.703125

---New data---

[Remaining: 429]

[File : ./suiteSparse_dataset_10000_100000/uni_chimera_i2/uni_chimera_i2_A_15.mtx]
[K : 128]
[Sputnik_gflops : 5.58 ]
Matrix diff: 176575.343750

---New data---

[Remaining: 428]

[File : ./suiteSparse_dataset_10000_100000/uni_chimera_i2/uni_chimera_i2_A_24.mtx]
[K : 128]
[Sputnik_gflops : 5.58 ]
Matrix diff: 281980.937500

---New data---

[Remaining: 427]

[File : ./suiteSparse_dataset_10000_100000/uni_chimera_i2/uni_chimera_i2_A_05.mtx]
[K : 128]
[Sputnik_gflops : 5.58 ]
Matrix diff: 105263.585938

---New data---

[Remaining: 426]

[File : ./suiteSparse_dataset_10000_100000/uni_chimera_i2/uni_chimera_i2_A_08.mtx]
[K : 128]
[Sputnik_gflops : 5.57 ]
Matrix diff: 119202.101562

---New data---

[Remaining: 425]

[File : ./suiteSparse_dataset_10000_100000/uni_chimera_i2/uni_chimera_i2_A_11.mtx]
[K : 128]
[Sputnik_gflops : 5.58 ]
Matrix diff: 129856.609375

---New data---

[Remaining: 424]

[File : ./suiteSparse_dataset_10000_100000/uni_chimera_i2/uni_chimera_i2_A_21.mtx]
[K : 128]
[Sputnik_gflops : 5.58 ]
Matrix diff: 101286.835938

---New data---

[Remaining: 423]

[File : ./suiteSparse_dataset_10000_100000/uni_chimera_i2/uni_chimera_i2_A_12.mtx]
[K : 128]
[Sputnik_gflops : 5.58 ]
Matrix diff: 89509.781250

---New data---

[Remaining: 422]

[File : ./suiteSparse_dataset_10000_100000/uni_chimera_i2/uni_chimera_i2_A_23.mtx]
[K : 128]
[Sputnik_gflops : 5.57 ]
Matrix diff: 218501.500000

---New data---

[Remaining: 421]

[File : ./suiteSparse_dataset_10000_100000/venkat25/venkat25.mtx]
[K : 128]
[Sputnik_gflops : 30.78 ]
Matrix diff: 126731.523438

---New data---

[Remaining: 420]

[File : ./suiteSparse_dataset_10000_100000/stokes128/stokes128.mtx]
[K : 128]
[Sputnik_gflops : 15.84 ]
Matrix diff: 236590.015625

---New data---

[Remaining: 419]

[File : ./suiteSparse_dataset_10000_100000/finan512/finan512.mtx]
[K : 128]
[Sputnik_gflops : 7.47 ]
Matrix diff: 206677.453125

---New data---

[Remaining: 418]

[File : ./suiteSparse_dataset_10000_100000/poisson3Db/poisson3Db.mtx]
[K : 128]
[Sputnik_gflops : 22.51 ]
Matrix diff: 19875.826172

---New data---

[Remaining: 417]

[File : ./suiteSparse_dataset_10000_100000/preferentialAttachment/preferentialAttachment.mtx]
[K : 128]
[Sputnik_gflops : 6.99 ]
Matrix diff: 165104.593750

---New data---

[Remaining: 416]

[File : ./suiteSparse_dataset_10000_100000/F2/F2.mtx]
[K : 128]
[Sputnik_gflops : 71.30 ]
Matrix diff: 39266.750000

---New data---

[Remaining: 415]

[File : ./suiteSparse_dataset_10000_100000/dbir2/dbir2.mtx]
[K : 128]
[Sputnik_gflops : 91.99 ]
Matrix diff: 71719.078125

---New data---

[Remaining: 414]

[File : ./suiteSparse_dataset_10000_100000/ca-AstroPh/ca-AstroPh.mtx]
[K : 128]
[Sputnik_gflops : 76.46 ]
Matrix diff: 116981.570312

---New data---

[Remaining: 413]

[File : ./suiteSparse_dataset_10000_100000/g7jac080sc/g7jac080sc.mtx]
[K : 128]
[Sputnik_gflops : 36.36 ]
Matrix diff: 137295.437500

---New data---

[Remaining: 412]

[File : ./suiteSparse_dataset_10000_100000/vsp_south31_slptsk/vsp_south31_slptsk.mtx]
[K : 128]
[Sputnik_gflops : 16.85 ]
Matrix diff: 124648.812500

---New data---

[Remaining: 411]

[File : ./suiteSparse_dataset_10000_100000/pkustk08/pkustk08.mtx]
[K : 128]
[Sputnik_gflops : 419.55 ]
Matrix diff: 111338.382812

---New data---

[Remaining: 410]

[File : ./suiteSparse_dataset_10000_100000/deltaX/deltaX.mtx]
[K : 128]
[Sputnik_gflops : 11.44 ]
Matrix diff: 82291.492188

---New data---

[Remaining: 409]

[File : ./suiteSparse_dataset_10000_100000/TSOPF_FS_b39_c7/TSOPF_FS_b39_c7.mtx]
[K : 128]
[Sputnik_gflops : 63.75 ]
Matrix diff: 54247.949219

---New data---

[Remaining: 408]

[File : ./suiteSparse_dataset_10000_100000/lhr71c/lhr71c.mtx]
[K : 128]
[Sputnik_gflops : 20.72 ]
Matrix diff: 97906.000000

---New data---

[Remaining: 407]

[File : ./suiteSparse_dataset_10000_100000/mod2/mod2.mtx]
[K : 128]
[Sputnik_gflops : 6.06 ]
Matrix diff: 79819.289062

---New data---

[Remaining: 406]

[File : ./suiteSparse_dataset_10000_100000/raefsky4/raefsky4.mtx]
[K : 128]
[Sputnik_gflops : 227.46 ]
Matrix diff: 103265.875000

---New data---

[Remaining: 405]

[File : ./suiteSparse_dataset_10000_100000/cat_ears_4_4/cat_ears_4_4.mtx]
[K : 128]
[Sputnik_gflops : 10.98 ]
Matrix diff: 51030.675781

---New data---

[Remaining: 404]

[File : ./suiteSparse_dataset_10000_100000/ckt11752_tr_0/ckt11752_tr_0.mtx]
[K : 128]
[Sputnik_gflops : 9.43 ]
Matrix diff: 129974.125000

---New data---

[Remaining: 403]

[File : ./suiteSparse_dataset_10000_100000/gyro_k/gyro_k.mtx]
[K : 128]
[Sputnik_gflops : 213.74 ]
Matrix diff: 81310.703125

---New data---

[Remaining: 402]

[File : ./suiteSparse_dataset_10000_100000/pkustk09/pkustk09.mtx]
[K : 128]
[Sputnik_gflops : 90.28 ]
Matrix diff: 79684.351562

---New data---

[Remaining: 401]

[File : ./suiteSparse_dataset_10000_100000/Zd_Jac3_db/Zd_Jac3_db.mtx]
[K : 128]
[Sputnik_gflops : 88.24 ]
Matrix diff: 108507.250000

---New data---

[Remaining: 400]

[File : ./suiteSparse_dataset_10000_100000/g7jac120sc/g7jac120sc.mtx]
[K : 128]
[Sputnik_gflops : 24.89 ]
Matrix diff: 122071.265625

---New data---

[Remaining: 399]

[File : ./suiteSparse_dataset_10000_100000/mouse_gene/mouse_gene.mtx]
[K : 128]
[Sputnik_gflops : 734.61 ]
Matrix diff: 41615.234375

---New data---

[Remaining: 398]

[File : ./suiteSparse_dataset_10000_100000/Trefethen_20000b/Trefethen_20000b.mtx]
[K : 128]
[Sputnik_gflops : 94.31 ]
Matrix diff: 116837.718750

---New data---

[Remaining: 397]

[File : ./suiteSparse_dataset_10000_100000/3D_28984_Tetra/3D_28984_Tetra.mtx]
[K : 128]
[Sputnik_gflops : 49.53 ]
Matrix diff: 124383.093750

---New data---

[Remaining: 396]

[File : ./suiteSparse_dataset_10000_100000/bcsstk29/bcsstk29.mtx]
[K : 128]
[Sputnik_gflops : 208.81 ]
Matrix diff: 123853.664062

---New data---

[Remaining: 395]

[File : ./suiteSparse_dataset_10000_100000/mark3jac140/mark3jac140.mtx]
[K : 128]
[Sputnik_gflops : 6.80 ]
Matrix diff: 171526.609375

---New data---

[Remaining: 394]

[File : ./suiteSparse_dataset_10000_100000/bcsstm36/bcsstm36.mtx]
[K : 128]
[Sputnik_gflops : 41.89 ]
Matrix diff: 132764.531250

---New data---

[Remaining: 393]

[File : ./suiteSparse_dataset_10000_100000/mycielskian16/mycielskian16.mtx]
[K : 128]
[Sputnik_gflops : 781.43 ]
Matrix diff: 60660.578125

---New data---

[Remaining: 392]

[File : ./suiteSparse_dataset_10000_100000/olesnik0/olesnik0.mtx]
[K : 128]
[Sputnik_gflops : 6.71 ]
Matrix diff: 155959.015625

---New data---

[Remaining: 391]

[File : ./suiteSparse_dataset_10000_100000/c-52/c-52.mtx]
[K : 128]
[Sputnik_gflops : 24.66 ]
Matrix diff: 72305.382812

---New data---

[Remaining: 390]

[File : ./suiteSparse_dataset_10000_100000/c-50/c-50.mtx]
[K : 128]
[Sputnik_gflops : 26.90 ]
Matrix diff: 95926.046875

---New data---

[Remaining: 389]

[File : ./suiteSparse_dataset_10000_100000/pkustk05/pkustk05.mtx]
[K : 128]
[Sputnik_gflops : 110.34 ]
Matrix diff: 138043.140625

---New data---

[Remaining: 388]

[File : ./suiteSparse_dataset_10000_100000/conf6_0-8x8-80/conf6_0-8x8-80.mtx]
[K : 128]
[Sputnik_gflops : 55.35 ]
Matrix diff: 25011.273438

---New data---

[Remaining: 387]

[File : ./suiteSparse_dataset_10000_100000/vanbody/vanbody.mtx]
[K : 128]
[Sputnik_gflops : 73.13 ]
Matrix diff: 69664.890625

---New data---

[Remaining: 386]

[File : ./suiteSparse_dataset_10000_100000/EAT_SR/EAT_SR.mtx]
[K : 128]
[Sputnik_gflops : 41.86 ]
Matrix diff: 132494.984375

---New data---

[Remaining: 385]

[File : ./suiteSparse_dataset_10000_100000/c-62/c-62.mtx]
[K : 128]
[Sputnik_gflops : 22.46 ]
Matrix diff: 41972.332031

---New data---

[Remaining: 384]

[File : ./suiteSparse_dataset_10000_100000/ns3Da/ns3Da.mtx]
[K : 128]
[Sputnik_gflops : 258.43 ]
Matrix diff: 67545.140625

---New data---

[Remaining: 383]

[File : ./suiteSparse_dataset_10000_100000/pcrystk02/pcrystk02.mtx]
[K : 128]
[Sputnik_gflops : 329.81 ]
Matrix diff: 118765.781250

---New data---

[Remaining: 382]

[File : ./suiteSparse_dataset_10000_100000/windscreen/windscreen.mtx]
[K : 128]
[Sputnik_gflops : 196.49 ]
Matrix diff: 124524.242188

---New data---

[Remaining: 381]

[File : ./suiteSparse_dataset_10000_100000/windscreen/windscreen_M.mtx]
[K : 128]
[Sputnik_gflops : 185.58 ]
Matrix diff: 88723.320312

---New data---

[Remaining: 380]

[File : ./suiteSparse_dataset_10000_100000/HEP-th-new/HEP-th-new.mtx]
[K : 128]
[Sputnik_gflops : 30.11 ]
Matrix diff: 79940.132812

---New data---

[Remaining: 379]

[File : ./suiteSparse_dataset_10000_100000/bcsstk37/bcsstk37.mtx]
[K : 128]
[Sputnik_gflops : 114.17 ]
Matrix diff: 77634.765625

---New data---

[Remaining: 378]

[File : ./suiteSparse_dataset_10000_100000/crystk02/crystk02.mtx]
[K : 128]
[Sputnik_gflops : 311.68 ]
Matrix diff: 93403.039062

---New data---

[Remaining: 377]

[File : ./suiteSparse_dataset_10000_100000/dbir1/dbir1.mtx]
[K : 128]
[Sputnik_gflops : 86.69 ]
Matrix diff: 52384.496094

---New data---

[Remaining: 376]

[File : ./suiteSparse_dataset_10000_100000/fem_filter/fem_filter.mtx]
[K : 128]
[Sputnik_gflops : 22.08 ]
Matrix diff: 150594.359375

---New data---

[Remaining: 375]

[File : ./suiteSparse_dataset_10000_100000/flower_7_4/flower_7_4.mtx]
[K : 128]
[Sputnik_gflops : 7.59 ]
Matrix diff: 104578.031250

---New data---

[Remaining: 374]

[File : ./suiteSparse_dataset_10000_100000/p2p-Gnutella31/p2p-Gnutella31.mtx]
[K : 128]
[Sputnik_gflops : 2.66 ]
Matrix diff: 102246.960938

---New data---

[Remaining: 373]

[File : ./suiteSparse_dataset_10000_100000/tsyl201/tsyl201.mtx]
[K : 128]
[Sputnik_gflops : 375.51 ]
Matrix diff: 108298.031250

---New data---

[Remaining: 372]

[File : ./suiteSparse_dataset_10000_100000/mark3jac100sc/mark3jac100sc.mtx]
[K : 128]
[Sputnik_gflops : 9.54 ]
Matrix diff: 126183.679688

---New data---

[Remaining: 371]

[File : ./suiteSparse_dataset_10000_100000/copter2/copter2.mtx]
[K : 128]
[Sputnik_gflops : 17.27 ]
Matrix diff: 146165.406250

---New data---

[Remaining: 370]

[File : ./suiteSparse_dataset_10000_100000/cz40948/cz40948.mtx]
[K : 128]
[Sputnik_gflops : 17.22 ]
Matrix diff: 124527.164062

---New data---

[Remaining: 369]

[File : ./suiteSparse_dataset_10000_100000/vibrobox/vibrobox.mtx]
[K : 128]
[Sputnik_gflops : 149.42 ]
Matrix diff: 130725.906250

---New data---

[Remaining: 368]

[File : ./suiteSparse_dataset_10000_100000/TF16/TF16.mtx]
[K : 128]
[Sputnik_gflops : 49.98 ]
Matrix diff: 105916.414062

---New data---

[Remaining: 367]

[File : ./suiteSparse_dataset_10000_100000/TSOPF_RS_b162_c3/TSOPF_RS_b162_c3.mtx]
[K : 128]
[Sputnik_gflops : 177.17 ]
Matrix diff: 104450.906250

---New data---

[Remaining: 366]

[File : ./suiteSparse_dataset_10000_100000/sme3Db/sme3Db.mtx]
[K : 128]
[Sputnik_gflops : 163.18 ]
Matrix diff: 145533.187500

---New data---

[Remaining: 365]

[File : ./suiteSparse_dataset_10000_100000/venkat01/venkat01.mtx]
[K : 128]
[Sputnik_gflops : 30.90 ]
Matrix diff: 50624.132812

---New data---

[Remaining: 364]

[File : ./suiteSparse_dataset_10000_100000/human_gene2/human_gene2.mtx]
[K : 128]
[Sputnik_gflops : 2377.29 ]
Matrix diff: 58572.011719

---New data---

[Remaining: 363]

[File : ./suiteSparse_dataset_10000_100000/nmos3/nmos3.mtx]
[K : 128]
[Sputnik_gflops : 73.65 ]
Matrix diff: 128828.000000

---New data---

[Remaining: 362]

[File : ./suiteSparse_dataset_10000_100000/jan99jac120/jan99jac120.mtx]
[K : 128]
[Sputnik_gflops : 10.25 ]
Matrix diff: 125763.789062

---New data---

[Remaining: 361]

[File : ./suiteSparse_dataset_10000_100000/p010/p010.mtx]
[K : 128]
[Sputnik_gflops : 42.66 ]
Matrix diff: 116545.117188

---New data---

[Remaining: 360]

[File : ./suiteSparse_dataset_10000_100000/gyro/gyro_M.mtx]
[K : 128]
[Sputnik_gflops : 77.06 ]
Matrix diff: 127461.929688

---New data---

[Remaining: 359]

[File : ./suiteSparse_dataset_10000_100000/gyro/gyro.mtx]
[K : 128]
[Sputnik_gflops : 225.82 ]
Matrix diff: 134847.671875

---New data---

[Remaining: 358]

[File : ./suiteSparse_dataset_10000_100000/pkustk02/pkustk02.mtx]
[K : 128]
[Sputnik_gflops : 453.43 ]
Matrix diff: 105860.257812

---New data---

[Remaining: 357]

[File : ./suiteSparse_dataset_10000_100000/jan99jac100sc/jan99jac100sc.mtx]
[K : 128]
[Sputnik_gflops : 12.75 ]
Matrix diff: 80231.296875

---New data---

[Remaining: 356]

[File : ./suiteSparse_dataset_10000_100000/Maragal_8/Maragal_8.mtx]
[K : 128]
[Sputnik_gflops : 34.69 ]
Matrix diff: 110919.343750

---New data---

[Remaining: 355]

[File : ./suiteSparse_dataset_10000_100000/ch7-7-b5/ch7-7-b5.mtx]
[K : 128]
[Sputnik_gflops : 7.97 ]
Matrix diff: 108806.976562

---New data---

[Remaining: 354]

[File : ./suiteSparse_dataset_10000_100000/pkustk01/pkustk01.mtx]
[K : 128]
[Sputnik_gflops : 138.38 ]
Matrix diff: 105092.781250

---New data---

[Remaining: 353]

[File : ./suiteSparse_dataset_10000_100000/finance256/finance256.mtx]
[K : 128]
[Sputnik_gflops : 14.97 ]
Matrix diff: 80128.468750

---New data---

[Remaining: 352]

[File : ./suiteSparse_dataset_10000_100000/fxm3_16/fxm3_16.mtx]
[K : 128]
[Sputnik_gflops : 7.79 ]
Matrix diff: 52342.128906

---New data---

[Remaining: 351]

[File : ./suiteSparse_dataset_10000_100000/jan99jac060/jan99jac060.mtx]
[K : 128]
[Sputnik_gflops : 20.87 ]
Matrix diff: 117445.343750

---New data---

[Remaining: 350]

[File : ./suiteSparse_dataset_10000_100000/pwt/pwt.mtx]
[K : 128]
[Sputnik_gflops : 17.15 ]
Matrix diff: 125017.796875

---New data---

[Remaining: 349]

[File : ./suiteSparse_dataset_10000_100000/mark3jac080/mark3jac080.mtx]
[K : 128]
[Sputnik_gflops : 11.91 ]
Matrix diff: 130463.390625

---New data---

[Remaining: 348]

[File : ./suiteSparse_dataset_10000_100000/Ill_Stokes/Ill_Stokes.mtx]
[K : 128]
[Sputnik_gflops : 30.50 ]
Matrix diff: 90521.703125

---New data---

[Remaining: 347]

[File : ./suiteSparse_dataset_10000_100000/SiO/SiO.mtx]
[K : 128]
[Sputnik_gflops : 81.23 ]
Matrix diff: 57123.792969

---New data---

[Remaining: 346]

[File : ./suiteSparse_dataset_10000_100000/2D_54019_highK/2D_54019_highK.mtx]
[K : 128]
[Sputnik_gflops : 22.70 ]
Matrix diff: 203488.687500

---New data---

[Remaining: 345]

[File : ./suiteSparse_dataset_10000_100000/rlfprim/rlfprim.mtx]
[K : 128]
[Sputnik_gflops : 6.10 ]
Matrix diff: 200555.218750

---New data---

[Remaining: 344]

[File : ./suiteSparse_dataset_10000_100000/g7jac200sc/g7jac200sc.mtx]
[K : 128]
[Sputnik_gflops : 16.67 ]
Matrix diff: 111463.414062

---New data---

[Remaining: 343]

[File : ./suiteSparse_dataset_10000_100000/astro-ph/astro-ph.mtx]
[K : 128]
[Sputnik_gflops : 59.72 ]
Matrix diff: 130697.804688

---New data---

[Remaining: 342]

[File : ./suiteSparse_dataset_10000_100000/TSOPF_FS_b39_c19/TSOPF_FS_b39_c19.mtx]
[K : 128]
[Sputnik_gflops : 23.88 ]
Matrix diff: 99650.796875

---New data---

[Remaining: 341]

[File : ./suiteSparse_dataset_10000_100000/bcsstk35/bcsstk35.mtx]
[K : 128]
[Sputnik_gflops : 109.48 ]
Matrix diff: 81289.367188

---New data---

[Remaining: 340]

[File : ./suiteSparse_dataset_10000_100000/TSOPF_FS_b162_c4/TSOPF_FS_b162_c4.mtx]
[K : 128]
[Sputnik_gflops : 100.40 ]
Matrix diff: 207139.109375

---New data---

[Remaining: 339]

[File : ./suiteSparse_dataset_10000_100000/lowThrust_12/lowThrust_12.mtx]
[K : 128]
[Sputnik_gflops : 45.77 ]
Matrix diff: 99549.382812

---New data---

[Remaining: 338]

[File : ./suiteSparse_dataset_10000_100000/g7jac100/g7jac100.mtx]
[K : 128]
[Sputnik_gflops : 30.59 ]
Matrix diff: 133059.453125

---New data---

[Remaining: 337]

[File : ./suiteSparse_dataset_10000_100000/g7jac050sc/g7jac050sc.mtx]
[K : 128]
[Sputnik_gflops : 50.01 ]
Matrix diff: 72624.031250

---New data---

[Remaining: 336]

[File : ./suiteSparse_dataset_10000_100000/mycielskian14/mycielskian14.mtx]
[K : 128]
[Sputnik_gflops : 1280.14 ]
Matrix diff: 51531.902344

---New data---

[Remaining: 335]

[File : ./suiteSparse_dataset_10000_100000/gupta1/gupta1.mtx]
[K : 128]
[Sputnik_gflops : 139.67 ]
Matrix diff: 43070.195312

---New data---

[Remaining: 334]

[File : ./suiteSparse_dataset_10000_100000/bayer04/bayer04.mtx]
[K : 128]
[Sputnik_gflops : 26.25 ]
Matrix diff: 110706.382812

---New data---

[Remaining: 333]

[File : ./suiteSparse_dataset_10000_100000/Goodwin_071/Goodwin_071.mtx]
[K : 128]
[Sputnik_gflops : 39.83 ]
Matrix diff: 49861.570312

---New data---

[Remaining: 332]

[File : ./suiteSparse_dataset_10000_100000/cyl6/cyl6.mtx]
[K : 128]
[Sputnik_gflops : 258.75 ]
Matrix diff: 126972.296875

---New data---

[Remaining: 331]

[File : ./suiteSparse_dataset_10000_100000/g7jac140sc/g7jac140sc.mtx]
[K : 128]
[Sputnik_gflops : 22.98 ]
Matrix diff: 109414.398438

---New data---

[Remaining: 330]

[File : ./suiteSparse_dataset_10000_100000/ts-palko/ts-palko.mtx]
[K : 128]
[Sputnik_gflops : 71.16 ]
Matrix diff: 76002.171875

---New data---

[Remaining: 329]

[File : ./suiteSparse_dataset_10000_100000/wing/wing.mtx]
[K : 128]
[Sputnik_gflops : 4.44 ]
Matrix diff: 202577.343750

---New data---

[Remaining: 328]

[File : ./suiteSparse_dataset_10000_100000/crplat2/crplat2.mtx]
[K : 128]
[Sputnik_gflops : 202.90 ]
Matrix diff: 75926.640625

---New data---

[Remaining: 327]

[File : ./suiteSparse_dataset_10000_100000/c-60/c-60.mtx]
[K : 128]
[Sputnik_gflops : 11.00 ]
Matrix diff: 108734.156250

---New data---

[Remaining: 326]

[File : ./suiteSparse_dataset_10000_100000/mip1/mip1.mtx]
[K : 128]
[Sputnik_gflops : 160.92 ]
Matrix diff: 75465.953125

---New data---

[Remaining: 325]

[File : ./suiteSparse_dataset_10000_100000/Zhao2/Zhao2.mtx]
[K : 128]
[Sputnik_gflops : 10.18 ]
Matrix diff: 118631.117188

---New data---

[Remaining: 324]

[File : ./suiteSparse_dataset_10000_100000/c-66/c-66.mtx]
[K : 128]
[Sputnik_gflops : 14.01 ]
Matrix diff: 112914.617188

---New data---

[Remaining: 323]

[File : ./suiteSparse_dataset_10000_100000/helm3d01/helm3d01.mtx]
[K : 128]
[Sputnik_gflops : 28.72 ]
Matrix diff: 56047.144531

---New data---

[Remaining: 322]

[File : ./suiteSparse_dataset_10000_100000/shermanACb/shermanACb.mtx]
[K : 128]
[Sputnik_gflops : 29.48 ]
Matrix diff: 68529.804688

---New data---

[Remaining: 321]

[File : ./suiteSparse_dataset_10000_100000/k3plates/k3plates.mtx]
[K : 128]
[Sputnik_gflops : 205.94 ]
Matrix diff: 131508.640625

---New data---

[Remaining: 320]

[File : ./suiteSparse_dataset_10000_100000/lowThrust_6/lowThrust_6.mtx]
[K : 128]
[Sputnik_gflops : 50.19 ]
Matrix diff: 56171.769531

---New data---

[Remaining: 319]

[File : ./suiteSparse_dataset_10000_100000/Reuters911/Reuters911.mtx]
[K : 128]
[Sputnik_gflops : 113.44 ]
Matrix diff: 120309.703125

---New data---

[Remaining: 318]

[File : ./suiteSparse_dataset_10000_100000/Zd_Jac2/Zd_Jac2.mtx]
[K : 128]
[Sputnik_gflops : 199.69 ]
Matrix diff: 110628.492188

---New data---

[Remaining: 317]

[File : ./suiteSparse_dataset_10000_100000/JP/JP.mtx]
[K : 128]
[Sputnik_gflops : 150.73 ]
Matrix diff: 49057.519531

---New data---

[Remaining: 316]

[File : ./suiteSparse_dataset_10000_100000/wang4/wang4.mtx]
[K : 128]
[Sputnik_gflops : 18.25 ]
Matrix diff: 88071.382812

---New data---

[Remaining: 315]

[File : ./suiteSparse_dataset_10000_100000/cit-HepTh/cit-HepTh.mtx]
[K : 128]
[Sputnik_gflops : 31.82 ]
Matrix diff: 120314.851562

---New data---

[Remaining: 314]

[File : ./suiteSparse_dataset_10000_100000/crystm02/crystm02.mtx]
[K : 128]
[Sputnik_gflops : 112.34 ]
Matrix diff: 117308.351562

---New data---

[Remaining: 313]

[File : ./suiteSparse_dataset_10000_100000/t3dh_a/t3dh_a.mtx]
[K : 128]
[Sputnik_gflops : 46.53 ]
Matrix diff: 76073.007812

---New data---

[Remaining: 312]

[File : ./suiteSparse_dataset_10000_100000/EAT_RS/EAT_RS.mtx]
[K : 128]
[Sputnik_gflops : 41.83 ]
Matrix diff: 121683.757812

---New data---

[Remaining: 311]

[File : ./suiteSparse_dataset_10000_100000/jan99jac100/jan99jac100.mtx]
[K : 128]
[Sputnik_gflops : 12.74 ]
Matrix diff: 113252.773438

---New data---

[Remaining: 310]

[File : ./suiteSparse_dataset_10000_100000/3dtube/3dtube.mtx]
[K : 128]
[Sputnik_gflops : 108.31 ]
Matrix diff: 36260.261719

---New data---

[Remaining: 309]

[File : ./suiteSparse_dataset_10000_100000/g7jac160/g7jac160.mtx]
[K : 128]
[Sputnik_gflops : 20.41 ]
Matrix diff: 87482.500000

---New data---

[Remaining: 308]

[File : ./suiteSparse_dataset_10000_100000/g7jac040sc/g7jac040sc.mtx]
[K : 128]
[Sputnik_gflops : 56.57 ]
Matrix diff: 94496.828125

---New data---

[Remaining: 307]

[File : ./suiteSparse_dataset_10000_100000/tandem_vtx/tandem_vtx.mtx]
[K : 128]
[Sputnik_gflops : 51.32 ]
Matrix diff: 128049.210938

---New data---

[Remaining: 306]

[File : ./suiteSparse_dataset_10000_100000/c-51/c-51.mtx]
[K : 128]
[Sputnik_gflops : 26.33 ]
Matrix diff: 95263.859375

---New data---

[Remaining: 305]

[File : ./suiteSparse_dataset_10000_100000/human_gene1/human_gene1.mtx]
[K : 128]
[Sputnik_gflops : 1759.60 ]
Matrix diff: 103784.562500

---New data---

[Remaining: 304]

[File : ./suiteSparse_dataset_10000_100000/wy2010/wy2010.mtx]
[K : 128]
[Sputnik_gflops : 4.04 ]
Matrix diff: 85751.109375

---New data---

[Remaining: 303]

[File : ./suiteSparse_dataset_10000_100000/TSOPF_RS_b2052_c1/TSOPF_RS_b2052_c1.mtx]
[K : 128]
[Sputnik_gflops : 676.76 ]
Matrix diff: 92784.109375

---New data---

[Remaining: 302]

[File : ./suiteSparse_dataset_10000_100000/c-56/c-56.mtx]
[K : 128]
[Sputnik_gflops : 19.59 ]
Matrix diff: 131859.609375

---New data---

[Remaining: 301]

[File : ./suiteSparse_dataset_10000_100000/pkustk06/pkustk06.mtx]
[K : 128]
[Sputnik_gflops : 91.29 ]
Matrix diff: 60108.183594

---New data---

[Remaining: 300]

[File : ./suiteSparse_dataset_10000_100000/vsp_bump2_e18_aa01_model1_crew1/vsp_bump2_e18_aa01_model1_crew1.mtx]
[K : 128]
[Sputnik_gflops : 12.62 ]
Matrix diff: 253557.406250

---New data---

[Remaining: 299]

[File : ./suiteSparse_dataset_10000_100000/ex35/ex35.mtx]
[K : 128]
[Sputnik_gflops : 40.77 ]
Matrix diff: 115488.539062

---New data---

[Remaining: 298]

[File : ./suiteSparse_dataset_10000_100000/copter1/copter1.mtx]
[K : 128]
[Sputnik_gflops : 49.13 ]
Matrix diff: 107607.734375

---New data---

[Remaining: 297]

[File : ./suiteSparse_dataset_10000_100000/ncvxbqp1/ncvxbqp1.mtx]
[K : 128]
[Sputnik_gflops : 9.82 ]
Matrix diff: 132231.468750

---New data---

[Remaining: 296]

[File : ./suiteSparse_dataset_10000_100000/mark3jac060sc/mark3jac060sc.mtx]
[K : 128]
[Sputnik_gflops : 15.84 ]
Matrix diff: 121839.593750

---New data---

[Remaining: 295]

[File : ./suiteSparse_dataset_10000_100000/bcsstk25/bcsstk25.mtx]
[K : 128]
[Sputnik_gflops : 72.51 ]
Matrix diff: 123744.960938

---New data---

[Remaining: 294]

[File : ./suiteSparse_dataset_10000_100000/TSOPF_RS_b162_c4/TSOPF_RS_b162_c4.mtx]
[K : 128]
[Sputnik_gflops : 135.37 ]
Matrix diff: 133824.890625

---New data---

[Remaining: 293]

[File : ./suiteSparse_dataset_10000_100000/loc-Brightkite/loc-Brightkite.mtx]
[K : 128]
[Sputnik_gflops : 8.85 ]
Matrix diff: 63155.175781

---New data---

[Remaining: 292]

[File : ./suiteSparse_dataset_10000_100000/garon2/garon2.mtx]
[K : 128]
[Sputnik_gflops : 144.48 ]
Matrix diff: 126649.656250

---New data---

[Remaining: 291]

[File : ./suiteSparse_dataset_10000_100000/TSOPF_RS_b39_c30/TSOPF_RS_b39_c30.mtx]
[K : 128]
[Sputnik_gflops : 21.01 ]
Matrix diff: 157471.906250

---New data---

[Remaining: 290]

[File : ./suiteSparse_dataset_10000_100000/TSOPF_RS_b300_c1/TSOPF_RS_b300_c1.mtx]
[K : 128]
[Sputnik_gflops : 467.62 ]
Matrix diff: 123570.781250

---New data---

[Remaining: 289]

[File : ./suiteSparse_dataset_10000_100000/tube2/tube2.mtx]
[K : 128]
[Sputnik_gflops : 133.62 ]
Matrix diff: 72632.742188

---New data---

[Remaining: 288]

[File : ./suiteSparse_dataset_10000_100000/lhr14c/lhr14c.mtx]
[K : 128]
[Sputnik_gflops : 103.59 ]
Matrix diff: 135273.968750

---New data---

[Remaining: 287]

[File : ./suiteSparse_dataset_10000_100000/bayer01/bayer01.mtx]
[K : 128]
[Sputnik_gflops : 5.85 ]
Matrix diff: 127929.304688

---New data---

[Remaining: 286]

[File : ./suiteSparse_dataset_10000_100000/obstclae/obstclae.mtx]
[K : 128]
[Sputnik_gflops : 8.68 ]
Matrix diff: 116132.859375

---New data---

[Remaining: 285]

[File : ./suiteSparse_dataset_10000_100000/nh2010/nh2010.mtx]
[K : 128]
[Sputnik_gflops : 6.90 ]
Matrix diff: 50030.089844

---New data---

[Remaining: 284]

[File : ./suiteSparse_dataset_10000_100000/c-72/c-72.mtx]
[K : 128]
[Sputnik_gflops : 7.03 ]
Matrix diff: 116006.992188

---New data---

[Remaining: 283]

[File : ./suiteSparse_dataset_10000_100000/IG5-15/IG5-15.mtx]
[K : 128]
[Sputnik_gflops : 157.44 ]
Matrix diff: 124297.789062

---New data---

[Remaining: 282]

[File : ./suiteSparse_dataset_10000_100000/bauru5727/bauru5727.mtx]
[K : 128]
[Sputnik_gflops : 6.25 ]
Matrix diff: 103701.343750

---New data---

[Remaining: 281]

[File : ./suiteSparse_dataset_10000_100000/Pres_Poisson/Pres_Poisson.mtx]
[K : 128]
[Sputnik_gflops : 220.27 ]
Matrix diff: 133780.062500

---New data---

[Remaining: 280]

[File : ./suiteSparse_dataset_10000_100000/g7jac200/g7jac200.mtx]
[K : 128]
[Sputnik_gflops : 16.67 ]
Matrix diff: 106219.085938

---New data---

[Remaining: 279]

[File : ./suiteSparse_dataset_10000_100000/g7jac100sc/g7jac100sc.mtx]
[K : 128]
[Sputnik_gflops : 30.59 ]
Matrix diff: 137244.312500

---New data---

[Remaining: 278]

[File : ./suiteSparse_dataset_10000_100000/TSOPF_RS_b678_c2/TSOPF_RS_b678_c2.mtx]
[K : 128]
[Sputnik_gflops : 438.88 ]
Matrix diff: 12534.796875

---New data---

[Remaining: 277]

[File : ./suiteSparse_dataset_10000_100000/scagr7-2r/scagr7-2r.mtx]
[K : 128]
[Sputnik_gflops : 5.50 ]
Matrix diff: 71300.750000

---New data---

[Remaining: 276]

[File : ./suiteSparse_dataset_10000_100000/scagr7-2r/scagr7-2r_A_11.mtx]
[K : 128]
[Sputnik_gflops : 5.50 ]
Matrix diff: 72812.765625

---New data---

[Remaining: 275]

[File : ./suiteSparse_dataset_10000_100000/TF17/TF17.mtx]
[K : 128]
[Sputnik_gflops : 22.08 ]
Matrix diff: 93712.414062

---New data---

[Remaining: 274]

[File : ./suiteSparse_dataset_10000_100000/soc-sign-Slashdot090221/soc-sign-Slashdot090221.mtx]
[K : 128]
[Sputnik_gflops : 5.71 ]
Matrix diff: 164126.359375

---New data---

[Remaining: 273]

[File : ./suiteSparse_dataset_10000_100000/net150/net150.mtx]
[K : 128]
[Sputnik_gflops : 112.83 ]
Matrix diff: 80361.085938

---New data---

[Remaining: 272]

[File : ./suiteSparse_dataset_10000_100000/IG5-18/IG5-18.mtx]
[K : 128]
[Sputnik_gflops : 61.87 ]
Matrix diff: 116447.796875

---New data---

[Remaining: 271]

[File : ./suiteSparse_dataset_10000_100000/mark3jac120sc/mark3jac120sc.mtx]
[K : 128]
[Sputnik_gflops : 7.96 ]
Matrix diff: 125593.695312

---New data---

[Remaining: 270]

[File : ./suiteSparse_dataset_10000_100000/fe_body/fe_body.mtx]
[K : 128]
[Sputnik_gflops : 11.30 ]
Matrix diff: 114404.078125

---New data---

[Remaining: 269]

[File : ./suiteSparse_dataset_10000_100000/c-64/c-64.mtx]
[K : 128]
[Sputnik_gflops : 19.36 ]
Matrix diff: 137372.656250

---New data---

[Remaining: 268]

[File : ./suiteSparse_dataset_10000_100000/email-Enron/email-Enron.mtx]
[K : 128]
[Sputnik_gflops : 19.09 ]
Matrix diff: 109811.265625

---New data---

[Remaining: 267]

[File : ./suiteSparse_dataset_10000_100000/viscorocks/viscorocks.mtx]
[K : 128]
[Sputnik_gflops : 56.72 ]
Matrix diff: 86111.687500

---New data---

[Remaining: 266]

[File : ./suiteSparse_dataset_10000_100000/std1_Jac3/std1_Jac3.mtx]
[K : 128]
[Sputnik_gflops : 202.50 ]
Matrix diff: 86117.101562

---New data---

[Remaining: 265]

[File : ./suiteSparse_dataset_10000_100000/TSOPF_RS_b39_c7/TSOPF_RS_b39_c7.mtx]
[K : 128]
[Sputnik_gflops : 88.02 ]
Matrix diff: 116357.851562

---New data---

[Remaining: 264]

[File : ./suiteSparse_dataset_10000_100000/mark3jac140sc/mark3jac140sc.mtx]
[K : 128]
[Sputnik_gflops : 6.46 ]
Matrix diff: 128800.203125

---New data---

[Remaining: 263]

[File : ./suiteSparse_dataset_10000_100000/gyro_m/gyro_m.mtx]
[K : 128]
[Sputnik_gflops : 77.08 ]
Matrix diff: 133203.203125

---New data---

[Remaining: 262]

[File : ./suiteSparse_dataset_10000_100000/epb2/epb2.mtx]
[K : 128]
[Sputnik_gflops : 19.22 ]
Matrix diff: 102622.328125

---New data---

[Remaining: 261]

[File : ./suiteSparse_dataset_10000_100000/ship_001/ship_001.mtx]
[K : 128]
[Sputnik_gflops : 255.43 ]
Matrix diff: 233509.984375

---New data---

[Remaining: 260]

[File : ./suiteSparse_dataset_10000_100000/ted_A_unscaled/ted_A_unscaled.mtx]
[K : 128]
[Sputnik_gflops : 249.64 ]
Matrix diff: 122385.718750

---New data---

[Remaining: 259]

[File : ./suiteSparse_dataset_10000_100000/vsp_msc10848_300sep_100in_1Kout/vsp_msc10848_300sep_100in_1Kout.mtx]
[K : 128]
[Sputnik_gflops : 315.94 ]
Matrix diff: 113076.203125

---New data---

[Remaining: 258]

[File : ./suiteSparse_dataset_10000_100000/k49_norm_10NN/k49_norm_10NN.mtx]
[K : 128]
[Sputnik_gflops : 28.95 ]
Matrix diff: 79783.601562

---New data---

[Remaining: 257]

[File : ./suiteSparse_dataset_10000_100000/ct2010/ct2010.mtx]
[K : 128]
[Sputnik_gflops : 5.17 ]
Matrix diff: 102337.484375

---New data---

[Remaining: 256]

[File : ./suiteSparse_dataset_10000_100000/conf6_0-8x8-20/conf6_0-8x8-20.mtx]
[K : 128]
[Sputnik_gflops : 55.35 ]
Matrix diff: 29989.230469

---New data---

[Remaining: 255]

[File : ./suiteSparse_dataset_10000_100000/fxm4_6/fxm4_6.mtx]
[K : 128]
[Sputnik_gflops : 17.58 ]
Matrix diff: 120227.914062

---New data---

[Remaining: 254]

[File : ./suiteSparse_dataset_10000_100000/water_tank/water_tank.mtx]
[K : 128]
[Sputnik_gflops : 38.40 ]
Matrix diff: 36607.992188

---New data---

[Remaining: 253]

[File : ./suiteSparse_dataset_10000_100000/windtunnel_evap3d/windtunnel_evap3d.mtx]
[K : 128]
[Sputnik_gflops : 111.82 ]
Matrix diff: 185575.453125

---New data---

[Remaining: 252]

[File : ./suiteSparse_dataset_10000_100000/g7jac060sc/g7jac060sc.mtx]
[K : 128]
[Sputnik_gflops : 44.75 ]
Matrix diff: 130239.726562

---New data---

[Remaining: 251]

[File : ./suiteSparse_dataset_10000_100000/c-61/c-61.mtx]
[K : 128]
[Sputnik_gflops : 11.43 ]
Matrix diff: 115102.734375

---New data---

[Remaining: 250]

[File : ./suiteSparse_dataset_10000_100000/dixmaanl/dixmaanl.mtx]
[K : 128]
[Sputnik_gflops : 5.86 ]
Matrix diff: 99719.132812

---New data---

[Remaining: 249]

[File : ./suiteSparse_dataset_10000_100000/Goodwin_030/Goodwin_030.mtx]
[K : 128]
[Sputnik_gflops : 200.27 ]
Matrix diff: 125020.257812

---New data---

[Remaining: 248]

[File : ./suiteSparse_dataset_10000_100000/lp_pds_10/lp_pds_10.mtx]
[K : 128]
[Sputnik_gflops : 9.13 ]
Matrix diff: 116249.632812

---New data---

[Remaining: 247]

[File : ./suiteSparse_dataset_10000_100000/pkustk11/pkustk11.mtx]
[K : 128]
[Sputnik_gflops : 47.22 ]
Matrix diff: 57487.246094

---New data---

[Remaining: 246]

[File : ./suiteSparse_dataset_10000_100000/rgg_n_2_15_s0/rgg_n_2_15_s0.mtx]
[K : 128]
[Sputnik_gflops : 20.85 ]
Matrix diff: 111022.484375

---New data---

[Remaining: 245]

[File : ./suiteSparse_dataset_10000_100000/cz10228/cz10228.mtx]
[K : 128]
[Sputnik_gflops : 67.22 ]
Matrix diff: 116721.476562

---New data---

[Remaining: 244]

[File : ./suiteSparse_dataset_10000_100000/Maragal_6/Maragal_6.mtx]
[K : 128]
[Sputnik_gflops : 168.96 ]
Matrix diff: 114177.718750

---New data---

[Remaining: 243]

[File : ./suiteSparse_dataset_10000_100000/bcsstk39/bcsstk39.mtx]
[K : 128]
[Sputnik_gflops : 66.58 ]
Matrix diff: 52016.570312

---New data---

[Remaining: 242]

[File : ./suiteSparse_dataset_10000_100000/ted_AB_unscaled/ted_AB_unscaled.mtx]
[K : 128]
[Sputnik_gflops : 303.01 ]
Matrix diff: 74190.609375

---New data---

[Remaining: 241]

[File : ./suiteSparse_dataset_10000_100000/vsp_model1_crew1_cr42_south31/vsp_model1_crew1_cr42_south31.mtx]
[K : 128]
[Sputnik_gflops : 13.09 ]
Matrix diff: 74554.828125

---New data---

[Remaining: 240]

[File : ./suiteSparse_dataset_10000_100000/pli/pli.mtx]
[K : 128]
[Sputnik_gflops : 174.08 ]
Matrix diff: 121298.507812

---New data---

[Remaining: 239]

[File : ./suiteSparse_dataset_10000_100000/bcsstk36/bcsstk36.mtx]
[K : 128]
[Sputnik_gflops : 147.50 ]
Matrix diff: 52971.601562

---New data---

[Remaining: 238]

[File : ./suiteSparse_dataset_10000_100000/ncvxqp5/ncvxqp5.mtx]
[K : 128]
[Sputnik_gflops : 7.63 ]
Matrix diff: 174116.515625

---New data---

[Remaining: 237]

[File : ./suiteSparse_dataset_10000_100000/mixtank_new/mixtank_new.mtx]
[K : 128]
[Sputnik_gflops : 150.45 ]
Matrix diff: 164602.062500

---New data---

[Remaining: 236]

[File : ./suiteSparse_dataset_10000_100000/TSOPF_FS_b300_c3/TSOPF_FS_b300_c3.mtx]
[K : 128]
[Sputnik_gflops : 127.28 ]
Matrix diff: 158695.328125

---New data---

[Remaining: 235]

[File : ./suiteSparse_dataset_10000_100000/c-58/c-58.mtx]
[K : 128]
[Sputnik_gflops : 27.36 ]
Matrix diff: 57604.519531

---New data---

[Remaining: 234]

[File : ./suiteSparse_dataset_10000_100000/Franz11/Franz11.mtx]
[K : 128]
[Sputnik_gflops : 16.27 ]
Matrix diff: 85428.492188

---New data---

[Remaining: 233]

[File : ./suiteSparse_dataset_10000_100000/gas_sensor/gas_sensor.mtx]
[K : 128]
[Sputnik_gflops : 26.63 ]
Matrix diff: 51419.203125

---New data---

[Remaining: 232]

[File : ./suiteSparse_dataset_10000_100000/cz20468/cz20468.mtx]
[K : 128]
[Sputnik_gflops : 34.20 ]
Matrix diff: 121870.976562

---New data---

[Remaining: 231]

[File : ./suiteSparse_dataset_10000_100000/denormal/denormal.mtx]
[K : 128]
[Sputnik_gflops : 10.16 ]
Matrix diff: 119594.531250

---New data---

[Remaining: 230]

[File : ./suiteSparse_dataset_10000_100000/conf5_4-8x8-20/conf5_4-8x8-20.mtx]
[K : 128]
[Sputnik_gflops : 55.34 ]
Matrix diff: 90393.960938

---New data---

[Remaining: 229]

[File : ./suiteSparse_dataset_10000_100000/Maragal_7/Maragal_7.mtx]
[K : 128]
[Sputnik_gflops : 66.99 ]
Matrix diff: 55512.808594

---New data---

[Remaining: 228]

[File : ./suiteSparse_dataset_10000_100000/pdb1HYS/pdb1HYS.mtx]
[K : 128]
[Sputnik_gflops : 217.79 ]
Matrix diff: 139762.937500

---New data---

[Remaining: 227]

[File : ./suiteSparse_dataset_10000_100000/gupta3/gupta3.mtx]
[K : 128]
[Sputnik_gflops : 1519.36 ]
Matrix diff: 70327.234375

---New data---

[Remaining: 226]

[File : ./suiteSparse_dataset_10000_100000/mark3jac120/mark3jac120.mtx]
[K : 128]
[Sputnik_gflops : 7.96 ]
Matrix diff: 111325.171875

---New data---

[Remaining: 225]

[File : ./suiteSparse_dataset_10000_100000/scfxm1-2r/scfxm1-2r_A_9.mtx]
[K : 128]
[Sputnik_gflops : 6.21 ]
Matrix diff: 111745.250000

---New data---

[Remaining: 224]

[File : ./suiteSparse_dataset_10000_100000/scfxm1-2r/scfxm1-2r.mtx]
[K : 128]
[Sputnik_gflops : 6.21 ]
Matrix diff: 102501.257812

---New data---

[Remaining: 223]

[File : ./suiteSparse_dataset_10000_100000/scfxm1-2r/scfxm1-2r_A_8.mtx]
[K : 128]
[Sputnik_gflops : 12.36 ]
Matrix diff: 99950.304688

---New data---

[Remaining: 222]

[File : ./suiteSparse_dataset_10000_100000/av41092/av41092.mtx]
[K : 128]
[Sputnik_gflops : 69.46 ]
Matrix diff: 38090.179688

---New data---

[Remaining: 221]

[File : ./suiteSparse_dataset_10000_100000/ted_AB/ted_AB.mtx]
[K : 128]
[Sputnik_gflops : 302.66 ]
Matrix diff: 39420.039062

---New data---

[Remaining: 220]

[File : ./suiteSparse_dataset_10000_100000/jan99jac080/jan99jac080.mtx]
[K : 128]
[Sputnik_gflops : 15.82 ]
Matrix diff: 124679.593750

---New data---

[Remaining: 219]

[File : ./suiteSparse_dataset_10000_100000/ramage02/ramage02.mtx]
[K : 128]
[Sputnik_gflops : 605.64 ]
Matrix diff: 223462.125000

---New data---

[Remaining: 218]

[File : ./suiteSparse_dataset_10000_100000/c-53/c-53.mtx]
[K : 128]
[Sputnik_gflops : 28.50 ]
Matrix diff: 123806.500000

---New data---

[Remaining: 217]

[File : ./suiteSparse_dataset_10000_100000/wathen120/wathen120.mtx]
[K : 128]
[Sputnik_gflops : 29.78 ]
Matrix diff: 71623.093750

---New data---

[Remaining: 216]

[File : ./suiteSparse_dataset_10000_100000/TSOPF_RS_b300_c3/TSOPF_RS_b300_c3.mtx]
[K : 128]
[Sputnik_gflops : 162.81 ]
Matrix diff: 130285.195312

---New data---

[Remaining: 215]

[File : ./suiteSparse_dataset_10000_100000/fome13/fome13.mtx]
[K : 128]
[Sputnik_gflops : 4.21 ]
Matrix diff: 73378.812500

---New data---

[Remaining: 214]

[File : ./suiteSparse_dataset_10000_100000/ckt11752_dc_1/ckt11752_dc_1.mtx]
[K : 128]
[Sputnik_gflops : 9.46 ]
Matrix diff: 131376.578125

---New data---

[Remaining: 213]

[File : ./suiteSparse_dataset_10000_100000/sinc18/sinc18.mtx]
[K : 128]
[Sputnik_gflops : 237.70 ]
Matrix diff: 134100.015625

---New data---

[Remaining: 212]

[File : ./suiteSparse_dataset_10000_100000/ABACUS_shell_ld/ABACUS_shell_ld_M.mtx]
[K : 128]
[Sputnik_gflops : 26.26 ]
Matrix diff: 103702.406250

---New data---

[Remaining: 211]

[File : ./suiteSparse_dataset_10000_100000/ABACUS_shell_ld/ABACUS_shell_ld_K.mtx]
[K : 128]
[Sputnik_gflops : 27.49 ]
Matrix diff: 94908.335938

---New data---

[Remaining: 210]

[File : ./suiteSparse_dataset_10000_100000/ABACUS_shell_ld/ABACUS_shell_ld.mtx]
[K : 128]
[Sputnik_gflops : 27.79 ]
Matrix diff: 74605.851562

---New data---

[Remaining: 209]

[File : ./suiteSparse_dataset_10000_100000/TSOPF_FS_b162_c1/TSOPF_FS_b162_c1.mtx]
[K : 128]
[Sputnik_gflops : 349.98 ]
Matrix diff: 122143.671875

---New data---

[Remaining: 208]

[File : ./suiteSparse_dataset_10000_100000/vsp_barth5_1Ksep_50in_5Kout/vsp_barth5_1Ksep_50in_5Kout.mtx]
[K : 128]
[Sputnik_gflops : 13.00 ]
Matrix diff: 66247.382812

---New data---

[Remaining: 207]

[File : ./suiteSparse_dataset_10000_100000/net4-1/net4-1.mtx]
[K : 128]
[Sputnik_gflops : 21.38 ]
Matrix diff: 48476.125000

---New data---

[Remaining: 206]

[File : ./suiteSparse_dataset_10000_100000/c-57/c-57.mtx]
[K : 128]
[Sputnik_gflops : 19.85 ]
Matrix diff: 120548.765625

---New data---

[Remaining: 205]

[File : ./suiteSparse_dataset_10000_100000/tube1/tube1.mtx]
[K : 128]
[Sputnik_gflops : 133.67 ]
Matrix diff: 64275.027344

---New data---

[Remaining: 204]

[File : ./suiteSparse_dataset_10000_100000/cage10/cage10.mtx]
[K : 128]
[Sputnik_gflops : 78.86 ]
Matrix diff: 54570.808594

---New data---

[Remaining: 203]

[File : ./suiteSparse_dataset_10000_100000/ACTIVSg10K/ACTIVSg10K.mtx]
[K : 128]
[Sputnik_gflops : 24.00 ]
Matrix diff: 80495.914062

---New data---

[Remaining: 202]

[File : ./suiteSparse_dataset_10000_100000/Zd_Jac3/Zd_Jac3.mtx]
[K : 128]
[Sputnik_gflops : 245.27 ]
Matrix diff: 111599.851562

---New data---

[Remaining: 201]

[File : ./suiteSparse_dataset_10000_100000/TSOPF_RS_b2383/TSOPF_RS_b2383.mtx]
[K : 128]
[Sputnik_gflops : 684.99 ]
Matrix diff: 130255.687500

---New data---

[Remaining: 200]

[File : ./suiteSparse_dataset_10000_100000/bcsstk17/bcsstk17.mtx]
[K : 128]
[Sputnik_gflops : 223.35 ]
Matrix diff: 120078.515625

---New data---

[Remaining: 199]

[File : ./suiteSparse_dataset_10000_100000/192bit/192bit.mtx]
[K : 128]
[Sputnik_gflops : 53.73 ]
Matrix diff: 70480.562500

---New data---

[Remaining: 198]

[File : ./suiteSparse_dataset_10000_100000/mark3jac060/mark3jac060.mtx]
[K : 128]
[Sputnik_gflops : 14.98 ]
Matrix diff: 116651.804688

---New data---

[Remaining: 197]

[File : ./suiteSparse_dataset_10000_100000/t3dl/t3dl.mtx]
[K : 128]
[Sputnik_gflops : 79.89 ]
Matrix diff: 120545.773438

---New data---

[Remaining: 196]

[File : ./suiteSparse_dataset_10000_100000/psse2/psse2.mtx]
[K : 128]
[Sputnik_gflops : 23.92 ]
Matrix diff: 93689.648438

---New data---

[Remaining: 195]

[File : ./suiteSparse_dataset_10000_100000/inlet/inlet.mtx]
[K : 128]
[Sputnik_gflops : 151.22 ]
Matrix diff: 113637.960938

---New data---

[Remaining: 194]

[File : ./suiteSparse_dataset_10000_100000/mk12-b3/mk12-b3.mtx]
[K : 128]
[Sputnik_gflops : 18.99 ]
Matrix diff: 84342.320312

---New data---

[Remaining: 193]

[File : ./suiteSparse_dataset_10000_100000/t3dh/t3dh.mtx]
[K : 128]
[Sputnik_gflops : 47.46 ]
Matrix diff: 73536.648438

---New data---

[Remaining: 192]

[File : ./suiteSparse_dataset_10000_100000/t3dh/t3dh_E.mtx]
[K : 128]
[Sputnik_gflops : 48.17 ]
Matrix diff: 64585.945312

---New data---

[Remaining: 191]

[File : ./suiteSparse_dataset_10000_100000/c-55/c-55.mtx]
[K : 128]
[Sputnik_gflops : 26.21 ]
Matrix diff: 128810.687500

---New data---

[Remaining: 190]

[File : ./suiteSparse_dataset_10000_100000/ABACUS_shell_hd/ABACUS_shell_hd_M.mtx]
[K : 128]
[Sputnik_gflops : 26.26 ]
Matrix diff: 79019.265625

---New data---

[Remaining: 189]

[File : ./suiteSparse_dataset_10000_100000/ABACUS_shell_hd/ABACUS_shell_hd_K.mtx]
[K : 128]
[Sputnik_gflops : 27.48 ]
Matrix diff: 103583.484375

---New data---

[Remaining: 188]

[File : ./suiteSparse_dataset_10000_100000/ABACUS_shell_hd/ABACUS_shell_hd.mtx]
[K : 128]
[Sputnik_gflops : 27.78 ]
Matrix diff: 74357.148438

---New data---

[Remaining: 187]

[File : ./suiteSparse_dataset_10000_100000/gupta2/gupta2.mtx]
[K : 128]
[Sputnik_gflops : 74.91 ]
Matrix diff: 172341.187500

---New data---

[Remaining: 186]

[File : ./suiteSparse_dataset_10000_100000/hvdc1/hvdc1.mtx]
[K : 128]
[Sputnik_gflops : 18.12 ]
Matrix diff: 89748.351562

---New data---

[Remaining: 185]

[File : ./suiteSparse_dataset_10000_100000/waveguide3D/waveguide3D.mtx]
[K : 128]
[Sputnik_gflops : 47.34 ]
Matrix diff: 126096.476562

---New data---

[Remaining: 184]

[File : ./suiteSparse_dataset_10000_100000/sme3Dc/sme3Dc.mtx]
[K : 128]
[Sputnik_gflops : 115.12 ]
Matrix diff: 56644.234375

---New data---

[Remaining: 183]

[File : ./suiteSparse_dataset_10000_100000/lowThrust_8/lowThrust_8.mtx]
[K : 128]
[Sputnik_gflops : 47.84 ]
Matrix diff: 118247.601562

---New data---

[Remaining: 182]

[File : ./suiteSparse_dataset_10000_100000/psse0/psse0.mtx]
[K : 128]
[Sputnik_gflops : 24.12 ]
Matrix diff: 113604.765625

---New data---

[Remaining: 181]

[File : ./suiteSparse_dataset_10000_100000/lhr71/lhr71.mtx]
[K : 128]
[Sputnik_gflops : 21.64 ]
Matrix diff: 79499.023438

---New data---

[Remaining: 180]

[File : ./suiteSparse_dataset_10000_100000/apache1/apache1.mtx]
[K : 128]
[Sputnik_gflops : 5.84 ]
Matrix diff: 92585.265625

---New data---

[Remaining: 179]

[File : ./suiteSparse_dataset_10000_100000/bcsstk31/bcsstk31.mtx]
[K : 128]
[Sputnik_gflops : 64.53 ]
Matrix diff: 78444.406250

---New data---

[Remaining: 178]

[File : ./suiteSparse_dataset_10000_100000/lpl1/lpl1.mtx]
[K : 128]
[Sputnik_gflops : 21.77 ]
Matrix diff: 67041.000000

---New data---

[Remaining: 177]

[File : ./suiteSparse_dataset_10000_100000/H2O/H2O.mtx]
[K : 128]
[Sputnik_gflops : 34.28 ]
Matrix diff: 160289.843750

---New data---

[Remaining: 176]

[File : ./suiteSparse_dataset_10000_100000/fe_rotor/fe_rotor.mtx]
[K : 128]
[Sputnik_gflops : 9.35 ]
Matrix diff: 56442.644531

---New data---

[Remaining: 175]

[File : ./suiteSparse_dataset_10000_100000/Goodwin_054/Goodwin_054.mtx]
[K : 128]
[Sputnik_gflops : 67.21 ]
Matrix diff: 89533.507812

---New data---

[Remaining: 174]

[File : ./suiteSparse_dataset_10000_100000/onera_dual/onera_dual.mtx]
[K : 128]
[Sputnik_gflops : 4.02 ]
Matrix diff: 75699.828125

---New data---

[Remaining: 173]

[File : ./suiteSparse_dataset_10000_100000/crystm03/crystm03.mtx]
[K : 128]
[Sputnik_gflops : 66.07 ]
Matrix diff: 92754.726562

---New data---

[Remaining: 172]

[File : ./suiteSparse_dataset_10000_100000/bcsstk30/bcsstk30.mtx]
[K : 128]
[Sputnik_gflops : 165.22 ]
Matrix diff: 123653.906250

---New data---

[Remaining: 171]

[File : ./suiteSparse_dataset_10000_100000/soc-Slashdot0902/soc-Slashdot0902.mtx]
[K : 128]
[Sputnik_gflops : 9.84 ]
Matrix diff: 117792.664062

---New data---

[Remaining: 170]

[File : ./suiteSparse_dataset_10000_100000/onetone1/onetone1.mtx]
[K : 128]
[Sputnik_gflops : 18.35 ]
Matrix diff: 128930.335938

---New data---

[Remaining: 169]

[File : ./suiteSparse_dataset_10000_100000/nd12k/nd12k.mtx]
[K : 128]
[Sputnik_gflops : 567.10 ]
Matrix diff: 93182.351562

---New data---

[Remaining: 168]

[File : ./suiteSparse_dataset_10000_100000/std1_Jac2_db/std1_Jac2_db.mtx]
[K : 128]
[Sputnik_gflops : 70.91 ]
Matrix diff: 129548.875000

---New data---

[Remaining: 167]

[File : ./suiteSparse_dataset_10000_100000/lpl3/lpl3.mtx]
[K : 128]
[Sputnik_gflops : 19.27 ]
Matrix diff: 97325.109375

---New data---

[Remaining: 166]

[File : ./suiteSparse_dataset_10000_100000/Chevron2/Chevron2.mtx]
[K : 128]
[Sputnik_gflops : 6.92 ]
Matrix diff: 159822.984375

---New data---

[Remaining: 165]

[File : ./suiteSparse_dataset_10000_100000/ex11/ex11.mtx]
[K : 128]
[Sputnik_gflops : 260.34 ]
Matrix diff: 109435.148438

---New data---

[Remaining: 164]

[File : ./suiteSparse_dataset_10000_100000/route/route.mtx]
[K : 128]
[Sputnik_gflops : 16.12 ]
Matrix diff: 119803.179688

---New data---

[Remaining: 163]

[File : ./suiteSparse_dataset_10000_100000/pltexpa/pltexpa_A_5.mtx]
[K : 128]
[Sputnik_gflops : 5.32 ]
Matrix diff: 67577.523438

---New data---

[Remaining: 162]

[File : ./suiteSparse_dataset_10000_100000/pltexpa/pltexpa.mtx]
[K : 128]
[Sputnik_gflops : 5.32 ]
Matrix diff: 51624.832031

---New data---

[Remaining: 161]

[File : ./suiteSparse_dataset_10000_100000/pltexpa/pltexpa_A_4.mtx]
[K : 128]
[Sputnik_gflops : 5.04 ]
Matrix diff: 108258.601562

---New data---

[Remaining: 160]

[File : ./suiteSparse_dataset_10000_100000/msc10848/msc10848.mtx]
[K : 128]
[Sputnik_gflops : 644.40 ]
Matrix diff: 109359.242188

---New data---

[Remaining: 159]

[File : ./suiteSparse_dataset_10000_100000/Si34H36/Si34H36.mtx]
[K : 128]
[Sputnik_gflops : 37.60 ]
Matrix diff: 43401.972656

---New data---

[Remaining: 158]

[File : ./suiteSparse_dataset_10000_100000/TEM27623/TEM27623_M.mtx]
[K : 128]
[Sputnik_gflops : 39.98 ]
Matrix diff: 119454.890625

---New data---

[Remaining: 157]

[File : ./suiteSparse_dataset_10000_100000/TEM27623/TEM27623.mtx]
[K : 128]
[Sputnik_gflops : 39.98 ]
Matrix diff: 69451.656250

---New data---

[Remaining: 156]

[File : ./suiteSparse_dataset_10000_100000/sx-mathoverflow/sx-mathoverflow.mtx]
[K : 128]
[Sputnik_gflops : 27.17 ]
Matrix diff: 113291.429688

---New data---

[Remaining: 155]

[File : ./suiteSparse_dataset_10000_100000/sx-mathoverflow/sx-mathoverflow_C2Q.mtx]
[K : 128]
[Sputnik_gflops : 11.53 ]
Matrix diff: 124550.890625

---New data---

[Remaining: 154]

[File : ./suiteSparse_dataset_10000_100000/appu/appu.mtx]
[K : 128]
[Sputnik_gflops : 503.67 ]
Matrix diff: 91688.578125

---New data---

[Remaining: 153]

[File : ./suiteSparse_dataset_10000_100000/cage11/cage11.mtx]
[K : 128]
[Sputnik_gflops : 24.23 ]
Matrix diff: 67374.976562

---New data---

[Remaining: 152]

[File : ./suiteSparse_dataset_10000_100000/lhr17/lhr17.mtx]
[K : 128]
[Sputnik_gflops : 80.67 ]
Matrix diff: 119709.546875

---New data---

[Remaining: 151]

[File : ./suiteSparse_dataset_10000_100000/consph/consph.mtx]
[K : 128]
[Sputnik_gflops : 58.72 ]
Matrix diff: 164404.953125

---New data---

[Remaining: 150]

[File : ./suiteSparse_dataset_10000_100000/mark3jac080sc/mark3jac080sc.mtx]
[K : 128]
[Sputnik_gflops : 11.91 ]
Matrix diff: 105317.437500

---New data---

[Remaining: 149]

[File : ./suiteSparse_dataset_10000_100000/lowThrust_11/lowThrust_11.mtx]
[K : 128]
[Sputnik_gflops : 46.08 ]
Matrix diff: 131360.703125

---New data---

[Remaining: 148]

[File : ./suiteSparse_dataset_10000_100000/TSOPF_FS_b162_c3/TSOPF_FS_b162_c3.mtx]
[K : 128]
[Sputnik_gflops : 131.68 ]
Matrix diff: 162052.875000

---New data---

[Remaining: 147]

[File : ./suiteSparse_dataset_10000_100000/cond-mat-2003/cond-mat-2003.mtx]
[K : 128]
[Sputnik_gflops : 17.28 ]
Matrix diff: 139300.765625

---New data---

[Remaining: 146]

[File : ./suiteSparse_dataset_10000_100000/cfd1/cfd1.mtx]
[K : 128]
[Sputnik_gflops : 25.65 ]
Matrix diff: 64224.953125

---New data---

[Remaining: 145]

[File : ./suiteSparse_dataset_10000_100000/lowThrust_7/lowThrust_7.mtx]
[K : 128]
[Sputnik_gflops : 48.54 ]
Matrix diff: 113767.195312

---New data---

[Remaining: 144]

[File : ./suiteSparse_dataset_10000_100000/light_in_tissue/light_in_tissue.mtx]
[K : 128]
[Sputnik_gflops : 32.93 ]
Matrix diff: 108278.523438

---New data---

[Remaining: 143]

[File : ./suiteSparse_dataset_10000_100000/sd2010/sd2010.mtx]
[K : 128]
[Sputnik_gflops : 3.69 ]
Matrix diff: 18471.169922

---New data---

[Remaining: 142]

[File : ./suiteSparse_dataset_10000_100000/bbmat/bbmat.mtx]
[K : 128]
[Sputnik_gflops : 80.94 ]
Matrix diff: 100846.179688

---New data---

[Remaining: 141]

[File : ./suiteSparse_dataset_10000_100000/vfem/vfem.mtx]
[K : 128]
[Sputnik_gflops : 11.50 ]
Matrix diff: 205971.546875

---New data---

[Remaining: 140]

[File : ./suiteSparse_dataset_10000_100000/Wordnet3/Wordnet3.mtx]
[K : 128]
[Sputnik_gflops : 1.37 ]
Matrix diff: 65874.046875

---New data---

[Remaining: 139]

[File : ./suiteSparse_dataset_10000_100000/crankseg_1/crankseg_1.mtx]
[K : 128]
[Sputnik_gflops : 246.21 ]
Matrix diff: 201612.562500

---New data---

[Remaining: 138]

[File : ./suiteSparse_dataset_10000_100000/laminar_duct3D/laminar_duct3D.mtx]
[K : 128]
[Sputnik_gflops : 59.20 ]
Matrix diff: 134892.843750

---New data---

[Remaining: 137]

[File : ./suiteSparse_dataset_10000_100000/n4c6-b5/n4c6-b5.mtx]
[K : 128]
[Sputnik_gflops : 20.91 ]
Matrix diff: 114012.851562

---New data---

[Remaining: 136]

[File : ./suiteSparse_dataset_10000_100000/rgg_n_2_16_s0/rgg_n_2_16_s0.mtx]
[K : 128]
[Sputnik_gflops : 11.16 ]
Matrix diff: 135728.625000

---New data---

[Remaining: 135]

[File : ./suiteSparse_dataset_10000_100000/tomographic1/tomographic1.mtx]
[K : 128]
[Sputnik_gflops : 10.42 ]
Matrix diff: 99756.171875

---New data---

[Remaining: 134]

[File : ./suiteSparse_dataset_10000_100000/soc-Epinions1/soc-Epinions1.mtx]
[K : 128]
[Sputnik_gflops : 6.20 ]
Matrix diff: 61331.394531

---New data---

[Remaining: 133]

[File : ./suiteSparse_dataset_10000_100000/FEM_3D_thermal1/FEM_3D_thermal1.mtx]
[K : 128]
[Sputnik_gflops : 92.64 ]
Matrix diff: 127537.203125

---New data---

[Remaining: 132]

[File : ./suiteSparse_dataset_10000_100000/invextr1_new/invextr1_new.mtx]
[K : 128]
[Sputnik_gflops : 131.63 ]
Matrix diff: 150451.796875

---New data---

[Remaining: 131]

[File : ./suiteSparse_dataset_10000_100000/sc205-2r/sc205-2r_A_12.mtx]
[K : 128]
[Sputnik_gflops : 3.94 ]
Matrix diff: 47728.507812

---New data---

[Remaining: 130]

[File : ./suiteSparse_dataset_10000_100000/sc205-2r/sc205-2r.mtx]
[K : 128]
[Sputnik_gflops : 3.94 ]
Matrix diff: 80471.406250

---New data---

[Remaining: 129]

[File : ./suiteSparse_dataset_10000_100000/sparsine/sparsine.mtx]
[K : 128]
[Sputnik_gflops : 42.90 ]
Matrix diff: 127849.953125

---New data---

[Remaining: 128]

[File : ./suiteSparse_dataset_10000_100000/wang3/wang3.mtx]
[K : 128]
[Sputnik_gflops : 18.24 ]
Matrix diff: 114428.343750

---New data---

[Remaining: 127]

[File : ./suiteSparse_dataset_10000_100000/c-47/c-47.mtx]
[K : 128]
[Sputnik_gflops : 62.11 ]
Matrix diff: 130953.898438

---New data---

[Remaining: 126]

[File : ./suiteSparse_dataset_10000_100000/TSOPF_FS_b300_c2/TSOPF_FS_b300_c2.mtx]
[K : 128]
[Sputnik_gflops : 186.23 ]
Matrix diff: 87834.609375

---New data---

[Remaining: 125]

[File : ./suiteSparse_dataset_10000_100000/mark3jac100/mark3jac100.mtx]
[K : 128]
[Sputnik_gflops : 9.54 ]
Matrix diff: 94634.039062

---New data---

[Remaining: 124]

[File : ./suiteSparse_dataset_10000_100000/rajat15/rajat15.mtx]
[K : 128]
[Sputnik_gflops : 22.30 ]
Matrix diff: 116980.203125

---New data---

[Remaining: 123]

[File : ./suiteSparse_dataset_10000_100000/raefsky3/raefsky3.mtx]
[K : 128]
[Sputnik_gflops : 225.76 ]
Matrix diff: 113597.664062

---New data---

[Remaining: 122]

[File : ./suiteSparse_dataset_10000_100000/Goodwin_040/Goodwin_040.mtx]
[K : 128]
[Sputnik_gflops : 118.29 ]
Matrix diff: 133357.390625

---New data---

[Remaining: 121]

[File : ./suiteSparse_dataset_10000_100000/cvxbqp1/cvxbqp1.mtx]
[K : 128]
[Sputnik_gflops : 9.82 ]
Matrix diff: 119383.523438

---New data---

[Remaining: 120]

[File : ./suiteSparse_dataset_10000_100000/Zd_Jac6/Zd_Jac6.mtx]
[K : 128]
[Sputnik_gflops : 220.14 ]
Matrix diff: 99251.046875

---New data---

[Remaining: 119]

[File : ./suiteSparse_dataset_10000_100000/thread/thread.mtx]
[K : 128]
[Sputnik_gflops : 332.57 ]
Matrix diff: 118383.523438

---New data---

[Remaining: 118]

[File : ./suiteSparse_dataset_10000_100000/epb3/epb3.mtx]
[K : 128]
[Sputnik_gflops : 4.39 ]
Matrix diff: 96269.562500

---New data---

[Remaining: 117]

[File : ./suiteSparse_dataset_10000_100000/g7jac120/g7jac120.mtx]
[K : 128]
[Sputnik_gflops : 26.26 ]
Matrix diff: 68225.453125

---New data---

[Remaining: 116]

[File : ./suiteSparse_dataset_10000_100000/world/world.mtx]
[K : 128]
[Sputnik_gflops : 6.03 ]
Matrix diff: 109907.085938

---New data---

[Remaining: 115]

[File : ./suiteSparse_dataset_10000_100000/south31/south31.mtx]
[K : 128]
[Sputnik_gflops : 11.77 ]
Matrix diff: 118652.171875

---New data---

[Remaining: 114]

[File : ./suiteSparse_dataset_10000_100000/Ga3As3H12/Ga3As3H12.mtx]
[K : 128]
[Sputnik_gflops : 108.85 ]
Matrix diff: 282573.156250

---New data---

[Remaining: 113]

[File : ./suiteSparse_dataset_10000_100000/mycielskian15/mycielskian15.mtx]
[K : 128]
[Sputnik_gflops : 998.73 ]
Matrix diff: 65173.859375

---New data---

[Remaining: 112]

[File : ./suiteSparse_dataset_10000_100000/sme3Da/sme3Da.mtx]
[K : 128]
[Sputnik_gflops : 346.68 ]
Matrix diff: 124857.007812

---New data---

[Remaining: 111]

[File : ./suiteSparse_dataset_10000_100000/c-68/c-68.mtx]
[K : 128]
[Sputnik_gflops : 9.46 ]
Matrix diff: 162268.796875

---New data---

[Remaining: 110]

[File : ./suiteSparse_dataset_10000_100000/rim/rim.mtx]
[K : 128]
[Sputnik_gflops : 134.68 ]
Matrix diff: 43240.992188

---New data---

[Remaining: 109]

[File : ./suiteSparse_dataset_10000_100000/fome12/fome12.mtx]
[K : 128]
[Sputnik_gflops : 8.42 ]
Matrix diff: 56370.191406

---New data---

[Remaining: 108]

[File : ./suiteSparse_dataset_10000_100000/G_n_pin_pout/G_n_pin_pout.mtx]
[K : 128]
[Sputnik_gflops : 7.03 ]
Matrix diff: 64413.531250

---New data---

[Remaining: 107]

[File : ./suiteSparse_dataset_10000_100000/nd6k/nd6k.mtx]
[K : 128]
[Sputnik_gflops : 966.71 ]
Matrix diff: 59291.882812

---New data---

[Remaining: 106]

[File : ./suiteSparse_dataset_10000_100000/lhr10/lhr10.mtx]
[K : 128]
[Sputnik_gflops : 138.90 ]
Matrix diff: 83297.406250

---New data---

[Remaining: 105]

[File : ./suiteSparse_dataset_10000_100000/g7jac180/g7jac180.mtx]
[K : 128]
[Sputnik_gflops : 17.40 ]
Matrix diff: 195588.703125

---New data---

[Remaining: 104]

[File : ./suiteSparse_dataset_10000_100000/nug08-3rd/nug08-3rd.mtx]
[K : 128]
[Sputnik_gflops : 17.63 ]
Matrix diff: 100357.125000

---New data---

[Remaining: 103]

[File : ./suiteSparse_dataset_10000_100000/Si5H12/Si5H12.mtx]
[K : 128]
[Sputnik_gflops : 126.27 ]
Matrix diff: 129379.187500

---New data---

[Remaining: 102]

[File : ./suiteSparse_dataset_10000_100000/smt/smt.mtx]
[K : 128]
[Sputnik_gflops : 369.20 ]
Matrix diff: 109894.296875

---New data---

[Remaining: 101]

[File : ./suiteSparse_dataset_10000_100000/t3dh_e/t3dh_e.mtx]
[K : 128]
[Sputnik_gflops : 47.00 ]
Matrix diff: 96826.156250

---New data---

[Remaining: 100]

[File : ./suiteSparse_dataset_10000_100000/Zd_Jac6_db/Zd_Jac6_db.mtx]
[K : 128]
[Sputnik_gflops : 86.97 ]
Matrix diff: 89139.804688

---New data---

[Remaining: 99]

[File : ./suiteSparse_dataset_10000_100000/c-66b/c-66b.mtx]
[K : 128]
[Sputnik_gflops : 14.00 ]
Matrix diff: 107759.476562

---New data---

[Remaining: 98]

[File : ./suiteSparse_dataset_10000_100000/vsp_sctap1-2b_and_seymourl/vsp_sctap1-2b_and_seymourl.mtx]
[K : 128]
[Sputnik_gflops : 12.22 ]
Matrix diff: 120305.062500

---New data---

[Remaining: 97]

[File : ./suiteSparse_dataset_10000_100000/g7jac140/g7jac140.mtx]
[K : 128]
[Sputnik_gflops : 22.98 ]
Matrix diff: 89761.890625

---New data---

[Remaining: 96]

[File : ./suiteSparse_dataset_10000_100000/soc-sign-Slashdot081106/soc-sign-Slashdot081106.mtx]
[K : 128]
[Sputnik_gflops : 6.06 ]
Matrix diff: 44172.285156

---New data---

[Remaining: 95]

[File : ./suiteSparse_dataset_10000_100000/rajat22/rajat22.mtx]
[K : 128]
[Sputnik_gflops : 8.70 ]
Matrix diff: 120216.265625

---New data---

[Remaining: 94]

[File : ./suiteSparse_dataset_10000_100000/brack2/brack2.mtx]
[K : 128]
[Sputnik_gflops : 13.09 ]
Matrix diff: 97219.289062

---New data---

[Remaining: 93]

[File : ./suiteSparse_dataset_10000_100000/RFdevice/RFdevice.mtx]
[K : 128]
[Sputnik_gflops : 4.68 ]
Matrix diff: 61699.523438

---New data---

[Remaining: 92]

[File : ./suiteSparse_dataset_10000_100000/msc23052/msc23052.mtx]
[K : 128]
[Sputnik_gflops : 148.82 ]
Matrix diff: 124590.296875

---New data---

[Remaining: 91]

[File : ./suiteSparse_dataset_10000_100000/ecl32/ecl32.mtx]
[K : 128]
[Sputnik_gflops : 9.87 ]
Matrix diff: 124978.375000

---New data---

[Remaining: 90]

[File : ./suiteSparse_dataset_10000_100000/gridgena/gridgena.mtx]
[K : 128]
[Sputnik_gflops : 14.99 ]
Matrix diff: 107028.812500

---New data---

[Remaining: 89]

[File : ./suiteSparse_dataset_10000_100000/igbt3/igbt3.mtx]
[K : 128]
[Sputnik_gflops : 131.14 ]
Matrix diff: 134668.984375

---New data---

[Remaining: 88]

[File : ./suiteSparse_dataset_10000_100000/vsp_vibrobox_scagr7-2c_rlfddd/vsp_vibrobox_scagr7-2c_rlfddd.mtx]
[K : 128]
[Sputnik_gflops : 10.20 ]
Matrix diff: 114645.867188

---New data---

[Remaining: 87]

[File : ./suiteSparse_dataset_10000_100000/lowThrust_13/lowThrust_13.mtx]
[K : 128]
[Sputnik_gflops : 45.69 ]
Matrix diff: 113886.734375

---New data---

[Remaining: 86]

[File : ./suiteSparse_dataset_10000_100000/chipcool1/chipcool1.mtx]
[K : 128]
[Sputnik_gflops : 48.11 ]
Matrix diff: 114000.687500

---New data---

[Remaining: 85]

[File : ./suiteSparse_dataset_10000_100000/baxter/baxter.mtx]
[K : 128]
[Sputnik_gflops : 9.27 ]
Matrix diff: 79782.023438

---New data---

[Remaining: 84]

[File : ./suiteSparse_dataset_10000_100000/conf6_0-8x8-30/conf6_0-8x8-30.mtx]
[K : 128]
[Sputnik_gflops : 55.33 ]
Matrix diff: 38952.601562

---New data---

[Remaining: 83]

[File : ./suiteSparse_dataset_10000_100000/conf5_4-8x8-10/conf5_4-8x8-10.mtx]
[K : 128]
[Sputnik_gflops : 55.34 ]
Matrix diff: 142495.750000

---New data---

[Remaining: 82]

[File : ./suiteSparse_dataset_10000_100000/pcrystk03/pcrystk03.mtx]
[K : 128]
[Sputnik_gflops : 195.80 ]
Matrix diff: 115327.015625

---New data---

[Remaining: 81]

[File : ./suiteSparse_dataset_10000_100000/graphics/graphics.mtx]
[K : 128]
[Sputnik_gflops : 23.50 ]
Matrix diff: 119939.257812

---New data---

[Remaining: 80]

[File : ./suiteSparse_dataset_10000_100000/lhr17c/lhr17c.mtx]
[K : 128]
[Sputnik_gflops : 85.28 ]
Matrix diff: 117469.390625

---New data---

[Remaining: 79]

[File : ./suiteSparse_dataset_10000_100000/t3dl_a/t3dl_a.mtx]
[K : 128]
[Sputnik_gflops : 84.58 ]
Matrix diff: 54138.769531

---New data---

[Remaining: 78]

[File : ./suiteSparse_dataset_10000_100000/conf5_4-8x8-15/conf5_4-8x8-15.mtx]
[K : 128]
[Sputnik_gflops : 52.37 ]
Matrix diff: 73223.515625

---New data---

[Remaining: 77]

[File : ./suiteSparse_dataset_10000_100000/airfoil_2d/airfoil_2d.mtx]
[K : 128]
[Sputnik_gflops : 87.27 ]
Matrix diff: 94874.640625

---New data---

[Remaining: 76]

[File : ./suiteSparse_dataset_10000_100000/foldoc/foldoc.mtx]
[K : 128]
[Sputnik_gflops : 46.42 ]
Matrix diff: 50826.527344

---New data---

[Remaining: 75]

[File : ./suiteSparse_dataset_10000_100000/IG5-16/IG5-16.mtx]
[K : 128]
[Sputnik_gflops : 114.10 ]
Matrix diff: 132845.671875

---New data---

[Remaining: 74]

[File : ./suiteSparse_dataset_10000_100000/c-54/c-54.mtx]
[K : 128]
[Sputnik_gflops : 27.10 ]
Matrix diff: 129813.726562

---New data---

[Remaining: 73]

[File : ./suiteSparse_dataset_10000_100000/lp_nug20/lp_nug20.mtx]
[K : 128]
[Sputnik_gflops : 19.27 ]
Matrix diff: 132729.578125

---New data---

[Remaining: 72]

[File : ./suiteSparse_dataset_10000_100000/me2010/me2010.mtx]
[K : 128]
[Sputnik_gflops : 4.63 ]
Matrix diff: 83385.726562

---New data---

[Remaining: 71]

[File : ./suiteSparse_dataset_10000_100000/mult_dcop_03/mult_dcop_03.mtx]
[K : 128]
[Sputnik_gflops : 21.28 ]
Matrix diff: 82445.890625

---New data---

[Remaining: 70]

[File : ./suiteSparse_dataset_10000_100000/pkustk07/pkustk07.mtx]
[K : 128]
[Sputnik_gflops : 535.84 ]
Matrix diff: 120808.390625

---New data---

[Remaining: 69]

[File : ./suiteSparse_dataset_10000_100000/Zhao1/Zhao1.mtx]
[K : 128]
[Sputnik_gflops : 10.18 ]
Matrix diff: 73974.312500

---New data---

[Remaining: 68]

[File : ./suiteSparse_dataset_10000_100000/jan99jac080sc/jan99jac080sc.mtx]
[K : 128]
[Sputnik_gflops : 15.82 ]
Matrix diff: 135134.921875

---New data---

[Remaining: 67]

[File : ./suiteSparse_dataset_10000_100000/net100/net100.mtx]
[K : 128]
[Sputnik_gflops : 153.87 ]
Matrix diff: 141114.734375

---New data---

[Remaining: 66]

[File : ./suiteSparse_dataset_10000_100000/n4c6-b12/n4c6-b12.mtx]
[K : 128]
[Sputnik_gflops : 12.45 ]
Matrix diff: 129029.562500

---New data---

[Remaining: 65]

[File : ./suiteSparse_dataset_10000_100000/wathen100/wathen100.mtx]
[K : 128]
[Sputnik_gflops : 35.57 ]
Matrix diff: 109595.023438

---New data---

[Remaining: 64]

[File : ./suiteSparse_dataset_10000_100000/lhr11/lhr11.mtx]
[K : 128]
[Sputnik_gflops : 132.54 ]
Matrix diff: 63357.910156

---New data---

[Remaining: 63]

[File : ./suiteSparse_dataset_10000_100000/g7jac060/g7jac060.mtx]
[K : 128]
[Sputnik_gflops : 44.76 ]
Matrix diff: 122218.187500

---New data---

[Remaining: 62]

[File : ./suiteSparse_dataset_10000_100000/g7jac040/g7jac040.mtx]
[K : 128]
[Sputnik_gflops : 56.59 ]
Matrix diff: 91305.882812

---New data---

[Remaining: 61]

[File : ./suiteSparse_dataset_10000_100000/ASIC_100ks/ASIC_100ks.mtx]
[K : 128]
[Sputnik_gflops : 4.13 ]
Matrix diff: 112625.335938

---New data---

[Remaining: 60]

[File : ./suiteSparse_dataset_10000_100000/opt1/opt1.mtx]
[K : 128]
[Sputnik_gflops : 513.69 ]
Matrix diff: 112920.742188

---New data---

[Remaining: 59]

[File : ./suiteSparse_dataset_10000_100000/lhr11c/lhr11c.mtx]
[K : 128]
[Sputnik_gflops : 132.57 ]
Matrix diff: 121722.164062

---New data---

[Remaining: 58]

[File : ./suiteSparse_dataset_10000_100000/vsp_bcsstk30_500sep_10in_1Kout/vsp_bcsstk30_500sep_10in_1Kout.mtx]
[K : 128]
[Sputnik_gflops : 80.70 ]
Matrix diff: 102760.156250

---New data---

[Remaining: 57]

[File : ./suiteSparse_dataset_10000_100000/poisson3Da/poisson3Da.mtx]
[K : 128]
[Sputnik_gflops : 128.84 ]
Matrix diff: 118478.500000

---New data---

[Remaining: 56]

[File : ./suiteSparse_dataset_10000_100000/minsurfo/minsurfo.mtx]
[K : 128]
[Sputnik_gflops : 8.58 ]
Matrix diff: 127353.890625

---New data---

[Remaining: 55]

[File : ./suiteSparse_dataset_10000_100000/ak2010/ak2010.mtx]
[K : 128]
[Sputnik_gflops : 7.42 ]
Matrix diff: 113193.101562

---New data---

[Remaining: 54]

[File : ./suiteSparse_dataset_10000_100000/Chevron1/Chevron1.mtx]
[K : 128]
[Sputnik_gflops : 16.61 ]
Matrix diff: 125425.242188

---New data---

[Remaining: 53]

[File : ./suiteSparse_dataset_10000_100000/Dubcova2/Dubcova2.mtx]
[K : 128]
[Sputnik_gflops : 17.09 ]
Matrix diff: 29074.396484

---New data---

[Remaining: 52]

[File : ./suiteSparse_dataset_10000_100000/net75/net75.mtx]
[K : 128]
[Sputnik_gflops : 186.72 ]
Matrix diff: 126026.617188

---New data---

[Remaining: 51]

[File : ./suiteSparse_dataset_10000_100000/memplus/memplus.mtx]
[K : 128]
[Sputnik_gflops : 27.88 ]
Matrix diff: 120541.445312

---New data---

[Remaining: 50]

[File : ./suiteSparse_dataset_10000_100000/g7jac080/g7jac080.mtx]
[K : 128]
[Sputnik_gflops : 36.52 ]
Matrix diff: 133277.281250

---New data---

[Remaining: 49]

[File : ./suiteSparse_dataset_10000_100000/lhr34/lhr34.mtx]
[K : 128]
[Sputnik_gflops : 43.09 ]
Matrix diff: 131350.078125

---New data---

[Remaining: 48]

[File : ./suiteSparse_dataset_10000_100000/ncvxqp3/ncvxqp3.mtx]
[K : 128]
[Sputnik_gflops : 5.93 ]
Matrix diff: 103734.906250

---New data---

[Remaining: 47]

[File : ./suiteSparse_dataset_10000_100000/wiki-RfA/wiki-RfA.mtx]
[K : 128]
[Sputnik_gflops : 98.49 ]
Matrix diff: 106493.859375

---New data---

[Remaining: 46]

[File : ./suiteSparse_dataset_10000_100000/wiki-RfA/wiki-RfA_Positive.mtx]
[K : 128]
[Sputnik_gflops : 73.53 ]
Matrix diff: 62142.667969

---New data---

[Remaining: 45]

[File : ./suiteSparse_dataset_10000_100000/chipcool0/chipcool0.mtx]
[K : 128]
[Sputnik_gflops : 48.11 ]
Matrix diff: 131935.375000

---New data---

[Remaining: 44]

[File : ./suiteSparse_dataset_10000_100000/lowThrust_9/lowThrust_9.mtx]
[K : 128]
[Sputnik_gflops : 46.79 ]
Matrix diff: 94104.328125

---New data---

[Remaining: 43]

[File : ./suiteSparse_dataset_10000_100000/net50/net50.mtx]
[K : 128]
[Sputnik_gflops : 234.75 ]
Matrix diff: 109361.453125

---New data---

[Remaining: 42]

[File : ./suiteSparse_dataset_10000_100000/mult_dcop_02/mult_dcop_02.mtx]
[K : 128]
[Sputnik_gflops : 20.13 ]
Matrix diff: 124053.851562

---New data---

[Remaining: 41]

[File : ./suiteSparse_dataset_10000_100000/LeGresley_87936/LeGresley_87936.mtx]
[K : 128]
[Sputnik_gflops : 5.29 ]
Matrix diff: 91199.164062

---New data---

[Remaining: 40]

[File : ./suiteSparse_dataset_10000_100000/Andrews/Andrews.mtx]
[K : 128]
[Sputnik_gflops : 14.78 ]
Matrix diff: 110920.335938

---New data---

[Remaining: 39]

[File : ./suiteSparse_dataset_10000_100000/crankseg_2/crankseg_2.mtx]
[K : 128]
[Sputnik_gflops : 219.75 ]
Matrix diff: 168722.937500

---New data---

[Remaining: 38]

[File : ./suiteSparse_dataset_10000_100000/c-65/c-65.mtx]
[K : 128]
[Sputnik_gflops : 10.95 ]
Matrix diff: 114104.062500

---New data---

[Remaining: 37]

[File : ./suiteSparse_dataset_10000_100000/lhr34c/lhr34c.mtx]
[K : 128]
[Sputnik_gflops : 43.08 ]
Matrix diff: 121899.765625

---New data---

[Remaining: 36]

[File : ./suiteSparse_dataset_10000_100000/TSOPF_RS_b2383_c1/TSOPF_RS_b2383_c1.mtx]
[K : 128]
[Sputnik_gflops : 687.84 ]
Matrix diff: 138780.359375

---New data---

[Remaining: 35]

[File : ./suiteSparse_dataset_10000_100000/spmsrtls/spmsrtls.mtx]
[K : 128]
[Sputnik_gflops : 17.90 ]
Matrix diff: 120535.554688

---New data---

[Remaining: 34]

[File : ./suiteSparse_dataset_10000_100000/venkat50/venkat50.mtx]
[K : 128]
[Sputnik_gflops : 30.89 ]
Matrix diff: 79967.226562

---New data---

[Remaining: 33]

[File : ./suiteSparse_dataset_10000_100000/jnlbrng1/jnlbrng1.mtx]
[K : 128]
[Sputnik_gflops : 8.75 ]
Matrix diff: 106643.921875

---New data---

[Remaining: 32]

[File : ./suiteSparse_dataset_10000_100000/sinc15/sinc15.mtx]
[K : 128]
[Sputnik_gflops : 277.44 ]
Matrix diff: 112148.554688

---New data---

[Remaining: 31]

[File : ./suiteSparse_dataset_10000_100000/TSOPF_RS_b300_c2/TSOPF_RS_b300_c2.mtx]
[K : 128]
[Sputnik_gflops : 251.88 ]
Matrix diff: 149731.000000

---New data---

[Remaining: 30]

[File : ./suiteSparse_dataset_10000_100000/bundle1/bundle1.mtx]
[K : 128]
[Sputnik_gflops : 464.51 ]
Matrix diff: 106687.320312

---New data---

[Remaining: 29]

[File : ./suiteSparse_dataset_10000_100000/soc-sign-Slashdot090216/soc-sign-Slashdot090216.mtx]
[K : 128]
[Sputnik_gflops : 5.62 ]
Matrix diff: 169527.125000

---New data---

[Remaining: 28]

[File : ./suiteSparse_dataset_10000_100000/chem_master1/chem_master1.mtx]
[K : 128]
[Sputnik_gflops : 8.65 ]
Matrix diff: 122342.875000

---New data---

[Remaining: 27]

[File : ./suiteSparse_dataset_10000_100000/c-62ghs/c-62ghs.mtx]
[K : 128]
[Sputnik_gflops : 22.45 ]
Matrix diff: 60878.398438

---New data---

[Remaining: 26]

[File : ./suiteSparse_dataset_10000_100000/TSOPF_FS_b300/TSOPF_FS_b300.mtx]
[K : 128]
[Sputnik_gflops : 348.22 ]
Matrix diff: 114314.101562

---New data---

[Remaining: 25]

[File : ./suiteSparse_dataset_10000_100000/TSOPF_RS_b39_c19/TSOPF_RS_b39_c19.mtx]
[K : 128]
[Sputnik_gflops : 33.05 ]
Matrix diff: 39311.285156

---New data---

[Remaining: 24]

[File : ./suiteSparse_dataset_10000_100000/208bit/208bit.mtx]
[K : 128]
[Sputnik_gflops : 35.00 ]
Matrix diff: 133311.187500

---New data---

[Remaining: 23]

[File : ./suiteSparse_dataset_10000_100000/mark3jac040sc/mark3jac040sc.mtx]
[K : 128]
[Sputnik_gflops : 23.58 ]
Matrix diff: 126220.429688

---New data---

[Remaining: 22]

[File : ./suiteSparse_dataset_10000_100000/g7jac160sc/g7jac160sc.mtx]
[K : 128]
[Sputnik_gflops : 20.40 ]
Matrix diff: 80564.585938

---New data---

[Remaining: 21]

[File : ./suiteSparse_dataset_10000_100000/conf5_4-8x8-05/conf5_4-8x8-05.mtx]
[K : 128]
[Sputnik_gflops : 55.34 ]
Matrix diff: 58863.246094

---New data---

[Remaining: 20]

[File : ./suiteSparse_dataset_10000_100000/jan99jac120sc/jan99jac120sc.mtx]
[K : 128]
[Sputnik_gflops : 10.66 ]
Matrix diff: 125507.382812

---New data---

[Remaining: 19]

[File : ./suiteSparse_dataset_10000_100000/mosfet2/mosfet2.mtx]
[K : 128]
[Sputnik_gflops : 46.90 ]
Matrix diff: 95559.609375

---New data---

[Remaining: 18]

[File : ./suiteSparse_dataset_10000_100000/lowThrust_5/lowThrust_5.mtx]
[K : 128]
[Sputnik_gflops : 51.89 ]
Matrix diff: 106479.203125

---New data---

[Remaining: 17]

[File : ./suiteSparse_dataset_10000_100000/soc-Slashdot0811/soc-Slashdot0811.mtx]
[K : 128]
[Sputnik_gflops : 10.59 ]
Matrix diff: 134469.703125

---New data---

[Remaining: 16]

[File : ./suiteSparse_dataset_10000_100000/ex19/ex19.mtx]
[K : 128]
[Sputnik_gflops : 121.92 ]
Matrix diff: 124183.117188

---New data---

[Remaining: 15]

[File : ./suiteSparse_dataset_10000_100000/ca-HepPh/ca-HepPh.mtx]
[K : 128]
[Sputnik_gflops : 112.05 ]
Matrix diff: 97950.593750

---New data---

[Remaining: 14]

[File : ./suiteSparse_dataset_10000_100000/IG5-17/IG5-17.mtx]
[K : 128]
[Sputnik_gflops : 83.79 ]
Matrix diff: 44682.089844

---New data---

[Remaining: 13]

[File : ./suiteSparse_dataset_10000_100000/net125/net125.mtx]
[K : 128]
[Sputnik_gflops : 130.14 ]
Matrix diff: 97398.789062

---New data---

[Remaining: 12]

[File : ./suiteSparse_dataset_10000_100000/bcsstk32/bcsstk32.mtx]
[K : 128]
[Sputnik_gflops : 70.21 ]
Matrix diff: 152092.593750

---New data---

[Remaining: 11]

[File : ./suiteSparse_dataset_10000_100000/onetone2/onetone2.mtx]
[K : 128]
[Sputnik_gflops : 12.26 ]
Matrix diff: 127870.140625

---New data---

[Remaining: 10]

[File : ./suiteSparse_dataset_10000_100000/lhr10c/lhr10c.mtx]
[K : 128]
[Sputnik_gflops : 138.84 ]
Matrix diff: 63534.554688

---New data---

[Remaining: 9]

[File : ./suiteSparse_dataset_10000_100000/olafu/olafu.mtx]
[K : 128]
[Sputnik_gflops : 254.17 ]
Matrix diff: 117040.984375

---New data---

[Remaining: 8]

[File : ./suiteSparse_dataset_10000_100000/Trefethen_20000/Trefethen_20000.mtx]
[K : 128]
[Sputnik_gflops : 94.74 ]
Matrix diff: 120528.992188

---New data---

[Remaining: 7]

[File : ./suiteSparse_dataset_10000_100000/g7jac180sc/g7jac180sc.mtx]
[K : 128]
[Sputnik_gflops : 18.36 ]
Matrix diff: 223309.187500

---New data---

[Remaining: 6]

[File : ./suiteSparse_dataset_10000_100000/e40r0100/e40r0100.mtx]
[K : 128]
[Sputnik_gflops : 125.12 ]
Matrix diff: 118951.835938

---New data---

[Remaining: 5]

[File : ./suiteSparse_dataset_10000_100000/li/li.mtx]
[K : 128]
[Sputnik_gflops : 174.03 ]
Matrix diff: 117037.757812

---New data---

[Remaining: 4]

[File : ./suiteSparse_dataset_10000_100000/lhr14/lhr14.mtx]
[K : 128]
[Sputnik_gflops : 103.50 ]
Matrix diff: 121936.632812

---New data---

[Remaining: 3]

[File : ./suiteSparse_dataset_10000_100000/jan99jac060sc/jan99jac060sc.mtx]
[K : 128]
[Sputnik_gflops : 20.86 ]
Matrix diff: 132130.218750

---New data---

[Remaining: 2]

[File : ./suiteSparse_dataset_10000_100000/HEP-th/HEP-th.mtx]
[K : 128]
[Sputnik_gflops : 32.06 ]
Matrix diff: 116181.343750

---New data---

[Remaining: 1]

[File : ./suiteSparse_dataset_10000_100000/c-63/c-63.mtx]
[K : 128]
[Sputnik_gflops : 14.73 ]
Matrix diff: 59254.339844

---New data---

[Remaining: 0]

[File : ./suiteSparse_dataset_10000_100000/c-67b/c-67b.mtx]
[K : 128]
[Sputnik_gflops : 10.52 ]
Matrix diff: 115913.953125

---Test done---

Total time spent: 309.222220867 seconds (0 hours, 5 minutes, 9.222220867 seconds)
