[numTestFiles : 505 ]
---New data---
[Remaining: 504 ]
[File : ./suiteSparse_dataset/ch7-8-b3/ch7-8-b3.mtx]
[K : 64 ]
[FlashSparse_gflops : 1362.2443438914027 ]
---New data---
[Remaining: 503 ]
[File : ./suiteSparse_dataset/skirt/skirt.mtx]
[K : 64 ]
[FlashSparse_gflops : 1980.6740157480315 ]
---New data---
[Remaining: 502 ]
[File : ./suiteSparse_dataset/sctap1-2r/sctap1-2r.mtx]
[K : 64 ]
[FlashSparse_gflops : 890.1062686567165 ]
---New data---
[Remaining: 501 ]
[File : ./suiteSparse_dataset/sctap1-2r/sctap1-2r_A_11.mtx]
[K : 64 ]
[FlashSparse_gflops : 883.5128888888889 ]
---New data---
[Remaining: 500 ]
[File : ./suiteSparse_dataset/OPF_6000/OPF_6000.mtx]
[K : 64 ]
[FlashSparse_gflops : 2115.273442622951 ]
---New data---
[Remaining: 499 ]
[File : ./suiteSparse_dataset/trdheim/trdheim.mtx]
[K : 64 ]
[FlashSparse_gflops : 6434.323948051948 ]
---New data---
[Remaining: 498 ]
[File : ./suiteSparse_dataset/xenon1/xenon1.mtx]
[K : 64 ]
[FlashSparse_gflops : 2685.3172291296623 ]
---New data---
[Remaining: 497 ]
[File : ./suiteSparse_dataset/pkustk13/pkustk13.mtx]
[K : 64 ]
[FlashSparse_gflops : 3704.96 ]
---New data---
[Remaining: 496 ]
[File : ./suiteSparse_dataset/ABACUS_shell_ud/ABACUS_shell_ud_M.mtx]
[K : 64 ]
[FlashSparse_gflops : 1229.2405581395349 ]
---New data---
[Remaining: 495 ]
[File : ./suiteSparse_dataset/ABACUS_shell_ud/ABACUS_shell_ud_K.mtx]
[K : 64 ]
[FlashSparse_gflops : 1274.5850691244239 ]
---New data---
[Remaining: 494 ]
[File : ./suiteSparse_dataset/ABACUS_shell_ud/ABACUS_shell_ud.mtx]
[K : 64 ]
[FlashSparse_gflops : 1288.7535483870968 ]
---New data---
[Remaining: 493 ]
[File : ./suiteSparse_dataset/pattern1/pattern1.mtx]
[K : 64 ]
[FlashSparse_gflops : 1105.9209489389307 ]
---New data---
[Remaining: 492 ]
[File : ./suiteSparse_dataset/nv1/nv1.mtx]
[K : 64 ]
[FlashSparse_gflops : 1245.0231612390785 ]
---New data---
[Remaining: 491 ]
[File : ./suiteSparse_dataset/crystk03/crystk03.mtx]
[K : 64 ]
[FlashSparse_gflops : 4937.241938325991 ]
---New data---
[Remaining: 490 ]
[File : ./suiteSparse_dataset/viscoplastic2/viscoplastic2_C_6.mtx]
[K : 64 ]
[FlashSparse_gflops : 1352.0700277008311 ]
---New data---
[Remaining: 489 ]
[File : ./suiteSparse_dataset/viscoplastic2/viscoplastic2_C_3.mtx]
[K : 64 ]
[FlashSparse_gflops : 1348.3350276243093 ]
---New data---
[Remaining: 488 ]
[File : ./suiteSparse_dataset/viscoplastic2/viscoplastic2_C_7.mtx]
[K : 64 ]
[FlashSparse_gflops : 1352.0700277008311 ]
---New data---
[Remaining: 487 ]
[File : ./suiteSparse_dataset/viscoplastic2/viscoplastic2_C_5.mtx]
[K : 64 ]
[FlashSparse_gflops : 1439.8149852507374 ]
---New data---
[Remaining: 486 ]
[File : ./suiteSparse_dataset/viscoplastic2/viscoplastic2.mtx]
[K : 64 ]
[FlashSparse_gflops : 1355.8257777777778 ]
---New data---
[Remaining: 485 ]
[File : ./suiteSparse_dataset/viscoplastic2/viscoplastic2_C_2.mtx]
[K : 64 ]
[FlashSparse_gflops : 1348.3350276243093 ]
---New data---
[Remaining: 484 ]
[File : ./suiteSparse_dataset/viscoplastic2/viscoplastic2_C_1.mtx]
[K : 64 ]
[FlashSparse_gflops : 1355.8257777777778 ]
---New data---
[Remaining: 483 ]
[File : ./suiteSparse_dataset/viscoplastic2/viscoplastic2_C_4.mtx]
[K : 64 ]
[FlashSparse_gflops : 1435.5802352941178 ]
---New data---
[Remaining: 482 ]
[File : ./suiteSparse_dataset/ABACUS_shell_md/ABACUS_shell_md_K.mtx]
[K : 64 ]
[FlashSparse_gflops : 1286.4416744186046 ]
---New data---
[Remaining: 481 ]
[File : ./suiteSparse_dataset/ABACUS_shell_md/ABACUS_shell_md.mtx]
[K : 64 ]
[FlashSparse_gflops : 1288.7535483870968 ]
---New data---
[Remaining: 480 ]
[File : ./suiteSparse_dataset/ABACUS_shell_md/ABACUS_shell_md_M.mtx]
[K : 64 ]
[FlashSparse_gflops : 1223.5496296296296 ]
---New data---
[Remaining: 479 ]
[File : ./suiteSparse_dataset/Dubcova1/Dubcova1.mtx]
[K : 64 ]
[FlashSparse_gflops : 1611.201592039801 ]
---New data---
[Remaining: 478 ]
[File : ./suiteSparse_dataset/ted_A/ted_A.mtx]
[K : 64 ]
[FlashSparse_gflops : 3672.103783783784 ]
---New data---
[Remaining: 477 ]
[File : ./suiteSparse_dataset/mk12-b4/mk12-b4.mtx]
[K : 64 ]
[FlashSparse_gflops : 1198.7027027027027 ]
---New data---
[Remaining: 476 ]
[File : ./suiteSparse_dataset/std1_Jac3_db/std1_Jac3_db.mtx]
[K : 64 ]
[FlashSparse_gflops : 2448.695251798561 ]
---New data---
[Remaining: 475 ]
[File : ./suiteSparse_dataset/OPF_10000/OPF_10000.mtx]
[K : 64 ]
[FlashSparse_gflops : 2285.0003053435116 ]
---New data---
[Remaining: 474 ]
[File : ./suiteSparse_dataset/worms20_10NN/worms20_10NN.mtx]
[K : 64 ]
[FlashSparse_gflops : 1167.6412121212122 ]
---New data---
[Remaining: 473 ]
[File : ./suiteSparse_dataset/cbuckle/cbuckle.mtx]
[K : 64 ]
[FlashSparse_gflops : 5005.428901734104 ]
---New data---
[Remaining: 472 ]
[File : ./suiteSparse_dataset/cbuckle/cbuckle_G.mtx]
[K : 64 ]
[FlashSparse_gflops : 4171.309367088607 ]
---New data---
[Remaining: 471 ]
[File : ./suiteSparse_dataset/c-71/c-71.mtx]
[K : 64 ]
[FlashSparse_gflops : 231.62718315789473 ]
---New data---
[Remaining: 470 ]
[File : ./suiteSparse_dataset/std1_Jac2/std1_Jac2.mtx]
[K : 64 ]
[FlashSparse_gflops : 3146.408818897638 ]
---New data---
[Remaining: 469 ]
[File : ./suiteSparse_dataset/ifiss_mat/ifiss_mat.mtx]
[K : 64 ]
[FlashSparse_gflops : 3025.5502035456334 ]
---New data---
[Remaining: 468 ]
[File : ./suiteSparse_dataset/TSOPF_RS_b678_c1/TSOPF_RS_b678_c1.mtx]
[K : 64 ]
[FlashSparse_gflops : 8214.963386861315 ]
---New data---
[Remaining: 467 ]
[File : ./suiteSparse_dataset/Zd_Jac2_db/Zd_Jac2_db.mtx]
[K : 64 ]
[FlashSparse_gflops : 2502.4332947976877 ]
---New data---
[Remaining: 466 ]
[File : ./suiteSparse_dataset/scfxm1-2b/scfxm1-2b_A_3.mtx]
[K : 64 ]
[FlashSparse_gflops : 941.3679470198675 ]
---New data---
[Remaining: 465 ]
[File : ./suiteSparse_dataset/scfxm1-2b/scfxm1-2b.mtx]
[K : 64 ]
[FlashSparse_gflops : 966.9834013605442 ]
---New data---
[Remaining: 464 ]
[File : ./suiteSparse_dataset/mario001/mario001.mtx]
[K : 64 ]
[FlashSparse_gflops : 1339.4907614213198 ]
---New data---
[Remaining: 463 ]
[File : ./suiteSparse_dataset/e18/e18.mtx]
[K : 64 ]
[FlashSparse_gflops : 1300.4966233766233 ]
---New data---
[Remaining: 462 ]
[File : ./suiteSparse_dataset/nsct/nsct_A_1.mtx]
[K : 64 ]
[FlashSparse_gflops : 2292.311134564644 ]
---New data---
[Remaining: 461 ]
[File : ./suiteSparse_dataset/nsct/nsct.mtx]
[K : 64 ]
[FlashSparse_gflops : 2394.382412868633 ]
---New data---
[Remaining: 460 ]
[File : ./suiteSparse_dataset/nsct/nsct_A_2.mtx]
[K : 64 ]
[FlashSparse_gflops : 2394.382412868633 ]
---New data---
[Remaining: 459 ]
[File : ./suiteSparse_dataset/lowThrust_10/lowThrust_10.mtx]
[K : 64 ]
[FlashSparse_gflops : 1427.9718592964823 ]
---New data---
[Remaining: 458 ]
[File : ./suiteSparse_dataset/2D_27628_bjtcai/2D_27628_bjtcai.mtx]
[K : 64 ]
[FlashSparse_gflops : 3015.475744680851 ]
---New data---
[Remaining: 457 ]
[File : ./suiteSparse_dataset/Si10H16/Si10H16.mtx]
[K : 64 ]
[FlashSparse_gflops : 2023.79321299639 ]
---New data---
[Remaining: 456 ]
[File : ./suiteSparse_dataset/af23560/af23560.mtx]
[K : 64 ]
[FlashSparse_gflops : 3443.5982222222224 ]
---New data---
[Remaining: 455 ]
[File : ./suiteSparse_dataset/m_t1/m_t1.mtx]
[K : 64 ]
[FlashSparse_gflops : 5801.379925650557 ]
---New data---
[Remaining: 454 ]
[File : ./suiteSparse_dataset/cit-HepPh/cit-HepPh.mtx]
[K : 64 ]
[FlashSparse_gflops : 963.6068571428572 ]
---New data---
[Remaining: 453 ]
[File : ./suiteSparse_dataset/rma10/rma10.mtx]
[K : 64 ]
[FlashSparse_gflops : 5107.094588235294 ]
---New data---
[Remaining: 452 ]
[File : ./suiteSparse_dataset/GaAsH6/GaAsH6.mtx]
[K : 64 ]
[FlashSparse_gflops : 2086.127961445783 ]
---New data---
[Remaining: 451 ]
[File : ./suiteSparse_dataset/c-67/c-67.mtx]
[K : 64 ]
[FlashSparse_gflops : 1660.6751219512196 ]
---New data---
[Remaining: 450 ]
[File : ./suiteSparse_dataset/nv2010/nv2010.mtx]
[K : 64 ]
[FlashSparse_gflops : 1024.4864491362764 ]
---New data---
[Remaining: 449 ]
[File : ./suiteSparse_dataset/bcircuit/bcircuit.mtx]
[K : 64 ]
[FlashSparse_gflops : 1793.7098507462686 ]
---New data---
[Remaining: 448 ]
[File : ./suiteSparse_dataset/shyy161/shyy161.mtx]
[K : 64 ]
[FlashSparse_gflops : 1668.3611067193676 ]
---New data---
[Remaining: 447 ]
[File : ./suiteSparse_dataset/c-64b/c-64b.mtx]
[K : 64 ]
[FlashSparse_gflops : 2291.362793017456 ]
---New data---
[Remaining: 446 ]
[File : ./suiteSparse_dataset/c-59/c-59.mtx]
[K : 64 ]
[FlashSparse_gflops : 1644.6151871657753 ]
---New data---
[Remaining: 445 ]
[File : ./suiteSparse_dataset/vsp_c-60_data_cti_cs4/vsp_c-60_data_cti_cs4.mtx]
[K : 64 ]
[FlashSparse_gflops : 1219.693280632411 ]
---New data---
[Remaining: 444 ]
[File : ./suiteSparse_dataset/cond-mat-2005/cond-mat-2005.mtx]
[K : 64 ]
[FlashSparse_gflops : 1285.0688 ]
---New data---
[Remaining: 443 ]
[File : ./suiteSparse_dataset/mark3jac040/mark3jac040.mtx]
[K : 64 ]
[FlashSparse_gflops : 1240.9982905982906 ]
---New data---
[Remaining: 442 ]
[File : ./suiteSparse_dataset/kim1/kim1.mtx]
[K : 64 ]
[FlashSparse_gflops : 3955.2635761589404 ]
---New data---
[Remaining: 441 ]
[File : ./suiteSparse_dataset/juba40k/juba40k.mtx]
[K : 64 ]
[FlashSparse_gflops : 1325.2114285714285 ]
---New data---
[Remaining: 440 ]
[File : ./suiteSparse_dataset/TSOPF_FS_b300_c1/TSOPF_FS_b300_c1.mtx]
[K : 64 ]
[FlashSparse_gflops : 7193.047458492976 ]
---New data---
[Remaining: 439 ]
[File : ./suiteSparse_dataset/pfinan512/pfinan512.mtx]
[K : 64 ]
[FlashSparse_gflops : 1591.9786666666666 ]
---New data---
[Remaining: 438 ]
[File : ./suiteSparse_dataset/case39/case39_A_12.mtx]
[K : 64 ]
[FlashSparse_gflops : 3605.344864864865 ]
---New data---
[Remaining: 437 ]
[File : ./suiteSparse_dataset/case39/case39_A_13.mtx]
[K : 64 ]
[FlashSparse_gflops : 3624.939130434783 ]
---New data---
[Remaining: 436 ]
[File : ./suiteSparse_dataset/case39/case39_A_09.mtx]
[K : 64 ]
[FlashSparse_gflops : 3615.1154471544714 ]
---New data---
[Remaining: 435 ]
[File : ./suiteSparse_dataset/case39/case39.mtx]
[K : 64 ]
[FlashSparse_gflops : 3654.698082191781 ]
---New data---
[Remaining: 434 ]
[File : ./suiteSparse_dataset/case39/case39_A_07.mtx]
[K : 64 ]
[FlashSparse_gflops : 3615.1154471544714 ]
---New data---
[Remaining: 433 ]
[File : ./suiteSparse_dataset/case39/case39_A_03.mtx]
[K : 64 ]
[FlashSparse_gflops : 3624.939130434783 ]
---New data---
[Remaining: 432 ]
[File : ./suiteSparse_dataset/case39/case39_A_11.mtx]
[K : 64 ]
[FlashSparse_gflops : 3624.939130434783 ]
---New data---
[Remaining: 431 ]
[File : ./suiteSparse_dataset/case39/case39_A_02.mtx]
[K : 64 ]
[FlashSparse_gflops : 3605.344864864865 ]
---New data---
[Remaining: 430 ]
[File : ./suiteSparse_dataset/case39/case39_A_05.mtx]
[K : 64 ]
[FlashSparse_gflops : 3605.344864864865 ]
---New data---
[Remaining: 429 ]
[File : ./suiteSparse_dataset/case39/case39_A_04.mtx]
[K : 64 ]
[FlashSparse_gflops : 3644.7475409836065 ]
---New data---
[Remaining: 428 ]
[File : ./suiteSparse_dataset/case39/case39_A_06.mtx]
[K : 64 ]
[FlashSparse_gflops : 3644.7475409836065 ]
---New data---
[Remaining: 427 ]
[File : ./suiteSparse_dataset/case39/case39_A_08.mtx]
[K : 64 ]
[FlashSparse_gflops : 3644.7475409836065 ]
---New data---
[Remaining: 426 ]
[File : ./suiteSparse_dataset/case39/case39_A_10.mtx]
[K : 64 ]
[FlashSparse_gflops : 3624.939130434783 ]
---New data---
[Remaining: 425 ]
[File : ./suiteSparse_dataset/case39/case39_A_01.mtx]
[K : 64 ]
[FlashSparse_gflops : 3624.904347826087 ]
---New data---
[Remaining: 424 ]
[File : ./suiteSparse_dataset/ncvxqp7/ncvxqp7.mtx]
[K : 64 ]
[FlashSparse_gflops : 1032.1898457223 ]
---New data---
[Remaining: 423 ]
[File : ./suiteSparse_dataset/uni_chimera_i2/uni_chimera_i2_A_18.mtx]
[K : 64 ]
[FlashSparse_gflops : 1099.4690204520991 ]
---New data---
[Remaining: 422 ]
[File : ./suiteSparse_dataset/uni_chimera_i2/uni_chimera_i2_A_02.mtx]
[K : 64 ]
[FlashSparse_gflops : 1101.8411218985975 ]
---New data---
[Remaining: 421 ]
[File : ./suiteSparse_dataset/uni_chimera_i2/uni_chimera_i2_A_14.mtx]
[K : 64 ]
[FlashSparse_gflops : 1093.5832119914346 ]
---New data---
[Remaining: 420 ]
[File : ./suiteSparse_dataset/uni_chimera_i2/uni_chimera_i2_A_10.mtx]
[K : 64 ]
[FlashSparse_gflops : 1097.1071106337272 ]
---New data---
[Remaining: 419 ]
[File : ./suiteSparse_dataset/uni_chimera_i2/uni_chimera_i2_A_17.mtx]
[K : 64 ]
[FlashSparse_gflops : 1098.2867956989248 ]
---New data---
[Remaining: 418 ]
[File : ./suiteSparse_dataset/uni_chimera_i2/uni_chimera_i2.mtx]
[K : 64 ]
[FlashSparse_gflops : 1095.9299570815451 ]
---New data---
[Remaining: 417 ]
[File : ./suiteSparse_dataset/uni_chimera_i2/uni_chimera_i2_A_16.mtx]
[K : 64 ]
[FlashSparse_gflops : 1101.8411218985975 ]
---New data---
[Remaining: 416 ]
[File : ./suiteSparse_dataset/uni_chimera_i2/uni_chimera_i2_A_07.mtx]
[K : 64 ]
[FlashSparse_gflops : 1103.0310151187905 ]
---New data---
[Remaining: 415 ]
[File : ./suiteSparse_dataset/uni_chimera_i2/uni_chimera_i2_A_22.mtx]
[K : 64 ]
[FlashSparse_gflops : 1106.61616468039 ]
---New data---
[Remaining: 414 ]
[File : ./suiteSparse_dataset/uni_chimera_i2/uni_chimera_i2_A_20.mtx]
[K : 64 ]
[FlashSparse_gflops : 1099.4690204520991 ]
---New data---
[Remaining: 413 ]
[File : ./suiteSparse_dataset/uni_chimera_i2/uni_chimera_i2_A_01.mtx]
[K : 64 ]
[FlashSparse_gflops : 1093.5832119914346 ]
---New data---
[Remaining: 412 ]
[File : ./suiteSparse_dataset/uni_chimera_i2/uni_chimera_i2_A_19.mtx]
[K : 64 ]
[FlashSparse_gflops : 1101.8411218985975 ]
---New data---
[Remaining: 411 ]
[File : ./suiteSparse_dataset/uni_chimera_i2/uni_chimera_i2_A_04.mtx]
[K : 64 ]
[FlashSparse_gflops : 1099.4690204520991 ]
---New data---
[Remaining: 410 ]
[File : ./suiteSparse_dataset/uni_chimera_i2/uni_chimera_i2_A_09.mtx]
[K : 64 ]
[FlashSparse_gflops : 1093.5832119914346 ]
---New data---
[Remaining: 409 ]
[File : ./suiteSparse_dataset/uni_chimera_i2/uni_chimera_i2_A_06.mtx]
[K : 64 ]
[FlashSparse_gflops : 1100.6537931034484 ]
---New data---
[Remaining: 408 ]
[File : ./suiteSparse_dataset/uni_chimera_i2/uni_chimera_i2_A_13.mtx]
[K : 64 ]
[FlashSparse_gflops : 1094.7553269024652 ]
---New data---
[Remaining: 407 ]
[File : ./suiteSparse_dataset/uni_chimera_i2/uni_chimera_i2_A_03.mtx]
[K : 64 ]
[FlashSparse_gflops : 1098.2867956989248 ]
---New data---
[Remaining: 406 ]
[File : ./suiteSparse_dataset/uni_chimera_i2/uni_chimera_i2_A_15.mtx]
[K : 64 ]
[FlashSparse_gflops : 1106.61616468039 ]
---New data---
[Remaining: 405 ]
[File : ./suiteSparse_dataset/uni_chimera_i2/uni_chimera_i2_A_24.mtx]
[K : 64 ]
[FlashSparse_gflops : 1100.6537931034484 ]
---New data---
[Remaining: 404 ]
[File : ./suiteSparse_dataset/uni_chimera_i2/uni_chimera_i2_A_05.mtx]
[K : 64 ]
[FlashSparse_gflops : 1099.4690204520991 ]
---New data---
[Remaining: 403 ]
[File : ./suiteSparse_dataset/uni_chimera_i2/uni_chimera_i2_A_08.mtx]
[K : 64 ]
[FlashSparse_gflops : 1095.9299570815451 ]
---New data---
[Remaining: 402 ]
[File : ./suiteSparse_dataset/uni_chimera_i2/uni_chimera_i2_A_11.mtx]
[K : 64 ]
[FlashSparse_gflops : 1100.6537931034484 ]
---New data---
[Remaining: 401 ]
[File : ./suiteSparse_dataset/uni_chimera_i2/uni_chimera_i2_A_21.mtx]
[K : 64 ]
[FlashSparse_gflops : 1094.7553269024652 ]
---New data---
[Remaining: 400 ]
[File : ./suiteSparse_dataset/uni_chimera_i2/uni_chimera_i2_A_12.mtx]
[K : 64 ]
[FlashSparse_gflops : 1094.7553269024652 ]
---New data---
[Remaining: 399 ]
[File : ./suiteSparse_dataset/uni_chimera_i2/uni_chimera_i2_A_23.mtx]
[K : 64 ]
[FlashSparse_gflops : 1104.223481081081 ]
---New data---
[Remaining: 398 ]
[File : ./suiteSparse_dataset/venkat25/venkat25.mtx]
[K : 64 ]
[FlashSparse_gflops : 4811.32113785558 ]
---New data---
[Remaining: 397 ]
[File : ./suiteSparse_dataset/stokes128/stokes128.mtx]
[K : 64 ]
[FlashSparse_gflops : 2299.036398713826 ]
---New data---
[Remaining: 396 ]
[File : ./suiteSparse_dataset/finan512/finan512.mtx]
[K : 64 ]
[FlashSparse_gflops : 1598.6396652719666 ]
---New data---
[Remaining: 395 ]
[File : ./suiteSparse_dataset/poisson3Db/poisson3Db.mtx]
[K : 64 ]
[FlashSparse_gflops : 1162.9436572302982 ]
---New data---
[Remaining: 394 ]
[File : ./suiteSparse_dataset/preferentialAttachment/preferentialAttachment.mtx]
[K : 64 ]
[FlashSparse_gflops : 971.87668944571 ]
---New data---
[Remaining: 393 ]
[File : ./suiteSparse_dataset/F2/F2.mtx]
[K : 64 ]
[FlashSparse_gflops : 3635.560515021459 ]
---New data---
[Remaining: 392 ]
[File : ./suiteSparse_dataset/dbir2/dbir2.mtx]
[K : 64 ]
[FlashSparse_gflops : 1917.7794566623545 ]
---New data---
[Remaining: 391 ]
[File : ./suiteSparse_dataset/ca-AstroPh/ca-AstroPh.mtx]
[K : 64 ]
[FlashSparse_gflops : 971.4268199233717 ]
---New data---
[Remaining: 390 ]
[File : ./suiteSparse_dataset/g7jac080sc/g7jac080sc.mtx]
[K : 64 ]
[FlashSparse_gflops : 1529.6312195121952 ]
---New data---
[Remaining: 389 ]
[File : ./suiteSparse_dataset/vsp_south31_slptsk/vsp_south31_slptsk.mtx]
[K : 64 ]
[FlashSparse_gflops : 1227.7268686868688 ]
---New data---
[Remaining: 388 ]
[File : ./suiteSparse_dataset/pkustk08/pkustk08.mtx]
[K : 64 ]
[FlashSparse_gflops : 3967.472507204611 ]
---New data---
[Remaining: 387 ]
[File : ./suiteSparse_dataset/deltaX/deltaX.mtx]
[K : 64 ]
[FlashSparse_gflops : 824.7466666666667 ]
---New data---
[Remaining: 386 ]
[File : ./suiteSparse_dataset/TSOPF_FS_b39_c7/TSOPF_FS_b39_c7.mtx]
[K : 64 ]
[FlashSparse_gflops : 3448.3483394833947 ]
---New data---
[Remaining: 385 ]
[File : ./suiteSparse_dataset/lhr71c/lhr71c.mtx]
[K : 64 ]
[FlashSparse_gflops : 3089.9806635071095 ]
---New data---
[Remaining: 384 ]
[File : ./suiteSparse_dataset/mod2/mod2.mtx]
[K : 64 ]
[FlashSparse_gflops : 995.1626459143969 ]
---New data---
[Remaining: 383 ]
[File : ./suiteSparse_dataset/raefsky4/raefsky4.mtx]
[K : 64 ]
[FlashSparse_gflops : 4737.108857938719 ]
---New data---
[Remaining: 382 ]
[File : ./suiteSparse_dataset/cat_ears_4_4/cat_ears_4_4.mtx]
[K : 64 ]
[FlashSparse_gflops : 966.4581818181819 ]
---New data---
[Remaining: 381 ]
[File : ./suiteSparse_dataset/ckt11752_tr_0/ckt11752_tr_0.mtx]
[K : 64 ]
[FlashSparse_gflops : 1517.0004270462634 ]
---New data---
[Remaining: 380 ]
[File : ./suiteSparse_dataset/gyro_k/gyro_k.mtx]
[K : 64 ]
[FlashSparse_gflops : 3713.3054545454547 ]
---New data---
[Remaining: 379 ]
[File : ./suiteSparse_dataset/pkustk09/pkustk09.mtx]
[K : 64 ]
[FlashSparse_gflops : 4884.48 ]
---New data---
[Remaining: 378 ]
[File : ./suiteSparse_dataset/Zd_Jac3_db/Zd_Jac3_db.mtx]
[K : 64 ]
[FlashSparse_gflops : 2633.4321613832853 ]
---New data---
[Remaining: 377 ]
[File : ./suiteSparse_dataset/g7jac120sc/g7jac120sc.mtx]
[K : 64 ]
[FlashSparse_gflops : 1618.0289361702128 ]
---New data---
[Remaining: 376 ]
[File : ./suiteSparse_dataset/mouse_gene/mouse_gene.mtx]
[K : 64 ]
[FlashSparse_gflops : 1346.1418995062445 ]
---New data---
[Remaining: 375 ]
[File : ./suiteSparse_dataset/Trefethen_20000b/Trefethen_20000b.mtx]
[K : 64 ]
[FlashSparse_gflops : 1475.4195426195427 ]
---New data---
[Remaining: 374 ]
[File : ./suiteSparse_dataset/3D_28984_Tetra/3D_28984_Tetra.mtx]
[K : 64 ]
[FlashSparse_gflops : 2778.759420289855 ]
---New data---
[Remaining: 373 ]
[File : ./suiteSparse_dataset/bcsstk29/bcsstk29.mtx]
[K : 64 ]
[FlashSparse_gflops : 4479.913220338983 ]
---New data---
[Remaining: 372 ]
[File : ./suiteSparse_dataset/mark3jac140/mark3jac140.mtx]
[K : 64 ]
[FlashSparse_gflops : 1527.3456716417911 ]
---New data---
[Remaining: 371 ]
[File : ./suiteSparse_dataset/bcsstm36/bcsstm36.mtx]
[K : 64 ]
[FlashSparse_gflops : 2810.7923287671233 ]
---New data---
[Remaining: 370 ]
[File : ./suiteSparse_dataset/mycielskian16/mycielskian16.mtx]
[K : 64 ]
[FlashSparse_gflops : 2309.83158008541 ]
---New data---
[Remaining: 369 ]
[File : ./suiteSparse_dataset/olesnik0/olesnik0.mtx]
[K : 64 ]
[FlashSparse_gflops : 1909.0109819639279 ]
---New data---
[Remaining: 368 ]
[File : ./suiteSparse_dataset/c-52/c-52.mtx]
[K : 64 ]
[FlashSparse_gflops : 634.4168215158924 ]
---New data---
[Remaining: 367 ]
[File : ./suiteSparse_dataset/c-50/c-50.mtx]
[K : 64 ]
[FlashSparse_gflops : 1392.3595505617977 ]
---New data---
[Remaining: 366 ]
[File : ./suiteSparse_dataset/pkustk05/pkustk05.mtx]
[K : 64 ]
[FlashSparse_gflops : 4784.041220338983 ]
---New data---
[Remaining: 365 ]
[File : ./suiteSparse_dataset/conf6_0-8x8-80/conf6_0-8x8-80.mtx]
[K : 64 ]
[FlashSparse_gflops : 3186.5816103896104 ]
---New data---
[Remaining: 364 ]
[File : ./suiteSparse_dataset/vanbody/vanbody.mtx]
[K : 64 ]
[FlashSparse_gflops : 4993.705242070117 ]
---New data---
[Remaining: 363 ]
[File : ./suiteSparse_dataset/EAT_SR/EAT_SR.mtx]
[K : 64 ]
[FlashSparse_gflops : 978.2955868544601 ]
---New data---
[Remaining: 362 ]
[File : ./suiteSparse_dataset/c-62/c-62.mtx]
[K : 64 ]
[FlashSparse_gflops : 1665.021023255814 ]
---New data---
[Remaining: 361 ]
[File : ./suiteSparse_dataset/ns3Da/ns3Da.mtx]
[K : 64 ]
[FlashSparse_gflops : 1173.5189519650655 ]
---New data---
[Remaining: 360 ]
[File : ./suiteSparse_dataset/pcrystk02/pcrystk02.mtx]
[K : 64 ]
[FlashSparse_gflops : 4643.394157303371 ]
---New data---
[Remaining: 359 ]
[File : ./suiteSparse_dataset/windscreen/windscreen.mtx]
[K : 64 ]
[FlashSparse_gflops : 4755.5368421052635 ]
---New data---
[Remaining: 358 ]
[File : ./suiteSparse_dataset/windscreen/windscreen_M.mtx]
[K : 64 ]
[FlashSparse_gflops : 4742.3616 ]
---New data---
[Remaining: 357 ]
[File : ./suiteSparse_dataset/HEP-th-new/HEP-th-new.mtx]
[K : 64 ]
[FlashSparse_gflops : 950.7220210526316 ]
---New data---
[Remaining: 356 ]
[File : ./suiteSparse_dataset/bcsstk37/bcsstk37.mtx]
[K : 64 ]
[FlashSparse_gflops : 5234.58982078853 ]
---New data---
[Remaining: 355 ]
[File : ./suiteSparse_dataset/crystk02/crystk02.mtx]
[K : 64 ]
[FlashSparse_gflops : 4643.394157303371 ]
---New data---
[Remaining: 354 ]
[File : ./suiteSparse_dataset/dbir1/dbir1.mtx]
[K : 64 ]
[FlashSparse_gflops : 1909.4072022160665 ]
---New data---
[Remaining: 353 ]
[File : ./suiteSparse_dataset/fem_filter/fem_filter.mtx]
[K : 64 ]
[FlashSparse_gflops : 2448.5565524861877 ]
---New data---
[Remaining: 352 ]
[File : ./suiteSparse_dataset/flower_7_4/flower_7_4.mtx]
[K : 64 ]
[FlashSparse_gflops : 991.720459770115 ]
---New data---
[Remaining: 351 ]
[File : ./suiteSparse_dataset/p2p-Gnutella31/p2p-Gnutella31.mtx]
[K : 64 ]
[FlashSparse_gflops : 779.0195884773663 ]
---New data---
[Remaining: 350 ]
[File : ./suiteSparse_dataset/tsyl201/tsyl201.mtx]
[K : 64 ]
[FlashSparse_gflops : 4826.950783410138 ]
---New data---
[Remaining: 349 ]
[File : ./suiteSparse_dataset/mark3jac100sc/mark3jac100sc.mtx]
[K : 64 ]
[FlashSparse_gflops : 1454.4828685258965 ]
---New data---
[Remaining: 348 ]
[File : ./suiteSparse_dataset/copter2/copter2.mtx]
[K : 64 ]
[FlashSparse_gflops : 1706.5588771929824 ]
---New data---
[Remaining: 347 ]
[File : ./suiteSparse_dataset/cz40948/cz40948.mtx]
[K : 64 ]
[FlashSparse_gflops : 1864.132296819788 ]
---New data---
[Remaining: 346 ]
[File : ./suiteSparse_dataset/vibrobox/vibrobox.mtx]
[K : 64 ]
[FlashSparse_gflops : 1655.923924528302 ]
---New data---
[Remaining: 345 ]
[File : ./suiteSparse_dataset/TF16/TF16.mtx]
[K : 64 ]
[FlashSparse_gflops : 1048.111515151515 ]
---New data---
[Remaining: 344 ]
[File : ./suiteSparse_dataset/TSOPF_RS_b162_c3/TSOPF_RS_b162_c3.mtx]
[K : 64 ]
[FlashSparse_gflops : 4882.392 ]
---New data---
[Remaining: 343 ]
[File : ./suiteSparse_dataset/sme3Db/sme3Db.mtx]
[K : 64 ]
[FlashSparse_gflops : 1180.221816570669 ]
---New data---
[Remaining: 342 ]
[File : ./suiteSparse_dataset/venkat01/venkat01.mtx]
[K : 64 ]
[FlashSparse_gflops : 4790.356775599129 ]
---New data---
[Remaining: 341 ]
[File : ./suiteSparse_dataset/human_gene2/human_gene2.mtx]
[K : 64 ]
[FlashSparse_gflops : 2085.4406348061316 ]
---New data---
[Remaining: 340 ]
[File : ./suiteSparse_dataset/nmos3/nmos3.mtx]
[K : 64 ]
[FlashSparse_gflops : 1654.984347826087 ]
---New data---
[Remaining: 339 ]
[File : ./suiteSparse_dataset/jan99jac120/jan99jac120.mtx]
[K : 64 ]
[FlashSparse_gflops : 1640.6825615763546 ]
---New data---
[Remaining: 338 ]
[File : ./suiteSparse_dataset/p010/p010.mtx]
[K : 64 ]
[FlashSparse_gflops : 955.9493670886075 ]
---New data---
[Remaining: 337 ]
[File : ./suiteSparse_dataset/gyro/gyro_M.mtx]
[K : 64 ]
[FlashSparse_gflops : 1414.7781818181818 ]
---New data---
[Remaining: 336 ]
[File : ./suiteSparse_dataset/gyro/gyro.mtx]
[K : 64 ]
[FlashSparse_gflops : 3702.7861756373936 ]
---New data---
[Remaining: 335 ]
[File : ./suiteSparse_dataset/pkustk02/pkustk02.mtx]
[K : 64 ]
[FlashSparse_gflops : 5107.389162561576 ]
---New data---
[Remaining: 334 ]
[File : ./suiteSparse_dataset/jan99jac100sc/jan99jac100sc.mtx]
[K : 64 ]
[FlashSparse_gflops : 1578.8763428571428 ]
---New data---
[Remaining: 333 ]
[File : ./suiteSparse_dataset/ch7-7-b5/ch7-7-b5.mtx]
[K : 64 ]
[FlashSparse_gflops : 1110.4524590163935 ]
---New data---
[Remaining: 332 ]
[File : ./suiteSparse_dataset/pkustk01/pkustk01.mtx]
[K : 64 ]
[FlashSparse_gflops : 4178.688 ]
---New data---
[Remaining: 331 ]
[File : ./suiteSparse_dataset/finance256/finance256.mtx]
[K : 64 ]
[FlashSparse_gflops : 1486.6726848249027 ]
---New data---
[Remaining: 330 ]
[File : ./suiteSparse_dataset/fxm3_16/fxm3_16.mtx]
[K : 64 ]
[FlashSparse_gflops : 1535.4206727828746 ]
---New data---
[Remaining: 329 ]
[File : ./suiteSparse_dataset/jan99jac060/jan99jac060.mtx]
[K : 64 ]
[FlashSparse_gflops : 1403.3875862068965 ]
---New data---
[Remaining: 328 ]
[File : ./suiteSparse_dataset/pwt/pwt.mtx]
[K : 64 ]
[FlashSparse_gflops : 2256.307891891892 ]
---New data---
[Remaining: 327 ]
[File : ./suiteSparse_dataset/mark3jac080/mark3jac080.mtx]
[K : 64 ]
[FlashSparse_gflops : 1416.419417475728 ]
---New data---
[Remaining: 326 ]
[File : ./suiteSparse_dataset/Ill_Stokes/Ill_Stokes.mtx]
[K : 64 ]
[FlashSparse_gflops : 983.7391164658635 ]
---New data---
[Remaining: 325 ]
[File : ./suiteSparse_dataset/SiO/SiO.mtx]
[K : 64 ]
[FlashSparse_gflops : 1771.636974789916 ]
---New data---
[Remaining: 324 ]
[File : ./suiteSparse_dataset/2D_54019_highK/2D_54019_highK.mtx]
[K : 64 ]
[FlashSparse_gflops : 1346.7897782470961 ]
---New data---
[Remaining: 323 ]
[File : ./suiteSparse_dataset/rlfprim/rlfprim.mtx]
[K : 64 ]
[FlashSparse_gflops : 1345.431081967213 ]
---New data---
[Remaining: 322 ]
[File : ./suiteSparse_dataset/g7jac200sc/g7jac200sc.mtx]
[K : 64 ]
[FlashSparse_gflops : 1662.8807441860465 ]
---New data---
[Remaining: 321 ]
[File : ./suiteSparse_dataset/astro-ph/astro-ph.mtx]
[K : 64 ]
[FlashSparse_gflops : 1410.9207272727272 ]
---New data---
[Remaining: 320 ]
[File : ./suiteSparse_dataset/TSOPF_FS_b39_c19/TSOPF_FS_b39_c19.mtx]
[K : 64 ]
[FlashSparse_gflops : 3870.532110091743 ]
---New data---
[Remaining: 319 ]
[File : ./suiteSparse_dataset/bcsstk35/bcsstk35.mtx]
[K : 64 ]
[FlashSparse_gflops : 5590.9898795180725 ]
---New data---
[Remaining: 318 ]
[File : ./suiteSparse_dataset/TSOPF_FS_b162_c4/TSOPF_FS_b162_c4.mtx]
[K : 64 ]
[FlashSparse_gflops : 5491.451878354204 ]
---New data---
[Remaining: 317 ]
[File : ./suiteSparse_dataset/lowThrust_12/lowThrust_12.mtx]
[K : 64 ]
[FlashSparse_gflops : 1423.1635643564357 ]
---New data---
[Remaining: 316 ]
[File : ./suiteSparse_dataset/g7jac100/g7jac100.mtx]
[K : 64 ]
[FlashSparse_gflops : 1558.019240506329 ]
---New data---
[Remaining: 315 ]
[File : ./suiteSparse_dataset/g7jac050sc/g7jac050sc.mtx]
[K : 64 ]
[FlashSparse_gflops : 1321.7464052287582 ]
---New data---
[Remaining: 314 ]
[File : ./suiteSparse_dataset/mycielskian14/mycielskian14.mtx]
[K : 64 ]
[FlashSparse_gflops : 2278.543044315992 ]
---New data---
[Remaining: 313 ]
[File : ./suiteSparse_dataset/gupta1/gupta1.mtx]
[K : 64 ]
[FlashSparse_gflops : 2579.319180633147 ]
---New data---
[Remaining: 312 ]
[File : ./suiteSparse_dataset/bayer04/bayer04.mtx]
[K : 64 ]
[FlashSparse_gflops : 1801.990796460177 ]
---New data---
[Remaining: 311 ]
[File : ./suiteSparse_dataset/Goodwin_071/Goodwin_071.mtx]
[K : 64 ]
[FlashSparse_gflops : 4154.071335740072 ]
---New data---
[Remaining: 310 ]
[File : ./suiteSparse_dataset/cyl6/cyl6.mtx]
[K : 64 ]
[FlashSparse_gflops : 5194.48 ]
---New data---
[Remaining: 309 ]
[File : ./suiteSparse_dataset/g7jac140sc/g7jac140sc.mtx]
[K : 64 ]
[FlashSparse_gflops : 1635.267900677201 ]
---New data---
[Remaining: 308 ]
[File : ./suiteSparse_dataset/wing/wing.mtx]
[K : 64 ]
[FlashSparse_gflops : 871.5760224089636 ]
---New data---
[Remaining: 307 ]
[File : ./suiteSparse_dataset/crplat2/crplat2.mtx]
[K : 64 ]
[FlashSparse_gflops : 5885.2195215311 ]
---New data---
[Remaining: 306 ]
[File : ./suiteSparse_dataset/c-60/c-60.mtx]
[K : 64 ]
[FlashSparse_gflops : 1282.4826845637583 ]
---New data---
[Remaining: 305 ]
[File : ./suiteSparse_dataset/mip1/mip1.mtx]
[K : 64 ]
[FlashSparse_gflops : 7281.103472527472 ]
---New data---
[Remaining: 304 ]
[File : ./suiteSparse_dataset/Zhao2/Zhao2.mtx]
[K : 64 ]
[FlashSparse_gflops : 1157.9339130434782 ]
---New data---
[Remaining: 303 ]
[File : ./suiteSparse_dataset/c-66/c-66.mtx]
[K : 64 ]
[FlashSparse_gflops : 1633.5779028132993 ]
---New data---
[Remaining: 302 ]
[File : ./suiteSparse_dataset/helm3d01/helm3d01.mtx]
[K : 64 ]
[FlashSparse_gflops : 1446.9876517150396 ]
---New data---
[Remaining: 301 ]
[File : ./suiteSparse_dataset/k3plates/k3plates.mtx]
[K : 64 ]
[FlashSparse_gflops : 3849.417142857143 ]
---New data---
[Remaining: 300 ]
[File : ./suiteSparse_dataset/lowThrust_6/lowThrust_6.mtx]
[K : 64 ]
[FlashSparse_gflops : 1361.0601025641026 ]
---New data---
[Remaining: 299 ]
[File : ./suiteSparse_dataset/Zd_Jac2/Zd_Jac2.mtx]
[K : 64 ]
[FlashSparse_gflops : 3250.1178361669245 ]
---New data---
[Remaining: 298 ]
[File : ./suiteSparse_dataset/JP/JP.mtx]
[K : 64 ]
[FlashSparse_gflops : 1425.8098556366585 ]
---New data---
[Remaining: 297 ]
[File : ./suiteSparse_dataset/wang4/wang4.mtx]
[K : 64 ]
[FlashSparse_gflops : 1366.3306024096385 ]
---New data---
[Remaining: 296 ]
[File : ./suiteSparse_dataset/cit-HepTh/cit-HepTh.mtx]
[K : 64 ]
[FlashSparse_gflops : 950.7220210526316 ]
---New data---
[Remaining: 295 ]
[File : ./suiteSparse_dataset/crystm02/crystm02.mtx]
[K : 64 ]
[FlashSparse_gflops : 1797.0365217391304 ]
---New data---
[Remaining: 294 ]
[File : ./suiteSparse_dataset/t3dh_a/t3dh_a.mtx]
[K : 64 ]
[FlashSparse_gflops : 2816.3267947421637 ]
---New data---
[Remaining: 293 ]
[File : ./suiteSparse_dataset/jan99jac100/jan99jac100.mtx]
[K : 64 ]
[FlashSparse_gflops : 1561.0359322033898 ]
---New data---
[Remaining: 292 ]
[File : ./suiteSparse_dataset/g7jac160/g7jac160.mtx]
[K : 64 ]
[FlashSparse_gflops : 1670.911491053678 ]
---New data---
[Remaining: 291 ]
[File : ./suiteSparse_dataset/g7jac040sc/g7jac040sc.mtx]
[K : 64 ]
[FlashSparse_gflops : 1203.105573770492 ]
---New data---
[Remaining: 290 ]
[File : ./suiteSparse_dataset/tandem_vtx/tandem_vtx.mtx]
[K : 64 ]
[FlashSparse_gflops : 1811.6648044692738 ]
---New data---
[Remaining: 289 ]
[File : ./suiteSparse_dataset/c-51/c-51.mtx]
[K : 64 ]
[FlashSparse_gflops : 1404.8864864864865 ]
---New data---
[Remaining: 288 ]
[File : ./suiteSparse_dataset/human_gene1/human_gene1.mtx]
[K : 64 ]
[FlashSparse_gflops : 1806.9895874105866 ]
---New data---
[Remaining: 287 ]
[File : ./suiteSparse_dataset/wy2010/wy2010.mtx]
[K : 64 ]
[FlashSparse_gflops : 1034.6126275992438 ]
---New data---
[Remaining: 286 ]
[File : ./suiteSparse_dataset/TSOPF_RS_b2052_c1/TSOPF_RS_b2052_c1.mtx]
[K : 64 ]
[FlashSparse_gflops : 8662.870870870871 ]
---New data---
[Remaining: 285 ]
[File : ./suiteSparse_dataset/c-56/c-56.mtx]
[K : 64 ]
[FlashSparse_gflops : 1704.7272727272727 ]
---New data---
[Remaining: 284 ]
[File : ./suiteSparse_dataset/pkustk06/pkustk06.mtx]
[K : 64 ]
[FlashSparse_gflops : 4812.6652631578945 ]
---New data---
[Remaining: 283 ]
[File : ./suiteSparse_dataset/vsp_bump2_e18_aa01_model1_crew1/vsp_bump2_e18_aa01_model1_crew1.mtx]
[K : 64 ]
[FlashSparse_gflops : 1256.199934747145 ]
---New data---
[Remaining: 282 ]
[File : ./suiteSparse_dataset/ex35/ex35.mtx]
[K : 64 ]
[FlashSparse_gflops : 1872.4758974358974 ]
---New data---
[Remaining: 281 ]
[File : ./suiteSparse_dataset/copter1/copter1.mtx]
[K : 64 ]
[FlashSparse_gflops : 1617.7360479041915 ]
---New data---
[Remaining: 280 ]
[File : ./suiteSparse_dataset/ncvxbqp1/ncvxbqp1.mtx]
[K : 64 ]
[FlashSparse_gflops : 1114.3259701492536 ]
---New data---
[Remaining: 279 ]
[File : ./suiteSparse_dataset/mark3jac060sc/mark3jac060sc.mtx]
[K : 64 ]
[FlashSparse_gflops : 1340.426993865031 ]
---New data---
[Remaining: 278 ]
[File : ./suiteSparse_dataset/bcsstk25/bcsstk25.mtx]
[K : 64 ]
[FlashSparse_gflops : 2257.8215384615382 ]
---New data---
[Remaining: 277 ]
[File : ./suiteSparse_dataset/TSOPF_RS_b162_c4/TSOPF_RS_b162_c4.mtx]
[K : 64 ]
[FlashSparse_gflops : 5307.748571428571 ]
---New data---
[Remaining: 276 ]
[File : ./suiteSparse_dataset/loc-Brightkite/loc-Brightkite.mtx]
[K : 64 ]
[FlashSparse_gflops : 1009.2811786372007 ]
---New data---
[Remaining: 275 ]
[File : ./suiteSparse_dataset/garon2/garon2.mtx]
[K : 64 ]
[FlashSparse_gflops : 1915.6205363984675 ]
---New data---
[Remaining: 274 ]
[File : ./suiteSparse_dataset/TSOPF_RS_b39_c30/TSOPF_RS_b39_c30.mtx]
[K : 64 ]
[FlashSparse_gflops : 4444.95845659164 ]
---New data---
[Remaining: 273 ]
[File : ./suiteSparse_dataset/TSOPF_RS_b300_c1/TSOPF_RS_b300_c1.mtx]
[K : 64 ]
[FlashSparse_gflops : 6837.449275362319 ]
---New data---
[Remaining: 272 ]
[File : ./suiteSparse_dataset/tube2/tube2.mtx]
[K : 64 ]
[FlashSparse_gflops : 5628.586666666667 ]
---New data---
[Remaining: 271 ]
[File : ./suiteSparse_dataset/lhr14c/lhr14c.mtx]
[K : 64 ]
[FlashSparse_gflops : 2627.0549333333333 ]
---New data---
[Remaining: 270 ]
[File : ./suiteSparse_dataset/bayer01/bayer01.mtx]
[K : 64 ]
[FlashSparse_gflops : 1243.1843356643358 ]
---New data---
[Remaining: 269 ]
[File : ./suiteSparse_dataset/nh2010/nh2010.mtx]
[K : 64 ]
[FlashSparse_gflops : 994.1192052980133 ]
---New data---
[Remaining: 268 ]
[File : ./suiteSparse_dataset/c-72/c-72.mtx]
[K : 64 ]
[FlashSparse_gflops : 1482.2818985270048 ]
---New data---
[Remaining: 267 ]
[File : ./suiteSparse_dataset/IG5-15/IG5-15.mtx]
[K : 64 ]
[FlashSparse_gflops : 1247.2636144578314 ]
---New data---
[Remaining: 266 ]
[File : ./suiteSparse_dataset/bauru5727/bauru5727.mtx]
[K : 64 ]
[FlashSparse_gflops : 1416.9795419847328 ]
---New data---
[Remaining: 265 ]
[File : ./suiteSparse_dataset/Pres_Poisson/Pres_Poisson.mtx]
[K : 64 ]
[FlashSparse_gflops : 4072.1294222222223 ]
---New data---
[Remaining: 264 ]
[File : ./suiteSparse_dataset/g7jac200/g7jac200.mtx]
[K : 64 ]
[FlashSparse_gflops : 1670.6512149532712 ]
---New data---
[Remaining: 263 ]
[File : ./suiteSparse_dataset/g7jac100sc/g7jac100sc.mtx]
[K : 64 ]
[FlashSparse_gflops : 1553.104353312303 ]
---New data---
[Remaining: 262 ]
[File : ./suiteSparse_dataset/TSOPF_RS_b678_c2/TSOPF_RS_b678_c2.mtx]
[K : 64 ]
[FlashSparse_gflops : 8098.627319884727 ]
---New data---
[Remaining: 261 ]
[File : ./suiteSparse_dataset/scagr7-2r/scagr7-2r.mtx]
[K : 64 ]
[FlashSparse_gflops : 1067.92 ]
---New data---
[Remaining: 260 ]
[File : ./suiteSparse_dataset/scagr7-2r/scagr7-2r_A_11.mtx]
[K : 64 ]
[FlashSparse_gflops : 1060.5550344827586 ]
---New data---
[Remaining: 259 ]
[File : ./suiteSparse_dataset/TF17/TF17.mtx]
[K : 64 ]
[FlashSparse_gflops : 1118.2698062593145 ]
---New data---
[Remaining: 258 ]
[File : ./suiteSparse_dataset/soc-sign-Slashdot090221/soc-sign-Slashdot090221.mtx]
[K : 64 ]
[FlashSparse_gflops : 896.6563265306122 ]
---New data---
[Remaining: 257 ]
[File : ./suiteSparse_dataset/net150/net150.mtx]
[K : 64 ]
[FlashSparse_gflops : 1834.314049586777 ]
---New data---
[Remaining: 256 ]
[File : ./suiteSparse_dataset/IG5-18/IG5-18.mtx]
[K : 64 ]
[FlashSparse_gflops : 1246.2355628058729 ]
---New data---
[Remaining: 255 ]
[File : ./suiteSparse_dataset/mark3jac120sc/mark3jac120sc.mtx]
[K : 64 ]
[FlashSparse_gflops : 1491.047619047619 ]
---New data---
[Remaining: 254 ]
[File : ./suiteSparse_dataset/c-64/c-64.mtx]
[K : 64 ]
[FlashSparse_gflops : 2285.662885572139 ]
---New data---
[Remaining: 253 ]
[File : ./suiteSparse_dataset/email-Enron/email-Enron.mtx]
[K : 64 ]
[FlashSparse_gflops : 1145.0300729927008 ]
---New data---
[Remaining: 252 ]
[File : ./suiteSparse_dataset/viscorocks/viscorocks.mtx]
[K : 64 ]
[FlashSparse_gflops : 5275.433758865248 ]
---New data---
[Remaining: 251 ]
[File : ./suiteSparse_dataset/std1_Jac3/std1_Jac3.mtx]
[K : 64 ]
[FlashSparse_gflops : 3419.239339449541 ]
---New data---
[Remaining: 250 ]
[File : ./suiteSparse_dataset/TSOPF_RS_b39_c7/TSOPF_RS_b39_c7.mtx]
[K : 64 ]
[FlashSparse_gflops : 2809.833739130435 ]
---New data---
[Remaining: 249 ]
[File : ./suiteSparse_dataset/mark3jac140sc/mark3jac140sc.mtx]
[K : 64 ]
[FlashSparse_gflops : 1527.3456716417911 ]
---New data---
[Remaining: 248 ]
[File : ./suiteSparse_dataset/gyro_m/gyro_m.mtx]
[K : 64 ]
[FlashSparse_gflops : 1419.3865798045604 ]
---New data---
[Remaining: 247 ]
[File : ./suiteSparse_dataset/epb2/epb2.mtx]
[K : 64 ]
[FlashSparse_gflops : 1931.3324137931033 ]
---New data---
[Remaining: 246 ]
[File : ./suiteSparse_dataset/ship_001/ship_001.mtx]
[K : 64 ]
[FlashSparse_gflops : 5560.911506080449 ]
---New data---
[Remaining: 245 ]
[File : ./suiteSparse_dataset/ted_A_unscaled/ted_A_unscaled.mtx]
[K : 64 ]
[FlashSparse_gflops : 3774.1066666666666 ]
---New data---
[Remaining: 244 ]
[File : ./suiteSparse_dataset/vsp_msc10848_300sep_100in_1Kout/vsp_msc10848_300sep_100in_1Kout.mtx]
[K : 64 ]
[FlashSparse_gflops : 1035.3864458429944 ]
---New data---
[Remaining: 243 ]
[File : ./suiteSparse_dataset/k49_norm_10NN/k49_norm_10NN.mtx]
[K : 64 ]
[FlashSparse_gflops : 970.8493742331289 ]
---New data---
[Remaining: 242 ]
[File : ./suiteSparse_dataset/ct2010/ct2010.mtx]
[K : 64 ]
[FlashSparse_gflops : 1039.9288888888889 ]
---New data---
[Remaining: 241 ]
[File : ./suiteSparse_dataset/conf6_0-8x8-20/conf6_0-8x8-20.mtx]
[K : 64 ]
[FlashSparse_gflops : 3190.7254096228867 ]
---New data---
[Remaining: 240 ]
[File : ./suiteSparse_dataset/fxm4_6/fxm4_6.mtx]
[K : 64 ]
[FlashSparse_gflops : 1673.7229556650245 ]
---New data---
[Remaining: 239 ]
[File : ./suiteSparse_dataset/water_tank/water_tank.mtx]
[K : 64 ]
[FlashSparse_gflops : 2897.8416907675196 ]
---New data---
[Remaining: 238 ]
[File : ./suiteSparse_dataset/windtunnel_evap3d/windtunnel_evap3d.mtx]
[K : 64 ]
[FlashSparse_gflops : 1762.5658093797276 ]
---New data---
[Remaining: 237 ]
[File : ./suiteSparse_dataset/g7jac060sc/g7jac060sc.mtx]
[K : 64 ]
[FlashSparse_gflops : 1422.1009836065573 ]
---New data---
[Remaining: 236 ]
[File : ./suiteSparse_dataset/c-61/c-61.mtx]
[K : 64 ]
[FlashSparse_gflops : 338.00722316865415 ]
---New data---
[Remaining: 235 ]
[File : ./suiteSparse_dataset/Goodwin_030/Goodwin_030.mtx]
[K : 64 ]
[FlashSparse_gflops : 3309.106776859504 ]
---New data---
[Remaining: 234 ]
[File : ./suiteSparse_dataset/lp_pds_10/lp_pds_10.mtx]
[K : 64 ]
[FlashSparse_gflops : 824.7568862275449 ]
---New data---
[Remaining: 233 ]
[File : ./suiteSparse_dataset/pkustk11/pkustk11.mtx]
[K : 64 ]
[FlashSparse_gflops : 4892.9870769230765 ]
---New data---
[Remaining: 232 ]
[File : ./suiteSparse_dataset/rgg_n_2_15_s0/rgg_n_2_15_s0.mtx]
[K : 64 ]
[FlashSparse_gflops : 1114.713043478261 ]
---New data---
[Remaining: 231 ]
[File : ./suiteSparse_dataset/cz10228/cz10228.mtx]
[K : 64 ]
[FlashSparse_gflops : 1447.047032967033 ]
---New data---
[Remaining: 230 ]
[File : ./suiteSparse_dataset/bcsstk39/bcsstk39.mtx]
[K : 64 ]
[FlashSparse_gflops : 4398.513684210527 ]
---New data---
[Remaining: 229 ]
[File : ./suiteSparse_dataset/ted_AB_unscaled/ted_AB_unscaled.mtx]
[K : 64 ]
[FlashSparse_gflops : 3614.353297297297 ]
---New data---
[Remaining: 228 ]
[File : ./suiteSparse_dataset/vsp_model1_crew1_cr42_south31/vsp_model1_crew1_cr42_south31.mtx]
[K : 64 ]
[FlashSparse_gflops : 1231.2368607594938 ]
---New data---
[Remaining: 227 ]
[File : ./suiteSparse_dataset/pli/pli.mtx]
[K : 64 ]
[FlashSparse_gflops : 3375.7725 ]
---New data---
[Remaining: 226 ]
[File : ./suiteSparse_dataset/bcsstk36/bcsstk36.mtx]
[K : 64 ]
[FlashSparse_gflops : 5379.482352941176 ]
---New data---
[Remaining: 225 ]
[File : ./suiteSparse_dataset/ncvxqp5/ncvxqp5.mtx]
[K : 64 ]
[FlashSparse_gflops : 1094.4798390342053 ]
---New data---
[Remaining: 224 ]
[File : ./suiteSparse_dataset/mixtank_new/mixtank_new.mtx]
[K : 64 ]
[FlashSparse_gflops : 2120.9738205980066 ]
---New data---
[Remaining: 223 ]
[File : ./suiteSparse_dataset/TSOPF_FS_b300_c3/TSOPF_FS_b300_c3.mtx]
[K : 64 ]
[FlashSparse_gflops : 6862.853224489796 ]
---New data---
[Remaining: 222 ]
[File : ./suiteSparse_dataset/Franz11/Franz11.mtx]
[K : 64 ]
[FlashSparse_gflops : 1286.7434146341463 ]
---New data---
[Remaining: 221 ]
[File : ./suiteSparse_dataset/gas_sensor/gas_sensor.mtx]
[K : 64 ]
[FlashSparse_gflops : 2460.843340857788 ]
---New data---
[Remaining: 220 ]
[File : ./suiteSparse_dataset/cz20468/cz20468.mtx]
[K : 64 ]
[FlashSparse_gflops : 1648.608 ]
---New data---
[Remaining: 219 ]
[File : ./suiteSparse_dataset/denormal/denormal.mtx]
[K : 64 ]
[FlashSparse_gflops : 2633.392740213523 ]
---New data---
[Remaining: 218 ]
[File : ./suiteSparse_dataset/conf5_4-8x8-20/conf5_4-8x8-20.mtx]
[K : 64 ]
[FlashSparse_gflops : 3190.7254096228867 ]
---New data---
[Remaining: 217 ]
[File : ./suiteSparse_dataset/pdb1HYS/pdb1HYS.mtx]
[K : 64 ]
[FlashSparse_gflops : 6186.094771968855 ]
---New data---
[Remaining: 216 ]
[File : ./suiteSparse_dataset/mark3jac120/mark3jac120.mtx]
[K : 64 ]
[FlashSparse_gflops : 1501.2602739726028 ]
---New data---
[Remaining: 215 ]
[File : ./suiteSparse_dataset/scfxm1-2r/scfxm1-2r_A_9.mtx]
[K : 64 ]
[FlashSparse_gflops : 1089.910153846154 ]
---New data---
[Remaining: 214 ]
[File : ./suiteSparse_dataset/scfxm1-2r/scfxm1-2r.mtx]
[K : 64 ]
[FlashSparse_gflops : 1098.359069767442 ]
---New data---
[Remaining: 213 ]
[File : ./suiteSparse_dataset/scfxm1-2r/scfxm1-2r_A_8.mtx]
[K : 64 ]
[FlashSparse_gflops : 966.9834013605442 ]
---New data---
[Remaining: 212 ]
[File : ./suiteSparse_dataset/av41092/av41092.mtx]
[K : 64 ]
[FlashSparse_gflops : 2606.2812091898427 ]
---New data---
[Remaining: 211 ]
[File : ./suiteSparse_dataset/ted_AB/ted_AB.mtx]
[K : 64 ]
[FlashSparse_gflops : 3614.353297297297 ]
---New data---
[Remaining: 210 ]
[File : ./suiteSparse_dataset/jan99jac080/jan99jac080.mtx]
[K : 64 ]
[FlashSparse_gflops : 1483.4335135135136 ]
---New data---
[Remaining: 209 ]
[File : ./suiteSparse_dataset/ramage02/ramage02.mtx]
[K : 64 ]
[FlashSparse_gflops : 5167.5078309859155 ]
---New data---
[Remaining: 208 ]
[File : ./suiteSparse_dataset/c-53/c-53.mtx]
[K : 64 ]
[FlashSparse_gflops : 1985.136 ]
---New data---
[Remaining: 207 ]
[File : ./suiteSparse_dataset/wathen120/wathen120.mtx]
[K : 64 ]
[FlashSparse_gflops : 3134.9527272727273 ]
---New data---
[Remaining: 206 ]
[File : ./suiteSparse_dataset/TSOPF_RS_b300_c3/TSOPF_RS_b300_c3.mtx]
[K : 64 ]
[FlashSparse_gflops : 7654.762493224932 ]
---New data---
[Remaining: 205 ]
[File : ./suiteSparse_dataset/fome13/fome13.mtx]
[K : 64 ]
[FlashSparse_gflops : 933.175652173913 ]
---New data---
[Remaining: 204 ]
[File : ./suiteSparse_dataset/ckt11752_dc_1/ckt11752_dc_1.mtx]
[K : 64 ]
[FlashSparse_gflops : 1522.4182857142857 ]
---New data---
[Remaining: 203 ]
[File : ./suiteSparse_dataset/sinc18/sinc18.mtx]
[K : 64 ]
[FlashSparse_gflops : 1661.9963733333334 ]
---New data---
[Remaining: 202 ]
[File : ./suiteSparse_dataset/ABACUS_shell_ld/ABACUS_shell_ld_M.mtx]
[K : 64 ]
[FlashSparse_gflops : 1223.5496296296296 ]
---New data---
[Remaining: 201 ]
[File : ./suiteSparse_dataset/ABACUS_shell_ld/ABACUS_shell_ld_K.mtx]
[K : 64 ]
[FlashSparse_gflops : 1280.4859259259258 ]
---New data---
[Remaining: 200 ]
[File : ./suiteSparse_dataset/ABACUS_shell_ld/ABACUS_shell_ld.mtx]
[K : 64 ]
[FlashSparse_gflops : 1288.7535483870968 ]
---New data---
[Remaining: 199 ]
[File : ./suiteSparse_dataset/TSOPF_FS_b162_c1/TSOPF_FS_b162_c1.mtx]
[K : 64 ]
[FlashSparse_gflops : 4400.741242937853 ]
---New data---
[Remaining: 198 ]
[File : ./suiteSparse_dataset/vsp_barth5_1Ksep_50in_5Kout/vsp_barth5_1Ksep_50in_5Kout.mtx]
[K : 64 ]
[FlashSparse_gflops : 914.458947368421 ]
---New data---
[Remaining: 197 ]
[File : ./suiteSparse_dataset/net4-1/net4-1.mtx]
[K : 64 ]
[FlashSparse_gflops : 1353.5775487223907 ]
---New data---
[Remaining: 196 ]
[File : ./suiteSparse_dataset/c-57/c-57.mtx]
[K : 64 ]
[FlashSparse_gflops : 1776.2060273972602 ]
---New data---
[Remaining: 195 ]
[File : ./suiteSparse_dataset/tube1/tube1.mtx]
[K : 64 ]
[FlashSparse_gflops : 5315.887407407407 ]
---New data---
[Remaining: 194 ]
[File : ./suiteSparse_dataset/cage10/cage10.mtx]
[K : 64 ]
[FlashSparse_gflops : 1175.7658536585366 ]
---New data---
[Remaining: 193 ]
[File : ./suiteSparse_dataset/ACTIVSg10K/ACTIVSg10K.mtx]
[K : 64 ]
[FlashSparse_gflops : 1296.3388235294117 ]
---New data---
[Remaining: 192 ]
[File : ./suiteSparse_dataset/Zd_Jac3/Zd_Jac3.mtx]
[K : 64 ]
[FlashSparse_gflops : 3564.933953488372 ]
---New data---
[Remaining: 191 ]
[File : ./suiteSparse_dataset/TSOPF_RS_b2383/TSOPF_RS_b2383.mtx]
[K : 64 ]
[FlashSparse_gflops : 8708.075860328145 ]
---New data---
[Remaining: 190 ]
[File : ./suiteSparse_dataset/bcsstk17/bcsstk17.mtx]
[K : 64 ]
[FlashSparse_gflops : 4004.905109489051 ]
---New data---
[Remaining: 189 ]
[File : ./suiteSparse_dataset/192bit/192bit.mtx]
[K : 64 ]
[FlashSparse_gflops : 1079.2778142076502 ]
---New data---
[Remaining: 188 ]
[File : ./suiteSparse_dataset/mark3jac060/mark3jac060.mtx]
[K : 64 ]
[FlashSparse_gflops : 1340.426993865031 ]
---New data---
[Remaining: 187 ]
[File : ./suiteSparse_dataset/t3dl/t3dl.mtx]
[K : 64 ]
[FlashSparse_gflops : 1971.687250755287 ]
---New data---
[Remaining: 186 ]
[File : ./suiteSparse_dataset/psse2/psse2.mtx]
[K : 64 ]
[FlashSparse_gflops : 1475.3536 ]
---New data---
[Remaining: 185 ]
[File : ./suiteSparse_dataset/inlet/inlet.mtx]
[K : 64 ]
[FlashSparse_gflops : 3283.23 ]
---New data---
[Remaining: 184 ]
[File : ./suiteSparse_dataset/mk12-b3/mk12-b3.mtx]
[K : 64 ]
[FlashSparse_gflops : 1378.8186528497408 ]
---New data---
[Remaining: 183 ]
[File : ./suiteSparse_dataset/t3dh/t3dh.mtx]
[K : 64 ]
[FlashSparse_gflops : 2820.604759493671 ]
---New data---
[Remaining: 182 ]
[File : ./suiteSparse_dataset/t3dh/t3dh_E.mtx]
[K : 64 ]
[FlashSparse_gflops : 2812.0617869762746 ]
---New data---
[Remaining: 181 ]
[File : ./suiteSparse_dataset/c-55/c-55.mtx]
[K : 64 ]
[FlashSparse_gflops : 1644.6369426751594 ]
---New data---
[Remaining: 180 ]
[File : ./suiteSparse_dataset/ABACUS_shell_hd/ABACUS_shell_hd_M.mtx]
[K : 64 ]
[FlashSparse_gflops : 1223.5496296296296 ]
---New data---
[Remaining: 179 ]
[File : ./suiteSparse_dataset/ABACUS_shell_hd/ABACUS_shell_hd_K.mtx]
[K : 64 ]
[FlashSparse_gflops : 1268.7383486238532 ]
---New data---
[Remaining: 178 ]
[File : ./suiteSparse_dataset/ABACUS_shell_hd/ABACUS_shell_hd.mtx]
[K : 64 ]
[FlashSparse_gflops : 1282.8418348623852 ]
---New data---
[Remaining: 177 ]
[File : ./suiteSparse_dataset/gupta2/gupta2.mtx]
[K : 64 ]
[FlashSparse_gflops : 2519.835996292864 ]
---New data---
[Remaining: 176 ]
[File : ./suiteSparse_dataset/hvdc1/hvdc1.mtx]
[K : 64 ]
[FlashSparse_gflops : 1494.71299270073 ]
---New data---
[Remaining: 175 ]
[File : ./suiteSparse_dataset/waveguide3D/waveguide3D.mtx]
[K : 64 ]
[FlashSparse_gflops : 1097.2854237288136 ]
---New data---
[Remaining: 174 ]
[File : ./suiteSparse_dataset/sme3Dc/sme3Dc.mtx]
[K : 64 ]
[FlashSparse_gflops : 1180.515430579965 ]
---New data---
[Remaining: 173 ]
[File : ./suiteSparse_dataset/lowThrust_8/lowThrust_8.mtx]
[K : 64 ]
[FlashSparse_gflops : 1413.5183673469387 ]
---New data---
[Remaining: 172 ]
[File : ./suiteSparse_dataset/psse0/psse0.mtx]
[K : 64 ]
[FlashSparse_gflops : 1456.8106666666667 ]
---New data---
[Remaining: 171 ]
[File : ./suiteSparse_dataset/lhr71/lhr71.mtx]
[K : 64 ]
[FlashSparse_gflops : 3089.9806635071095 ]
---New data---
[Remaining: 170 ]
[File : ./suiteSparse_dataset/apache1/apache1.mtx]
[K : 64 ]
[FlashSparse_gflops : 1610.198422273782 ]
---New data---
[Remaining: 169 ]
[File : ./suiteSparse_dataset/bcsstk31/bcsstk31.mtx]
[K : 64 ]
[FlashSparse_gflops : 3643.8854939759035 ]
---New data---
[Remaining: 168 ]
[File : ./suiteSparse_dataset/lpl1/lpl1.mtx]
[K : 64 ]
[FlashSparse_gflops : 1280.1404878048781 ]
---New data---
[Remaining: 167 ]
[File : ./suiteSparse_dataset/H2O/H2O.mtx]
[K : 64 ]
[FlashSparse_gflops : 1576.3456 ]
---New data---
[Remaining: 166 ]
[File : ./suiteSparse_dataset/fe_rotor/fe_rotor.mtx]
[K : 64 ]
[FlashSparse_gflops : 1581.924776119403 ]
---New data---
[Remaining: 165 ]
[File : ./suiteSparse_dataset/Goodwin_054/Goodwin_054.mtx]
[K : 64 ]
[FlashSparse_gflops : 3998.557090909091 ]
---New data---
[Remaining: 164 ]
[File : ./suiteSparse_dataset/onera_dual/onera_dual.mtx]
[K : 64 ]
[FlashSparse_gflops : 1800.5948993288591 ]
---New data---
[Remaining: 163 ]
[File : ./suiteSparse_dataset/crystm03/crystm03.mtx]
[K : 64 ]
[FlashSparse_gflops : 1915.9630769230769 ]
---New data---
[Remaining: 162 ]
[File : ./suiteSparse_dataset/bcsstk30/bcsstk30.mtx]
[K : 64 ]
[FlashSparse_gflops : 5305.618174442191 ]
---New data---
[Remaining: 161 ]
[File : ./suiteSparse_dataset/soc-Slashdot0902/soc-Slashdot0902.mtx]
[K : 64 ]
[FlashSparse_gflops : 968.1291228070174 ]
---New data---
[Remaining: 160 ]
[File : ./suiteSparse_dataset/onetone1/onetone1.mtx]
[K : 64 ]
[FlashSparse_gflops : 1495.1802739726027 ]
---New data---
[Remaining: 159 ]
[File : ./suiteSparse_dataset/nd12k/nd12k.mtx]
[K : 64 ]
[FlashSparse_gflops : 6371.302373118656 ]
---New data---
[Remaining: 158 ]
[File : ./suiteSparse_dataset/std1_Jac2_db/std1_Jac2_db.mtx]
[K : 64 ]
[FlashSparse_gflops : 2364.544 ]
---New data---
[Remaining: 157 ]
[File : ./suiteSparse_dataset/Chevron2/Chevron2.mtx]
[K : 64 ]
[FlashSparse_gflops : 2847.815623268698 ]
---New data---
[Remaining: 156 ]
[File : ./suiteSparse_dataset/ex11/ex11.mtx]
[K : 64 ]
[FlashSparse_gflops : 4443.333670886075 ]
---New data---
[Remaining: 155 ]
[File : ./suiteSparse_dataset/pltexpa/pltexpa_A_5.mtx]
[K : 64 ]
[FlashSparse_gflops : 859.6972769953052 ]
---New data---
[Remaining: 154 ]
[File : ./suiteSparse_dataset/pltexpa/pltexpa.mtx]
[K : 64 ]
[FlashSparse_gflops : 867.8460663507109 ]
---New data---
[Remaining: 153 ]
[File : ./suiteSparse_dataset/pltexpa/pltexpa_A_4.mtx]
[K : 64 ]
[FlashSparse_gflops : 877.3876363636364 ]
---New data---
[Remaining: 152 ]
[File : ./suiteSparse_dataset/msc10848/msc10848.mtx]
[K : 64 ]
[FlashSparse_gflops : 4602.677894736842 ]
---New data---
[Remaining: 151 ]
[File : ./suiteSparse_dataset/Si34H36/Si34H36.mtx]
[K : 64 ]
[FlashSparse_gflops : 2002.4772815533981 ]
---New data---
[Remaining: 150 ]
[File : ./suiteSparse_dataset/TEM27623/TEM27623_M.mtx]
[K : 64 ]
[FlashSparse_gflops : 2083.4085925925924 ]
---New data---
[Remaining: 149 ]
[File : ./suiteSparse_dataset/TEM27623/TEM27623.mtx]
[K : 64 ]
[FlashSparse_gflops : 2083.4085925925924 ]
---New data---
[Remaining: 148 ]
[File : ./suiteSparse_dataset/appu/appu.mtx]
[K : 64 ]
[FlashSparse_gflops : 1073.2910045248868 ]
---New data---
[Remaining: 147 ]
[File : ./suiteSparse_dataset/cage11/cage11.mtx]
[K : 64 ]
[FlashSparse_gflops : 1336.6495522388059 ]
---New data---
[Remaining: 146 ]
[File : ./suiteSparse_dataset/lhr17/lhr17.mtx]
[K : 64 ]
[FlashSparse_gflops : 2746.7865168539324 ]
---New data---
[Remaining: 145 ]
[File : ./suiteSparse_dataset/consph/consph.mtx]
[K : 64 ]
[FlashSparse_gflops : 4787.4389545737395 ]
---New data---
[Remaining: 144 ]
[File : ./suiteSparse_dataset/mark3jac080sc/mark3jac080sc.mtx]
[K : 64 ]
[FlashSparse_gflops : 1409.5768115942028 ]
---New data---
[Remaining: 143 ]
[File : ./suiteSparse_dataset/lowThrust_11/lowThrust_11.mtx]
[K : 64 ]
[FlashSparse_gflops : 1370.6472727272728 ]
---New data---
[Remaining: 142 ]
[File : ./suiteSparse_dataset/TSOPF_FS_b162_c3/TSOPF_FS_b162_c3.mtx]
[K : 64 ]
[FlashSparse_gflops : 5362.009302325581 ]
---New data---
[Remaining: 141 ]
[File : ./suiteSparse_dataset/cond-mat-2003/cond-mat-2003.mtx]
[K : 64 ]
[FlashSparse_gflops : 1244.0252631578946 ]
---New data---
[Remaining: 140 ]
[File : ./suiteSparse_dataset/cfd1/cfd1.mtx]
[K : 64 ]
[FlashSparse_gflops : 2492.338572949947 ]
---New data---
[Remaining: 139 ]
[File : ./suiteSparse_dataset/lowThrust_7/lowThrust_7.mtx]
[K : 64 ]
[FlashSparse_gflops : 1403.098860103627 ]
---New data---
[Remaining: 138 ]
[File : ./suiteSparse_dataset/light_in_tissue/light_in_tissue.mtx]
[K : 64 ]
[FlashSparse_gflops : 2193.1962869198314 ]
---New data---
[Remaining: 137 ]
[File : ./suiteSparse_dataset/sd2010/sd2010.mtx]
[K : 64 ]
[FlashSparse_gflops : 1075.1005316973415 ]
---New data---
[Remaining: 136 ]
[File : ./suiteSparse_dataset/bbmat/bbmat.mtx]
[K : 64 ]
[FlashSparse_gflops : 4562.986237424548 ]
---New data---
[Remaining: 135 ]
[File : ./suiteSparse_dataset/vfem/vfem.mtx]
[K : 64 ]
[FlashSparse_gflops : 2550.464 ]
---New data---
[Remaining: 134 ]
[File : ./suiteSparse_dataset/Wordnet3/Wordnet3.mtx]
[K : 64 ]
[FlashSparse_gflops : 838.3936945812808 ]
---New data---
[Remaining: 133 ]
[File : ./suiteSparse_dataset/crankseg_1/crankseg_1.mtx]
[K : 64 ]
[FlashSparse_gflops : 4810.973371104816 ]
---New data---
[Remaining: 132 ]
[File : ./suiteSparse_dataset/laminar_duct3D/laminar_duct3D.mtx]
[K : 64 ]
[FlashSparse_gflops : 4112.605666387259 ]
---New data---
[Remaining: 131 ]
[File : ./suiteSparse_dataset/n4c6-b5/n4c6-b5.mtx]
[K : 64 ]
[FlashSparse_gflops : 1386.4942160278745 ]
---New data---
[Remaining: 130 ]
[File : ./suiteSparse_dataset/rgg_n_2_16_s0/rgg_n_2_16_s0.mtx]
[K : 64 ]
[FlashSparse_gflops : 1121.440614596671 ]
---New data---
[Remaining: 129 ]
[File : ./suiteSparse_dataset/tomographic1/tomographic1.mtx]
[K : 64 ]
[FlashSparse_gflops : 1584.691395793499 ]
---New data---
[Remaining: 128 ]
[File : ./suiteSparse_dataset/soc-Epinions1/soc-Epinions1.mtx]
[K : 64 ]
[FlashSparse_gflops : 907.1188857938719 ]
---New data---
[Remaining: 127 ]
[File : ./suiteSparse_dataset/FEM_3D_thermal1/FEM_3D_thermal1.mtx]
[K : 64 ]
[FlashSparse_gflops : 2841.99587628866 ]
---New data---
[Remaining: 126 ]
[File : ./suiteSparse_dataset/invextr1_new/invextr1_new.mtx]
[K : 64 ]
[FlashSparse_gflops : 2317.0208678102927 ]
---New data---
[Remaining: 125 ]
[File : ./suiteSparse_dataset/sc205-2r/sc205-2r_A_12.mtx]
[K : 64 ]
[FlashSparse_gflops : 1011.1917948717949 ]
---New data---
[Remaining: 124 ]
[File : ./suiteSparse_dataset/sc205-2r/sc205-2r.mtx]
[K : 64 ]
[FlashSparse_gflops : 1011.1917948717949 ]
---New data---
[Remaining: 123 ]
[File : ./suiteSparse_dataset/sparsine/sparsine.mtx]
[K : 64 ]
[FlashSparse_gflops : 1046.2821319261213 ]
---New data---
[Remaining: 122 ]
[File : ./suiteSparse_dataset/wang3/wang3.mtx]
[K : 64 ]
[FlashSparse_gflops : 1374.3941818181818 ]
---New data---
[Remaining: 121 ]
[File : ./suiteSparse_dataset/c-47/c-47.mtx]
[K : 64 ]
[FlashSparse_gflops : 1424.175157894737 ]
---New data---
[Remaining: 120 ]
[File : ./suiteSparse_dataset/TSOPF_FS_b300_c2/TSOPF_FS_b300_c2.mtx]
[K : 64 ]
[FlashSparse_gflops : 6784.979733978234 ]
---New data---
[Remaining: 119 ]
[File : ./suiteSparse_dataset/mark3jac100/mark3jac100.mtx]
[K : 64 ]
[FlashSparse_gflops : 1460.3008 ]
---New data---
[Remaining: 118 ]
[File : ./suiteSparse_dataset/rajat15/rajat15.mtx]
[K : 64 ]
[FlashSparse_gflops : 1650.5041860465117 ]
---New data---
[Remaining: 117 ]
[File : ./suiteSparse_dataset/raefsky3/raefsky3.mtx]
[K : 64 ]
[FlashSparse_gflops : 8904.780560747664 ]
---New data---
[Remaining: 116 ]
[File : ./suiteSparse_dataset/Goodwin_040/Goodwin_040.mtx]
[K : 64 ]
[FlashSparse_gflops : 3783.9292631578946 ]
---New data---
[Remaining: 115 ]
[File : ./suiteSparse_dataset/cvxbqp1/cvxbqp1.mtx]
[K : 64 ]
[FlashSparse_gflops : 1111.5608933002482 ]
---New data---
[Remaining: 114 ]
[File : ./suiteSparse_dataset/Zd_Jac6/Zd_Jac6.mtx]
[K : 64 ]
[FlashSparse_gflops : 3489.3921019108284 ]
---New data---
[Remaining: 113 ]
[File : ./suiteSparse_dataset/thread/thread.mtx]
[K : 64 ]
[FlashSparse_gflops : 5297.834666666667 ]
---New data---
[Remaining: 112 ]
[File : ./suiteSparse_dataset/epb3/epb3.mtx]
[K : 64 ]
[FlashSparse_gflops : 2181.764705882353 ]
---New data---
[Remaining: 111 ]
[File : ./suiteSparse_dataset/g7jac120/g7jac120.mtx]
[K : 64 ]
[FlashSparse_gflops : 1609.4679365079364 ]
---New data---
[Remaining: 110 ]
[File : ./suiteSparse_dataset/world/world.mtx]
[K : 64 ]
[FlashSparse_gflops : 994.415 ]
---New data---
[Remaining: 109 ]
[File : ./suiteSparse_dataset/south31/south31.mtx]
[K : 64 ]
[FlashSparse_gflops : 1438.6944 ]
---New data---
[Remaining: 108 ]
[File : ./suiteSparse_dataset/Ga3As3H12/Ga3As3H12.mtx]
[K : 64 ]
[FlashSparse_gflops : 2664.85779637378 ]
---New data---
[Remaining: 107 ]
[File : ./suiteSparse_dataset/mycielskian15/mycielskian15.mtx]
[K : 64 ]
[FlashSparse_gflops : 2246.7963349131123 ]
---New data---
[Remaining: 106 ]
[File : ./suiteSparse_dataset/sme3Da/sme3Da.mtx]
[K : 64 ]
[FlashSparse_gflops : 1234.6806615214994 ]
---New data---
[Remaining: 105 ]
[File : ./suiteSparse_dataset/c-68/c-68.mtx]
[K : 64 ]
[FlashSparse_gflops : 1434.6290693069307 ]
---New data---
[Remaining: 104 ]
[File : ./suiteSparse_dataset/rim/rim.mtx]
[K : 64 ]
[FlashSparse_gflops : 3901.313153153153 ]
---New data---
[Remaining: 103 ]
[File : ./suiteSparse_dataset/fome12/fome12.mtx]
[K : 64 ]
[FlashSparse_gflops : 860.5464150943396 ]
---New data---
[Remaining: 102 ]
[File : ./suiteSparse_dataset/G_n_pin_pout/G_n_pin_pout.mtx]
[K : 64 ]
[FlashSparse_gflops : 1027.2753242594076 ]
---New data---
[Remaining: 101 ]
[File : ./suiteSparse_dataset/nd6k/nd6k.mtx]
[K : 64 ]
[FlashSparse_gflops : 6324.186590257879 ]
---New data---
[Remaining: 100 ]
[File : ./suiteSparse_dataset/lhr10/lhr10.mtx]
[K : 64 ]
[FlashSparse_gflops : 2502.2709243697477 ]
---New data---
[Remaining: 99 ]
[File : ./suiteSparse_dataset/g7jac180/g7jac180.mtx]
[K : 64 ]
[FlashSparse_gflops : 1689.9527915194346 ]
---New data---
[Remaining: 98 ]
[File : ./suiteSparse_dataset/nug08-3rd/nug08-3rd.mtx]
[K : 64 ]
[FlashSparse_gflops : 959.4569696969697 ]
---New data---
[Remaining: 97 ]
[File : ./suiteSparse_dataset/Si5H12/Si5H12.mtx]
[K : 64 ]
[FlashSparse_gflops : 1627.2038554216867 ]
---New data---
[Remaining: 96 ]
[File : ./suiteSparse_dataset/smt/smt.mtx]
[K : 64 ]
[FlashSparse_gflops : 4628.203776493257 ]
---New data---
[Remaining: 95 ]
[File : ./suiteSparse_dataset/t3dh_e/t3dh_e.mtx]
[K : 64 ]
[FlashSparse_gflops : 2822.033637284701 ]
---New data---
[Remaining: 94 ]
[File : ./suiteSparse_dataset/Zd_Jac6_db/Zd_Jac6_db.mtx]
[K : 64 ]
[FlashSparse_gflops : 2469.3693023255814 ]
---New data---
[Remaining: 93 ]
[File : ./suiteSparse_dataset/c-66b/c-66b.mtx]
[K : 64 ]
[FlashSparse_gflops : 1641.97676092545 ]
---New data---
[Remaining: 92 ]
[File : ./suiteSparse_dataset/vsp_sctap1-2b_and_seymourl/vsp_sctap1-2b_and_seymourl.mtx]
[K : 64 ]
[FlashSparse_gflops : 958.8493617021277 ]
---New data---
[Remaining: 91 ]
[File : ./suiteSparse_dataset/g7jac140/g7jac140.mtx]
[K : 64 ]
[FlashSparse_gflops : 1627.9183820224719 ]
---New data---
[Remaining: 90 ]
[File : ./suiteSparse_dataset/soc-sign-Slashdot081106/soc-sign-Slashdot081106.mtx]
[K : 64 ]
[FlashSparse_gflops : 902.068212824011 ]
---New data---
[Remaining: 89 ]
[File : ./suiteSparse_dataset/rajat22/rajat22.mtx]
[K : 64 ]
[FlashSparse_gflops : 1147.717818181818 ]
---New data---
[Remaining: 88 ]
[File : ./suiteSparse_dataset/brack2/brack2.mtx]
[K : 64 ]
[FlashSparse_gflops : 2000.8337739872068 ]
---New data---
[Remaining: 87 ]
[File : ./suiteSparse_dataset/RFdevice/RFdevice.mtx]
[K : 64 ]
[FlashSparse_gflops : 1135.7825242718447 ]
---New data---
[Remaining: 86 ]
[File : ./suiteSparse_dataset/msc23052/msc23052.mtx]
[K : 64 ]
[FlashSparse_gflops : 4347.53505882353 ]
---New data---
[Remaining: 85 ]
[File : ./suiteSparse_dataset/ecl32/ecl32.mtx]
[K : 64 ]
[FlashSparse_gflops : 1462.2558558558558 ]
---New data---
[Remaining: 84 ]
[File : ./suiteSparse_dataset/igbt3/igbt3.mtx]
[K : 64 ]
[FlashSparse_gflops : 1568.2077486910994 ]
---New data---
[Remaining: 83 ]
[File : ./suiteSparse_dataset/vsp_vibrobox_scagr7-2c_rlfddd/vsp_vibrobox_scagr7-2c_rlfddd.mtx]
[K : 64 ]
[FlashSparse_gflops : 1270.0457403189066 ]
---New data---
[Remaining: 82 ]
[File : ./suiteSparse_dataset/lowThrust_13/lowThrust_13.mtx]
[K : 64 ]
[FlashSparse_gflops : 1439.3408 ]
---New data---
[Remaining: 81 ]
[File : ./suiteSparse_dataset/chipcool1/chipcool1.mtx]
[K : 64 ]
[FlashSparse_gflops : 1128.12539184953 ]
---New data---
[Remaining: 80 ]
[File : ./suiteSparse_dataset/baxter/baxter.mtx]
[K : 64 ]
[FlashSparse_gflops : 816.0987428571428 ]
---New data---
[Remaining: 79 ]
[File : ./suiteSparse_dataset/conf6_0-8x8-30/conf6_0-8x8-30.mtx]
[K : 64 ]
[FlashSparse_gflops : 3182.448560311284 ]
---New data---
[Remaining: 78 ]
[File : ./suiteSparse_dataset/conf5_4-8x8-10/conf5_4-8x8-10.mtx]
[K : 64 ]
[FlashSparse_gflops : 3190.7254096228867 ]
---New data---
[Remaining: 77 ]
[File : ./suiteSparse_dataset/pcrystk03/pcrystk03.mtx]
[K : 64 ]
[FlashSparse_gflops : 4926.390857142857 ]
---New data---
[Remaining: 76 ]
[File : ./suiteSparse_dataset/graphics/graphics.mtx]
[K : 64 ]
[FlashSparse_gflops : 2013.0816 ]
---New data---
[Remaining: 75 ]
[File : ./suiteSparse_dataset/lhr17c/lhr17c.mtx]
[K : 64 ]
[FlashSparse_gflops : 2716.266666666667 ]
---New data---
[Remaining: 74 ]
[File : ./suiteSparse_dataset/t3dl_a/t3dl_a.mtx]
[K : 64 ]
[FlashSparse_gflops : 1983.6731914893617 ]
---New data---
[Remaining: 73 ]
[File : ./suiteSparse_dataset/conf5_4-8x8-15/conf5_4-8x8-15.mtx]
[K : 64 ]
[FlashSparse_gflops : 3182.448560311284 ]
---New data---
[Remaining: 72 ]
[File : ./suiteSparse_dataset/airfoil_2d/airfoil_2d.mtx]
[K : 64 ]
[FlashSparse_gflops : 1288.374573643411 ]
---New data---
[Remaining: 71 ]
[File : ./suiteSparse_dataset/foldoc/foldoc.mtx]
[K : 64 ]
[FlashSparse_gflops : 1350.040701754386 ]
---New data---
[Remaining: 70 ]
[File : ./suiteSparse_dataset/IG5-16/IG5-16.mtx]
[K : 64 ]
[FlashSparse_gflops : 1267.7731986531987 ]
---New data---
[Remaining: 69 ]
[File : ./suiteSparse_dataset/c-54/c-54.mtx]
[K : 64 ]
[FlashSparse_gflops : 1829.8067153284671 ]
---New data---
[Remaining: 68 ]
[File : ./suiteSparse_dataset/lp_nug20/lp_nug20.mtx]
[K : 64 ]
[FlashSparse_gflops : 1024.0 ]
---New data---
[Remaining: 67 ]
[File : ./suiteSparse_dataset/me2010/me2010.mtx]
[K : 64 ]
[FlashSparse_gflops : 1034.721156626506 ]
---New data---
[Remaining: 66 ]
[File : ./suiteSparse_dataset/pkustk07/pkustk07.mtx]
[K : 64 ]
[FlashSparse_gflops : 4073.775157894737 ]
---New data---
[Remaining: 65 ]
[File : ./suiteSparse_dataset/Zhao1/Zhao1.mtx]
[K : 64 ]
[FlashSparse_gflops : 1157.9339130434782 ]
---New data---
[Remaining: 64 ]
[File : ./suiteSparse_dataset/jan99jac080sc/jan99jac080sc.mtx]
[K : 64 ]
[FlashSparse_gflops : 1503.7545205479453 ]
---New data---
[Remaining: 63 ]
[File : ./suiteSparse_dataset/net100/net100.mtx]
[K : 64 ]
[FlashSparse_gflops : 1809.8025034770515 ]
---New data---
[Remaining: 62 ]
[File : ./suiteSparse_dataset/n4c6-b12/n4c6-b12.mtx]
[K : 64 ]
[FlashSparse_gflops : 1073.217128463476 ]
---New data---
[Remaining: 61 ]
[File : ./suiteSparse_dataset/wathen100/wathen100.mtx]
[K : 64 ]
[FlashSparse_gflops : 3033.4134673366834 ]
---New data---
[Remaining: 60 ]
[File : ./suiteSparse_dataset/lhr11/lhr11.mtx]
[K : 64 ]
[FlashSparse_gflops : 2624.460350877193 ]
---New data---
[Remaining: 59 ]
[File : ./suiteSparse_dataset/g7jac060/g7jac060.mtx]
[K : 64 ]
[FlashSparse_gflops : 1429.9147252747252 ]
---New data---
[Remaining: 58 ]
[File : ./suiteSparse_dataset/g7jac040/g7jac040.mtx]
[K : 64 ]
[FlashSparse_gflops : 1183.7006451612904 ]
---New data---
[Remaining: 57 ]
[File : ./suiteSparse_dataset/ASIC_100ks/ASIC_100ks.mtx]
[K : 64 ]
[FlashSparse_gflops : 1455.7548133595285 ]
---New data---
[Remaining: 56 ]
[File : ./suiteSparse_dataset/opt1/opt1.mtx]
[K : 64 ]
[FlashSparse_gflops : 5773.921495327103 ]
---New data---
[Remaining: 55 ]
[File : ./suiteSparse_dataset/lhr11c/lhr11c.mtx]
[K : 64 ]
[FlashSparse_gflops : 2493.2373333333335 ]
---New data---
[Remaining: 54 ]
[File : ./suiteSparse_dataset/vsp_bcsstk30_500sep_10in_1Kout/vsp_bcsstk30_500sep_10in_1Kout.mtx]
[K : 64 ]
[FlashSparse_gflops : 1032.2814797040592 ]
---New data---
[Remaining: 53 ]
[File : ./suiteSparse_dataset/poisson3Da/poisson3Da.mtx]
[K : 64 ]
[FlashSparse_gflops : 1151.875918367347 ]
---New data---
[Remaining: 52 ]
[File : ./suiteSparse_dataset/ak2010/ak2010.mtx]
[K : 64 ]
[FlashSparse_gflops : 926.2848 ]
---New data---
[Remaining: 51 ]
[File : ./suiteSparse_dataset/Chevron1/Chevron1.mtx]
[K : 64 ]
[FlashSparse_gflops : 2549.4592771084335 ]
---New data---
[Remaining: 50 ]
[File : ./suiteSparse_dataset/Dubcova2/Dubcova2.mtx]
[K : 64 ]
[FlashSparse_gflops : 1854.6947960618847 ]
---New data---
[Remaining: 49 ]
[File : ./suiteSparse_dataset/net75/net75.mtx]
[K : 64 ]
[FlashSparse_gflops : 1763.345050878816 ]
---New data---
[Remaining: 48 ]
[File : ./suiteSparse_dataset/memplus/memplus.mtx]
[K : 64 ]
[FlashSparse_gflops : 1178.6277372262773 ]
---New data---
[Remaining: 47 ]
[File : ./suiteSparse_dataset/g7jac080/g7jac080.mtx]
[K : 64 ]
[FlashSparse_gflops : 1517.2954838709677 ]
---New data---
[Remaining: 46 ]
[File : ./suiteSparse_dataset/lhr34/lhr34.mtx]
[K : 64 ]
[FlashSparse_gflops : 2990.6358409785935 ]
---New data---
[Remaining: 45 ]
[File : ./suiteSparse_dataset/ncvxqp3/ncvxqp3.mtx]
[K : 64 ]
[FlashSparse_gflops : 1057.7750743801653 ]
---New data---
[Remaining: 44 ]
[File : ./suiteSparse_dataset/wiki-RfA/wiki-RfA.mtx]
[K : 64 ]
[FlashSparse_gflops : 885.0682352941177 ]
---New data---
[Remaining: 43 ]
[File : ./suiteSparse_dataset/wiki-RfA/wiki-RfA_Positive.mtx]
[K : 64 ]
[FlashSparse_gflops : 849.2251428571428 ]
---New data---
[Remaining: 42 ]
[File : ./suiteSparse_dataset/chipcool0/chipcool0.mtx]
[K : 64 ]
[FlashSparse_gflops : 1128.12539184953 ]
---New data---
[Remaining: 41 ]
[File : ./suiteSparse_dataset/lowThrust_9/lowThrust_9.mtx]
[K : 64 ]
[FlashSparse_gflops : 1434.050612244898 ]
---New data---
[Remaining: 40 ]
[File : ./suiteSparse_dataset/net50/net50.mtx]
[K : 64 ]
[FlashSparse_gflops : 1811.1616766467066 ]
---New data---
[Remaining: 39 ]
[File : ./suiteSparse_dataset/LeGresley_87936/LeGresley_87936.mtx]
[K : 64 ]
[FlashSparse_gflops : 1438.2448484848485 ]
---New data---
[Remaining: 38 ]
[File : ./suiteSparse_dataset/Andrews/Andrews.mtx]
[K : 64 ]
[FlashSparse_gflops : 1082.3104783092324 ]
---New data---
[Remaining: 37 ]
[File : ./suiteSparse_dataset/crankseg_2/crankseg_2.mtx]
[K : 64 ]
[FlashSparse_gflops : 4815.351831959585 ]
---New data---
[Remaining: 36 ]
[File : ./suiteSparse_dataset/c-65/c-65.mtx]
[K : 64 ]
[FlashSparse_gflops : 1424.3081481481481 ]
---New data---
[Remaining: 35 ]
[File : ./suiteSparse_dataset/lhr34c/lhr34c.mtx]
[K : 64 ]
[FlashSparse_gflops : 2990.6358409785935 ]
---New data---
[Remaining: 34 ]
[File : ./suiteSparse_dataset/TSOPF_RS_b2383_c1/TSOPF_RS_b2383_c1.mtx]
[K : 64 ]
[FlashSparse_gflops : 8686.150365086027 ]
---New data---
[Remaining: 33 ]
[File : ./suiteSparse_dataset/venkat50/venkat50.mtx]
[K : 64 ]
[FlashSparse_gflops : 4811.32113785558 ]
---New data---
[Remaining: 32 ]
[File : ./suiteSparse_dataset/sinc15/sinc15.mtx]
[K : 64 ]
[FlashSparse_gflops : 1592.3704157549234 ]
---New data---
[Remaining: 31 ]
[File : ./suiteSparse_dataset/TSOPF_RS_b300_c2/TSOPF_RS_b300_c2.mtx]
[K : 64 ]
[FlashSparse_gflops : 7446.9868774703555 ]
---New data---
[Remaining: 30 ]
[File : ./suiteSparse_dataset/bundle1/bundle1.mtx]
[K : 64 ]
[FlashSparse_gflops : 5512.588156424581 ]
---New data---
[Remaining: 29 ]
[File : ./suiteSparse_dataset/soc-sign-Slashdot090216/soc-sign-Slashdot090216.mtx]
[K : 64 ]
[FlashSparse_gflops : 901.237264516129 ]
---New data---
[Remaining: 28 ]
[File : ./suiteSparse_dataset/chem_master1/chem_master1.mtx]
[K : 64 ]
[FlashSparse_gflops : 1589.7362962962964 ]
---New data---
[Remaining: 27 ]
[File : ./suiteSparse_dataset/c-62ghs/c-62ghs.mtx]
[K : 64 ]
[FlashSparse_gflops : 1649.6752073732719 ]
---New data---
[Remaining: 26 ]
[File : ./suiteSparse_dataset/TSOPF_FS_b300/TSOPF_FS_b300.mtx]
[K : 64 ]
[FlashSparse_gflops : 7193.047458492976 ]
---New data---
[Remaining: 25 ]
[File : ./suiteSparse_dataset/TSOPF_RS_b39_c19/TSOPF_RS_b39_c19.mtx]
[K : 64 ]
[FlashSparse_gflops : 4230.839033816425 ]
---New data---
[Remaining: 24 ]
[File : ./suiteSparse_dataset/208bit/208bit.mtx]
[K : 64 ]
[FlashSparse_gflops : 1229.7682051282052 ]
---New data---
[Remaining: 23 ]
[File : ./suiteSparse_dataset/mark3jac040sc/mark3jac040sc.mtx]
[K : 64 ]
[FlashSparse_gflops : 1199.9735537190084 ]
---New data---
[Remaining: 22 ]
[File : ./suiteSparse_dataset/g7jac160sc/g7jac160sc.mtx]
[K : 64 ]
[FlashSparse_gflops : 1670.911491053678 ]
---New data---
[Remaining: 21 ]
[File : ./suiteSparse_dataset/conf5_4-8x8-05/conf5_4-8x8-05.mtx]
[K : 64 ]
[FlashSparse_gflops : 3182.448560311284 ]
---New data---
[Remaining: 20 ]
[File : ./suiteSparse_dataset/jan99jac120sc/jan99jac120sc.mtx]
[K : 64 ]
[FlashSparse_gflops : 1624.6759024390244 ]
---New data---
[Remaining: 19 ]
[File : ./suiteSparse_dataset/mosfet2/mosfet2.mtx]
[K : 64 ]
[FlashSparse_gflops : 1190.6382133995037 ]
---New data---
[Remaining: 18 ]
[File : ./suiteSparse_dataset/lowThrust_5/lowThrust_5.mtx]
[K : 64 ]
[FlashSparse_gflops : 1418.5045810055865 ]
---New data---
[Remaining: 17 ]
[File : ./suiteSparse_dataset/soc-Slashdot0811/soc-Slashdot0811.mtx]
[K : 64 ]
[FlashSparse_gflops : 973.1310159529806 ]
---New data---
[Remaining: 16 ]
[File : ./suiteSparse_dataset/ex19/ex19.mtx]
[K : 64 ]
[FlashSparse_gflops : 2326.1896503496505 ]
---New data---
[Remaining: 15 ]
[File : ./suiteSparse_dataset/ca-HepPh/ca-HepPh.mtx]
[K : 64 ]
[FlashSparse_gflops : 954.0025157232703 ]
---New data---
[Remaining: 14 ]
[File : ./suiteSparse_dataset/IG5-17/IG5-17.mtx]
[K : 64 ]
[FlashSparse_gflops : 1281.2478143133462 ]
---New data---
[Remaining: 13 ]
[File : ./suiteSparse_dataset/net125/net125.mtx]
[K : 64 ]
[FlashSparse_gflops : 1746.329274748544 ]
---New data---
[Remaining: 12 ]
[File : ./suiteSparse_dataset/bcsstk32/bcsstk32.mtx]
[K : 64 ]
[FlashSparse_gflops : 5126.873320079523 ]
---New data---
[Remaining: 11 ]
[File : ./suiteSparse_dataset/onetone2/onetone2.mtx]
[K : 64 ]
[FlashSparse_gflops : 1558.0954010695186 ]
---New data---
[Remaining: 10 ]
[File : ./suiteSparse_dataset/lhr10c/lhr10c.mtx]
[K : 64 ]
[FlashSparse_gflops : 2523.4766101694913 ]
---New data---
[Remaining: 9 ]
[File : ./suiteSparse_dataset/olafu/olafu.mtx]
[K : 64 ]
[FlashSparse_gflops : 5260.7274493927125 ]
---New data---
[Remaining: 8 ]
[File : ./suiteSparse_dataset/Trefethen_20000/Trefethen_20000.mtx]
[K : 64 ]
[FlashSparse_gflops : 1481.6627974947808 ]
---New data---
[Remaining: 7 ]
[File : ./suiteSparse_dataset/g7jac180sc/g7jac180sc.mtx]
[K : 64 ]
[FlashSparse_gflops : 1686.9722751322752 ]
---New data---
[Remaining: 6 ]
[File : ./suiteSparse_dataset/e40r0100/e40r0100.mtx]
[K : 64 ]
[FlashSparse_gflops : 2614.610184501845 ]
---New data---
[Remaining: 5 ]
[File : ./suiteSparse_dataset/li/li.mtx]
[K : 64 ]
[FlashSparse_gflops : 3369.1920467836258 ]
---New data---
[Remaining: 4 ]
[File : ./suiteSparse_dataset/lhr14/lhr14.mtx]
[K : 64 ]
[FlashSparse_gflops : 2627.0549333333333 ]
---New data---
[Remaining: 3 ]
[File : ./suiteSparse_dataset/jan99jac060sc/jan99jac060sc.mtx]
[K : 64 ]
[FlashSparse_gflops : 1379.6013559322034 ]
---New data---
[Remaining: 2 ]
[File : ./suiteSparse_dataset/HEP-th/HEP-th.mtx]
[K : 64 ]
[FlashSparse_gflops : 974.0430222222222 ]
---New data---
[Remaining: 1 ]
[File : ./suiteSparse_dataset/c-63/c-63.mtx]
[K : 64 ]
[FlashSparse_gflops : 414.3120774385704 ]
---New data---
[Remaining: 0 ]
[File : ./suiteSparse_dataset/c-67b/c-67b.mtx]
[K : 64 ]
[FlashSparse_gflops : 1656.6345498783455 ]

---Test done---
1.47 minutes
