[numTestFiles : 505 ]
---New data---
[Remaining: 504 ]
[File : ./suiteSparse_dataset/ch7-8-b3/ch7-8-b3.mtx]
[K : 32 ]
[FlashSparse_gflops : 1098.7445255474452 ]
---New data---
[Remaining: 503 ]
[File : ./suiteSparse_dataset/skirt/skirt.mtx]
[K : 32 ]
[FlashSparse_gflops : 1592.0607594936707 ]
---New data---
[Remaining: 502 ]
[File : ./suiteSparse_dataset/sctap1-2r/sctap1-2r.mtx]
[K : 32 ]
[FlashSparse_gflops : 759.7085350318472 ]
---New data---
[Remaining: 501 ]
[File : ./suiteSparse_dataset/sctap1-2r/sctap1-2r_A_11.mtx]
[K : 32 ]
[FlashSparse_gflops : 759.7085350318472 ]
---New data---
[Remaining: 500 ]
[File : ./suiteSparse_dataset/OPF_6000/OPF_6000.mtx]
[K : 32 ]
[FlashSparse_gflops : 1668.5131034482758 ]
---New data---
[Remaining: 499 ]
[File : ./suiteSparse_dataset/trdheim/trdheim.mtx]
[K : 32 ]
[FlashSparse_gflops : 5456.420088105727 ]
---New data---
[Remaining: 498 ]
[File : ./suiteSparse_dataset/xenon1/xenon1.mtx]
[K : 32 ]
[FlashSparse_gflops : 2354.8809968847354 ]
---New data---
[Remaining: 497 ]
[File : ./suiteSparse_dataset/pkustk13/pkustk13.mtx]
[K : 32 ]
[FlashSparse_gflops : 2742.7262176165805 ]
---New data---
[Remaining: 496 ]
[File : ./suiteSparse_dataset/ABACUS_shell_ud/ABACUS_shell_ud_M.mtx]
[K : 32 ]
[FlashSparse_gflops : 1040.4988976377954 ]
---New data---
[Remaining: 495 ]
[File : ./suiteSparse_dataset/ABACUS_shell_ud/ABACUS_shell_ud_K.mtx]
[K : 32 ]
[FlashSparse_gflops : 1080.41 ]
---New data---
[Remaining: 494 ]
[File : ./suiteSparse_dataset/ABACUS_shell_ud/ABACUS_shell_ud.mtx]
[K : 32 ]
[FlashSparse_gflops : 1075.6135384615384 ]
---New data---
[Remaining: 493 ]
[File : ./suiteSparse_dataset/pattern1/pattern1.mtx]
[K : 32 ]
[FlashSparse_gflops : 943.1004393867552 ]
---New data---
[Remaining: 492 ]
[File : ./suiteSparse_dataset/nv1/nv1.mtx]
[K : 32 ]
[FlashSparse_gflops : 920.9660164512338 ]
---New data---
[Remaining: 491 ]
[File : ./suiteSparse_dataset/crystk03/crystk03.mtx]
[K : 32 ]
[FlashSparse_gflops : 4277.6867175572515 ]
---New data---
[Remaining: 490 ]
[File : ./suiteSparse_dataset/viscoplastic2/viscoplastic2_C_6.mtx]
[K : 32 ]
[FlashSparse_gflops : 1008.4654545454546 ]
---New data---
[Remaining: 489 ]
[File : ./suiteSparse_dataset/viscoplastic2/viscoplastic2_C_3.mtx]
[K : 32 ]
[FlashSparse_gflops : 1004.315390946502 ]
---New data---
[Remaining: 488 ]
[File : ./suiteSparse_dataset/viscoplastic2/viscoplastic2_C_7.mtx]
[K : 32 ]
[FlashSparse_gflops : 1000.1993442622951 ]
---New data---
[Remaining: 487 ]
[File : ./suiteSparse_dataset/viscoplastic2/viscoplastic2_C_5.mtx]
[K : 32 ]
[FlashSparse_gflops : 1004.315390946502 ]
---New data---
[Remaining: 486 ]
[File : ./suiteSparse_dataset/viscoplastic2/viscoplastic2.mtx]
[K : 32 ]
[FlashSparse_gflops : 1008.4654545454546 ]
---New data---
[Remaining: 485 ]
[File : ./suiteSparse_dataset/viscoplastic2/viscoplastic2_C_2.mtx]
[K : 32 ]
[FlashSparse_gflops : 1008.4654545454546 ]
---New data---
[Remaining: 484 ]
[File : ./suiteSparse_dataset/viscoplastic2/viscoplastic2_C_1.mtx]
[K : 32 ]
[FlashSparse_gflops : 1004.315390946502 ]
---New data---
[Remaining: 483 ]
[File : ./suiteSparse_dataset/viscoplastic2/viscoplastic2_C_4.mtx]
[K : 32 ]
[FlashSparse_gflops : 1008.4654545454546 ]
---New data---
[Remaining: 482 ]
[File : ./suiteSparse_dataset/ABACUS_shell_md/ABACUS_shell_md_K.mtx]
[K : 32 ]
[FlashSparse_gflops : 1009.4341605839417 ]
---New data---
[Remaining: 481 ]
[File : ./suiteSparse_dataset/ABACUS_shell_md/ABACUS_shell_md.mtx]
[K : 32 ]
[FlashSparse_gflops : 1051.3515789473684 ]
---New data---
[Remaining: 480 ]
[File : ./suiteSparse_dataset/ABACUS_shell_md/ABACUS_shell_md_M.mtx]
[K : 32 ]
[FlashSparse_gflops : 1032.37 ]
---New data---
[Remaining: 479 ]
[File : ./suiteSparse_dataset/Dubcova1/Dubcova1.mtx]
[K : 32 ]
[FlashSparse_gflops : 1349.3813333333333 ]
---New data---
[Remaining: 478 ]
[File : ./suiteSparse_dataset/ted_A/ted_A.mtx]
[K : 32 ]
[FlashSparse_gflops : 2986.1063736263736 ]
---New data---
[Remaining: 477 ]
[File : ./suiteSparse_dataset/mk12-b4/mk12-b4.mtx]
[K : 32 ]
[FlashSparse_gflops : 1028.7835051546392 ]
---New data---
[Remaining: 476 ]
[File : ./suiteSparse_dataset/std1_Jac3_db/std1_Jac3_db.mtx]
[K : 32 ]
[FlashSparse_gflops : 1820.153155080214 ]
---New data---
[Remaining: 475 ]
[File : ./suiteSparse_dataset/OPF_10000/OPF_10000.mtx]
[K : 32 ]
[FlashSparse_gflops : 1894.525569620253 ]
---New data---
[Remaining: 474 ]
[File : ./suiteSparse_dataset/worms20_10NN/worms20_10NN.mtx]
[K : 32 ]
[FlashSparse_gflops : 994.3783225806452 ]
---New data---
[Remaining: 473 ]
[File : ./suiteSparse_dataset/cbuckle/cbuckle.mtx]
[K : 32 ]
[FlashSparse_gflops : 3732.496551724138 ]
---New data---
[Remaining: 472 ]
[File : ./suiteSparse_dataset/cbuckle/cbuckle_G.mtx]
[K : 32 ]
[FlashSparse_gflops : 3468.773052631579 ]
---New data---
[Remaining: 471 ]
[File : ./suiteSparse_dataset/c-71/c-71.mtx]
[K : 32 ]
[FlashSparse_gflops : 115.93562908324552 ]
---New data---
[Remaining: 470 ]
[File : ./suiteSparse_dataset/std1_Jac2/std1_Jac2.mtx]
[K : 32 ]
[FlashSparse_gflops : 2655.109102990033 ]
---New data---
[Remaining: 469 ]
[File : ./suiteSparse_dataset/ifiss_mat/ifiss_mat.mtx]
[K : 32 ]
[FlashSparse_gflops : 2343.801098677518 ]
---New data---
[Remaining: 468 ]
[File : ./suiteSparse_dataset/TSOPF_RS_b678_c1/TSOPF_RS_b678_c1.mtx]
[K : 32 ]
[FlashSparse_gflops : 6779.819180722891 ]
---New data---
[Remaining: 467 ]
[File : ./suiteSparse_dataset/Zd_Jac2_db/Zd_Jac2_db.mtx]
[K : 32 ]
[FlashSparse_gflops : 1850.0895726495726 ]
---New data---
[Remaining: 466 ]
[File : ./suiteSparse_dataset/scfxm1-2b/scfxm1-2b_A_3.mtx]
[K : 32 ]
[FlashSparse_gflops : 772.535652173913 ]
---New data---
[Remaining: 465 ]
[File : ./suiteSparse_dataset/scfxm1-2b/scfxm1-2b.mtx]
[K : 32 ]
[FlashSparse_gflops : 781.025054945055 ]
---New data---
[Remaining: 464 ]
[File : ./suiteSparse_dataset/mario001/mario001.mtx]
[K : 32 ]
[FlashSparse_gflops : 1090.4119008264463 ]
---New data---
[Remaining: 463 ]
[File : ./suiteSparse_dataset/e18/e18.mtx]
[K : 32 ]
[FlashSparse_gflops : 1021.8187755102041 ]
---New data---
[Remaining: 462 ]
[File : ./suiteSparse_dataset/nsct/nsct_A_1.mtx]
[K : 32 ]
[FlashSparse_gflops : 1947.9504932735426 ]
---New data---
[Remaining: 461 ]
[File : ./suiteSparse_dataset/nsct/nsct.mtx]
[K : 32 ]
[FlashSparse_gflops : 1876.2702521008403 ]
---New data---
[Remaining: 460 ]
[File : ./suiteSparse_dataset/nsct/nsct_A_2.mtx]
[K : 32 ]
[FlashSparse_gflops : 1868.419748953975 ]
---New data---
[Remaining: 459 ]
[File : ./suiteSparse_dataset/lowThrust_10/lowThrust_10.mtx]
[K : 32 ]
[FlashSparse_gflops : 1084.6045801526718 ]
---New data---
[Remaining: 458 ]
[File : ./suiteSparse_dataset/2D_27628_bjtcai/2D_27628_bjtcai.mtx]
[K : 32 ]
[FlashSparse_gflops : 2486.444912280702 ]
---New data---
[Remaining: 457 ]
[File : ./suiteSparse_dataset/Si10H16/Si10H16.mtx]
[K : 32 ]
[FlashSparse_gflops : 1768.4249842271292 ]
---New data---
[Remaining: 456 ]
[File : ./suiteSparse_dataset/af23560/af23560.mtx]
[K : 32 ]
[FlashSparse_gflops : 2767.177142857143 ]
---New data---
[Remaining: 455 ]
[File : ./suiteSparse_dataset/m_t1/m_t1.mtx]
[K : 32 ]
[FlashSparse_gflops : 4209.227781523938 ]
---New data---
[Remaining: 454 ]
[File : ./suiteSparse_dataset/cit-HepPh/cit-HepPh.mtx]
[K : 32 ]
[FlashSparse_gflops : 878.859674267101 ]
---New data---
[Remaining: 453 ]
[File : ./suiteSparse_dataset/rma10/rma10.mtx]
[K : 32 ]
[FlashSparse_gflops : 4442.574970760234 ]
---New data---
[Remaining: 452 ]
[File : ./suiteSparse_dataset/GaAsH6/GaAsH6.mtx]
[K : 32 ]
[FlashSparse_gflops : 1755.3590916463909 ]
---New data---
[Remaining: 451 ]
[File : ./suiteSparse_dataset/c-67/c-67.mtx]
[K : 32 ]
[FlashSparse_gflops : 998.3530791788857 ]
---New data---
[Remaining: 450 ]
[File : ./suiteSparse_dataset/nv2010/nv2010.mtx]
[K : 32 ]
[FlashSparse_gflops : 895.5661744966443 ]
---New data---
[Remaining: 449 ]
[File : ./suiteSparse_dataset/bcircuit/bcircuit.mtx]
[K : 32 ]
[FlashSparse_gflops : 1502.232 ]
---New data---
[Remaining: 448 ]
[File : ./suiteSparse_dataset/shyy161/shyy161.mtx]
[K : 32 ]
[FlashSparse_gflops : 1352.8697435897436 ]
---New data---
[Remaining: 447 ]
[File : ./suiteSparse_dataset/c-64b/c-64b.mtx]
[K : 32 ]
[FlashSparse_gflops : 1444.7114465408804 ]
---New data---
[Remaining: 446 ]
[File : ./suiteSparse_dataset/c-59/c-59.mtx]
[K : 32 ]
[FlashSparse_gflops : 1164.9357575757576 ]
---New data---
[Remaining: 445 ]
[File : ./suiteSparse_dataset/vsp_c-60_data_cti_cs4/vsp_c-60_data_cti_cs4.mtx]
[K : 32 ]
[FlashSparse_gflops : 709.3848275862069 ]
---New data---
[Remaining: 444 ]
[File : ./suiteSparse_dataset/cond-mat-2005/cond-mat-2005.mtx]
[K : 32 ]
[FlashSparse_gflops : 895.9643027888446 ]
---New data---
[Remaining: 443 ]
[File : ./suiteSparse_dataset/mark3jac040/mark3jac040.mtx]
[K : 32 ]
[FlashSparse_gflops : 874.6795180722892 ]
---New data---
[Remaining: 442 ]
[File : ./suiteSparse_dataset/kim1/kim1.mtx]
[K : 32 ]
[FlashSparse_gflops : 3355.307865168539 ]
---New data---
[Remaining: 441 ]
[File : ./suiteSparse_dataset/juba40k/juba40k.mtx]
[K : 32 ]
[FlashSparse_gflops : 1054.1454545454546 ]
---New data---
[Remaining: 440 ]
[File : ./suiteSparse_dataset/TSOPF_FS_b300_c1/TSOPF_FS_b300_c1.mtx]
[K : 32 ]
[FlashSparse_gflops : 6148.642096069869 ]
---New data---
[Remaining: 439 ]
[File : ./suiteSparse_dataset/pfinan512/pfinan512.mtx]
[K : 32 ]
[FlashSparse_gflops : 1374.370071942446 ]
---New data---
[Remaining: 438 ]
[File : ./suiteSparse_dataset/case39/case39_A_12.mtx]
[K : 32 ]
[FlashSparse_gflops : 2615.6423529411763 ]
---New data---
[Remaining: 437 ]
[File : ./suiteSparse_dataset/case39/case39_A_13.mtx]
[K : 32 ]
[FlashSparse_gflops : 2615.6423529411763 ]
---New data---
[Remaining: 436 ]
[File : ./suiteSparse_dataset/case39/case39_A_09.mtx]
[K : 32 ]
[FlashSparse_gflops : 2625.940157480315 ]
---New data---
[Remaining: 435 ]
[File : ./suiteSparse_dataset/case39/case39.mtx]
[K : 32 ]
[FlashSparse_gflops : 2636.294071146245 ]
---New data---
[Remaining: 434 ]
[File : ./suiteSparse_dataset/case39/case39_A_07.mtx]
[K : 32 ]
[FlashSparse_gflops : 2657.3258964143424 ]
---New data---
[Remaining: 433 ]
[File : ./suiteSparse_dataset/case39/case39_A_03.mtx]
[K : 32 ]
[FlashSparse_gflops : 2625.940157480315 ]
---New data---
[Remaining: 432 ]
[File : ./suiteSparse_dataset/case39/case39_A_11.mtx]
[K : 32 ]
[FlashSparse_gflops : 2615.6423529411763 ]
---New data---
[Remaining: 431 ]
[File : ./suiteSparse_dataset/case39/case39_A_02.mtx]
[K : 32 ]
[FlashSparse_gflops : 2625.940157480315 ]
---New data---
[Remaining: 430 ]
[File : ./suiteSparse_dataset/case39/case39_A_05.mtx]
[K : 32 ]
[FlashSparse_gflops : 2625.940157480315 ]
---New data---
[Remaining: 429 ]
[File : ./suiteSparse_dataset/case39/case39_A_04.mtx]
[K : 32 ]
[FlashSparse_gflops : 2615.6423529411763 ]
---New data---
[Remaining: 428 ]
[File : ./suiteSparse_dataset/case39/case39_A_06.mtx]
[K : 32 ]
[FlashSparse_gflops : 2625.940157480315 ]
---New data---
[Remaining: 427 ]
[File : ./suiteSparse_dataset/case39/case39_A_08.mtx]
[K : 32 ]
[FlashSparse_gflops : 2625.940157480315 ]
---New data---
[Remaining: 426 ]
[File : ./suiteSparse_dataset/case39/case39_A_10.mtx]
[K : 32 ]
[FlashSparse_gflops : 2625.940157480315 ]
---New data---
[Remaining: 425 ]
[File : ./suiteSparse_dataset/case39/case39_A_01.mtx]
[K : 32 ]
[FlashSparse_gflops : 2615.6172549019607 ]
---New data---
[Remaining: 424 ]
[File : ./suiteSparse_dataset/ncvxqp7/ncvxqp7.mtx]
[K : 32 ]
[FlashSparse_gflops : 931.584 ]
---New data---
[Remaining: 423 ]
[File : ./suiteSparse_dataset/uni_chimera_i2/uni_chimera_i2_A_18.mtx]
[K : 32 ]
[FlashSparse_gflops : 999.4194911937377 ]
---New data---
[Remaining: 422 ]
[File : ./suiteSparse_dataset/uni_chimera_i2/uni_chimera_i2_A_02.mtx]
[K : 32 ]
[FlashSparse_gflops : 997.4675 ]
---New data---
[Remaining: 421 ]
[File : ./suiteSparse_dataset/uni_chimera_i2/uni_chimera_i2_A_14.mtx]
[K : 32 ]
[FlashSparse_gflops : 997.4675 ]
---New data---
[Remaining: 420 ]
[File : ./suiteSparse_dataset/uni_chimera_i2/uni_chimera_i2_A_10.mtx]
[K : 32 ]
[FlashSparse_gflops : 999.4194911937377 ]
---New data---
[Remaining: 419 ]
[File : ./suiteSparse_dataset/uni_chimera_i2/uni_chimera_i2_A_17.mtx]
[K : 32 ]
[FlashSparse_gflops : 995.5231189083821 ]
---New data---
[Remaining: 418 ]
[File : ./suiteSparse_dataset/uni_chimera_i2/uni_chimera_i2.mtx]
[K : 32 ]
[FlashSparse_gflops : 997.4675 ]
---New data---
[Remaining: 417 ]
[File : ./suiteSparse_dataset/uni_chimera_i2/uni_chimera_i2_A_16.mtx]
[K : 32 ]
[FlashSparse_gflops : 1005.3215748031496 ]
---New data---
[Remaining: 416 ]
[File : ./suiteSparse_dataset/uni_chimera_i2/uni_chimera_i2_A_07.mtx]
[K : 32 ]
[FlashSparse_gflops : 997.4675 ]
---New data---
[Remaining: 415 ]
[File : ./suiteSparse_dataset/uni_chimera_i2/uni_chimera_i2_A_22.mtx]
[K : 32 ]
[FlashSparse_gflops : 997.4675 ]
---New data---
[Remaining: 414 ]
[File : ./suiteSparse_dataset/uni_chimera_i2/uni_chimera_i2_A_20.mtx]
[K : 32 ]
[FlashSparse_gflops : 997.4675 ]
---New data---
[Remaining: 413 ]
[File : ./suiteSparse_dataset/uni_chimera_i2/uni_chimera_i2_A_01.mtx]
[K : 32 ]
[FlashSparse_gflops : 995.5231189083821 ]
---New data---
[Remaining: 412 ]
[File : ./suiteSparse_dataset/uni_chimera_i2/uni_chimera_i2_A_19.mtx]
[K : 32 ]
[FlashSparse_gflops : 999.4194911937377 ]
---New data---
[Remaining: 411 ]
[File : ./suiteSparse_dataset/uni_chimera_i2/uni_chimera_i2_A_04.mtx]
[K : 32 ]
[FlashSparse_gflops : 997.4675 ]
---New data---
[Remaining: 410 ]
[File : ./suiteSparse_dataset/uni_chimera_i2/uni_chimera_i2_A_09.mtx]
[K : 32 ]
[FlashSparse_gflops : 995.5231189083821 ]
---New data---
[Remaining: 409 ]
[File : ./suiteSparse_dataset/uni_chimera_i2/uni_chimera_i2_A_06.mtx]
[K : 32 ]
[FlashSparse_gflops : 999.4194911937377 ]
---New data---
[Remaining: 408 ]
[File : ./suiteSparse_dataset/uni_chimera_i2/uni_chimera_i2_A_13.mtx]
[K : 32 ]
[FlashSparse_gflops : 995.5231189083821 ]
---New data---
[Remaining: 407 ]
[File : ./suiteSparse_dataset/uni_chimera_i2/uni_chimera_i2_A_03.mtx]
[K : 32 ]
[FlashSparse_gflops : 997.4675 ]
---New data---
[Remaining: 406 ]
[File : ./suiteSparse_dataset/uni_chimera_i2/uni_chimera_i2_A_15.mtx]
[K : 32 ]
[FlashSparse_gflops : 993.5863035019455 ]
---New data---
[Remaining: 405 ]
[File : ./suiteSparse_dataset/uni_chimera_i2/uni_chimera_i2_A_24.mtx]
[K : 32 ]
[FlashSparse_gflops : 999.4194911937377 ]
---New data---
[Remaining: 404 ]
[File : ./suiteSparse_dataset/uni_chimera_i2/uni_chimera_i2_A_05.mtx]
[K : 32 ]
[FlashSparse_gflops : 997.4675 ]
---New data---
[Remaining: 403 ]
[File : ./suiteSparse_dataset/uni_chimera_i2/uni_chimera_i2_A_08.mtx]
[K : 32 ]
[FlashSparse_gflops : 999.4194911937377 ]
---New data---
[Remaining: 402 ]
[File : ./suiteSparse_dataset/uni_chimera_i2/uni_chimera_i2_A_11.mtx]
[K : 32 ]
[FlashSparse_gflops : 1001.3791372549019 ]
---New data---
[Remaining: 401 ]
[File : ./suiteSparse_dataset/uni_chimera_i2/uni_chimera_i2_A_21.mtx]
[K : 32 ]
[FlashSparse_gflops : 999.4194911937377 ]
---New data---
[Remaining: 400 ]
[File : ./suiteSparse_dataset/uni_chimera_i2/uni_chimera_i2_A_12.mtx]
[K : 32 ]
[FlashSparse_gflops : 997.4675 ]
---New data---
[Remaining: 399 ]
[File : ./suiteSparse_dataset/uni_chimera_i2/uni_chimera_i2_A_23.mtx]
[K : 32 ]
[FlashSparse_gflops : 995.5231189083821 ]
---New data---
[Remaining: 398 ]
[File : ./suiteSparse_dataset/venkat25/venkat25.mtx]
[K : 32 ]
[FlashSparse_gflops : 4148.6297358490565 ]
---New data---
[Remaining: 397 ]
[File : ./suiteSparse_dataset/stokes128/stokes128.mtx]
[K : 32 ]
[FlashSparse_gflops : 1942.935652173913 ]
---New data---
[Remaining: 396 ]
[File : ./suiteSparse_dataset/finan512/finan512.mtx]
[K : 32 ]
[FlashSparse_gflops : 1369.4440143369175 ]
---New data---
[Remaining: 395 ]
[File : ./suiteSparse_dataset/poisson3Db/poisson3Db.mtx]
[K : 32 ]
[FlashSparse_gflops : 936.5171657424522 ]
---New data---
[Remaining: 394 ]
[File : ./suiteSparse_dataset/preferentialAttachment/preferentialAttachment.mtx]
[K : 32 ]
[FlashSparse_gflops : 735.6101149425288 ]
---New data---
[Remaining: 393 ]
[File : ./suiteSparse_dataset/F2/F2.mtx]
[K : 32 ]
[FlashSparse_gflops : 2928.558686257563 ]
---New data---
[Remaining: 392 ]
[File : ./suiteSparse_dataset/dbir2/dbir2.mtx]
[K : 32 ]
[FlashSparse_gflops : 1676.9723076923076 ]
---New data---
[Remaining: 391 ]
[File : ./suiteSparse_dataset/ca-AstroPh/ca-AstroPh.mtx]
[K : 32 ]
[FlashSparse_gflops : 865.3324232081911 ]
---New data---
[Remaining: 390 ]
[File : ./suiteSparse_dataset/g7jac080sc/g7jac080sc.mtx]
[K : 32 ]
[FlashSparse_gflops : 1237.7936842105264 ]
---New data---
[Remaining: 389 ]
[File : ./suiteSparse_dataset/vsp_south31_slptsk/vsp_south31_slptsk.mtx]
[K : 32 ]
[FlashSparse_gflops : 797.0161311475409 ]
---New data---
[Remaining: 388 ]
[File : ./suiteSparse_dataset/pkustk08/pkustk08.mtx]
[K : 32 ]
[FlashSparse_gflops : 3661.4706382978725 ]
---New data---
[Remaining: 387 ]
[File : ./suiteSparse_dataset/deltaX/deltaX.mtx]
[K : 32 ]
[FlashSparse_gflops : 433.8393424657534 ]
---New data---
[Remaining: 386 ]
[File : ./suiteSparse_dataset/TSOPF_FS_b39_c7/TSOPF_FS_b39_c7.mtx]
[K : 32 ]
[FlashSparse_gflops : 2472.2285714285713 ]
---New data---
[Remaining: 385 ]
[File : ./suiteSparse_dataset/lhr71c/lhr71c.mtx]
[K : 32 ]
[FlashSparse_gflops : 2762.6522033898304 ]
---New data---
[Remaining: 384 ]
[File : ./suiteSparse_dataset/mod2/mod2.mtx]
[K : 32 ]
[FlashSparse_gflops : 655.7866666666666 ]
---New data---
[Remaining: 383 ]
[File : ./suiteSparse_dataset/raefsky4/raefsky4.mtx]
[K : 32 ]
[FlashSparse_gflops : 4029.9101421800947 ]
---New data---
[Remaining: 382 ]
[File : ./suiteSparse_dataset/cat_ears_4_4/cat_ears_4_4.mtx]
[K : 32 ]
[FlashSparse_gflops : 825.7118446601942 ]
---New data---
[Remaining: 381 ]
[File : ./suiteSparse_dataset/ckt11752_tr_0/ckt11752_tr_0.mtx]
[K : 32 ]
[FlashSparse_gflops : 810.4127756653993 ]
---New data---
[Remaining: 380 ]
[File : ./suiteSparse_dataset/gyro_k/gyro_k.mtx]
[K : 32 ]
[FlashSparse_gflops : 3157.206570048309 ]
---New data---
[Remaining: 379 ]
[File : ./suiteSparse_dataset/pkustk09/pkustk09.mtx]
[K : 32 ]
[FlashSparse_gflops : 4188.138842975207 ]
---New data---
[Remaining: 378 ]
[File : ./suiteSparse_dataset/Zd_Jac3_db/Zd_Jac3_db.mtx]
[K : 32 ]
[FlashSparse_gflops : 1977.9241558441558 ]
---New data---
[Remaining: 377 ]
[File : ./suiteSparse_dataset/g7jac120sc/g7jac120sc.mtx]
[K : 32 ]
[FlashSparse_gflops : 1388.9928767123288 ]
---New data---
[Remaining: 376 ]
[File : ./suiteSparse_dataset/mouse_gene/mouse_gene.mtx]
[K : 32 ]
[FlashSparse_gflops : 1228.403540948847 ]
---New data---
[Remaining: 375 ]
[File : ./suiteSparse_dataset/Trefethen_20000b/Trefethen_20000b.mtx]
[K : 32 ]
[FlashSparse_gflops : 1304.5529411764705 ]
---New data---
[Remaining: 374 ]
[File : ./suiteSparse_dataset/3D_28984_Tetra/3D_28984_Tetra.mtx]
[K : 32 ]
[FlashSparse_gflops : 2178.8 ]
---New data---
[Remaining: 373 ]
[File : ./suiteSparse_dataset/bcsstk29/bcsstk29.mtx]
[K : 32 ]
[FlashSparse_gflops : 3508.6046017699114 ]
---New data---
[Remaining: 372 ]
[File : ./suiteSparse_dataset/mark3jac140/mark3jac140.mtx]
[K : 32 ]
[FlashSparse_gflops : 1254.070588235294 ]
---New data---
[Remaining: 371 ]
[File : ./suiteSparse_dataset/bcsstm36/bcsstm36.mtx]
[K : 32 ]
[FlashSparse_gflops : 2115.338556701031 ]
---New data---
[Remaining: 370 ]
[File : ./suiteSparse_dataset/mycielskian16/mycielskian16.mtx]
[K : 32 ]
[FlashSparse_gflops : 2007.7800206747486 ]
---New data---
[Remaining: 369 ]
[File : ./suiteSparse_dataset/olesnik0/olesnik0.mtx]
[K : 32 ]
[FlashSparse_gflops : 1665.3784615384616 ]
---New data---
[Remaining: 368 ]
[File : ./suiteSparse_dataset/c-52/c-52.mtx]
[K : 32 ]
[FlashSparse_gflops : 321.93111662531015 ]
---New data---
[Remaining: 367 ]
[File : ./suiteSparse_dataset/c-50/c-50.mtx]
[K : 32 ]
[FlashSparse_gflops : 854.6206896551724 ]
---New data---
[Remaining: 366 ]
[File : ./suiteSparse_dataset/pkustk05/pkustk05.mtx]
[K : 32 ]
[FlashSparse_gflops : 4187.81056379822 ]
---New data---
[Remaining: 365 ]
[File : ./suiteSparse_dataset/conf6_0-8x8-80/conf6_0-8x8-80.mtx]
[K : 32 ]
[FlashSparse_gflops : 2846.4824129930394 ]
---New data---
[Remaining: 364 ]
[File : ./suiteSparse_dataset/vanbody/vanbody.mtx]
[K : 32 ]
[FlashSparse_gflops : 4360.392769679301 ]
---New data---
[Remaining: 363 ]
[File : ./suiteSparse_dataset/EAT_SR/EAT_SR.mtx]
[K : 32 ]
[FlashSparse_gflops : 898.1765517241379 ]
---New data---
[Remaining: 362 ]
[File : ./suiteSparse_dataset/c-62/c-62.mtx]
[K : 32 ]
[FlashSparse_gflops : 1189.30073089701 ]
---New data---
[Remaining: 361 ]
[File : ./suiteSparse_dataset/ns3Da/ns3Da.mtx]
[K : 32 ]
[FlashSparse_gflops : 965.8071518418689 ]
---New data---
[Remaining: 360 ]
[File : ./suiteSparse_dataset/pcrystk02/pcrystk02.mtx]
[K : 32 ]
[FlashSparse_gflops : 3850.2678260869566 ]
---New data---
[Remaining: 359 ]
[File : ./suiteSparse_dataset/windscreen/windscreen.mtx]
[K : 32 ]
[FlashSparse_gflops : 4142.924017467249 ]
---New data---
[Remaining: 358 ]
[File : ./suiteSparse_dataset/windscreen/windscreen_M.mtx]
[K : 32 ]
[FlashSparse_gflops : 4105.940779220779 ]
---New data---
[Remaining: 357 ]
[File : ./suiteSparse_dataset/HEP-th-new/HEP-th-new.mtx]
[K : 32 ]
[FlashSparse_gflops : 882.0175 ]
---New data---
[Remaining: 356 ]
[File : ./suiteSparse_dataset/bcsstk37/bcsstk37.mtx]
[K : 32 ]
[FlashSparse_gflops : 4346.579047619048 ]
---New data---
[Remaining: 355 ]
[File : ./suiteSparse_dataset/crystk02/crystk02.mtx]
[K : 32 ]
[FlashSparse_gflops : 3826.5007407407406 ]
---New data---
[Remaining: 354 ]
[File : ./suiteSparse_dataset/dbir1/dbir1.mtx]
[K : 32 ]
[FlashSparse_gflops : 1685.320293398533 ]
---New data---
[Remaining: 353 ]
[File : ./suiteSparse_dataset/fem_filter/fem_filter.mtx]
[K : 32 ]
[FlashSparse_gflops : 2134.820500963391 ]
---New data---
[Remaining: 352 ]
[File : ./suiteSparse_dataset/flower_7_4/flower_7_4.mtx]
[K : 32 ]
[FlashSparse_gflops : 845.8792156862745 ]
---New data---
[Remaining: 351 ]
[File : ./suiteSparse_dataset/p2p-Gnutella31/p2p-Gnutella31.mtx]
[K : 32 ]
[FlashSparse_gflops : 652.7646896551724 ]
---New data---
[Remaining: 350 ]
[File : ./suiteSparse_dataset/tsyl201/tsyl201.mtx]
[K : 32 ]
[FlashSparse_gflops : 4316.407912087912 ]
---New data---
[Remaining: 349 ]
[File : ./suiteSparse_dataset/mark3jac100sc/mark3jac100sc.mtx]
[K : 32 ]
[FlashSparse_gflops : 1185.3090909090909 ]
---New data---
[Remaining: 348 ]
[File : ./suiteSparse_dataset/copter2/copter2.mtx]
[K : 32 ]
[FlashSparse_gflops : 1501.1397530864197 ]
---New data---
[Remaining: 347 ]
[File : ./suiteSparse_dataset/cz40948/cz40948.mtx]
[K : 32 ]
[FlashSparse_gflops : 1542.5422222222223 ]
---New data---
[Remaining: 346 ]
[File : ./suiteSparse_dataset/vibrobox/vibrobox.mtx]
[K : 32 ]
[FlashSparse_gflops : 1424.7397402597403 ]
---New data---
[Remaining: 345 ]
[File : ./suiteSparse_dataset/TF16/TF16.mtx]
[K : 32 ]
[FlashSparse_gflops : 892.5852903225806 ]
---New data---
[Remaining: 344 ]
[File : ./suiteSparse_dataset/TSOPF_RS_b162_c3/TSOPF_RS_b162_c3.mtx]
[K : 32 ]
[FlashSparse_gflops : 3945.367272727273 ]
---New data---
[Remaining: 343 ]
[File : ./suiteSparse_dataset/sme3Db/sme3Db.mtx]
[K : 32 ]
[FlashSparse_gflops : 995.4262481315396 ]
---New data---
[Remaining: 342 ]
[File : ./suiteSparse_dataset/venkat01/venkat01.mtx]
[K : 32 ]
[FlashSparse_gflops : 4133.033383458646 ]
---New data---
[Remaining: 341 ]
[File : ./suiteSparse_dataset/human_gene2/human_gene2.mtx]
[K : 32 ]
[FlashSparse_gflops : 1816.4888972667295 ]
---New data---
[Remaining: 340 ]
[File : ./suiteSparse_dataset/nmos3/nmos3.mtx]
[K : 32 ]
[FlashSparse_gflops : 1446.9015204678362 ]
---New data---
[Remaining: 339 ]
[File : ./suiteSparse_dataset/jan99jac120/jan99jac120.mtx]
[K : 32 ]
[FlashSparse_gflops : 1290.9246511627907 ]
---New data---
[Remaining: 338 ]
[File : ./suiteSparse_dataset/p010/p010.mtx]
[K : 32 ]
[FlashSparse_gflops : 668.3185840707964 ]
---New data---
[Remaining: 337 ]
[File : ./suiteSparse_dataset/gyro/gyro_M.mtx]
[K : 32 ]
[FlashSparse_gflops : 1190.5783606557377 ]
---New data---
[Remaining: 336 ]
[File : ./suiteSparse_dataset/gyro/gyro.mtx]
[K : 32 ]
[FlashSparse_gflops : 3172.5328155339807 ]
---New data---
[Remaining: 335 ]
[File : ./suiteSparse_dataset/pkustk02/pkustk02.mtx]
[K : 32 ]
[FlashSparse_gflops : 4081.8897637795276 ]
---New data---
[Remaining: 334 ]
[File : ./suiteSparse_dataset/jan99jac100sc/jan99jac100sc.mtx]
[K : 32 ]
[FlashSparse_gflops : 1201.3189565217392 ]
---New data---
[Remaining: 333 ]
[File : ./suiteSparse_dataset/ch7-7-b5/ch7-7-b5.mtx]
[K : 32 ]
[FlashSparse_gflops : 940.8 ]
---New data---
[Remaining: 332 ]
[File : ./suiteSparse_dataset/pkustk01/pkustk01.mtx]
[K : 32 ]
[FlashSparse_gflops : 3541.2610169491527 ]
---New data---
[Remaining: 331 ]
[File : ./suiteSparse_dataset/finance256/finance256.mtx]
[K : 32 ]
[FlashSparse_gflops : 1232.4996129032259 ]
---New data---
[Remaining: 330 ]
[File : ./suiteSparse_dataset/fxm3_16/fxm3_16.mtx]
[K : 32 ]
[FlashSparse_gflops : 1314.3522513089006 ]
---New data---
[Remaining: 329 ]
[File : ./suiteSparse_dataset/jan99jac060/jan99jac060.mtx]
[K : 32 ]
[FlashSparse_gflops : 1071.0063157894738 ]
---New data---
[Remaining: 328 ]
[File : ./suiteSparse_dataset/pwt/pwt.mtx]
[K : 32 ]
[FlashSparse_gflops : 1753.8527731092438 ]
---New data---
[Remaining: 327 ]
[File : ./suiteSparse_dataset/mark3jac080/mark3jac080.mtx]
[K : 32 ]
[FlashSparse_gflops : 1130.9395348837209 ]
---New data---
[Remaining: 326 ]
[File : ./suiteSparse_dataset/Ill_Stokes/Ill_Stokes.mtx]
[K : 32 ]
[FlashSparse_gflops : 844.6587586206897 ]
---New data---
[Remaining: 325 ]
[File : ./suiteSparse_dataset/SiO/SiO.mtx]
[K : 32 ]
[FlashSparse_gflops : 1570.3895716945997 ]
---New data---
[Remaining: 324 ]
[File : ./suiteSparse_dataset/2D_54019_highK/2D_54019_highK.mtx]
[K : 32 ]
[FlashSparse_gflops : 680.5816008537887 ]
---New data---
[Remaining: 323 ]
[File : ./suiteSparse_dataset/rlfprim/rlfprim.mtx]
[K : 32 ]
[FlashSparse_gflops : 869.3993220338983 ]
---New data---
[Remaining: 322 ]
[File : ./suiteSparse_dataset/g7jac200sc/g7jac200sc.mtx]
[K : 32 ]
[FlashSparse_gflops : 1489.664 ]
---New data---
[Remaining: 321 ]
[File : ./suiteSparse_dataset/astro-ph/astro-ph.mtx]
[K : 32 ]
[FlashSparse_gflops : 1100.7182978723404 ]
---New data---
[Remaining: 320 ]
[File : ./suiteSparse_dataset/TSOPF_FS_b39_c19/TSOPF_FS_b39_c19.mtx]
[K : 32 ]
[FlashSparse_gflops : 2806.350332594235 ]
---New data---
[Remaining: 319 ]
[File : ./suiteSparse_dataset/bcsstk35/bcsstk35.mtx]
[K : 32 ]
[FlashSparse_gflops : 4687.395555555556 ]
---New data---
[Remaining: 318 ]
[File : ./suiteSparse_dataset/TSOPF_FS_b162_c4/TSOPF_FS_b162_c4.mtx]
[K : 32 ]
[FlashSparse_gflops : 4360.4 ]
---New data---
[Remaining: 317 ]
[File : ./suiteSparse_dataset/lowThrust_12/lowThrust_12.mtx]
[K : 32 ]
[FlashSparse_gflops : 1122.965 ]
---New data---
[Remaining: 316 ]
[File : ./suiteSparse_dataset/g7jac100/g7jac100.mtx]
[K : 32 ]
[FlashSparse_gflops : 1345.1750819672131 ]
---New data---
[Remaining: 315 ]
[File : ./suiteSparse_dataset/g7jac050sc/g7jac050sc.mtx]
[K : 32 ]
[FlashSparse_gflops : 1053.2666666666667 ]
---New data---
[Remaining: 314 ]
[File : ./suiteSparse_dataset/mycielskian14/mycielskian14.mtx]
[K : 32 ]
[FlashSparse_gflops : 1970.9397333333334 ]
---New data---
[Remaining: 313 ]
[File : ./suiteSparse_dataset/gupta1/gupta1.mtx]
[K : 32 ]
[FlashSparse_gflops : 2263.2261437908496 ]
---New data---
[Remaining: 312 ]
[File : ./suiteSparse_dataset/bayer04/bayer04.mtx]
[K : 32 ]
[FlashSparse_gflops : 1288.765569620253 ]
---New data---
[Remaining: 311 ]
[File : ./suiteSparse_dataset/Goodwin_071/Goodwin_071.mtx]
[K : 32 ]
[FlashSparse_gflops : 3573.533416149068 ]
---New data---
[Remaining: 310 ]
[File : ./suiteSparse_dataset/cyl6/cyl6.mtx]
[K : 32 ]
[FlashSparse_gflops : 3516.2633846153844 ]
---New data---
[Remaining: 309 ]
[File : ./suiteSparse_dataset/g7jac140sc/g7jac140sc.mtx]
[K : 32 ]
[FlashSparse_gflops : 1426.0308661417323 ]
---New data---
[Remaining: 308 ]
[File : ./suiteSparse_dataset/wing/wing.mtx]
[K : 32 ]
[FlashSparse_gflops : 774.0115422885572 ]
---New data---
[Remaining: 307 ]
[File : ./suiteSparse_dataset/crplat2/crplat2.mtx]
[K : 32 ]
[FlashSparse_gflops : 4555.595851851852 ]
---New data---
[Remaining: 306 ]
[File : ./suiteSparse_dataset/c-60/c-60.mtx]
[K : 32 ]
[FlashSparse_gflops : 786.3782716049383 ]
---New data---
[Remaining: 305 ]
[File : ./suiteSparse_dataset/mip1/mip1.mtx]
[K : 32 ]
[FlashSparse_gflops : 4989.310361445783 ]
---New data---
[Remaining: 304 ]
[File : ./suiteSparse_dataset/Zhao2/Zhao2.mtx]
[K : 32 ]
[FlashSparse_gflops : 926.3471304347826 ]
---New data---
[Remaining: 303 ]
[File : ./suiteSparse_dataset/c-66/c-66.mtx]
[K : 32 ]
[FlashSparse_gflops : 1078.934054054054 ]
---New data---
[Remaining: 302 ]
[File : ./suiteSparse_dataset/helm3d01/helm3d01.mtx]
[K : 32 ]
[FlashSparse_gflops : 1252.0737899543378 ]
---New data---
[Remaining: 301 ]
[File : ./suiteSparse_dataset/k3plates/k3plates.mtx]
[K : 32 ]
[FlashSparse_gflops : 3109.1446153846155 ]
---New data---
[Remaining: 300 ]
[File : ./suiteSparse_dataset/lowThrust_6/lowThrust_6.mtx]
[K : 32 ]
[FlashSparse_gflops : 1105.8613333333333 ]
---New data---
[Remaining: 299 ]
[File : ./suiteSparse_dataset/Zd_Jac2/Zd_Jac2.mtx]
[K : 32 ]
[FlashSparse_gflops : 3012.645042979943 ]
---New data---
[Remaining: 298 ]
[File : ./suiteSparse_dataset/JP/JP.mtx]
[K : 32 ]
[FlashSparse_gflops : 1343.0279236058059 ]
---New data---
[Remaining: 297 ]
[File : ./suiteSparse_dataset/wang4/wang4.mtx]
[K : 32 ]
[FlashSparse_gflops : 1134.0544 ]
---New data---
[Remaining: 296 ]
[File : ./suiteSparse_dataset/cit-HepTh/cit-HepTh.mtx]
[K : 32 ]
[FlashSparse_gflops : 885.4763921568627 ]
---New data---
[Remaining: 295 ]
[File : ./suiteSparse_dataset/crystm02/crystm02.mtx]
[K : 32 ]
[FlashSparse_gflops : 1476.1371428571429 ]
---New data---
[Remaining: 294 ]
[File : ./suiteSparse_dataset/t3dh_a/t3dh_a.mtx]
[K : 32 ]
[FlashSparse_gflops : 2095.8218209179836 ]
---New data---
[Remaining: 293 ]
[File : ./suiteSparse_dataset/jan99jac100/jan99jac100.mtx]
[K : 32 ]
[FlashSparse_gflops : 1244.6097297297297 ]
---New data---
[Remaining: 292 ]
[File : ./suiteSparse_dataset/g7jac160/g7jac160.mtx]
[K : 32 ]
[FlashSparse_gflops : 1434.246552901024 ]
---New data---
[Remaining: 291 ]
[File : ./suiteSparse_dataset/g7jac040sc/g7jac040sc.mtx]
[K : 32 ]
[FlashSparse_gflops : 884.2101204819277 ]
---New data---
[Remaining: 290 ]
[File : ./suiteSparse_dataset/tandem_vtx/tandem_vtx.mtx]
[K : 32 ]
[FlashSparse_gflops : 1501.3333333333333 ]
---New data---
[Remaining: 289 ]
[File : ./suiteSparse_dataset/c-51/c-51.mtx]
[K : 32 ]
[FlashSparse_gflops : 890.082191780822 ]
---New data---
[Remaining: 288 ]
[File : ./suiteSparse_dataset/human_gene1/human_gene1.mtx]
[K : 32 ]
[FlashSparse_gflops : 1631.0507768595041 ]
---New data---
[Remaining: 287 ]
[File : ./suiteSparse_dataset/wy2010/wy2010.mtx]
[K : 32 ]
[FlashSparse_gflops : 900.181052631579 ]
---New data---
[Remaining: 286 ]
[File : ./suiteSparse_dataset/TSOPF_RS_b2052_c1/TSOPF_RS_b2052_c1.mtx]
[K : 32 ]
[FlashSparse_gflops : 7284.686868686868 ]
---New data---
[Remaining: 285 ]
[File : ./suiteSparse_dataset/c-56/c-56.mtx]
[K : 32 ]
[FlashSparse_gflops : 1098.0900900900901 ]
---New data---
[Remaining: 284 ]
[File : ./suiteSparse_dataset/pkustk06/pkustk06.mtx]
[K : 32 ]
[FlashSparse_gflops : 4242.091546391753 ]
---New data---
[Remaining: 283 ]
[File : ./suiteSparse_dataset/vsp_bump2_e18_aa01_model1_crew1/vsp_bump2_e18_aa01_model1_crew1.mtx]
[K : 32 ]
[FlashSparse_gflops : 946.008058968059 ]
---New data---
[Remaining: 282 ]
[File : ./suiteSparse_dataset/ex35/ex35.mtx]
[K : 32 ]
[FlashSparse_gflops : 1505.7022680412372 ]
---New data---
[Remaining: 281 ]
[File : ./suiteSparse_dataset/copter1/copter1.mtx]
[K : 32 ]
[FlashSparse_gflops : 1350.8096 ]
---New data---
[Remaining: 280 ]
[File : ./suiteSparse_dataset/ncvxbqp1/ncvxbqp1.mtx]
[K : 32 ]
[FlashSparse_gflops : 986.6939207048458 ]
---New data---
[Remaining: 279 ]
[File : ./suiteSparse_dataset/mark3jac060sc/mark3jac060sc.mtx]
[K : 32 ]
[FlashSparse_gflops : 1040.4266666666667 ]
---New data---
[Remaining: 278 ]
[File : ./suiteSparse_dataset/bcsstk25/bcsstk25.mtx]
[K : 32 ]
[FlashSparse_gflops : 1834.48 ]
---New data---
[Remaining: 277 ]
[File : ./suiteSparse_dataset/TSOPF_RS_b162_c4/TSOPF_RS_b162_c4.mtx]
[K : 32 ]
[FlashSparse_gflops : 4228.937886178862 ]
---New data---
[Remaining: 276 ]
[File : ./suiteSparse_dataset/loc-Brightkite/loc-Brightkite.mtx]
[K : 32 ]
[FlashSparse_gflops : 708.0616020671835 ]
---New data---
[Remaining: 275 ]
[File : ./suiteSparse_dataset/garon2/garon2.mtx]
[K : 32 ]
[FlashSparse_gflops : 1623.3018181818181 ]
---New data---
[Remaining: 274 ]
[File : ./suiteSparse_dataset/TSOPF_RS_b39_c30/TSOPF_RS_b39_c30.mtx]
[K : 32 ]
[FlashSparse_gflops : 3696.2087700534757 ]
---New data---
[Remaining: 273 ]
[File : ./suiteSparse_dataset/TSOPF_RS_b300_c1/TSOPF_RS_b300_c1.mtx]
[K : 32 ]
[FlashSparse_gflops : 5517.941520467836 ]
---New data---
[Remaining: 272 ]
[File : ./suiteSparse_dataset/tube2/tube2.mtx]
[K : 32 ]
[FlashSparse_gflops : 4382.563664122137 ]
---New data---
[Remaining: 271 ]
[File : ./suiteSparse_dataset/lhr14c/lhr14c.mtx]
[K : 32 ]
[FlashSparse_gflops : 2073.9907368421054 ]
---New data---
[Remaining: 270 ]
[File : ./suiteSparse_dataset/bayer01/bayer01.mtx]
[K : 32 ]
[FlashSparse_gflops : 1058.1866666666667 ]
---New data---
[Remaining: 269 ]
[File : ./suiteSparse_dataset/nh2010/nh2010.mtx]
[K : 32 ]
[FlashSparse_gflops : 852.9090909090909 ]
---New data---
[Remaining: 268 ]
[File : ./suiteSparse_dataset/c-72/c-72.mtx]
[K : 32 ]
[FlashSparse_gflops : 975.9420689655173 ]
---New data---
[Remaining: 267 ]
[File : ./suiteSparse_dataset/IG5-15/IG5-15.mtx]
[K : 32 ]
[FlashSparse_gflops : 1084.0092146596858 ]
---New data---
[Remaining: 266 ]
[File : ./suiteSparse_dataset/bauru5727/bauru5727.mtx]
[K : 32 ]
[FlashSparse_gflops : 1066.8064367816091 ]
---New data---
[Remaining: 265 ]
[File : ./suiteSparse_dataset/Pres_Poisson/Pres_Poisson.mtx]
[K : 32 ]
[FlashSparse_gflops : 3272.246857142857 ]
---New data---
[Remaining: 264 ]
[File : ./suiteSparse_dataset/g7jac200/g7jac200.mtx]
[K : 32 ]
[FlashSparse_gflops : 1497.9861452513967 ]
---New data---
[Remaining: 263 ]
[File : ./suiteSparse_dataset/g7jac100sc/g7jac100sc.mtx]
[K : 32 ]
[FlashSparse_gflops : 1345.1750819672131 ]
---New data---
[Remaining: 262 ]
[File : ./suiteSparse_dataset/TSOPF_RS_b678_c2/TSOPF_RS_b678_c2.mtx]
[K : 32 ]
[FlashSparse_gflops : 6089.325417118093 ]
---New data---
[Remaining: 261 ]
[File : ./suiteSparse_dataset/scagr7-2r/scagr7-2r.mtx]
[K : 32 ]
[FlashSparse_gflops : 863.9352808988764 ]
---New data---
[Remaining: 260 ]
[File : ./suiteSparse_dataset/scagr7-2r/scagr7-2r_A_11.mtx]
[K : 32 ]
[FlashSparse_gflops : 854.336 ]
---New data---
[Remaining: 259 ]
[File : ./suiteSparse_dataset/TF17/TF17.mtx]
[K : 32 ]
[FlashSparse_gflops : 1005.8432171581769 ]
---New data---
[Remaining: 258 ]
[File : ./suiteSparse_dataset/soc-sign-Slashdot090221/soc-sign-Slashdot090221.mtx]
[K : 32 ]
[FlashSparse_gflops : 666.9625806451613 ]
---New data---
[Remaining: 257 ]
[File : ./suiteSparse_dataset/net150/net150.mtx]
[K : 32 ]
[FlashSparse_gflops : 1576.6124704025256 ]
---New data---
[Remaining: 256 ]
[File : ./suiteSparse_dataset/IG5-18/IG5-18.mtx]
[K : 32 ]
[FlashSparse_gflops : 1029.5719676549866 ]
---New data---
[Remaining: 255 ]
[File : ./suiteSparse_dataset/mark3jac120sc/mark3jac120sc.mtx]
[K : 32 ]
[FlashSparse_gflops : 1231.370786516854 ]
---New data---
[Remaining: 254 ]
[File : ./suiteSparse_dataset/c-64/c-64.mtx]
[K : 32 ]
[FlashSparse_gflops : 1440.1825705329156 ]
---New data---
[Remaining: 253 ]
[File : ./suiteSparse_dataset/email-Enron/email-Enron.mtx]
[K : 32 ]
[FlashSparse_gflops : 825.626947368421 ]
---New data---
[Remaining: 252 ]
[File : ./suiteSparse_dataset/viscorocks/viscorocks.mtx]
[K : 32 ]
[FlashSparse_gflops : 4349.919064327485 ]
---New data---
[Remaining: 251 ]
[File : ./suiteSparse_dataset/std1_Jac3/std1_Jac3.mtx]
[K : 32 ]
[FlashSparse_gflops : 2832.044741641337 ]
---New data---
[Remaining: 250 ]
[File : ./suiteSparse_dataset/TSOPF_RS_b39_c7/TSOPF_RS_b39_c7.mtx]
[K : 32 ]
[FlashSparse_gflops : 2308.077714285714 ]
---New data---
[Remaining: 249 ]
[File : ./suiteSparse_dataset/mark3jac140sc/mark3jac140sc.mtx]
[K : 32 ]
[FlashSparse_gflops : 1254.070588235294 ]
---New data---
[Remaining: 248 ]
[File : ./suiteSparse_dataset/gyro_m/gyro_m.mtx]
[K : 32 ]
[FlashSparse_gflops : 1203.7339226519337 ]
---New data---
[Remaining: 247 ]
[File : ./suiteSparse_dataset/epb2/epb2.mtx]
[K : 32 ]
[FlashSparse_gflops : 1513.7470270270271 ]
---New data---
[Remaining: 246 ]
[File : ./suiteSparse_dataset/ship_001/ship_001.mtx]
[K : 32 ]
[FlashSparse_gflops : 5063.555706984668 ]
---New data---
[Remaining: 245 ]
[File : ./suiteSparse_dataset/ted_A_unscaled/ted_A_unscaled.mtx]
[K : 32 ]
[FlashSparse_gflops : 3053.2098876404493 ]
---New data---
[Remaining: 244 ]
[File : ./suiteSparse_dataset/vsp_msc10848_300sep_100in_1Kout/vsp_msc10848_300sep_100in_1Kout.mtx]
[K : 32 ]
[FlashSparse_gflops : 899.2611277330265 ]
---New data---
[Remaining: 243 ]
[File : ./suiteSparse_dataset/k49_norm_10NN/k49_norm_10NN.mtx]
[K : 32 ]
[FlashSparse_gflops : 905.3114874141877 ]
---New data---
[Remaining: 242 ]
[File : ./suiteSparse_dataset/ct2010/ct2010.mtx]
[K : 32 ]
[FlashSparse_gflops : 893.2169294605809 ]
---New data---
[Remaining: 241 ]
[File : ./suiteSparse_dataset/conf6_0-8x8-20/conf6_0-8x8-20.mtx]
[K : 32 ]
[FlashSparse_gflops : 2846.4824129930394 ]
---New data---
[Remaining: 240 ]
[File : ./suiteSparse_dataset/fxm4_6/fxm4_6.mtx]
[K : 32 ]
[FlashSparse_gflops : 1415.6906666666666 ]
---New data---
[Remaining: 239 ]
[File : ./suiteSparse_dataset/water_tank/water_tank.mtx]
[K : 32 ]
[FlashSparse_gflops : 2574.268458498024 ]
---New data---
[Remaining: 238 ]
[File : ./suiteSparse_dataset/windtunnel_evap3d/windtunnel_evap3d.mtx]
[K : 32 ]
[FlashSparse_gflops : 1455.1074104912573 ]
---New data---
[Remaining: 237 ]
[File : ./suiteSparse_dataset/g7jac060sc/g7jac060sc.mtx]
[K : 32 ]
[FlashSparse_gflops : 1075.3904132231405 ]
---New data---
[Remaining: 236 ]
[File : ./suiteSparse_dataset/c-61/c-61.mtx]
[K : 32 ]
[FlashSparse_gflops : 170.01734361610968 ]
---New data---
[Remaining: 235 ]
[File : ./suiteSparse_dataset/Goodwin_030/Goodwin_030.mtx]
[K : 32 ]
[FlashSparse_gflops : 2669.3461333333335 ]
---New data---
[Remaining: 234 ]
[File : ./suiteSparse_dataset/lp_pds_10/lp_pds_10.mtx]
[K : 32 ]
[FlashSparse_gflops : 702.7265306122449 ]
---New data---
[Remaining: 233 ]
[File : ./suiteSparse_dataset/pkustk11/pkustk11.mtx]
[K : 32 ]
[FlashSparse_gflops : 3621.9779609544466 ]
---New data---
[Remaining: 232 ]
[File : ./suiteSparse_dataset/rgg_n_2_15_s0/rgg_n_2_15_s0.mtx]
[K : 32 ]
[FlashSparse_gflops : 962.9446009389671 ]
---New data---
[Remaining: 231 ]
[File : ./suiteSparse_dataset/cz10228/cz10228.mtx]
[K : 32 ]
[FlashSparse_gflops : 1079.3547540983607 ]
---New data---
[Remaining: 230 ]
[File : ./suiteSparse_dataset/bcsstk39/bcsstk39.mtx]
[K : 32 ]
[FlashSparse_gflops : 3842.3797701149424 ]
---New data---
[Remaining: 229 ]
[File : ./suiteSparse_dataset/ted_AB_unscaled/ted_AB_unscaled.mtx]
[K : 32 ]
[FlashSparse_gflops : 2786.064 ]
---New data---
[Remaining: 228 ]
[File : ./suiteSparse_dataset/vsp_model1_crew1_cr42_south31/vsp_model1_crew1_cr42_south31.mtx]
[K : 32 ]
[FlashSparse_gflops : 794.6708496732026 ]
---New data---
[Remaining: 227 ]
[File : ./suiteSparse_dataset/pli/pli.mtx]
[K : 32 ]
[FlashSparse_gflops : 2939.448163265306 ]
---New data---
[Remaining: 226 ]
[File : ./suiteSparse_dataset/bcsstk36/bcsstk36.mtx]
[K : 32 ]
[FlashSparse_gflops : 4407.286746987952 ]
---New data---
[Remaining: 225 ]
[File : ./suiteSparse_dataset/ncvxqp5/ncvxqp5.mtx]
[K : 32 ]
[FlashSparse_gflops : 974.8324014336918 ]
---New data---
[Remaining: 224 ]
[File : ./suiteSparse_dataset/mixtank_new/mixtank_new.mtx]
[K : 32 ]
[FlashSparse_gflops : 1964.3480615384615 ]
---New data---
[Remaining: 223 ]
[File : ./suiteSparse_dataset/TSOPF_FS_b300_c3/TSOPF_FS_b300_c3.mtx]
[K : 32 ]
[FlashSparse_gflops : 5247.812234706616 ]
---New data---
[Remaining: 222 ]
[File : ./suiteSparse_dataset/Franz11/Franz11.mtx]
[K : 32 ]
[FlashSparse_gflops : 1087.7624742268042 ]
---New data---
[Remaining: 221 ]
[File : ./suiteSparse_dataset/gas_sensor/gas_sensor.mtx]
[K : 32 ]
[FlashSparse_gflops : 2193.46800804829 ]
---New data---
[Remaining: 220 ]
[File : ./suiteSparse_dataset/cz20468/cz20468.mtx]
[K : 32 ]
[FlashSparse_gflops : 1373.84 ]
---New data---
[Remaining: 219 ]
[File : ./suiteSparse_dataset/denormal/denormal.mtx]
[K : 32 ]
[FlashSparse_gflops : 2356.634904458599 ]
---New data---
[Remaining: 218 ]
[File : ./suiteSparse_dataset/conf5_4-8x8-20/conf5_4-8x8-20.mtx]
[K : 32 ]
[FlashSparse_gflops : 2846.4824129930394 ]
---New data---
[Remaining: 217 ]
[File : ./suiteSparse_dataset/pdb1HYS/pdb1HYS.mtx]
[K : 32 ]
[FlashSparse_gflops : 5495.354940711462 ]
---New data---
[Remaining: 216 ]
[File : ./suiteSparse_dataset/mark3jac120/mark3jac120.mtx]
[K : 32 ]
[FlashSparse_gflops : 1238.3276836158193 ]
---New data---
[Remaining: 215 ]
[File : ./suiteSparse_dataset/scfxm1-2r/scfxm1-2r_A_9.mtx]
[K : 32 ]
[FlashSparse_gflops : 932.16 ]
---New data---
[Remaining: 214 ]
[File : ./suiteSparse_dataset/scfxm1-2r/scfxm1-2r.mtx]
[K : 32 ]
[FlashSparse_gflops : 932.16 ]
---New data---
[Remaining: 213 ]
[File : ./suiteSparse_dataset/scfxm1-2r/scfxm1-2r_A_8.mtx]
[K : 32 ]
[FlashSparse_gflops : 772.535652173913 ]
---New data---
[Remaining: 212 ]
[File : ./suiteSparse_dataset/av41092/av41092.mtx]
[K : 32 ]
[FlashSparse_gflops : 2312.6551072961374 ]
---New data---
[Remaining: 211 ]
[File : ./suiteSparse_dataset/ted_AB/ted_AB.mtx]
[K : 32 ]
[FlashSparse_gflops : 2833.2854237288134 ]
---New data---
[Remaining: 210 ]
[File : ./suiteSparse_dataset/jan99jac080/jan99jac080.mtx]
[K : 32 ]
[FlashSparse_gflops : 1120.1436734693877 ]
---New data---
[Remaining: 209 ]
[File : ./suiteSparse_dataset/ramage02/ramage02.mtx]
[K : 32 ]
[FlashSparse_gflops : 4764.8448831168835 ]
---New data---
[Remaining: 208 ]
[File : ./suiteSparse_dataset/c-53/c-53.mtx]
[K : 32 ]
[FlashSparse_gflops : 1215.389387755102 ]
---New data---
[Remaining: 207 ]
[File : ./suiteSparse_dataset/wathen120/wathen120.mtx]
[K : 32 ]
[FlashSparse_gflops : 2480.048219178082 ]
---New data---
[Remaining: 206 ]
[File : ./suiteSparse_dataset/TSOPF_RS_b300_c3/TSOPF_RS_b300_c3.mtx]
[K : 32 ]
[FlashSparse_gflops : 6419.562181818182 ]
---New data---
[Remaining: 205 ]
[File : ./suiteSparse_dataset/fome13/fome13.mtx]
[K : 32 ]
[FlashSparse_gflops : 807.2382300884956 ]
---New data---
[Remaining: 204 ]
[File : ./suiteSparse_dataset/ckt11752_dc_1/ckt11752_dc_1.mtx]
[K : 32 ]
[FlashSparse_gflops : 810.4127756653993 ]
---New data---
[Remaining: 203 ]
[File : ./suiteSparse_dataset/sinc18/sinc18.mtx]
[K : 32 ]
[FlashSparse_gflops : 1498.1938461538462 ]
---New data---
[Remaining: 202 ]
[File : ./suiteSparse_dataset/ABACUS_shell_ld/ABACUS_shell_ld_M.mtx]
[K : 32 ]
[FlashSparse_gflops : 978.8397037037037 ]
---New data---
[Remaining: 201 ]
[File : ./suiteSparse_dataset/ABACUS_shell_ld/ABACUS_shell_ld_K.mtx]
[K : 32 ]
[FlashSparse_gflops : 1047.670303030303 ]
---New data---
[Remaining: 200 ]
[File : ./suiteSparse_dataset/ABACUS_shell_ld/ABACUS_shell_ld.mtx]
[K : 32 ]
[FlashSparse_gflops : 1020.6551824817518 ]
---New data---
[Remaining: 199 ]
[File : ./suiteSparse_dataset/TSOPF_FS_b162_c1/TSOPF_FS_b162_c1.mtx]
[K : 32 ]
[FlashSparse_gflops : 3540.5963636363635 ]
---New data---
[Remaining: 198 ]
[File : ./suiteSparse_dataset/vsp_barth5_1Ksep_50in_5Kout/vsp_barth5_1Ksep_50in_5Kout.mtx]
[K : 32 ]
[FlashSparse_gflops : 785.0024096385542 ]
---New data---
[Remaining: 197 ]
[File : ./suiteSparse_dataset/net4-1/net4-1.mtx]
[K : 32 ]
[FlashSparse_gflops : 993.4553591862683 ]
---New data---
[Remaining: 196 ]
[File : ./suiteSparse_dataset/c-57/c-57.mtx]
[K : 32 ]
[FlashSparse_gflops : 1076.041825726141 ]
---New data---
[Remaining: 195 ]
[File : ./suiteSparse_dataset/tube1/tube1.mtx]
[K : 32 ]
[FlashSparse_gflops : 4221.44 ]
---New data---
[Remaining: 194 ]
[File : ./suiteSparse_dataset/cage10/cage10.mtx]
[K : 32 ]
[FlashSparse_gflops : 973.8666666666667 ]
---New data---
[Remaining: 193 ]
[File : ./suiteSparse_dataset/ACTIVSg10K/ACTIVSg10K.mtx]
[K : 32 ]
[FlashSparse_gflops : 1049.4171428571428 ]
---New data---
[Remaining: 192 ]
[File : ./suiteSparse_dataset/Zd_Jac3/Zd_Jac3.mtx]
[K : 32 ]
[FlashSparse_gflops : 3227.203368421053 ]
---New data---
[Remaining: 191 ]
[File : ./suiteSparse_dataset/TSOPF_RS_b2383/TSOPF_RS_b2383.mtx]
[K : 32 ]
[FlashSparse_gflops : 6193.625469778575 ]
---New data---
[Remaining: 190 ]
[File : ./suiteSparse_dataset/bcsstk17/bcsstk17.mtx]
[K : 32 ]
[FlashSparse_gflops : 2918.468085106383 ]
---New data---
[Remaining: 189 ]
[File : ./suiteSparse_dataset/192bit/192bit.mtx]
[K : 32 ]
[FlashSparse_gflops : 866.2624561403509 ]
---New data---
[Remaining: 188 ]
[File : ./suiteSparse_dataset/mark3jac060/mark3jac060.mtx]
[K : 32 ]
[FlashSparse_gflops : 1092.448 ]
---New data---
[Remaining: 187 ]
[File : ./suiteSparse_dataset/t3dl/t3dl.mtx]
[K : 32 ]
[FlashSparse_gflops : 1673.406358974359 ]
---New data---
[Remaining: 186 ]
[File : ./suiteSparse_dataset/psse2/psse2.mtx]
[K : 32 ]
[FlashSparse_gflops : 1069.0968115942028 ]
---New data---
[Remaining: 185 ]
[File : ./suiteSparse_dataset/inlet/inlet.mtx]
[K : 32 ]
[FlashSparse_gflops : 2693.932307692308 ]
---New data---
[Remaining: 184 ]
[File : ./suiteSparse_dataset/mk12-b3/mk12-b3.mtx]
[K : 32 ]
[FlashSparse_gflops : 1064.448 ]
---New data---
[Remaining: 183 ]
[File : ./suiteSparse_dataset/t3dh/t3dh.mtx]
[K : 32 ]
[FlashSparse_gflops : 2102.1488301886793 ]
---New data---
[Remaining: 182 ]
[File : ./suiteSparse_dataset/t3dh/t3dh_E.mtx]
[K : 32 ]
[FlashSparse_gflops : 2103.736555891239 ]
---New data---
[Remaining: 181 ]
[File : ./suiteSparse_dataset/c-55/c-55.mtx]
[K : 32 ]
[FlashSparse_gflops : 1163.099099099099 ]
---New data---
[Remaining: 180 ]
[File : ./suiteSparse_dataset/ABACUS_shell_hd/ABACUS_shell_hd_M.mtx]
[K : 32 ]
[FlashSparse_gflops : 1001.0860606060606 ]
---New data---
[Remaining: 179 ]
[File : ./suiteSparse_dataset/ABACUS_shell_hd/ABACUS_shell_hd_K.mtx]
[K : 32 ]
[FlashSparse_gflops : 1047.670303030303 ]
---New data---
[Remaining: 178 ]
[File : ./suiteSparse_dataset/ABACUS_shell_hd/ABACUS_shell_hd.mtx]
[K : 32 ]
[FlashSparse_gflops : 1059.3163636363636 ]
---New data---
[Remaining: 177 ]
[File : ./suiteSparse_dataset/gupta2/gupta2.mtx]
[K : 32 ]
[FlashSparse_gflops : 1771.272338762215 ]
---New data---
[Remaining: 176 ]
[File : ./suiteSparse_dataset/hvdc1/hvdc1.mtx]
[K : 32 ]
[FlashSparse_gflops : 875.1097435897436 ]
---New data---
[Remaining: 175 ]
[File : ./suiteSparse_dataset/waveguide3D/waveguide3D.mtx]
[K : 32 ]
[FlashSparse_gflops : 971.0976 ]
---New data---
[Remaining: 174 ]
[File : ./suiteSparse_dataset/sme3Dc/sme3Dc.mtx]
[K : 32 ]
[FlashSparse_gflops : 1009.0835453179769 ]
---New data---
[Remaining: 173 ]
[File : ./suiteSparse_dataset/lowThrust_8/lowThrust_8.mtx]
[K : 32 ]
[FlashSparse_gflops : 1082.225 ]
---New data---
[Remaining: 172 ]
[File : ./suiteSparse_dataset/psse0/psse0.mtx]
[K : 32 ]
[FlashSparse_gflops : 1111.126779661017 ]
---New data---
[Remaining: 171 ]
[File : ./suiteSparse_dataset/lhr71/lhr71.mtx]
[K : 32 ]
[FlashSparse_gflops : 2762.6522033898304 ]
---New data---
[Remaining: 170 ]
[File : ./suiteSparse_dataset/apache1/apache1.mtx]
[K : 32 ]
[FlashSparse_gflops : 1371.5326482213438 ]
---New data---
[Remaining: 169 ]
[File : ./suiteSparse_dataset/bcsstk31/bcsstk31.mtx]
[K : 32 ]
[FlashSparse_gflops : 3098.7960655737706 ]
---New data---
[Remaining: 168 ]
[File : ./suiteSparse_dataset/lpl1/lpl1.mtx]
[K : 32 ]
[FlashSparse_gflops : 933.0801777777777 ]
---New data---
[Remaining: 167 ]
[File : ./suiteSparse_dataset/H2O/H2O.mtx]
[K : 32 ]
[FlashSparse_gflops : 1320.96 ]
---New data---
[Remaining: 166 ]
[File : ./suiteSparse_dataset/fe_rotor/fe_rotor.mtx]
[K : 32 ]
[FlashSparse_gflops : 1413.1861333333334 ]
---New data---
[Remaining: 165 ]
[File : ./suiteSparse_dataset/Goodwin_054/Goodwin_054.mtx]
[K : 32 ]
[FlashSparse_gflops : 3366.132244897959 ]
---New data---
[Remaining: 164 ]
[File : ./suiteSparse_dataset/onera_dual/onera_dual.mtx]
[K : 32 ]
[FlashSparse_gflops : 1466.0581420765027 ]
---New data---
[Remaining: 163 ]
[File : ./suiteSparse_dataset/crystm03/crystm03.mtx]
[K : 32 ]
[FlashSparse_gflops : 1645.8713656387665 ]
---New data---
[Remaining: 162 ]
[File : ./suiteSparse_dataset/bcsstk30/bcsstk30.mtx]
[K : 32 ]
[FlashSparse_gflops : 4654.216654804271 ]
---New data---
[Remaining: 161 ]
[File : ./suiteSparse_dataset/soc-Slashdot0902/soc-Slashdot0902.mtx]
[K : 32 ]
[FlashSparse_gflops : 806.1314209827357 ]
---New data---
[Remaining: 160 ]
[File : ./suiteSparse_dataset/onetone1/onetone1.mtx]
[K : 32 ]
[FlashSparse_gflops : 1299.3828571428571 ]
---New data---
[Remaining: 159 ]
[File : ./suiteSparse_dataset/nd12k/nd12k.mtx]
[K : 32 ]
[FlashSparse_gflops : 5036.74899833979 ]
---New data---
[Remaining: 158 ]
[File : ./suiteSparse_dataset/std1_Jac2_db/std1_Jac2_db.mtx]
[K : 32 ]
[FlashSparse_gflops : 1671.274554973822 ]
---New data---
[Remaining: 157 ]
[File : ./suiteSparse_dataset/Chevron2/Chevron2.mtx]
[K : 32 ]
[FlashSparse_gflops : 2264.452511013216 ]
---New data---
[Remaining: 156 ]
[File : ./suiteSparse_dataset/ex11/ex11.mtx]
[K : 32 ]
[FlashSparse_gflops : 3774.4447311827957 ]
---New data---
[Remaining: 155 ]
[File : ./suiteSparse_dataset/pltexpa/pltexpa_A_5.mtx]
[K : 32 ]
[FlashSparse_gflops : 704.2904615384615 ]
---New data---
[Remaining: 154 ]
[File : ./suiteSparse_dataset/pltexpa/pltexpa.mtx]
[K : 32 ]
[FlashSparse_gflops : 732.46208 ]
---New data---
[Remaining: 153 ]
[File : ./suiteSparse_dataset/pltexpa/pltexpa_A_4.mtx]
[K : 32 ]
[FlashSparse_gflops : 742.4049230769231 ]
---New data---
[Remaining: 152 ]
[File : ./suiteSparse_dataset/msc10848/msc10848.mtx]
[K : 32 ]
[FlashSparse_gflops : 3995.2178680203046 ]
---New data---
[Remaining: 151 ]
[File : ./suiteSparse_dataset/Si34H36/Si34H36.mtx]
[K : 32 ]
[FlashSparse_gflops : 1667.5505608893382 ]
---New data---
[Remaining: 150 ]
[File : ./suiteSparse_dataset/TEM27623/TEM27623_M.mtx]
[K : 32 ]
[FlashSparse_gflops : 1757.876 ]
---New data---
[Remaining: 149 ]
[File : ./suiteSparse_dataset/TEM27623/TEM27623.mtx]
[K : 32 ]
[FlashSparse_gflops : 1746.9575155279504 ]
---New data---
[Remaining: 148 ]
[File : ./suiteSparse_dataset/appu/appu.mtx]
[K : 32 ]
[FlashSparse_gflops : 899.1558453373768 ]
---New data---
[Remaining: 147 ]
[File : ./suiteSparse_dataset/cage11/cage11.mtx]
[K : 32 ]
[FlashSparse_gflops : 1174.4986229508197 ]
---New data---
[Remaining: 146 ]
[File : ./suiteSparse_dataset/lhr17/lhr17.mtx]
[K : 32 ]
[FlashSparse_gflops : 2263.5555555555557 ]
---New data---
[Remaining: 145 ]
[File : ./suiteSparse_dataset/consph/consph.mtx]
[K : 32 ]
[FlashSparse_gflops : 3481.1829864253395 ]
---New data---
[Remaining: 144 ]
[File : ./suiteSparse_dataset/mark3jac080sc/mark3jac080sc.mtx]
[K : 32 ]
[FlashSparse_gflops : 1148.7496062992127 ]
---New data---
[Remaining: 143 ]
[File : ./suiteSparse_dataset/lowThrust_11/lowThrust_11.mtx]
[K : 32 ]
[FlashSparse_gflops : 1127.816062992126 ]
---New data---
[Remaining: 142 ]
[File : ./suiteSparse_dataset/TSOPF_FS_b162_c3/TSOPF_FS_b162_c3.mtx]
[K : 32 ]
[FlashSparse_gflops : 4285.6208178438665 ]
---New data---
[Remaining: 141 ]
[File : ./suiteSparse_dataset/cond-mat-2003/cond-mat-2003.mtx]
[K : 32 ]
[FlashSparse_gflops : 960.232 ]
---New data---
[Remaining: 140 ]
[File : ./suiteSparse_dataset/cfd1/cfd1.mtx]
[K : 32 ]
[FlashSparse_gflops : 2250.2941538461537 ]
---New data---
[Remaining: 139 ]
[File : ./suiteSparse_dataset/lowThrust_7/lowThrust_7.mtx]
[K : 32 ]
[FlashSparse_gflops : 1091.927741935484 ]
---New data---
[Remaining: 138 ]
[File : ./suiteSparse_dataset/light_in_tissue/light_in_tissue.mtx]
[K : 32 ]
[FlashSparse_gflops : 1817.4388811188812 ]
---New data---
[Remaining: 137 ]
[File : ./suiteSparse_dataset/sd2010/sd2010.mtx]
[K : 32 ]
[FlashSparse_gflops : 935.4522419928826 ]
---New data---
[Remaining: 136 ]
[File : ./suiteSparse_dataset/bbmat/bbmat.mtx]
[K : 32 ]
[FlashSparse_gflops : 3950.8783275261326 ]
---New data---
[Remaining: 135 ]
[File : ./suiteSparse_dataset/vfem/vfem.mtx]
[K : 32 ]
[FlashSparse_gflops : 2233.9830656934305 ]
---New data---
[Remaining: 134 ]
[File : ./suiteSparse_dataset/Wordnet3/Wordnet3.mtx]
[K : 32 ]
[FlashSparse_gflops : 675.3726984126985 ]
---New data---
[Remaining: 133 ]
[File : ./suiteSparse_dataset/crankseg_1/crankseg_1.mtx]
[K : 32 ]
[FlashSparse_gflops : 3917.5861591695502 ]
---New data---
[Remaining: 132 ]
[File : ./suiteSparse_dataset/laminar_duct3D/laminar_duct3D.mtx]
[K : 32 ]
[FlashSparse_gflops : 3639.7170326409496 ]
---New data---
[Remaining: 131 ]
[File : ./suiteSparse_dataset/n4c6-b5/n4c6-b5.mtx]
[K : 32 ]
[FlashSparse_gflops : 1156.7553488372093 ]
---New data---
[Remaining: 130 ]
[File : ./suiteSparse_dataset/rgg_n_2_16_s0/rgg_n_2_16_s0.mtx]
[K : 32 ]
[FlashSparse_gflops : 1013.7096296296296 ]
---New data---
[Remaining: 129 ]
[File : ./suiteSparse_dataset/tomographic1/tomographic1.mtx]
[K : 32 ]
[FlashSparse_gflops : 1319.735031847134 ]
---New data---
[Remaining: 128 ]
[File : ./suiteSparse_dataset/soc-Epinions1/soc-Epinions1.mtx]
[K : 32 ]
[FlashSparse_gflops : 633.5713618677042 ]
---New data---
[Remaining: 127 ]
[File : ./suiteSparse_dataset/FEM_3D_thermal1/FEM_3D_thermal1.mtx]
[K : 32 ]
[FlashSparse_gflops : 2278.294214876033 ]
---New data---
[Remaining: 126 ]
[File : ./suiteSparse_dataset/invextr1_new/invextr1_new.mtx]
[K : 32 ]
[FlashSparse_gflops : 2118.2358671586717 ]
---New data---
[Remaining: 125 ]
[File : ./suiteSparse_dataset/sc205-2r/sc205-2r_A_12.mtx]
[K : 32 ]
[FlashSparse_gflops : 839.0740425531915 ]
---New data---
[Remaining: 124 ]
[File : ./suiteSparse_dataset/sc205-2r/sc205-2r.mtx]
[K : 32 ]
[FlashSparse_gflops : 839.0740425531915 ]
---New data---
[Remaining: 123 ]
[File : ./suiteSparse_dataset/sparsine/sparsine.mtx]
[K : 32 ]
[FlashSparse_gflops : 854.6140689655173 ]
---New data---
[Remaining: 122 ]
[File : ./suiteSparse_dataset/wang3/wang3.mtx]
[K : 32 ]
[FlashSparse_gflops : 1122.6487128712872 ]
---New data---
[Remaining: 121 ]
[File : ./suiteSparse_dataset/c-47/c-47.mtx]
[K : 32 ]
[FlashSparse_gflops : 966.4045714285714 ]
---New data---
[Remaining: 120 ]
[File : ./suiteSparse_dataset/TSOPF_FS_b300_c2/TSOPF_FS_b300_c2.mtx]
[K : 32 ]
[FlashSparse_gflops : 5195.535407407408 ]
---New data---
[Remaining: 119 ]
[File : ./suiteSparse_dataset/mark3jac100/mark3jac100.mtx]
[K : 32 ]
[FlashSparse_gflops : 1185.3090909090909 ]
---New data---
[Remaining: 118 ]
[File : ./suiteSparse_dataset/rajat15/rajat15.mtx]
[K : 32 ]
[FlashSparse_gflops : 1320.4033488372093 ]
---New data---
[Remaining: 117 ]
[File : ./suiteSparse_dataset/raefsky3/raefsky3.mtx]
[K : 32 ]
[FlashSparse_gflops : 7163.996390977443 ]
---New data---
[Remaining: 116 ]
[File : ./suiteSparse_dataset/Goodwin_040/Goodwin_040.mtx]
[K : 32 ]
[FlashSparse_gflops : 2946.502295081967 ]
---New data---
[Remaining: 115 ]
[File : ./suiteSparse_dataset/cvxbqp1/cvxbqp1.mtx]
[K : 32 ]
[FlashSparse_gflops : 982.3663157894737 ]
---New data---
[Remaining: 114 ]
[File : ./suiteSparse_dataset/Zd_Jac6/Zd_Jac6.mtx]
[K : 32 ]
[FlashSparse_gflops : 2977.3617391304347 ]
---New data---
[Remaining: 113 ]
[File : ./suiteSparse_dataset/thread/thread.mtx]
[K : 32 ]
[FlashSparse_gflops : 4760.117670549085 ]
---New data---
[Remaining: 112 ]
[File : ./suiteSparse_dataset/epb3/epb3.mtx]
[K : 32 ]
[FlashSparse_gflops : 1820.3680981595094 ]
---New data---
[Remaining: 111 ]
[File : ./suiteSparse_dataset/g7jac120/g7jac120.mtx]
[K : 32 ]
[FlashSparse_gflops : 1382.6792727272727 ]
---New data---
[Remaining: 110 ]
[File : ./suiteSparse_dataset/world/world.mtx]
[K : 32 ]
[FlashSparse_gflops : 649.4138775510204 ]
---New data---
[Remaining: 109 ]
[File : ./suiteSparse_dataset/south31/south31.mtx]
[K : 32 ]
[FlashSparse_gflops : 1073.6525373134327 ]
---New data---
[Remaining: 108 ]
[File : ./suiteSparse_dataset/Ga3As3H12/Ga3As3H12.mtx]
[K : 32 ]
[FlashSparse_gflops : 2377.9751586807715 ]
---New data---
[Remaining: 107 ]
[File : ./suiteSparse_dataset/mycielskian15/mycielskian15.mtx]
[K : 32 ]
[FlashSparse_gflops : 2027.6904476760765 ]
---New data---
[Remaining: 106 ]
[File : ./suiteSparse_dataset/sme3Da/sme3Da.mtx]
[K : 32 ]
[FlashSparse_gflops : 1106.576442687747 ]
---New data---
[Remaining: 105 ]
[File : ./suiteSparse_dataset/c-68/c-68.mtx]
[K : 32 ]
[FlashSparse_gflops : 963.4144680851064 ]
---New data---
[Remaining: 104 ]
[File : ./suiteSparse_dataset/rim/rim.mtx]
[K : 32 ]
[FlashSparse_gflops : 3314.1257142857144 ]
---New data---
[Remaining: 103 ]
[File : ./suiteSparse_dataset/fome12/fome12.mtx]
[K : 32 ]
[FlashSparse_gflops : 718.2513385826771 ]
---New data---
[Remaining: 102 ]
[File : ./suiteSparse_dataset/G_n_pin_pout/G_n_pin_pout.mtx]
[K : 32 ]
[FlashSparse_gflops : 925.7336796536797 ]
---New data---
[Remaining: 101 ]
[File : ./suiteSparse_dataset/nd6k/nd6k.mtx]
[K : 32 ]
[FlashSparse_gflops : 5187.170669800235 ]
---New data---
[Remaining: 100 ]
[File : ./suiteSparse_dataset/lhr10/lhr10.mtx]
[K : 32 ]
[FlashSparse_gflops : 2011.9610810810811 ]
---New data---
[Remaining: 99 ]
[File : ./suiteSparse_dataset/g7jac180/g7jac180.mtx]
[K : 32 ]
[FlashSparse_gflops : 1462.5585321100918 ]
---New data---
[Remaining: 98 ]
[File : ./suiteSparse_dataset/nug08-3rd/nug08-3rd.mtx]
[K : 32 ]
[FlashSparse_gflops : 818.8468965517242 ]
---New data---
[Remaining: 97 ]
[File : ./suiteSparse_dataset/Si5H12/Si5H12.mtx]
[K : 32 ]
[FlashSparse_gflops : 1458.959012345679 ]
---New data---
[Remaining: 96 ]
[File : ./suiteSparse_dataset/smt/smt.mtx]
[K : 32 ]
[FlashSparse_gflops : 4192.03797556719 ]
---New data---
[Remaining: 95 ]
[File : ./suiteSparse_dataset/t3dh_e/t3dh_e.mtx]
[K : 32 ]
[FlashSparse_gflops : 2095.8218209179836 ]
---New data---
[Remaining: 94 ]
[File : ./suiteSparse_dataset/Zd_Jac6_db/Zd_Jac6_db.mtx]
[K : 32 ]
[FlashSparse_gflops : 1871.0639647577093 ]
---New data---
[Remaining: 93 ]
[File : ./suiteSparse_dataset/c-66b/c-66b.mtx]
[K : 32 ]
[FlashSparse_gflops : 1075.3012794612794 ]
---New data---
[Remaining: 92 ]
[File : ./suiteSparse_dataset/vsp_sctap1-2b_and_seymourl/vsp_sctap1-2b_and_seymourl.mtx]
[K : 32 ]
[FlashSparse_gflops : 698.6964341085271 ]
---New data---
[Remaining: 91 ]
[File : ./suiteSparse_dataset/g7jac140/g7jac140.mtx]
[K : 32 ]
[FlashSparse_gflops : 1426.0308661417323 ]
---New data---
[Remaining: 90 ]
[File : ./suiteSparse_dataset/soc-sign-Slashdot081106/soc-sign-Slashdot081106.mtx]
[K : 32 ]
[FlashSparse_gflops : 657.272365805169 ]
---New data---
[Remaining: 89 ]
[File : ./suiteSparse_dataset/rajat22/rajat22.mtx]
[K : 32 ]
[FlashSparse_gflops : 584.4859259259259 ]
---New data---
[Remaining: 88 ]
[File : ./suiteSparse_dataset/brack2/brack2.mtx]
[K : 32 ]
[FlashSparse_gflops : 1724.9835294117647 ]
---New data---
[Remaining: 87 ]
[File : ./suiteSparse_dataset/RFdevice/RFdevice.mtx]
[K : 32 ]
[FlashSparse_gflops : 622.263829787234 ]
---New data---
[Remaining: 86 ]
[File : ./suiteSparse_dataset/msc23052/msc23052.mtx]
[K : 32 ]
[FlashSparse_gflops : 3713.9746733668344 ]
---New data---
[Remaining: 85 ]
[File : ./suiteSparse_dataset/ecl32/ecl32.mtx]
[K : 32 ]
[FlashSparse_gflops : 1229.6242424242423 ]
---New data---
[Remaining: 84 ]
[File : ./suiteSparse_dataset/igbt3/igbt3.mtx]
[K : 32 ]
[FlashSparse_gflops : 1291.0675862068965 ]
---New data---
[Remaining: 83 ]
[File : ./suiteSparse_dataset/vsp_vibrobox_scagr7-2c_rlfddd/vsp_vibrobox_scagr7-2c_rlfddd.mtx]
[K : 32 ]
[FlashSparse_gflops : 929.2501333333333 ]
---New data---
[Remaining: 82 ]
[File : ./suiteSparse_dataset/lowThrust_13/lowThrust_13.mtx]
[K : 32 ]
[FlashSparse_gflops : 1124.485 ]
---New data---
[Remaining: 81 ]
[File : ./suiteSparse_dataset/chipcool1/chipcool1.mtx]
[K : 32 ]
[FlashSparse_gflops : 972.627027027027 ]
---New data---
[Remaining: 80 ]
[File : ./suiteSparse_dataset/baxter/baxter.mtx]
[K : 32 ]
[FlashSparse_gflops : 443.5319254658385 ]
---New data---
[Remaining: 79 ]
[File : ./suiteSparse_dataset/conf6_0-8x8-30/conf6_0-8x8-30.mtx]
[K : 32 ]
[FlashSparse_gflops : 2839.8933333333334 ]
---New data---
[Remaining: 78 ]
[File : ./suiteSparse_dataset/conf5_4-8x8-10/conf5_4-8x8-10.mtx]
[K : 32 ]
[FlashSparse_gflops : 2826.806267281106 ]
---New data---
[Remaining: 77 ]
[File : ./suiteSparse_dataset/pcrystk03/pcrystk03.mtx]
[K : 32 ]
[FlashSparse_gflops : 4294.07632183908 ]
---New data---
[Remaining: 76 ]
[File : ./suiteSparse_dataset/graphics/graphics.mtx]
[K : 32 ]
[FlashSparse_gflops : 1348.0457142857142 ]
---New data---
[Remaining: 75 ]
[File : ./suiteSparse_dataset/lhr17c/lhr17c.mtx]
[K : 32 ]
[FlashSparse_gflops : 2306.264150943396 ]
---New data---
[Remaining: 74 ]
[File : ./suiteSparse_dataset/t3dl_a/t3dl_a.mtx]
[K : 32 ]
[FlashSparse_gflops : 1664.8685714285714 ]
---New data---
[Remaining: 73 ]
[File : ./suiteSparse_dataset/conf5_4-8x8-15/conf5_4-8x8-15.mtx]
[K : 32 ]
[FlashSparse_gflops : 2839.8933333333334 ]
---New data---
[Remaining: 72 ]
[File : ./suiteSparse_dataset/airfoil_2d/airfoil_2d.mtx]
[K : 32 ]
[FlashSparse_gflops : 1072.260129032258 ]
---New data---
[Remaining: 71 ]
[File : ./suiteSparse_dataset/foldoc/foldoc.mtx]
[K : 32 ]
[FlashSparse_gflops : 1083.8354929577465 ]
---New data---
[Remaining: 70 ]
[File : ./suiteSparse_dataset/IG5-16/IG5-16.mtx]
[K : 32 ]
[FlashSparse_gflops : 1144.4639513677812 ]
---New data---
[Remaining: 69 ]
[File : ./suiteSparse_dataset/c-54/c-54.mtx]
[K : 32 ]
[FlashSparse_gflops : 1193.7310476190476 ]
---New data---
[Remaining: 68 ]
[File : ./suiteSparse_dataset/lp_nug20/lp_nug20.mtx]
[K : 32 ]
[FlashSparse_gflops : 907.3116279069767 ]
---New data---
[Remaining: 67 ]
[File : ./suiteSparse_dataset/me2010/me2010.mtx]
[K : 32 ]
[FlashSparse_gflops : 894.6026666666667 ]
---New data---
[Remaining: 66 ]
[File : ./suiteSparse_dataset/pkustk07/pkustk07.mtx]
[K : 32 ]
[FlashSparse_gflops : 3659.656170212766 ]
---New data---
[Remaining: 65 ]
[File : ./suiteSparse_dataset/Zhao1/Zhao1.mtx]
[K : 32 ]
[FlashSparse_gflops : 951.16 ]
---New data---
[Remaining: 64 ]
[File : ./suiteSparse_dataset/jan99jac080sc/jan99jac080sc.mtx]
[K : 32 ]
[FlashSparse_gflops : 1180.3664516129031 ]
---New data---
[Remaining: 63 ]
[File : ./suiteSparse_dataset/net100/net100.mtx]
[K : 32 ]
[FlashSparse_gflops : 1618.4676616915424 ]
---New data---
[Remaining: 62 ]
[File : ./suiteSparse_dataset/n4c6-b12/n4c6-b12.mtx]
[K : 32 ]
[FlashSparse_gflops : 951.0428571428571 ]
---New data---
[Remaining: 61 ]
[File : ./suiteSparse_dataset/wathen100/wathen100.mtx]
[K : 32 ]
[FlashSparse_gflops : 2414.59712 ]
---New data---
[Remaining: 60 ]
[File : ./suiteSparse_dataset/lhr11/lhr11.mtx]
[K : 32 ]
[FlashSparse_gflops : 1869.928 ]
---New data---
[Remaining: 59 ]
[File : ./suiteSparse_dataset/g7jac060/g7jac060.mtx]
[K : 32 ]
[FlashSparse_gflops : 1093.4642016806722 ]
---New data---
[Remaining: 58 ]
[File : ./suiteSparse_dataset/g7jac040/g7jac040.mtx]
[K : 32 ]
[FlashSparse_gflops : 873.6838095238095 ]
---New data---
[Remaining: 57 ]
[File : ./suiteSparse_dataset/ASIC_100ks/ASIC_100ks.mtx]
[K : 32 ]
[FlashSparse_gflops : 749.978947368421 ]
---New data---
[Remaining: 56 ]
[File : ./suiteSparse_dataset/opt1/opt1.mtx]
[K : 32 ]
[FlashSparse_gflops : 4982.335483870967 ]
---New data---
[Remaining: 55 ]
[File : ./suiteSparse_dataset/lhr11c/lhr11c.mtx]
[K : 32 ]
[FlashSparse_gflops : 2021.5437837837837 ]
---New data---
[Remaining: 54 ]
[File : ./suiteSparse_dataset/vsp_bcsstk30_500sep_10in_1Kout/vsp_bcsstk30_500sep_10in_1Kout.mtx]
[K : 32 ]
[FlashSparse_gflops : 885.7995332875772 ]
---New data---
[Remaining: 53 ]
[File : ./suiteSparse_dataset/poisson3Da/poisson3Da.mtx]
[K : 32 ]
[FlashSparse_gflops : 1021.5732126696832 ]
---New data---
[Remaining: 52 ]
[File : ./suiteSparse_dataset/ak2010/ak2010.mtx]
[K : 32 ]
[FlashSparse_gflops : 576.5258091286307 ]
---New data---
[Remaining: 51 ]
[File : ./suiteSparse_dataset/Chevron1/Chevron1.mtx]
[K : 32 ]
[FlashSparse_gflops : 2054.4186407766992 ]
---New data---
[Remaining: 50 ]
[File : ./suiteSparse_dataset/Dubcova2/Dubcova2.mtx]
[K : 32 ]
[FlashSparse_gflops : 1632.039603960396 ]
---New data---
[Remaining: 49 ]
[File : ./suiteSparse_dataset/net75/net75.mtx]
[K : 32 ]
[FlashSparse_gflops : 1657.544347826087 ]
---New data---
[Remaining: 48 ]
[File : ./suiteSparse_dataset/memplus/memplus.mtx]
[K : 32 ]
[FlashSparse_gflops : 684.2033898305085 ]
---New data---
[Remaining: 47 ]
[File : ./suiteSparse_dataset/g7jac080/g7jac080.mtx]
[K : 32 ]
[FlashSparse_gflops : 1237.7936842105264 ]
---New data---
[Remaining: 46 ]
[File : ./suiteSparse_dataset/lhr34/lhr34.mtx]
[K : 32 ]
[FlashSparse_gflops : 2573.520842105263 ]
---New data---
[Remaining: 45 ]
[File : ./suiteSparse_dataset/ncvxqp3/ncvxqp3.mtx]
[K : 32 ]
[FlashSparse_gflops : 952.312380952381 ]
---New data---
[Remaining: 44 ]
[File : ./suiteSparse_dataset/wiki-RfA/wiki-RfA.mtx]
[K : 32 ]
[FlashSparse_gflops : 766.6833121019109 ]
---New data---
[Remaining: 43 ]
[File : ./suiteSparse_dataset/wiki-RfA/wiki-RfA_Positive.mtx]
[K : 32 ]
[FlashSparse_gflops : 743.072 ]
---New data---
[Remaining: 42 ]
[File : ./suiteSparse_dataset/chipcool0/chipcool0.mtx]
[K : 32 ]
[FlashSparse_gflops : 972.627027027027 ]
---New data---
[Remaining: 41 ]
[File : ./suiteSparse_dataset/lowThrust_9/lowThrust_9.mtx]
[K : 32 ]
[FlashSparse_gflops : 1089.4337984496124 ]
---New data---
[Remaining: 40 ]
[File : ./suiteSparse_dataset/net50/net50.mtx]
[K : 32 ]
[FlashSparse_gflops : 1600.3386243386244 ]
---New data---
[Remaining: 39 ]
[File : ./suiteSparse_dataset/LeGresley_87936/LeGresley_87936.mtx]
[K : 32 ]
[FlashSparse_gflops : 1232.7812987012987 ]
---New data---
[Remaining: 38 ]
[File : ./suiteSparse_dataset/Andrews/Andrews.mtx]
[K : 32 ]
[FlashSparse_gflops : 982.8253737373738 ]
---New data---
[Remaining: 37 ]
[File : ./suiteSparse_dataset/crankseg_2/crankseg_2.mtx]
[K : 32 ]
[FlashSparse_gflops : 3968.128448729185 ]
---New data---
[Remaining: 36 ]
[File : ./suiteSparse_dataset/c-65/c-65.mtx]
[K : 32 ]
[FlashSparse_gflops : 884.0533333333333 ]
---New data---
[Remaining: 35 ]
[File : ./suiteSparse_dataset/lhr34c/lhr34c.mtx]
[K : 32 ]
[FlashSparse_gflops : 2560.0469109947644 ]
---New data---
[Remaining: 34 ]
[File : ./suiteSparse_dataset/TSOPF_RS_b2383_c1/TSOPF_RS_b2383_c1.mtx]
[K : 32 ]
[FlashSparse_gflops : 6189.921148325358 ]
---New data---
[Remaining: 33 ]
[File : ./suiteSparse_dataset/venkat50/venkat50.mtx]
[K : 32 ]
[FlashSparse_gflops : 4180.17825095057 ]
---New data---
[Remaining: 32 ]
[File : ./suiteSparse_dataset/sinc15/sinc15.mtx]
[K : 32 ]
[FlashSparse_gflops : 1415.7845914396887 ]
---New data---
[Remaining: 31 ]
[File : ./suiteSparse_dataset/TSOPF_RS_b300_c2/TSOPF_RS_b300_c2.mtx]
[K : 32 ]
[FlashSparse_gflops : 6197.656842105263 ]
---New data---
[Remaining: 30 ]
[File : ./suiteSparse_dataset/bundle1/bundle1.mtx]
[K : 32 ]
[FlashSparse_gflops : 4253.246896551724 ]
---New data---
[Remaining: 29 ]
[File : ./suiteSparse_dataset/soc-sign-Slashdot090216/soc-sign-Slashdot090216.mtx]
[K : 32 ]
[FlashSparse_gflops : 666.4683969465649 ]
---New data---
[Remaining: 28 ]
[File : ./suiteSparse_dataset/chem_master1/chem_master1.mtx]
[K : 32 ]
[FlashSparse_gflops : 1238.16 ]
---New data---
[Remaining: 27 ]
[File : ./suiteSparse_dataset/c-62ghs/c-62ghs.mtx]
[K : 32 ]
[FlashSparse_gflops : 1193.2650666666666 ]
---New data---
[Remaining: 26 ]
[File : ./suiteSparse_dataset/TSOPF_FS_b300/TSOPF_FS_b300.mtx]
[K : 32 ]
[FlashSparse_gflops : 6162.096455142232 ]
---New data---
[Remaining: 25 ]
[File : ./suiteSparse_dataset/TSOPF_RS_b39_c19/TSOPF_RS_b39_c19.mtx]
[K : 32 ]
[FlashSparse_gflops : 3421.03 ]
---New data---
[Remaining: 24 ]
[File : ./suiteSparse_dataset/208bit/208bit.mtx]
[K : 32 ]
[FlashSparse_gflops : 1065.7991111111112 ]
---New data---
[Remaining: 23 ]
[File : ./suiteSparse_dataset/mark3jac040sc/mark3jac040sc.mtx]
[K : 32 ]
[FlashSparse_gflops : 885.3463414634147 ]
---New data---
[Remaining: 22 ]
[File : ./suiteSparse_dataset/g7jac160sc/g7jac160sc.mtx]
[K : 32 ]
[FlashSparse_gflops : 1419.7102702702703 ]
---New data---
[Remaining: 21 ]
[File : ./suiteSparse_dataset/conf5_4-8x8-05/conf5_4-8x8-05.mtx]
[K : 32 ]
[FlashSparse_gflops : 2839.8933333333334 ]
---New data---
[Remaining: 20 ]
[File : ./suiteSparse_dataset/jan99jac120sc/jan99jac120sc.mtx]
[K : 32 ]
[FlashSparse_gflops : 1301.01 ]
---New data---
[Remaining: 19 ]
[File : ./suiteSparse_dataset/mosfet2/mosfet2.mtx]
[K : 32 ]
[FlashSparse_gflops : 926.3073359073359 ]
---New data---
[Remaining: 18 ]
[File : ./suiteSparse_dataset/lowThrust_5/lowThrust_5.mtx]
[K : 32 ]
[FlashSparse_gflops : 1113.6505263157894 ]
---New data---
[Remaining: 17 ]
[File : ./suiteSparse_dataset/soc-Slashdot0811/soc-Slashdot0811.mtx]
[K : 32 ]
[FlashSparse_gflops : 819.6598585572843 ]
---New data---
[Remaining: 16 ]
[File : ./suiteSparse_dataset/ex19/ex19.mtx]
[K : 32 ]
[FlashSparse_gflops : 1890.0290909090909 ]
---New data---
[Remaining: 15 ]
[File : ./suiteSparse_dataset/ca-HepPh/ca-HepPh.mtx]
[K : 32 ]
[FlashSparse_gflops : 861.8545454545455 ]
---New data---
[Remaining: 14 ]
[File : ./suiteSparse_dataset/IG5-17/IG5-17.mtx]
[K : 32 ]
[FlashSparse_gflops : 1180.757789661319 ]
---New data---
[Remaining: 13 ]
[File : ./suiteSparse_dataset/net125/net125.mtx]
[K : 32 ]
[FlashSparse_gflops : 1548.7399061032863 ]
---New data---
[Remaining: 12 ]
[File : ./suiteSparse_dataset/bcsstk32/bcsstk32.mtx]
[K : 32 ]
[FlashSparse_gflops : 4400.712081911262 ]
---New data---
[Remaining: 11 ]
[File : ./suiteSparse_dataset/onetone2/onetone2.mtx]
[K : 32 ]
[FlashSparse_gflops : 1300.7314285714285 ]
---New data---
[Remaining: 10 ]
[File : ./suiteSparse_dataset/lhr10c/lhr10c.mtx]
[K : 32 ]
[FlashSparse_gflops : 2011.9610810810811 ]
---New data---
[Remaining: 9 ]
[File : ./suiteSparse_dataset/olafu/olafu.mtx]
[K : 32 ]
[FlashSparse_gflops : 4302.647947019867 ]
---New data---
[Remaining: 8 ]
[File : ./suiteSparse_dataset/Trefethen_20000/Trefethen_20000.mtx]
[K : 32 ]
[FlashSparse_gflops : 1319.1756133828997 ]
---New data---
[Remaining: 7 ]
[File : ./suiteSparse_dataset/g7jac180sc/g7jac180sc.mtx]
[K : 32 ]
[FlashSparse_gflops : 1467.0449079754603 ]
---New data---
[Remaining: 6 ]
[File : ./suiteSparse_dataset/e40r0100/e40r0100.mtx]
[K : 32 ]
[FlashSparse_gflops : 2173.4949693251538 ]
---New data---
[Remaining: 5 ]
[File : ./suiteSparse_dataset/li/li.mtx]
[K : 32 ]
[FlashSparse_gflops : 2969.7517525773196 ]
---New data---
[Remaining: 4 ]
[File : ./suiteSparse_dataset/lhr14/lhr14.mtx]
[K : 32 ]
[FlashSparse_gflops : 2189.2124444444444 ]
---New data---
[Remaining: 3 ]
[File : ./suiteSparse_dataset/jan99jac060sc/jan99jac060sc.mtx]
[K : 32 ]
[FlashSparse_gflops : 980.6804819277108 ]
---New data---
[Remaining: 2 ]
[File : ./suiteSparse_dataset/HEP-th/HEP-th.mtx]
[K : 32 ]
[FlashSparse_gflops : 859.4497254901961 ]
---New data---
[Remaining: 1 ]
[File : ./suiteSparse_dataset/c-63/c-63.mtx]
[K : 32 ]
[FlashSparse_gflops : 208.08568436798802 ]
---New data---
[Remaining: 0 ]
[File : ./suiteSparse_dataset/c-67b/c-67b.mtx]
[K : 32 ]
[FlashSparse_gflops : 1004.2430678466077 ]

---Test done---
1.35 minutes
