* Start test...
* Test program: ./build_Sputnik/Sputnik-sddmm
* Test log file: ./results_suiteSparse_dataset/k32/Sputnik_32.log
* Number of test files: 505

---New data---

[Remaining: 504]

[File : ./suiteSparse_dataset/ch7-8-b3/ch7-8-b3.mtx]
[K : 32]
[Sputnik_gflops : 5.64 ]
Matrix diff: 62630.488281
* 	Execution time: .371263592 seconds

---New data---

[Remaining: 503]

[File : ./suiteSparse_dataset/skirt/skirt.mtx]
[K : 32]
[Sputnik_gflops : 20.41 ]
Matrix diff: 47392.550781
* 	Execution time: .247995005 seconds

---New data---

[Remaining: 502]

[File : ./suiteSparse_dataset/sctap1-2r/sctap1-2r.mtx]
[K : 32]
[Sputnik_gflops : 1.70 ]
Matrix diff: 58277.972656
* 	Execution time: .327314751 seconds

---New data---

[Remaining: 501]

[File : ./suiteSparse_dataset/sctap1-2r/sctap1-2r_A_11.mtx]
[K : 32]
[Sputnik_gflops : 1.70 ]
Matrix diff: 56656.746094
* 	Execution time: .342940272 seconds

---New data---

[Remaining: 500]

[File : ./suiteSparse_dataset/OPF_6000/OPF_6000.mtx]
[K : 32]
[Sputnik_gflops : 5.63 ]
Matrix diff: 34670.007812
* 	Execution time: .302281070 seconds

---New data---

[Remaining: 499]

[File : ./suiteSparse_dataset/trdheim/trdheim.mtx]
[K : 32]
[Sputnik_gflops : 65.26 ]
Matrix diff: 60956.769531
* 	Execution time: .478934230 seconds

---New data---

[Remaining: 498]

[File : ./suiteSparse_dataset/xenon1/xenon1.mtx]
[K : 32]
[Sputnik_gflops : 8.33 ]
Matrix diff: 64872.644531
* 	Execution time: .543544633 seconds

---New data---

[Remaining: 497]

[File : ./suiteSparse_dataset/pkustk13/pkustk13.mtx]
[K : 32]
[Sputnik_gflops : 12.88 ]
Matrix diff: 78762.765625
* 	Execution time: 1.625600870 seconds

---New data---

[Remaining: 496]

[File : ./suiteSparse_dataset/ABACUS_shell_ud/ABACUS_shell_ud_M.mtx]
[K : 32]
[Sputnik_gflops : 6.62 ]
Matrix diff: 35235.542969
* 	Execution time: .277330534 seconds

---New data---

[Remaining: 495]

[File : ./suiteSparse_dataset/ABACUS_shell_ud/ABACUS_shell_ud_K.mtx]
[K : 32]
[Sputnik_gflops : 6.93 ]
Matrix diff: 59629.734375
* 	Execution time: .283579151 seconds

---New data---

[Remaining: 494]

[File : ./suiteSparse_dataset/ABACUS_shell_ud/ABACUS_shell_ud.mtx]
[K : 32]
[Sputnik_gflops : 7.00 ]
Matrix diff: 58320.476562
* 	Execution time: .253478658 seconds

---New data---

[Remaining: 493]

[File : ./suiteSparse_dataset/pattern1/pattern1.mtx]
[K : 32]
[Sputnik_gflops : 382.74 ]
Matrix diff: 37776.152344
* 	Execution time: 1.582458151 seconds

---New data---

[Remaining: 492]

[File : ./suiteSparse_dataset/nv1/nv1.mtx]
[K : 32]
[Sputnik_gflops : 7.39 ]
Matrix diff: 18306.115234
* 	Execution time: .934709171 seconds

---New data---

[Remaining: 491]

[File : ./suiteSparse_dataset/crystk03/crystk03.mtx]
[K : 32]
[Sputnik_gflops : 50.13 ]
Matrix diff: 62515.886719
* 	Execution time: .473976662 seconds

---New data---

[Remaining: 490]

[File : ./suiteSparse_dataset/viscoplastic2/viscoplastic2_C_6.mtx]
[K : 32]
[Sputnik_gflops : 6.24 ]
Matrix diff: 62830.488281
* 	Execution time: .312810303 seconds

---New data---

[Remaining: 489]

[File : ./suiteSparse_dataset/viscoplastic2/viscoplastic2_C_3.mtx]
[K : 32]
[Sputnik_gflops : 6.24 ]
Matrix diff: 48563.097656
* 	Execution time: .325546425 seconds

---New data---

[Remaining: 488]

[File : ./suiteSparse_dataset/viscoplastic2/viscoplastic2_C_7.mtx]
[K : 32]
[Sputnik_gflops : 6.24 ]
Matrix diff: 61439.808594
* 	Execution time: .308871688 seconds

---New data---

[Remaining: 487]

[File : ./suiteSparse_dataset/viscoplastic2/viscoplastic2_C_5.mtx]
[K : 32]
[Sputnik_gflops : 6.24 ]
Matrix diff: 62666.082031
* 	Execution time: .338375351 seconds

---New data---

[Remaining: 486]

[File : ./suiteSparse_dataset/viscoplastic2/viscoplastic2.mtx]
[K : 32]
[Sputnik_gflops : 5.90 ]
Matrix diff: 27247.890625
* 	Execution time: .333399130 seconds

---New data---

[Remaining: 485]

[File : ./suiteSparse_dataset/viscoplastic2/viscoplastic2_C_2.mtx]
[K : 32]
[Sputnik_gflops : 5.90 ]
Matrix diff: 63887.281250
* 	Execution time: .334389577 seconds

---New data---

[Remaining: 484]

[File : ./suiteSparse_dataset/viscoplastic2/viscoplastic2_C_1.mtx]
[K : 32]
[Sputnik_gflops : 5.90 ]
Matrix diff: 63418.687500
* 	Execution time: .332530211 seconds

---New data---

[Remaining: 483]

[File : ./suiteSparse_dataset/viscoplastic2/viscoplastic2_C_4.mtx]
[K : 32]
[Sputnik_gflops : 5.90 ]
Matrix diff: 62217.199219
* 	Execution time: .328186806 seconds

---New data---

[Remaining: 482]

[File : ./suiteSparse_dataset/ABACUS_shell_md/ABACUS_shell_md_K.mtx]
[K : 32]
[Sputnik_gflops : 6.55 ]
Matrix diff: 42739.039062
* 	Execution time: .262443558 seconds

---New data---

[Remaining: 481]

[File : ./suiteSparse_dataset/ABACUS_shell_md/ABACUS_shell_md.mtx]
[K : 32]
[Sputnik_gflops : 6.62 ]
Matrix diff: 50194.000000
* 	Execution time: .290035787 seconds

---New data---

[Remaining: 480]

[File : ./suiteSparse_dataset/ABACUS_shell_md/ABACUS_shell_md_M.mtx]
[K : 32]
[Sputnik_gflops : 6.26 ]
Matrix diff: 47689.910156
* 	Execution time: .257808748 seconds

---New data---

[Remaining: 479]

[File : ./suiteSparse_dataset/Dubcova1/Dubcova1.mtx]
[K : 32]
[Sputnik_gflops : 16.07 ]
Matrix diff: 63783.250000
* 	Execution time: .246241507 seconds

---New data---

[Remaining: 478]

[File : ./suiteSparse_dataset/ted_A/ted_A.mtx]
[K : 32]
[Sputnik_gflops : 61.36 ]
Matrix diff: 24693.001953
* 	Execution time: .291803132 seconds

---New data---

[Remaining: 477]

[File : ./suiteSparse_dataset/mk12-b4/mk12-b4.mtx]
[K : 32]
[Sputnik_gflops : 1.60 ]
Matrix diff: 37471.199219
* 	Execution time: .416853409 seconds

---New data---

[Remaining: 476]

[File : ./suiteSparse_dataset/std1_Jac3_db/std1_Jac3_db.mtx]
[K : 32]
[Sputnik_gflops : 19.24 ]
Matrix diff: 48945.441406
* 	Execution time: .331370315 seconds

---New data---

[Remaining: 475]

[File : ./suiteSparse_dataset/OPF_10000/OPF_10000.mtx]
[K : 32]
[Sputnik_gflops : 4.27 ]
Matrix diff: 37594.171875
* 	Execution time: .370997602 seconds

---New data---

[Remaining: 474]

[File : ./suiteSparse_dataset/worms20_10NN/worms20_10NN.mtx]
[K : 32]
[Sputnik_gflops : 10.50 ]
Matrix diff: 42203.816406
* 	Execution time: .269875784 seconds

---New data---

[Remaining: 473]

[File : ./suiteSparse_dataset/cbuckle/cbuckle.mtx]
[K : 32]
[Sputnik_gflops : 62.39 ]
Matrix diff: 63019.765625
* 	Execution time: .317844613 seconds

---New data---

[Remaining: 472]

[File : ./suiteSparse_dataset/cbuckle/cbuckle_G.mtx]
[K : 32]
[Sputnik_gflops : 47.58 ]
Matrix diff: 35359.804688
* 	Execution time: .288332113 seconds

---New data---

[Remaining: 471]

[File : ./suiteSparse_dataset/c-71/c-71.mtx]
[K : 32]
[Sputnik_gflops : 2.49 ]
Matrix diff: 41961.281250
* 	Execution time: .586693311 seconds

---New data---

[Remaining: 470]

[File : ./suiteSparse_dataset/std1_Jac2/std1_Jac2.mtx]
[K : 32]
[Sputnik_gflops : 44.88 ]
Matrix diff: 52816.695312
* 	Execution time: .455763780 seconds

---New data---

[Remaining: 469]

[File : ./suiteSparse_dataset/ifiss_mat/ifiss_mat.mtx]
[K : 32]
[Sputnik_gflops : 6.81 ]
Matrix diff: 91225.312500
* 	Execution time: 1.235183281 seconds

---New data---

[Remaining: 468]

[File : ./suiteSparse_dataset/TSOPF_RS_b678_c1/TSOPF_RS_b678_c1.mtx]
[K : 32]
[Sputnik_gflops : 215.00 ]
Matrix diff: 54085.492188
* 	Execution time: 1.004160640 seconds

---New data---

[Remaining: 467]

[File : ./suiteSparse_dataset/Zd_Jac2_db/Zd_Jac2_db.mtx]
[K : 32]
[Sputnik_gflops : 22.64 ]
Matrix diff: 37655.589844
* 	Execution time: .362079940 seconds

---New data---

[Remaining: 466]

[File : ./suiteSparse_dataset/scfxm1-2b/scfxm1-2b_A_3.mtx]
[K : 32]
[Sputnik_gflops : 3.10 ]
Matrix diff: 37558.375000
* 	Execution time: .263296027 seconds

---New data---

[Remaining: 465]

[File : ./suiteSparse_dataset/scfxm1-2b/scfxm1-2b.mtx]
[K : 32]
[Sputnik_gflops : 2.94 ]
Matrix diff: 44500.507812
* 	Execution time: .244919608 seconds

---New data---

[Remaining: 464]

[File : ./suiteSparse_dataset/mario001/mario001.mtx]
[K : 32]
[Sputnik_gflops : 2.33 ]
Matrix diff: 61494.464844
* 	Execution time: .314305837 seconds

---New data---

[Remaining: 463]

[File : ./suiteSparse_dataset/e18/e18.mtx]
[K : 32]
[Sputnik_gflops : 2.74 ]
Matrix diff: 23224.523438
* 	Execution time: .310575903 seconds

---New data---

[Remaining: 462]

[File : ./suiteSparse_dataset/nsct/nsct_A_1.mtx]
[K : 32]
[Sputnik_gflops : 13.16 ]
Matrix diff: 44886.882812
* 	Execution time: .375094615 seconds

---New data---

[Remaining: 461]

[File : ./suiteSparse_dataset/nsct/nsct.mtx]
[K : 32]
[Sputnik_gflops : 13.43 ]
Matrix diff: 30307.251953
* 	Execution time: .378750069 seconds

---New data---

[Remaining: 460]

[File : ./suiteSparse_dataset/nsct/nsct_A_2.mtx]
[K : 32]
[Sputnik_gflops : 13.43 ]
Matrix diff: 53583.007812
* 	Execution time: .368707718 seconds

---New data---

[Remaining: 459]

[File : ./suiteSparse_dataset/lowThrust_10/lowThrust_10.mtx]
[K : 32]
[Sputnik_gflops : 11.04 ]
Matrix diff: 51479.722656
* 	Execution time: .267051859 seconds

---New data---

[Remaining: 458]

[File : ./suiteSparse_dataset/2D_27628_bjtcai/2D_27628_bjtcai.mtx]
[K : 32]
[Sputnik_gflops : 9.66 ]
Matrix diff: 31543.197266
* 	Execution time: .334218777 seconds

---New data---

[Remaining: 457]

[File : ./suiteSparse_dataset/Si10H16/Si10H16.mtx]
[K : 32]
[Sputnik_gflops : 49.16 ]
Matrix diff: 61314.875000
* 	Execution time: .338105735 seconds

---New data---

[Remaining: 456]

[File : ./suiteSparse_dataset/af23560/af23560.mtx]
[K : 32]
[Sputnik_gflops : 14.49 ]
Matrix diff: 35362.027344
* 	Execution time: .329490310 seconds

---New data---

[Remaining: 455]

[File : ./suiteSparse_dataset/m_t1/m_t1.mtx]
[K : 32]
[Sputnik_gflops : 17.37 ]
Matrix diff: 13817.222656
* 	Execution time: 1.985082393 seconds

---New data---

[Remaining: 454]

[File : ./suiteSparse_dataset/cit-HepPh/cit-HepPh.mtx]
[K : 32]
[Sputnik_gflops : 6.21 ]
Matrix diff: 67414.132812
* 	Execution time: .356913602 seconds

---New data---

[Remaining: 453]

[File : ./suiteSparse_dataset/rma10/rma10.mtx]
[K : 32]
[Sputnik_gflops : 18.97 ]
Matrix diff: 36960.109375
* 	Execution time: .720013925 seconds

---New data---

[Remaining: 452]

[File : ./suiteSparse_dataset/GaAsH6/GaAsH6.mtx]
[K : 32]
[Sputnik_gflops : 15.25 ]
Matrix diff: 60229.289062
* 	Execution time: .846541411 seconds

---New data---

[Remaining: 451]

[File : ./suiteSparse_dataset/c-67/c-67.mtx]
[K : 32]
[Sputnik_gflops : 2.79 ]
Matrix diff: 64153.546875
* 	Execution time: .437919079 seconds

---New data---

[Remaining: 450]

[File : ./suiteSparse_dataset/nv2010/nv2010.mtx]
[K : 32]
[Sputnik_gflops : 1.03 ]
Matrix diff: 58826.476562
* 	Execution time: .548559365 seconds

---New data---

[Remaining: 449]

[File : ./suiteSparse_dataset/bcircuit/bcircuit.mtx]
[K : 32]
[Sputnik_gflops : 1.39 ]
Matrix diff: 64224.582031
* 	Execution time: .486155519 seconds

---New data---

[Remaining: 448]

[File : ./suiteSparse_dataset/shyy161/shyy161.mtx]
[K : 32]
[Sputnik_gflops : 0.99 ]
Matrix diff: 48576.476562
* 	Execution time: .512331391 seconds

---New data---

[Remaining: 447]

[File : ./suiteSparse_dataset/c-64b/c-64b.mtx]
[K : 32]
[Sputnik_gflops : 4.85 ]
Matrix diff: 61202.964844
* 	Execution time: .407172784 seconds

---New data---

[Remaining: 446]

[File : ./suiteSparse_dataset/c-59/c-59.mtx]
[K : 32]
[Sputnik_gflops : 4.96 ]
Matrix diff: 28138.677734
* 	Execution time: .357087177 seconds

---New data---

[Remaining: 445]

[File : ./suiteSparse_dataset/vsp_c-60_data_cti_cs4/vsp_c-60_data_cti_cs4.mtx]
[K : 32]
[Sputnik_gflops : 1.15 ]
Matrix diff: 33134.535156
* 	Execution time: .581808521 seconds

---New data---

[Remaining: 444]

[File : ./suiteSparse_dataset/cond-mat-2005/cond-mat-2005.mtx]
[K : 32]
[Sputnik_gflops : 3.78 ]
Matrix diff: 62879.128906
* 	Execution time: .329503404 seconds

---New data---

[Remaining: 443]

[File : ./suiteSparse_dataset/mark3jac040/mark3jac040.mtx]
[K : 32]
[Sputnik_gflops : 5.94 ]
Matrix diff: 60366.589844
* 	Execution time: .236790945 seconds

---New data---

[Remaining: 442]

[File : ./suiteSparse_dataset/kim1/kim1.mtx]
[K : 32]
[Sputnik_gflops : 11.12 ]
Matrix diff: 64044.125000
* 	Execution time: .413568878 seconds

---New data---

[Remaining: 441]

[File : ./suiteSparse_dataset/juba40k/juba40k.mtx]
[K : 32]
[Sputnik_gflops : 1.57 ]
Matrix diff: 56082.011719
* 	Execution time: .311177811 seconds

---New data---

[Remaining: 440]

[File : ./suiteSparse_dataset/TSOPF_FS_b300_c1/TSOPF_FS_b300_c1.mtx]
[K : 32]
[Sputnik_gflops : 84.94 ]
Matrix diff: 43000.175781
* 	Execution time: .898443444 seconds

---New data---

[Remaining: 439]

[File : ./suiteSparse_dataset/pfinan512/pfinan512.mtx]
[K : 32]
[Sputnik_gflops : 1.88 ]
Matrix diff: 24809.140625
* 	Execution time: .526544021 seconds

---New data---

[Remaining: 438]

[File : ./suiteSparse_dataset/case39/case39_A_12.mtx]
[K : 32]
[Sputnik_gflops : 11.33 ]
Matrix diff: 56776.671875
* 	Execution time: .438691667 seconds

---New data---

[Remaining: 437]

[File : ./suiteSparse_dataset/case39/case39_A_13.mtx]
[K : 32]
[Sputnik_gflops : 11.33 ]
Matrix diff: 56463.929688
* 	Execution time: .412602686 seconds

---New data---

[Remaining: 436]

[File : ./suiteSparse_dataset/case39/case39_A_09.mtx]
[K : 32]
[Sputnik_gflops : 11.34 ]
Matrix diff: 53709.722656
* 	Execution time: .433965354 seconds

---New data---

[Remaining: 435]

[File : ./suiteSparse_dataset/case39/case39.mtx]
[K : 32]
[Sputnik_gflops : 11.33 ]
Matrix diff: 52420.796875
* 	Execution time: .435610549 seconds

---New data---

[Remaining: 434]

[File : ./suiteSparse_dataset/case39/case39_A_07.mtx]
[K : 32]
[Sputnik_gflops : 11.33 ]
Matrix diff: 53305.367188
* 	Execution time: .433308603 seconds

---New data---

[Remaining: 433]

[File : ./suiteSparse_dataset/case39/case39_A_03.mtx]
[K : 32]
[Sputnik_gflops : 11.33 ]
Matrix diff: 57286.750000
* 	Execution time: .435098309 seconds

---New data---

[Remaining: 432]

[File : ./suiteSparse_dataset/case39/case39_A_11.mtx]
[K : 32]
[Sputnik_gflops : 11.33 ]
Matrix diff: 66406.195312
* 	Execution time: .408238152 seconds

---New data---

[Remaining: 431]

[File : ./suiteSparse_dataset/case39/case39_A_02.mtx]
[K : 32]
[Sputnik_gflops : 11.33 ]
Matrix diff: 33553.660156
* 	Execution time: .437376149 seconds

---New data---

[Remaining: 430]

[File : ./suiteSparse_dataset/case39/case39_A_05.mtx]
[K : 32]
[Sputnik_gflops : 11.33 ]
Matrix diff: 61762.671875
* 	Execution time: .432331710 seconds

---New data---

[Remaining: 429]

[File : ./suiteSparse_dataset/case39/case39_A_04.mtx]
[K : 32]
[Sputnik_gflops : 11.34 ]
Matrix diff: 61437.558594
* 	Execution time: .430266699 seconds

---New data---

[Remaining: 428]

[File : ./suiteSparse_dataset/case39/case39_A_06.mtx]
[K : 32]
[Sputnik_gflops : 11.33 ]
Matrix diff: 64711.835938
* 	Execution time: .437975354 seconds

---New data---

[Remaining: 427]

[File : ./suiteSparse_dataset/case39/case39_A_08.mtx]
[K : 32]
[Sputnik_gflops : 11.34 ]
Matrix diff: 58278.199219
* 	Execution time: .428672419 seconds

---New data---

[Remaining: 426]

[File : ./suiteSparse_dataset/case39/case39_A_10.mtx]
[K : 32]
[Sputnik_gflops : 11.34 ]
Matrix diff: 58556.085938
* 	Execution time: .440217698 seconds

---New data---

[Remaining: 425]

[File : ./suiteSparse_dataset/case39/case39_A_01.mtx]
[K : 32]
[Sputnik_gflops : 11.34 ]
Matrix diff: 58066.562500
* 	Execution time: .439018159 seconds

---New data---

[Remaining: 424]

[File : ./suiteSparse_dataset/ncvxqp7/ncvxqp7.mtx]
[K : 32]
[Sputnik_gflops : 1.32 ]
Matrix diff: 47941.125000
* 	Execution time: .605813954 seconds

---New data---

[Remaining: 423]

[File : ./suiteSparse_dataset/uni_chimera_i2/uni_chimera_i2_A_18.mtx]
[K : 32]
[Sputnik_gflops : 1.40 ]
Matrix diff: 41528.453125
* 	Execution time: .749823681 seconds

---New data---

[Remaining: 422]

[File : ./suiteSparse_dataset/uni_chimera_i2/uni_chimera_i2_A_02.mtx]
[K : 32]
[Sputnik_gflops : 1.40 ]
Matrix diff: 54894.031250
* 	Execution time: .753896237 seconds

---New data---

[Remaining: 421]

[File : ./suiteSparse_dataset/uni_chimera_i2/uni_chimera_i2_A_14.mtx]
[K : 32]
[Sputnik_gflops : 1.40 ]
Matrix diff: 51439.355469
* 	Execution time: .732823533 seconds

---New data---

[Remaining: 420]

[File : ./suiteSparse_dataset/uni_chimera_i2/uni_chimera_i2_A_10.mtx]
[K : 32]
[Sputnik_gflops : 1.40 ]
Matrix diff: 46713.226562
* 	Execution time: .746581251 seconds

---New data---

[Remaining: 419]

[File : ./suiteSparse_dataset/uni_chimera_i2/uni_chimera_i2_A_17.mtx]
[K : 32]
[Sputnik_gflops : 1.40 ]
Matrix diff: 37373.796875
* 	Execution time: .741197716 seconds

---New data---

[Remaining: 418]

[File : ./suiteSparse_dataset/uni_chimera_i2/uni_chimera_i2.mtx]
[K : 32]
[Sputnik_gflops : 1.40 ]
Matrix diff: 45389.687500
* 	Execution time: .755272427 seconds

---New data---

[Remaining: 417]

[File : ./suiteSparse_dataset/uni_chimera_i2/uni_chimera_i2_A_16.mtx]
[K : 32]
[Sputnik_gflops : 1.40 ]
Matrix diff: 49612.777344
* 	Execution time: .749873914 seconds

---New data---

[Remaining: 416]

[File : ./suiteSparse_dataset/uni_chimera_i2/uni_chimera_i2_A_07.mtx]
[K : 32]
[Sputnik_gflops : 1.40 ]
Matrix diff: 32526.134766
* 	Execution time: .751767386 seconds

---New data---

[Remaining: 415]

[File : ./suiteSparse_dataset/uni_chimera_i2/uni_chimera_i2_A_22.mtx]
[K : 32]
[Sputnik_gflops : 1.40 ]
Matrix diff: 50953.792969
* 	Execution time: .740530214 seconds

---New data---

[Remaining: 414]

[File : ./suiteSparse_dataset/uni_chimera_i2/uni_chimera_i2_A_20.mtx]
[K : 32]
[Sputnik_gflops : 1.40 ]
Matrix diff: 37268.269531
* 	Execution time: .739117294 seconds

---New data---

[Remaining: 413]

[File : ./suiteSparse_dataset/uni_chimera_i2/uni_chimera_i2_A_01.mtx]
[K : 32]
[Sputnik_gflops : 1.40 ]
Matrix diff: 58246.292969
* 	Execution time: .744405700 seconds

---New data---

[Remaining: 412]

[File : ./suiteSparse_dataset/uni_chimera_i2/uni_chimera_i2_A_19.mtx]
[K : 32]
[Sputnik_gflops : 1.40 ]
Matrix diff: 52380.308594
* 	Execution time: .726178923 seconds

---New data---

[Remaining: 411]

[File : ./suiteSparse_dataset/uni_chimera_i2/uni_chimera_i2_A_04.mtx]
[K : 32]
[Sputnik_gflops : 1.40 ]
Matrix diff: 33410.003906
* 	Execution time: .740313607 seconds

---New data---

[Remaining: 410]

[File : ./suiteSparse_dataset/uni_chimera_i2/uni_chimera_i2_A_09.mtx]
[K : 32]
[Sputnik_gflops : 1.40 ]
Matrix diff: 64154.339844
* 	Execution time: .753728022 seconds

---New data---

[Remaining: 409]

[File : ./suiteSparse_dataset/uni_chimera_i2/uni_chimera_i2_A_06.mtx]
[K : 32]
[Sputnik_gflops : 1.40 ]
Matrix diff: 45789.804688
* 	Execution time: .743349670 seconds

---New data---

[Remaining: 408]

[File : ./suiteSparse_dataset/uni_chimera_i2/uni_chimera_i2_A_13.mtx]
[K : 32]
[Sputnik_gflops : 1.40 ]
Matrix diff: 47861.179688
* 	Execution time: .752321173 seconds

---New data---

[Remaining: 407]

[File : ./suiteSparse_dataset/uni_chimera_i2/uni_chimera_i2_A_03.mtx]
[K : 32]
[Sputnik_gflops : 1.40 ]
Matrix diff: 38755.312500
* 	Execution time: .751553764 seconds

---New data---

[Remaining: 406]

[File : ./suiteSparse_dataset/uni_chimera_i2/uni_chimera_i2_A_15.mtx]
[K : 32]
[Sputnik_gflops : 1.40 ]
Matrix diff: 31149.003906
* 	Execution time: .743643892 seconds

---New data---

[Remaining: 405]

[File : ./suiteSparse_dataset/uni_chimera_i2/uni_chimera_i2_A_24.mtx]
[K : 32]
[Sputnik_gflops : 1.40 ]
Matrix diff: 42872.679688
* 	Execution time: .738305431 seconds

---New data---

[Remaining: 404]

[File : ./suiteSparse_dataset/uni_chimera_i2/uni_chimera_i2_A_05.mtx]
[K : 32]
[Sputnik_gflops : 1.40 ]
Matrix diff: 33940.863281
* 	Execution time: .735364066 seconds

---New data---

[Remaining: 403]

[File : ./suiteSparse_dataset/uni_chimera_i2/uni_chimera_i2_A_08.mtx]
[K : 32]
[Sputnik_gflops : 1.40 ]
Matrix diff: 42948.683594
* 	Execution time: .744783618 seconds

---New data---

[Remaining: 402]

[File : ./suiteSparse_dataset/uni_chimera_i2/uni_chimera_i2_A_11.mtx]
[K : 32]
[Sputnik_gflops : 1.40 ]
Matrix diff: 43564.429688
* 	Execution time: .740640108 seconds

---New data---

[Remaining: 401]

[File : ./suiteSparse_dataset/uni_chimera_i2/uni_chimera_i2_A_21.mtx]
[K : 32]
[Sputnik_gflops : 1.40 ]
Matrix diff: 4497.173340
* 	Execution time: .734954568 seconds

---New data---

[Remaining: 400]

[File : ./suiteSparse_dataset/uni_chimera_i2/uni_chimera_i2_A_12.mtx]
[K : 32]
[Sputnik_gflops : 1.40 ]
Matrix diff: 35591.699219
* 	Execution time: .736370713 seconds

---New data---

[Remaining: 399]

[File : ./suiteSparse_dataset/uni_chimera_i2/uni_chimera_i2_A_23.mtx]
[K : 32]
[Sputnik_gflops : 1.40 ]
Matrix diff: 66617.804688
* 	Execution time: .750037279 seconds

---New data---

[Remaining: 398]

[File : ./suiteSparse_dataset/venkat25/venkat25.mtx]
[K : 32]
[Sputnik_gflops : 7.76 ]
Matrix diff: 32829.000000
* 	Execution time: .692571464 seconds

---New data---

[Remaining: 397]

[File : ./suiteSparse_dataset/stokes128/stokes128.mtx]
[K : 32]
[Sputnik_gflops : 3.99 ]
Matrix diff: 37290.632812
* 	Execution time: .394944322 seconds

---New data---

[Remaining: 396]

[File : ./suiteSparse_dataset/finan512/finan512.mtx]
[K : 32]
[Sputnik_gflops : 1.88 ]
Matrix diff: 69656.312500
* 	Execution time: .517877760 seconds

---New data---

[Remaining: 395]

[File : ./suiteSparse_dataset/poisson3Db/poisson3Db.mtx]
[K : 32]
[Sputnik_gflops : 5.69 ]
Matrix diff: 16890.517578
* 	Execution time: 1.006613613 seconds

---New data---

[Remaining: 394]

[File : ./suiteSparse_dataset/preferentialAttachment/preferentialAttachment.mtx]
[K : 32]
[Sputnik_gflops : 1.76 ]
Matrix diff: 33529.421875
* 	Execution time: .763027999 seconds

---New data---

[Remaining: 393]

[File : ./suiteSparse_dataset/F2/F2.mtx]
[K : 32]
[Sputnik_gflops : 18.14 ]
Matrix diff: 101587.531250
* 	Execution time: 1.203899140 seconds

---New data---

[Remaining: 392]

[File : ./suiteSparse_dataset/dbir2/dbir2.mtx]
[K : 32]
[Sputnik_gflops : 23.40 ]
Matrix diff: 71598.312500
* 	Execution time: .469967902 seconds

---New data---

[Remaining: 391]

[File : ./suiteSparse_dataset/ca-AstroPh/ca-AstroPh.mtx]
[K : 32]
[Sputnik_gflops : 19.64 ]
Matrix diff: 33015.898438
* 	Execution time: .293587996 seconds

---New data---

[Remaining: 390]

[File : ./suiteSparse_dataset/g7jac080sc/g7jac080sc.mtx]
[K : 32]
[Sputnik_gflops : 9.21 ]
Matrix diff: 52742.773438
* 	Execution time: .296102481 seconds

---New data---

[Remaining: 389]

[File : ./suiteSparse_dataset/vsp_south31_slptsk/vsp_south31_slptsk.mtx]
[K : 32]
[Sputnik_gflops : 4.24 ]
Matrix diff: 58374.968750
* 	Execution time: .346642911 seconds

---New data---

[Remaining: 388]

[File : ./suiteSparse_dataset/pkustk08/pkustk08.mtx]
[K : 32]
[Sputnik_gflops : 112.38 ]
Matrix diff: 50560.585938
* 	Execution time: .706376959 seconds

---New data---

[Remaining: 387]

[File : ./suiteSparse_dataset/deltaX/deltaX.mtx]
[K : 32]
[Sputnik_gflops : 2.88 ]
Matrix diff: 55836.546875
* 	Execution time: .340362184 seconds

---New data---

[Remaining: 386]

[File : ./suiteSparse_dataset/TSOPF_FS_b39_c7/TSOPF_FS_b39_c7.mtx]
[K : 32]
[Sputnik_gflops : 16.11 ]
Matrix diff: 59808.722656
* 	Execution time: .354887742 seconds

---New data---

[Remaining: 385]

[File : ./suiteSparse_dataset/lhr71c/lhr71c.mtx]
[K : 32]
[Sputnik_gflops : 5.27 ]
Matrix diff: 53362.410156
* 	Execution time: .687685952 seconds

---New data---

[Remaining: 384]

[File : ./suiteSparse_dataset/mod2/mod2.mtx]
[K : 32]
[Sputnik_gflops : 1.52 ]
Matrix diff: 52267.308594
* 	Execution time: .339544410 seconds

---New data---

[Remaining: 383]

[File : ./suiteSparse_dataset/raefsky4/raefsky4.mtx]
[K : 32]
[Sputnik_gflops : 59.00 ]
Matrix diff: 63262.988281
* 	Execution time: .413337281 seconds

---New data---

[Remaining: 382]

[File : ./suiteSparse_dataset/cat_ears_4_4/cat_ears_4_4.mtx]
[K : 32]
[Sputnik_gflops : 2.77 ]
Matrix diff: 33576.585938
* 	Execution time: .275352663 seconds

---New data---

[Remaining: 381]

[File : ./suiteSparse_dataset/ckt11752_tr_0/ckt11752_tr_0.mtx]
[K : 32]
[Sputnik_gflops : 2.37 ]
Matrix diff: 62469.203125
* 	Execution time: .386887735 seconds

---New data---

[Remaining: 380]

[File : ./suiteSparse_dataset/gyro_k/gyro_k.mtx]
[K : 32]
[Sputnik_gflops : 58.74 ]
Matrix diff: 60131.468750
* 	Execution time: .359671901 seconds

---New data---

[Remaining: 379]

[File : ./suiteSparse_dataset/pkustk09/pkustk09.mtx]
[K : 32]
[Sputnik_gflops : 24.10 ]
Matrix diff: 64288.464844
* 	Execution time: .488934897 seconds

---New data---

[Remaining: 378]

[File : ./suiteSparse_dataset/Zd_Jac3_db/Zd_Jac3_db.mtx]
[K : 32]
[Sputnik_gflops : 23.86 ]
Matrix diff: 65342.832031
* 	Execution time: .372173775 seconds

---New data---

[Remaining: 377]

[File : ./suiteSparse_dataset/g7jac120sc/g7jac120sc.mtx]
[K : 32]
[Sputnik_gflops : 6.61 ]
Matrix diff: 47983.601562
* 	Execution time: .360508571 seconds

---New data---

[Remaining: 376]

[File : ./suiteSparse_dataset/mouse_gene/mouse_gene.mtx]
[K : 32]
[Sputnik_gflops : 217.05 ]
Matrix diff: 59190.546875
* 	Execution time: 5.027297650 seconds

---New data---

[Remaining: 375]

[File : ./suiteSparse_dataset/Trefethen_20000b/Trefethen_20000b.mtx]
[K : 32]
[Sputnik_gflops : 24.23 ]
Matrix diff: 58391.546875
* 	Execution time: .311276834 seconds

---New data---

[Remaining: 374]

[File : ./suiteSparse_dataset/3D_28984_Tetra/3D_28984_Tetra.mtx]
[K : 32]
[Sputnik_gflops : 12.54 ]
Matrix diff: 58880.925781
* 	Execution time: .356652410 seconds

---New data---

[Remaining: 373]

[File : ./suiteSparse_dataset/bcsstk29/bcsstk29.mtx]
[K : 32]
[Sputnik_gflops : 54.78 ]
Matrix diff: 58069.660156
* 	Execution time: .301748348 seconds

---New data---

[Remaining: 372]

[File : ./suiteSparse_dataset/mark3jac140/mark3jac140.mtx]
[K : 32]
[Sputnik_gflops : 1.71 ]
Matrix diff: 38492.199219
* 	Execution time: .454248906 seconds

---New data---

[Remaining: 371]

[File : ./suiteSparse_dataset/bcsstm36/bcsstm36.mtx]
[K : 32]
[Sputnik_gflops : 10.60 ]
Matrix diff: 38600.378906
* 	Execution time: .289650923 seconds

---New data---

[Remaining: 370]

[File : ./suiteSparse_dataset/mycielskian16/mycielskian16.mtx]
[K : 32]
[Sputnik_gflops : 224.11 ]
Matrix diff: 61951.023438
* 	Execution time: 5.576463292 seconds

---New data---

[Remaining: 369]

[File : ./suiteSparse_dataset/olesnik0/olesnik0.mtx]
[K : 32]
[Sputnik_gflops : 1.68 ]
Matrix diff: 64841.542969
* 	Execution time: .632866938 seconds

---New data---

[Remaining: 368]

[File : ./suiteSparse_dataset/c-52/c-52.mtx]
[K : 32]
[Sputnik_gflops : 6.21 ]
Matrix diff: 46396.468750
* 	Execution time: .269908914 seconds

---New data---

[Remaining: 367]

[File : ./suiteSparse_dataset/c-50/c-50.mtx]
[K : 32]
[Sputnik_gflops : 6.77 ]
Matrix diff: 66000.367188
* 	Execution time: .270496656 seconds

---New data---

[Remaining: 366]

[File : ./suiteSparse_dataset/pkustk05/pkustk05.mtx]
[K : 32]
[Sputnik_gflops : 27.98 ]
Matrix diff: 47586.121094
* 	Execution time: .583572814 seconds

---New data---

[Remaining: 365]

[File : ./suiteSparse_dataset/conf6_0-8x8-80/conf6_0-8x8-80.mtx]
[K : 32]
[Sputnik_gflops : 13.95 ]
Matrix diff: 58934.363281
* 	Execution time: .663030278 seconds

---New data---

[Remaining: 364]

[File : ./suiteSparse_dataset/vanbody/vanbody.mtx]
[K : 32]
[Sputnik_gflops : 18.51 ]
Matrix diff: 45513.574219
* 	Execution time: .624110086 seconds

---New data---

[Remaining: 363]

[File : ./suiteSparse_dataset/EAT_SR/EAT_SR.mtx]
[K : 32]
[Sputnik_gflops : 10.59 ]
Matrix diff: 31828.494141
* 	Execution time: .302132397 seconds

---New data---

[Remaining: 362]

[File : ./suiteSparse_dataset/c-62/c-62.mtx]
[K : 32]
[Sputnik_gflops : 5.65 ]
Matrix diff: 59387.960938
* 	Execution time: .361399931 seconds

---New data---

[Remaining: 361]

[File : ./suiteSparse_dataset/ns3Da/ns3Da.mtx]
[K : 32]
[Sputnik_gflops : 69.26 ]
Matrix diff: 44665.539062
* 	Execution time: .566641206 seconds

---New data---

[Remaining: 360]

[File : ./suiteSparse_dataset/pcrystk02/pcrystk02.mtx]
[K : 32]
[Sputnik_gflops : 85.87 ]
Matrix diff: 63382.363281
* 	Execution time: .344768986 seconds

---New data---

[Remaining: 359]

[File : ./suiteSparse_dataset/windscreen/windscreen.mtx]
[K : 32]
[Sputnik_gflops : 47.56 ]
Matrix diff: 31517.884766
* 	Execution time: .437443413 seconds

---New data---

[Remaining: 358]

[File : ./suiteSparse_dataset/windscreen/windscreen_M.mtx]
[K : 32]
[Sputnik_gflops : 47.52 ]
Matrix diff: 64938.785156
* 	Execution time: .434172829 seconds

---New data---

[Remaining: 357]

[File : ./suiteSparse_dataset/HEP-th-new/HEP-th-new.mtx]
[K : 32]
[Sputnik_gflops : 7.61 ]
Matrix diff: 39887.625000
* 	Execution time: .314579016 seconds

---New data---

[Remaining: 356]

[File : ./suiteSparse_dataset/bcsstk37/bcsstk37.mtx]
[K : 32]
[Sputnik_gflops : 29.51 ]
Matrix diff: 64975.679688
* 	Execution time: .412960294 seconds

---New data---

[Remaining: 355]

[File : ./suiteSparse_dataset/crystk02/crystk02.mtx]
[K : 32]
[Sputnik_gflops : 82.38 ]
Matrix diff: 58053.496094
* 	Execution time: .350082460 seconds

---New data---

[Remaining: 354]

[File : ./suiteSparse_dataset/dbir1/dbir1.mtx]
[K : 32]
[Sputnik_gflops : 21.08 ]
Matrix diff: 65359.632812
* 	Execution time: .453474383 seconds

---New data---

[Remaining: 353]

[File : ./suiteSparse_dataset/fem_filter/fem_filter.mtx]
[K : 32]
[Sputnik_gflops : 5.33 ]
Matrix diff: 55356.476562
* 	Execution time: .775349280 seconds

---New data---

[Remaining: 352]

[File : ./suiteSparse_dataset/flower_7_4/flower_7_4.mtx]
[K : 32]
[Sputnik_gflops : 1.90 ]
Matrix diff: 56196.781250
* 	Execution time: .338014180 seconds

---New data---

[Remaining: 351]

[File : ./suiteSparse_dataset/p2p-Gnutella31/p2p-Gnutella31.mtx]
[K : 32]
[Sputnik_gflops : 0.66 ]
Matrix diff: 43920.363281
* 	Execution time: .408285047 seconds

---New data---

[Remaining: 350]

[File : ./suiteSparse_dataset/tsyl201/tsyl201.mtx]
[K : 32]
[Sputnik_gflops : 99.07 ]
Matrix diff: 20715.201172
* 	Execution time: .557544637 seconds

---New data---

[Remaining: 349]

[File : ./suiteSparse_dataset/mark3jac100sc/mark3jac100sc.mtx]
[K : 32]
[Sputnik_gflops : 2.39 ]
Matrix diff: 30267.804688
* 	Execution time: .338316196 seconds

---New data---

[Remaining: 348]

[File : ./suiteSparse_dataset/copter2/copter2.mtx]
[K : 32]
[Sputnik_gflops : 4.34 ]
Matrix diff: 31834.705078
* 	Execution time: .462828162 seconds

---New data---

[Remaining: 347]

[File : ./suiteSparse_dataset/cz40948/cz40948.mtx]
[K : 32]
[Sputnik_gflops : 4.32 ]
Matrix diff: 31026.220703
* 	Execution time: .358186606 seconds

---New data---

[Remaining: 346]

[File : ./suiteSparse_dataset/vibrobox/vibrobox.mtx]
[K : 32]
[Sputnik_gflops : 39.01 ]
Matrix diff: 46307.199219
* 	Execution time: .264509329 seconds

---New data---

[Remaining: 345]

[File : ./suiteSparse_dataset/TF16/TF16.mtx]
[K : 32]
[Sputnik_gflops : 12.68 ]
Matrix diff: 41194.660156
* 	Execution time: .274299908 seconds

---New data---

[Remaining: 344]

[File : ./suiteSparse_dataset/TSOPF_RS_b162_c3/TSOPF_RS_b162_c3.mtx]
[K : 32]
[Sputnik_gflops : 45.02 ]
Matrix diff: 61584.351562
* 	Execution time: .332534104 seconds

---New data---

[Remaining: 343]

[File : ./suiteSparse_dataset/sme3Db/sme3Db.mtx]
[K : 32]
[Sputnik_gflops : 40.44 ]
Matrix diff: 58279.457031
* 	Execution time: .658658208 seconds

---New data---

[Remaining: 342]

[File : ./suiteSparse_dataset/venkat01/venkat01.mtx]
[K : 32]
[Sputnik_gflops : 7.35 ]
Matrix diff: 26912.003906
* 	Execution time: .698423123 seconds

---New data---

[Remaining: 341]

[File : ./suiteSparse_dataset/human_gene2/human_gene2.mtx]
[K : 32]
[Sputnik_gflops : 1034.51 ]
Matrix diff: 18807.886719
* 	Execution time: 2.949650480 seconds

---New data---

[Remaining: 340]

[File : ./suiteSparse_dataset/nmos3/nmos3.mtx]
[K : 32]
[Sputnik_gflops : 19.58 ]
Matrix diff: 32866.875000
* 	Execution time: .303683766 seconds

---New data---

[Remaining: 339]

[File : ./suiteSparse_dataset/jan99jac120/jan99jac120.mtx]
[K : 32]
[Sputnik_gflops : 2.68 ]
Matrix diff: 67377.570312
* 	Execution time: .338170292 seconds

---New data---

[Remaining: 338]

[File : ./suiteSparse_dataset/p010/p010.mtx]
[K : 32]
[Sputnik_gflops : 10.71 ]
Matrix diff: 52914.695312
* 	Execution time: .253964256 seconds

---New data---

[Remaining: 337]

[File : ./suiteSparse_dataset/gyro/gyro_M.mtx]
[K : 32]
[Sputnik_gflops : 19.73 ]
Matrix diff: 36002.968750
* 	Execution time: .278813130 seconds

---New data---

[Remaining: 336]

[File : ./suiteSparse_dataset/gyro/gyro.mtx]
[K : 32]
[Sputnik_gflops : 58.73 ]
Matrix diff: 66421.765625
* 	Execution time: .368172250 seconds

---New data---

[Remaining: 335]

[File : ./suiteSparse_dataset/pkustk02/pkustk02.mtx]
[K : 32]
[Sputnik_gflops : 112.65 ]
Matrix diff: 55584.960938
* 	Execution time: .332381047 seconds

---New data---

[Remaining: 334]

[File : ./suiteSparse_dataset/jan99jac100sc/jan99jac100sc.mtx]
[K : 32]
[Sputnik_gflops : 3.03 ]
Matrix diff: 59383.410156
* 	Execution time: .322962475 seconds

---New data---

[Remaining: 333]

[File : ./suiteSparse_dataset/ch7-7-b5/ch7-7-b5.mtx]
[K : 32]
[Sputnik_gflops : 1.89 ]
Matrix diff: 64336.847656
* 	Execution time: .360178250 seconds

---New data---

[Remaining: 332]

[File : ./suiteSparse_dataset/pkustk01/pkustk01.mtx]
[K : 32]
[Sputnik_gflops : 35.25 ]
Matrix diff: 61031.425781
* 	Execution time: .381371110 seconds

---New data---

[Remaining: 331]

[File : ./suiteSparse_dataset/finance256/finance256.mtx]
[K : 32]
[Sputnik_gflops : 3.76 ]
Matrix diff: 59022.902344
* 	Execution time: .313753479 seconds

---New data---

[Remaining: 330]

[File : ./suiteSparse_dataset/fxm3_16/fxm3_16.mtx]
[K : 32]
[Sputnik_gflops : 1.95 ]
Matrix diff: 58025.066406
* 	Execution time: .425697858 seconds

---New data---

[Remaining: 329]

[File : ./suiteSparse_dataset/jan99jac060/jan99jac060.mtx]
[K : 32]
[Sputnik_gflops : 5.25 ]
Matrix diff: 52338.085938
* 	Execution time: .255516004 seconds

---New data---

[Remaining: 328]

[File : ./suiteSparse_dataset/pwt/pwt.mtx]
[K : 32]
[Sputnik_gflops : 4.30 ]
Matrix diff: 44689.550781
* 	Execution time: .319079464 seconds

---New data---

[Remaining: 327]

[File : ./suiteSparse_dataset/mark3jac080/mark3jac080.mtx]
[K : 32]
[Sputnik_gflops : 2.99 ]
Matrix diff: 56545.058594
* 	Execution time: .318485511 seconds

---New data---

[Remaining: 326]

[File : ./suiteSparse_dataset/Ill_Stokes/Ill_Stokes.mtx]
[K : 32]
[Sputnik_gflops : 7.70 ]
Matrix diff: 50086.285156
* 	Execution time: .278861871 seconds

---New data---

[Remaining: 325]

[File : ./suiteSparse_dataset/SiO/SiO.mtx]
[K : 32]
[Sputnik_gflops : 20.68 ]
Matrix diff: 53492.054688
* 	Execution time: .465783984 seconds

---New data---

[Remaining: 324]

[File : ./suiteSparse_dataset/2D_54019_highK/2D_54019_highK.mtx]
[K : 32]
[Sputnik_gflops : 5.73 ]
Matrix diff: 17871.164062
* 	Execution time: .512159043 seconds

---New data---

[Remaining: 323]

[File : ./suiteSparse_dataset/rlfprim/rlfprim.mtx]
[K : 32]
[Sputnik_gflops : 1.48 ]
Matrix diff: 66592.296875
* 	Execution time: .434757246 seconds

---New data---

[Remaining: 322]

[File : ./suiteSparse_dataset/g7jac200sc/g7jac200sc.mtx]
[K : 32]
[Sputnik_gflops : 4.19 ]
Matrix diff: 60561.085938
* 	Execution time: .519142888 seconds

---New data---

[Remaining: 321]

[File : ./suiteSparse_dataset/astro-ph/astro-ph.mtx]
[K : 32]
[Sputnik_gflops : 15.18 ]
Matrix diff: 43266.328125
* 	Execution time: .261723835 seconds

---New data---

[Remaining: 320]

[File : ./suiteSparse_dataset/TSOPF_FS_b39_c19/TSOPF_FS_b39_c19.mtx]
[K : 32]
[Sputnik_gflops : 5.99 ]
Matrix diff: 57619.058594
* 	Execution time: .750795385 seconds

---New data---

[Remaining: 319]

[File : ./suiteSparse_dataset/bcsstk35/bcsstk35.mtx]
[K : 32]
[Sputnik_gflops : 27.79 ]
Matrix diff: 56001.195312
* 	Execution time: .456941652 seconds

---New data---

[Remaining: 318]

[File : ./suiteSparse_dataset/TSOPF_FS_b162_c4/TSOPF_FS_b162_c4.mtx]
[K : 32]
[Sputnik_gflops : 25.31 ]
Matrix diff: 42904.347656
* 	Execution time: .626302926 seconds

---New data---

[Remaining: 317]

[File : ./suiteSparse_dataset/lowThrust_12/lowThrust_12.mtx]
[K : 32]
[Sputnik_gflops : 11.55 ]
Matrix diff: 46553.816406
* 	Execution time: .264255982 seconds

---New data---

[Remaining: 316]

[File : ./suiteSparse_dataset/g7jac100/g7jac100.mtx]
[K : 32]
[Sputnik_gflops : 7.71 ]
Matrix diff: 38976.777344
* 	Execution time: .323418751 seconds

---New data---

[Remaining: 315]

[File : ./suiteSparse_dataset/g7jac050sc/g7jac050sc.mtx]
[K : 32]
[Sputnik_gflops : 12.65 ]
Matrix diff: 63606.253906
* 	Execution time: .251977109 seconds

---New data---

[Remaining: 314]

[File : ./suiteSparse_dataset/mycielskian14/mycielskian14.mtx]
[K : 32]
[Sputnik_gflops : 397.47 ]
Matrix diff: 16860.734375
* 	Execution time: .755643527 seconds

---New data---

[Remaining: 313]

[File : ./suiteSparse_dataset/gupta1/gupta1.mtx]
[K : 32]
[Sputnik_gflops : 35.46 ]
Matrix diff: 31417.402344
* 	Execution time: .574451789 seconds

---New data---

[Remaining: 312]

[File : ./suiteSparse_dataset/bayer04/bayer04.mtx]
[K : 32]
[Sputnik_gflops : 6.25 ]
Matrix diff: 53544.218750
* 	Execution time: .268036222 seconds

---New data---

[Remaining: 311]

[File : ./suiteSparse_dataset/Goodwin_071/Goodwin_071.mtx]
[K : 32]
[Sputnik_gflops : 9.52 ]
Matrix diff: 33730.773438
* 	Execution time: .671176780 seconds

---New data---

[Remaining: 310]

[File : ./suiteSparse_dataset/cyl6/cyl6.mtx]
[K : 32]
[Sputnik_gflops : 66.34 ]
Matrix diff: 63147.402344
* 	Execution time: .317471038 seconds

---New data---

[Remaining: 309]

[File : ./suiteSparse_dataset/g7jac140sc/g7jac140sc.mtx]
[K : 32]
[Sputnik_gflops : 5.78 ]
Matrix diff: 64096.726562
* 	Execution time: .385687011 seconds

---New data---

[Remaining: 308]

[File : ./suiteSparse_dataset/wing/wing.mtx]
[K : 32]
[Sputnik_gflops : 1.11 ]
Matrix diff: 67291.179688
* 	Execution time: .387841071 seconds

---New data---

[Remaining: 307]

[File : ./suiteSparse_dataset/crplat2/crplat2.mtx]
[K : 32]
[Sputnik_gflops : 51.76 ]
Matrix diff: 59573.273438
* 	Execution time: .336692351 seconds

---New data---

[Remaining: 306]

[File : ./suiteSparse_dataset/c-60/c-60.mtx]
[K : 32]
[Sputnik_gflops : 2.76 ]
Matrix diff: 52131.554688
* 	Execution time: .347218949 seconds

---New data---

[Remaining: 305]

[File : ./suiteSparse_dataset/mip1/mip1.mtx]
[K : 32]
[Sputnik_gflops : 40.93 ]
Matrix diff: 94908.281250
* 	Execution time: 1.887759084 seconds

---New data---

[Remaining: 304]

[File : ./suiteSparse_dataset/Zhao2/Zhao2.mtx]
[K : 32]
[Sputnik_gflops : 2.55 ]
Matrix diff: 61531.210938
* 	Execution time: .297873361 seconds

---New data---

[Remaining: 303]

[File : ./suiteSparse_dataset/c-66/c-66.mtx]
[K : 32]
[Sputnik_gflops : 3.51 ]
Matrix diff: 47398.035156
* 	Execution time: .396560380 seconds

---New data---

[Remaining: 302]

[File : ./suiteSparse_dataset/helm3d01/helm3d01.mtx]
[K : 32]
[Sputnik_gflops : 7.24 ]
Matrix diff: 40006.261719
* 	Execution time: .324033564 seconds

---New data---

[Remaining: 301]

[File : ./suiteSparse_dataset/k3plates/k3plates.mtx]
[K : 32]
[Sputnik_gflops : 53.14 ]
Matrix diff: 31646.388672
* 	Execution time: .284914520 seconds

---New data---

[Remaining: 300]

[File : ./suiteSparse_dataset/lowThrust_6/lowThrust_6.mtx]
[K : 32]
[Sputnik_gflops : 12.68 ]
Matrix diff: 59301.441406
* 	Execution time: .260862759 seconds

---New data---

[Remaining: 299]

[File : ./suiteSparse_dataset/Zd_Jac2/Zd_Jac2.mtx]
[K : 32]
[Sputnik_gflops : 54.63 ]
Matrix diff: 59766.691406
* 	Execution time: .509024674 seconds

---New data---

[Remaining: 298]

[File : ./suiteSparse_dataset/JP/JP.mtx]
[K : 32]
[Sputnik_gflops : 39.53 ]
Matrix diff: 60296.386719
* 	Execution time: 3.070298411 seconds

---New data---

[Remaining: 297]

[File : ./suiteSparse_dataset/wang4/wang4.mtx]
[K : 32]
[Sputnik_gflops : 4.58 ]
Matrix diff: 62760.859375
* 	Execution time: .279418194 seconds

---New data---

[Remaining: 296]

[File : ./suiteSparse_dataset/cit-HepTh/cit-HepTh.mtx]
[K : 32]
[Sputnik_gflops : 8.03 ]
Matrix diff: 45421.355469
* 	Execution time: .315951358 seconds

---New data---

[Remaining: 295]

[File : ./suiteSparse_dataset/crystm02/crystm02.mtx]
[K : 32]
[Sputnik_gflops : 28.82 ]
Matrix diff: 52369.359375
* 	Execution time: .267374711 seconds

---New data---

[Remaining: 294]

[File : ./suiteSparse_dataset/t3dh_a/t3dh_a.mtx]
[K : 32]
[Sputnik_gflops : 12.18 ]
Matrix diff: 89599.171875
* 	Execution time: 1.073145060 seconds

---New data---

[Remaining: 293]

[File : ./suiteSparse_dataset/jan99jac100/jan99jac100.mtx]
[K : 32]
[Sputnik_gflops : 3.20 ]
Matrix diff: 60409.269531
* 	Execution time: .308285123 seconds

---New data---

[Remaining: 292]

[File : ./suiteSparse_dataset/g7jac160/g7jac160.mtx]
[K : 32]
[Sputnik_gflops : 5.13 ]
Matrix diff: 56472.921875
* 	Execution time: .423315689 seconds

---New data---

[Remaining: 291]

[File : ./suiteSparse_dataset/g7jac040sc/g7jac040sc.mtx]
[K : 32]
[Sputnik_gflops : 14.35 ]
Matrix diff: 48511.539062
* 	Execution time: .249158954 seconds

---New data---

[Remaining: 290]

[File : ./suiteSparse_dataset/tandem_vtx/tandem_vtx.mtx]
[K : 32]
[Sputnik_gflops : 13.03 ]
Matrix diff: 73691.382812
* 	Execution time: .269954237 seconds

---New data---

[Remaining: 289]

[File : ./suiteSparse_dataset/c-51/c-51.mtx]
[K : 32]
[Sputnik_gflops : 6.63 ]
Matrix diff: 30692.505859
* 	Execution time: .274639534 seconds

---New data---

[Remaining: 288]

[File : ./suiteSparse_dataset/human_gene1/human_gene1.mtx]
[K : 32]
[Sputnik_gflops : 663.56 ]
Matrix diff: 76201.843750
* 	Execution time: 4.025390665 seconds

---New data---

[Remaining: 287]

[File : ./suiteSparse_dataset/wy2010/wy2010.mtx]
[K : 32]
[Sputnik_gflops : 1.01 ]
Matrix diff: 50467.417969
* 	Execution time: .582468280 seconds

---New data---

[Remaining: 286]

[File : ./suiteSparse_dataset/TSOPF_RS_b2052_c1/TSOPF_RS_b2052_c1.mtx]
[K : 32]
[Sputnik_gflops : 175.43 ]
Matrix diff: 40708.640625
* 	Execution time: 1.431073739 seconds

---New data---

[Remaining: 285]

[File : ./suiteSparse_dataset/c-56/c-56.mtx]
[K : 32]
[Sputnik_gflops : 5.19 ]
Matrix diff: 56526.449219
* 	Execution time: .323342216 seconds

---New data---

[Remaining: 284]

[File : ./suiteSparse_dataset/pkustk06/pkustk06.mtx]
[K : 32]
[Sputnik_gflops : 22.94 ]
Matrix diff: 18402.388672
* 	Execution time: .680415452 seconds

---New data---

[Remaining: 283]

[File : ./suiteSparse_dataset/vsp_bump2_e18_aa01_model1_crew1/vsp_bump2_e18_aa01_model1_crew1.mtx]
[K : 32]
[Sputnik_gflops : 3.32 ]
Matrix diff: 68177.562500
* 	Execution time: .429271206 seconds

---New data---

[Remaining: 282]

[File : ./suiteSparse_dataset/ex35/ex35.mtx]
[K : 32]
[Sputnik_gflops : 10.29 ]
Matrix diff: 38518.390625
* 	Execution time: .271244617 seconds

---New data---

[Remaining: 281]

[File : ./suiteSparse_dataset/copter1/copter1.mtx]
[K : 32]
[Sputnik_gflops : 12.44 ]
Matrix diff: 59855.382812
* 	Execution time: .271769922 seconds

---New data---

[Remaining: 280]

[File : ./suiteSparse_dataset/ncvxbqp1/ncvxbqp1.mtx]
[K : 32]
[Sputnik_gflops : 2.46 ]
Matrix diff: 60404.394531
* 	Execution time: .377655380 seconds

---New data---

[Remaining: 279]

[File : ./suiteSparse_dataset/mark3jac060sc/mark3jac060sc.mtx]
[K : 32]
[Sputnik_gflops : 3.98 ]
Matrix diff: 54509.203125
* 	Execution time: .261014354 seconds

---New data---

[Remaining: 278]

[File : ./suiteSparse_dataset/bcsstk25/bcsstk25.mtx]
[K : 32]
[Sputnik_gflops : 18.49 ]
Matrix diff: 65839.742188
* 	Execution time: .237632390 seconds

---New data---

[Remaining: 277]

[File : ./suiteSparse_dataset/TSOPF_RS_b162_c4/TSOPF_RS_b162_c4.mtx]
[K : 32]
[Sputnik_gflops : 34.27 ]
Matrix diff: 66114.281250
* 	Execution time: .352438876 seconds

---New data---

[Remaining: 276]

[File : ./suiteSparse_dataset/loc-Brightkite/loc-Brightkite.mtx]
[K : 32]
[Sputnik_gflops : 2.22 ]
Matrix diff: 41380.460938
* 	Execution time: .413230768 seconds

---New data---

[Remaining: 275]

[File : ./suiteSparse_dataset/garon2/garon2.mtx]
[K : 32]
[Sputnik_gflops : 37.15 ]
Matrix diff: 47321.554688
* 	Execution time: .286678708 seconds

---New data---

[Remaining: 274]

[File : ./suiteSparse_dataset/TSOPF_RS_b39_c30/TSOPF_RS_b39_c30.mtx]
[K : 32]
[Sputnik_gflops : 5.27 ]
Matrix diff: 65234.140625
* 	Execution time: .548003363 seconds

---New data---

[Remaining: 273]

[File : ./suiteSparse_dataset/TSOPF_RS_b300_c1/TSOPF_RS_b300_c1.mtx]
[K : 32]
[Sputnik_gflops : 120.42 ]
Matrix diff: 67356.984375
* 	Execution time: .472741638 seconds

---New data---

[Remaining: 272]

[File : ./suiteSparse_dataset/tube2/tube2.mtx]
[K : 32]
[Sputnik_gflops : 33.96 ]
Matrix diff: 59673.179688
* 	Execution time: .359101138 seconds

---New data---

[Remaining: 271]

[File : ./suiteSparse_dataset/lhr14c/lhr14c.mtx]
[K : 32]
[Sputnik_gflops : 26.37 ]
Matrix diff: 37869.945312
* 	Execution time: .282656245 seconds

---New data---

[Remaining: 270]

[File : ./suiteSparse_dataset/bayer01/bayer01.mtx]
[K : 32]
[Sputnik_gflops : 1.47 ]
Matrix diff: 55528.605469
* 	Execution time: .408076373 seconds

---New data---

[Remaining: 269]

[File : ./suiteSparse_dataset/nh2010/nh2010.mtx]
[K : 32]
[Sputnik_gflops : 1.73 ]
Matrix diff: 20252.939453
* 	Execution time: .355871482 seconds

---New data---

[Remaining: 268]

[File : ./suiteSparse_dataset/c-72/c-72.mtx]
[K : 32]
[Sputnik_gflops : 1.76 ]
Matrix diff: 3039.660889
* 	Execution time: .602263507 seconds

---New data---

[Remaining: 267]

[File : ./suiteSparse_dataset/IG5-15/IG5-15.mtx]
[K : 32]
[Sputnik_gflops : 41.07 ]
Matrix diff: 40080.824219
* 	Execution time: .288991555 seconds

---New data---

[Remaining: 266]

[File : ./suiteSparse_dataset/bauru5727/bauru5727.mtx]
[K : 32]
[Sputnik_gflops : 1.57 ]
Matrix diff: 56495.972656
* 	Execution time: .305384834 seconds

---New data---

[Remaining: 265]

[File : ./suiteSparse_dataset/Pres_Poisson/Pres_Poisson.mtx]
[K : 32]
[Sputnik_gflops : 56.64 ]
Matrix diff: 62333.296875
* 	Execution time: .321704375 seconds

---New data---

[Remaining: 264]

[File : ./suiteSparse_dataset/g7jac200/g7jac200.mtx]
[K : 32]
[Sputnik_gflops : 4.19 ]
Matrix diff: 60717.425781
* 	Execution time: .505656347 seconds

---New data---

[Remaining: 263]

[File : ./suiteSparse_dataset/g7jac100sc/g7jac100sc.mtx]
[K : 32]
[Sputnik_gflops : 7.71 ]
Matrix diff: 35485.722656
* 	Execution time: .317237058 seconds

---New data---

[Remaining: 262]

[File : ./suiteSparse_dataset/TSOPF_RS_b678_c2/TSOPF_RS_b678_c2.mtx]
[K : 32]
[Sputnik_gflops : 112.54 ]
Matrix diff: 77918.968750
* 	Execution time: 1.806882706 seconds

---New data---

[Remaining: 261]

[File : ./suiteSparse_dataset/scagr7-2r/scagr7-2r.mtx]
[K : 32]
[Sputnik_gflops : 1.38 ]
Matrix diff: 35426.007812
* 	Execution time: .297157677 seconds

---New data---

[Remaining: 260]

[File : ./suiteSparse_dataset/scagr7-2r/scagr7-2r_A_11.mtx]
[K : 32]
[Sputnik_gflops : 1.38 ]
Matrix diff: 36312.582031
* 	Execution time: .302150569 seconds

---New data---

[Remaining: 259]

[File : ./suiteSparse_dataset/TF17/TF17.mtx]
[K : 32]
[Sputnik_gflops : 5.56 ]
Matrix diff: 55753.660156
* 	Execution time: .414357931 seconds

---New data---

[Remaining: 258]

[File : ./suiteSparse_dataset/soc-sign-Slashdot090221/soc-sign-Slashdot090221.mtx]
[K : 32]
[Sputnik_gflops : 1.43 ]
Matrix diff: 29727.837891
* 	Execution time: .599920344 seconds

---New data---

[Remaining: 257]

[File : ./suiteSparse_dataset/net150/net150.mtx]
[K : 32]
[Sputnik_gflops : 28.82 ]
Matrix diff: 78222.664062
* 	Execution time: .718234988 seconds

---New data---

[Remaining: 256]

[File : ./suiteSparse_dataset/IG5-18/IG5-18.mtx]
[K : 32]
[Sputnik_gflops : 15.75 ]
Matrix diff: 58416.335938
* 	Execution time: .649258789 seconds

---New data---

[Remaining: 255]

[File : ./suiteSparse_dataset/mark3jac120sc/mark3jac120sc.mtx]
[K : 32]
[Sputnik_gflops : 2.00 ]
Matrix diff: 57077.718750
* 	Execution time: .404685565 seconds

---New data---

[Remaining: 254]

[File : ./suiteSparse_dataset/c-64/c-64.mtx]
[K : 32]
[Sputnik_gflops : 4.85 ]
Matrix diff: 63145.285156
* 	Execution time: .431759651 seconds

---New data---

[Remaining: 253]

[File : ./suiteSparse_dataset/email-Enron/email-Enron.mtx]
[K : 32]
[Sputnik_gflops : 4.80 ]
Matrix diff: 26843.863281
* 	Execution time: .318833110 seconds

---New data---

[Remaining: 252]

[File : ./suiteSparse_dataset/viscorocks/viscorocks.mtx]
[K : 32]
[Sputnik_gflops : 14.31 ]
Matrix diff: 49854.691406
* 	Execution time: .469100300 seconds

---New data---

[Remaining: 251]

[File : ./suiteSparse_dataset/std1_Jac3/std1_Jac3.mtx]
[K : 32]
[Sputnik_gflops : 52.26 ]
Matrix diff: 63701.867188
* 	Execution time: .503624877 seconds

---New data---

[Remaining: 250]

[File : ./suiteSparse_dataset/TSOPF_RS_b39_c7/TSOPF_RS_b39_c7.mtx]
[K : 32]
[Sputnik_gflops : 21.01 ]
Matrix diff: 60229.855469
* 	Execution time: .265691484 seconds

---New data---

[Remaining: 249]

[File : ./suiteSparse_dataset/mark3jac140sc/mark3jac140sc.mtx]
[K : 32]
[Sputnik_gflops : 1.62 ]
Matrix diff: 55431.601562
* 	Execution time: .471850476 seconds

---New data---

[Remaining: 248]

[File : ./suiteSparse_dataset/gyro_m/gyro_m.mtx]
[K : 32]
[Sputnik_gflops : 19.73 ]
Matrix diff: 39958.070312
* 	Execution time: .280589389 seconds

---New data---

[Remaining: 247]

[File : ./suiteSparse_dataset/epb2/epb2.mtx]
[K : 32]
[Sputnik_gflops : 4.83 ]
Matrix diff: 47070.058594
* 	Execution time: .254017553 seconds

---New data---

[Remaining: 246]

[File : ./suiteSparse_dataset/ship_001/ship_001.mtx]
[K : 32]
[Sputnik_gflops : 66.22 ]
Matrix diff: 115994.421875
* 	Execution time: .934667234 seconds

---New data---

[Remaining: 245]

[File : ./suiteSparse_dataset/ted_A_unscaled/ted_A_unscaled.mtx]
[K : 32]
[Sputnik_gflops : 64.95 ]
Matrix diff: 45080.031250
* 	Execution time: .288514600 seconds

---New data---

[Remaining: 244]

[File : ./suiteSparse_dataset/vsp_msc10848_300sep_100in_1Kout/vsp_msc10848_300sep_100in_1Kout.mtx]
[K : 32]
[Sputnik_gflops : 81.61 ]
Matrix diff: 30178.052734
* 	Execution time: .612436292 seconds

---New data---

[Remaining: 243]

[File : ./suiteSparse_dataset/k49_norm_10NN/k49_norm_10NN.mtx]
[K : 32]
[Sputnik_gflops : 6.92 ]
Matrix diff: 56251.468750
* 	Execution time: .383798308 seconds

---New data---

[Remaining: 242]

[File : ./suiteSparse_dataset/ct2010/ct2010.mtx]
[K : 32]
[Sputnik_gflops : 1.23 ]
Matrix diff: 60474.441406
* 	Execution time: .458218394 seconds

---New data---

[Remaining: 241]

[File : ./suiteSparse_dataset/conf6_0-8x8-20/conf6_0-8x8-20.mtx]
[K : 32]
[Sputnik_gflops : 13.95 ]
Matrix diff: 57418.898438
* 	Execution time: .660248054 seconds

---New data---

[Remaining: 240]

[File : ./suiteSparse_dataset/fxm4_6/fxm4_6.mtx]
[K : 32]
[Sputnik_gflops : 4.42 ]
Matrix diff: 50829.378906
* 	Execution time: .308830554 seconds

---New data---

[Remaining: 239]

[File : ./suiteSparse_dataset/water_tank/water_tank.mtx]
[K : 32]
[Sputnik_gflops : 9.69 ]
Matrix diff: 46603.496094
* 	Execution time: .730814305 seconds

---New data---

[Remaining: 238]

[File : ./suiteSparse_dataset/windtunnel_evap3d/windtunnel_evap3d.mtx]
[K : 32]
[Sputnik_gflops : 28.65 ]
Matrix diff: 56624.484375
* 	Execution time: .796389736 seconds

---New data---

[Remaining: 237]

[File : ./suiteSparse_dataset/g7jac060sc/g7jac060sc.mtx]
[K : 32]
[Sputnik_gflops : 11.31 ]
Matrix diff: 53176.765625
* 	Execution time: .266324510 seconds

---New data---

[Remaining: 236]

[File : ./suiteSparse_dataset/c-61/c-61.mtx]
[K : 32]
[Sputnik_gflops : 2.87 ]
Matrix diff: 59941.464844
* 	Execution time: .347557092 seconds

---New data---

[Remaining: 235]

[File : ./suiteSparse_dataset/Goodwin_030/Goodwin_030.mtx]
[K : 32]
[Sputnik_gflops : 52.40 ]
Matrix diff: 44425.386719
* 	Execution time: .271288198 seconds

---New data---

[Remaining: 234]

[File : ./suiteSparse_dataset/lp_pds_10/lp_pds_10.mtx]
[K : 32]
[Sputnik_gflops : 2.29 ]
Matrix diff: 57151.457031
* 	Execution time: .267056403 seconds

---New data---

[Remaining: 233]

[File : ./suiteSparse_dataset/pkustk11/pkustk11.mtx]
[K : 32]
[Sputnik_gflops : 11.89 ]
Matrix diff: 2909.382568
* 	Execution time: 1.295586721 seconds

---New data---

[Remaining: 232]

[File : ./suiteSparse_dataset/rgg_n_2_15_s0/rgg_n_2_15_s0.mtx]
[K : 32]
[Sputnik_gflops : 5.25 ]
Matrix diff: 45172.726562
* 	Execution time: .302116205 seconds

---New data---

[Remaining: 231]

[File : ./suiteSparse_dataset/cz10228/cz10228.mtx]
[K : 32]
[Sputnik_gflops : 17.05 ]
Matrix diff: 65108.359375
* 	Execution time: .236720349 seconds

---New data---

[Remaining: 230]

[File : ./suiteSparse_dataset/bcsstk39/bcsstk39.mtx]
[K : 32]
[Sputnik_gflops : 16.79 ]
Matrix diff: 58359.406250
* 	Execution time: .556072863 seconds

---New data---

[Remaining: 229]

[File : ./suiteSparse_dataset/ted_AB_unscaled/ted_AB_unscaled.mtx]
[K : 32]
[Sputnik_gflops : 79.63 ]
Matrix diff: 44870.285156
* 	Execution time: .308962041 seconds

---New data---

[Remaining: 228]

[File : ./suiteSparse_dataset/vsp_model1_crew1_cr42_south31/vsp_model1_crew1_cr42_south31.mtx]
[K : 32]
[Sputnik_gflops : 3.29 ]
Matrix diff: 51776.593750
* 	Execution time: .370730725 seconds

---New data---

[Remaining: 227]

[File : ./suiteSparse_dataset/pli/pli.mtx]
[K : 32]
[Sputnik_gflops : 45.44 ]
Matrix diff: 54953.996094
* 	Execution time: .419630267 seconds

---New data---

[Remaining: 226]

[File : ./suiteSparse_dataset/bcsstk36/bcsstk36.mtx]
[K : 32]
[Sputnik_gflops : 37.60 ]
Matrix diff: 56258.945312
* 	Execution time: .396896068 seconds

---New data---

[Remaining: 225]

[File : ./suiteSparse_dataset/ncvxqp5/ncvxqp5.mtx]
[K : 32]
[Sputnik_gflops : 1.91 ]
Matrix diff: 65142.503906
* 	Execution time: .441508932 seconds

---New data---

[Remaining: 224]

[File : ./suiteSparse_dataset/mixtank_new/mixtank_new.mtx]
[K : 32]
[Sputnik_gflops : 38.75 ]
Matrix diff: 69042.242188
* 	Execution time: .616335963 seconds

---New data---

[Remaining: 223]

[File : ./suiteSparse_dataset/TSOPF_FS_b300_c3/TSOPF_FS_b300_c3.mtx]
[K : 32]
[Sputnik_gflops : 31.68 ]
Matrix diff: 31163.388672
* 	Execution time: 2.514537587 seconds

---New data---

[Remaining: 222]

[File : ./suiteSparse_dataset/Franz11/Franz11.mtx]
[K : 32]
[Sputnik_gflops : 4.09 ]
Matrix diff: 44848.769531
* 	Execution time: .336065784 seconds

---New data---

[Remaining: 221]

[File : ./suiteSparse_dataset/gas_sensor/gas_sensor.mtx]
[K : 32]
[Sputnik_gflops : 6.69 ]
Matrix diff: 49732.265625
* 	Execution time: .626624987 seconds

---New data---

[Remaining: 220]

[File : ./suiteSparse_dataset/cz20468/cz20468.mtx]
[K : 32]
[Sputnik_gflops : 8.63 ]
Matrix diff: 36978.386719
* 	Execution time: .265963323 seconds

---New data---

[Remaining: 219]

[File : ./suiteSparse_dataset/denormal/denormal.mtx]
[K : 32]
[Sputnik_gflops : 2.55 ]
Matrix diff: 9376.771484
* 	Execution time: .662718066 seconds

---New data---

[Remaining: 218]

[File : ./suiteSparse_dataset/conf5_4-8x8-20/conf5_4-8x8-20.mtx]
[K : 32]
[Sputnik_gflops : 13.95 ]
Matrix diff: 58575.589844
* 	Execution time: .651659269 seconds

---New data---

[Remaining: 217]

[File : ./suiteSparse_dataset/pdb1HYS/pdb1HYS.mtx]
[K : 32]
[Sputnik_gflops : 56.85 ]
Matrix diff: 100249.929688
* 	Execution time: .935493211 seconds

---New data---

[Remaining: 216]

[File : ./suiteSparse_dataset/mark3jac120/mark3jac120.mtx]
[K : 32]
[Sputnik_gflops : 2.00 ]
Matrix diff: 62063.101562
* 	Execution time: .406352880 seconds

---New data---

[Remaining: 215]

[File : ./suiteSparse_dataset/scfxm1-2r/scfxm1-2r_A_9.mtx]
[K : 32]
[Sputnik_gflops : 1.56 ]
Matrix diff: 50797.945312
* 	Execution time: .362395273 seconds

---New data---

[Remaining: 214]

[File : ./suiteSparse_dataset/scfxm1-2r/scfxm1-2r.mtx]
[K : 32]
[Sputnik_gflops : 1.56 ]
Matrix diff: 59326.746094
* 	Execution time: .357635479 seconds

---New data---

[Remaining: 213]

[File : ./suiteSparse_dataset/scfxm1-2r/scfxm1-2r_A_8.mtx]
[K : 32]
[Sputnik_gflops : 3.10 ]
Matrix diff: 56185.808594
* 	Execution time: .264047820 seconds

---New data---

[Remaining: 212]

[File : ./suiteSparse_dataset/av41092/av41092.mtx]
[K : 32]
[Sputnik_gflops : 17.50 ]
Matrix diff: 59658.687500
* 	Execution time: .598624481 seconds

---New data---

[Remaining: 211]

[File : ./suiteSparse_dataset/ted_AB/ted_AB.mtx]
[K : 32]
[Sputnik_gflops : 79.57 ]
Matrix diff: 45395.667969
* 	Execution time: .315675589 seconds

---New data---

[Remaining: 210]

[File : ./suiteSparse_dataset/jan99jac080/jan99jac080.mtx]
[K : 32]
[Sputnik_gflops : 3.98 ]
Matrix diff: 63432.199219
* 	Execution time: .287605084 seconds

---New data---

[Remaining: 209]

[File : ./suiteSparse_dataset/ramage02/ramage02.mtx]
[K : 32]
[Sputnik_gflops : 170.28 ]
Matrix diff: 58576.113281
* 	Execution time: .608448253 seconds

---New data---

[Remaining: 208]

[File : ./suiteSparse_dataset/c-53/c-53.mtx]
[K : 32]
[Sputnik_gflops : 7.16 ]
Matrix diff: 42084.464844
* 	Execution time: .313172376 seconds

---New data---

[Remaining: 207]

[File : ./suiteSparse_dataset/wathen120/wathen120.mtx]
[K : 32]
[Sputnik_gflops : 7.35 ]
Matrix diff: 61907.062500
* 	Execution time: .344334789 seconds

---New data---

[Remaining: 206]

[File : ./suiteSparse_dataset/TSOPF_RS_b300_c3/TSOPF_RS_b300_c3.mtx]
[K : 32]
[Sputnik_gflops : 41.26 ]
Matrix diff: 70022.210938
* 	Execution time: 1.067592462 seconds

---New data---

[Remaining: 205]

[File : ./suiteSparse_dataset/fome13/fome13.mtx]
[K : 32]
[Sputnik_gflops : 1.06 ]
Matrix diff: 41688.640625
* 	Execution time: .474285972 seconds

---New data---

[Remaining: 204]

[File : ./suiteSparse_dataset/ckt11752_dc_1/ckt11752_dc_1.mtx]
[K : 32]
[Sputnik_gflops : 2.37 ]
Matrix diff: 67312.617188
* 	Execution time: .385691547 seconds

---New data---

[Remaining: 203]

[File : ./suiteSparse_dataset/sinc18/sinc18.mtx]
[K : 32]
[Sputnik_gflops : 62.31 ]
Matrix diff: 62431.234375
* 	Execution time: .381387546 seconds

---New data---

[Remaining: 202]

[File : ./suiteSparse_dataset/ABACUS_shell_ld/ABACUS_shell_ld_M.mtx]
[K : 32]
[Sputnik_gflops : 6.62 ]
Matrix diff: 50395.148438
* 	Execution time: .274837663 seconds

---New data---

[Remaining: 201]

[File : ./suiteSparse_dataset/ABACUS_shell_ld/ABACUS_shell_ld_K.mtx]
[K : 32]
[Sputnik_gflops : 6.92 ]
Matrix diff: 41562.296875
* 	Execution time: .281056194 seconds

---New data---

[Remaining: 200]

[File : ./suiteSparse_dataset/ABACUS_shell_ld/ABACUS_shell_ld.mtx]
[K : 32]
[Sputnik_gflops : 7.00 ]
Matrix diff: 34997.734375
* 	Execution time: .272638950 seconds

---New data---

[Remaining: 199]

[File : ./suiteSparse_dataset/TSOPF_FS_b162_c1/TSOPF_FS_b162_c1.mtx]
[K : 32]
[Sputnik_gflops : 90.08 ]
Matrix diff: 56475.257812
* 	Execution time: .298044589 seconds

---New data---

[Remaining: 198]

[File : ./suiteSparse_dataset/vsp_barth5_1Ksep_50in_5Kout/vsp_barth5_1Ksep_50in_5Kout.mtx]
[K : 32]
[Sputnik_gflops : 3.43 ]
Matrix diff: 65594.578125
* 	Execution time: .290604618 seconds

---New data---

[Remaining: 197]

[File : ./suiteSparse_dataset/net4-1/net4-1.mtx]
[K : 32]
[Sputnik_gflops : 5.29 ]
Matrix diff: 33885.195312
* 	Execution time: .882098669 seconds

---New data---

[Remaining: 196]

[File : ./suiteSparse_dataset/c-57/c-57.mtx]
[K : 32]
[Sputnik_gflops : 4.98 ]
Matrix diff: 65089.968750
* 	Execution time: .312916565 seconds

---New data---

[Remaining: 195]

[File : ./suiteSparse_dataset/tube1/tube1.mtx]
[K : 32]
[Sputnik_gflops : 33.98 ]
Matrix diff: 65936.945312
* 	Execution time: .346545323 seconds

---New data---

[Remaining: 194]

[File : ./suiteSparse_dataset/cage10/cage10.mtx]
[K : 32]
[Sputnik_gflops : 20.12 ]
Matrix diff: 60164.945312
* 	Execution time: .230598288 seconds

---New data---

[Remaining: 193]

[File : ./suiteSparse_dataset/ACTIVSg10K/ACTIVSg10K.mtx]
[K : 32]
[Sputnik_gflops : 6.04 ]
Matrix diff: 68404.085938
* 	Execution time: .246675796 seconds

---New data---

[Remaining: 192]

[File : ./suiteSparse_dataset/Zd_Jac3/Zd_Jac3.mtx]
[K : 32]
[Sputnik_gflops : 63.61 ]
Matrix diff: 52508.941406
* 	Execution time: .561344236 seconds

---New data---

[Remaining: 191]

[File : ./suiteSparse_dataset/TSOPF_RS_b2383/TSOPF_RS_b2383.mtx]
[K : 32]
[Sputnik_gflops : 178.17 ]
Matrix diff: 141297.765625
* 	Execution time: 3.252984327 seconds

---New data---

[Remaining: 190]

[File : ./suiteSparse_dataset/bcsstk17/bcsstk17.mtx]
[K : 32]
[Sputnik_gflops : 61.49 ]
Matrix diff: 30083.357422
* 	Execution time: .280061909 seconds

---New data---

[Remaining: 189]

[File : ./suiteSparse_dataset/192bit/192bit.mtx]
[K : 32]
[Sputnik_gflops : 14.38 ]
Matrix diff: 49547.476562
* 	Execution time: .252062918 seconds

---New data---

[Remaining: 188]

[File : ./suiteSparse_dataset/mark3jac060/mark3jac060.mtx]
[K : 32]
[Sputnik_gflops : 3.98 ]
Matrix diff: 58185.121094
* 	Execution time: .264795813 seconds

---New data---

[Remaining: 187]

[File : ./suiteSparse_dataset/t3dl/t3dl.mtx]
[K : 32]
[Sputnik_gflops : 21.52 ]
Matrix diff: 59939.000000
* 	Execution time: .299740318 seconds

---New data---

[Remaining: 186]

[File : ./suiteSparse_dataset/psse2/psse2.mtx]
[K : 32]
[Sputnik_gflops : 6.39 ]
Matrix diff: 54321.296875
* 	Execution time: .253845650 seconds

---New data---

[Remaining: 185]

[File : ./suiteSparse_dataset/inlet/inlet.mtx]
[K : 32]
[Sputnik_gflops : 41.35 ]
Matrix diff: 45973.492188
* 	Execution time: .279855231 seconds

---New data---

[Remaining: 184]

[File : ./suiteSparse_dataset/mk12-b3/mk12-b3.mtx]
[K : 32]
[Sputnik_gflops : 4.79 ]
Matrix diff: 64194.339844
* 	Execution time: .288066799 seconds

---New data---

[Remaining: 183]

[File : ./suiteSparse_dataset/t3dh/t3dh.mtx]
[K : 32]
[Sputnik_gflops : 11.88 ]
Matrix diff: 90421.617188
* 	Execution time: 1.084971679 seconds

---New data---

[Remaining: 182]

[File : ./suiteSparse_dataset/t3dh/t3dh_E.mtx]
[K : 32]
[Sputnik_gflops : 12.18 ]
Matrix diff: 88828.460938
* 	Execution time: 1.066537812 seconds

---New data---

[Remaining: 181]

[File : ./suiteSparse_dataset/c-55/c-55.mtx]
[K : 32]
[Sputnik_gflops : 6.60 ]
Matrix diff: 59003.273438
* 	Execution time: .319890462 seconds

---New data---

[Remaining: 180]

[File : ./suiteSparse_dataset/ABACUS_shell_hd/ABACUS_shell_hd_M.mtx]
[K : 32]
[Sputnik_gflops : 6.61 ]
Matrix diff: 51233.929688
* 	Execution time: .276447091 seconds

---New data---

[Remaining: 179]

[File : ./suiteSparse_dataset/ABACUS_shell_hd/ABACUS_shell_hd_K.mtx]
[K : 32]
[Sputnik_gflops : 6.92 ]
Matrix diff: 34690.007812
* 	Execution time: .255337057 seconds

---New data---

[Remaining: 178]

[File : ./suiteSparse_dataset/ABACUS_shell_hd/ABACUS_shell_hd.mtx]
[K : 32]
[Sputnik_gflops : 7.00 ]
Matrix diff: 52166.378906
* 	Execution time: .276400833 seconds

---New data---

[Remaining: 177]

[File : ./suiteSparse_dataset/gupta2/gupta2.mtx]
[K : 32]
[Sputnik_gflops : 18.31 ]
Matrix diff: 40974.156250
* 	Execution time: .991696507 seconds

---New data---

[Remaining: 176]

[File : ./suiteSparse_dataset/hvdc1/hvdc1.mtx]
[K : 32]
[Sputnik_gflops : 4.55 ]
Matrix diff: 51875.117188
* 	Execution time: .265193599 seconds

---New data---

[Remaining: 175]

[File : ./suiteSparse_dataset/waveguide3D/waveguide3D.mtx]
[K : 32]
[Sputnik_gflops : 12.01 ]
Matrix diff: 42191.515625
* 	Execution time: .307589184 seconds

---New data---

[Remaining: 174]

[File : ./suiteSparse_dataset/sme3Dc/sme3Dc.mtx]
[K : 32]
[Sputnik_gflops : 29.75 ]
Matrix diff: 24871.005859
* 	Execution time: .933041802 seconds

---New data---

[Remaining: 173]

[File : ./suiteSparse_dataset/lowThrust_8/lowThrust_8.mtx]
[K : 32]
[Sputnik_gflops : 12.09 ]
Matrix diff: 59236.531250
* 	Execution time: .258428322 seconds

---New data---

[Remaining: 172]

[File : ./suiteSparse_dataset/psse0/psse0.mtx]
[K : 32]
[Sputnik_gflops : 6.08 ]
Matrix diff: 43751.050781
* 	Execution time: .250721532 seconds

---New data---

[Remaining: 171]

[File : ./suiteSparse_dataset/lhr71/lhr71.mtx]
[K : 32]
[Sputnik_gflops : 5.44 ]
Matrix diff: 52839.773438
* 	Execution time: .674533448 seconds

---New data---

[Remaining: 170]

[File : ./suiteSparse_dataset/apache1/apache1.mtx]
[K : 32]
[Sputnik_gflops : 1.46 ]
Matrix diff: 66912.320312
* 	Execution time: .554626559 seconds

---New data---

[Remaining: 169]

[File : ./suiteSparse_dataset/bcsstk31/bcsstk31.mtx]
[K : 32]
[Sputnik_gflops : 16.35 ]
Matrix diff: 68188.664062
* 	Execution time: .426326913 seconds

---New data---

[Remaining: 168]

[File : ./suiteSparse_dataset/lpl1/lpl1.mtx]
[K : 32]
[Sputnik_gflops : 5.47 ]
Matrix diff: 34139.550781
* 	Execution time: .311695986 seconds

---New data---

[Remaining: 167]

[File : ./suiteSparse_dataset/H2O/H2O.mtx]
[K : 32]
[Sputnik_gflops : 8.65 ]
Matrix diff: 41561.957031
* 	Execution time: .709234056 seconds

---New data---

[Remaining: 166]

[File : ./suiteSparse_dataset/fe_rotor/fe_rotor.mtx]
[K : 32]
[Sputnik_gflops : 2.35 ]
Matrix diff: 38035.179688
* 	Execution time: .797877903 seconds

---New data---

[Remaining: 165]

[File : ./suiteSparse_dataset/Goodwin_054/Goodwin_054.mtx]
[K : 32]
[Sputnik_gflops : 17.08 ]
Matrix diff: 42209.183594
* 	Execution time: .444419147 seconds

---New data---

[Remaining: 164]

[File : ./suiteSparse_dataset/onera_dual/onera_dual.mtx]
[K : 32]
[Sputnik_gflops : 1.01 ]
Matrix diff: 51370.464844
* 	Execution time: .583168158 seconds

---New data---

[Remaining: 163]

[File : ./suiteSparse_dataset/crystm03/crystm03.mtx]
[K : 32]
[Sputnik_gflops : 16.78 ]
Matrix diff: 60246.324219
* 	Execution time: .319447831 seconds

---New data---

[Remaining: 162]

[File : ./suiteSparse_dataset/bcsstk30/bcsstk30.mtx]
[K : 32]
[Sputnik_gflops : 42.56 ]
Matrix diff: 35973.824219
* 	Execution time: .542864813 seconds

---New data---

[Remaining: 161]

[File : ./suiteSparse_dataset/soc-Slashdot0902/soc-Slashdot0902.mtx]
[K : 32]
[Sputnik_gflops : 2.47 ]
Matrix diff: 55896.093750
* 	Execution time: .678590776 seconds

---New data---

[Remaining: 160]

[File : ./suiteSparse_dataset/onetone1/onetone1.mtx]
[K : 32]
[Sputnik_gflops : 4.61 ]
Matrix diff: 57785.910156
* 	Execution time: .331990500 seconds

---New data---

[Remaining: 159]

[File : ./suiteSparse_dataset/nd12k/nd12k.mtx]
[K : 32]
[Sputnik_gflops : 170.20 ]
Matrix diff: 44026.500000
* 	Execution time: 2.530287711 seconds

---New data---

[Remaining: 158]

[File : ./suiteSparse_dataset/std1_Jac2_db/std1_Jac2_db.mtx]
[K : 32]
[Sputnik_gflops : 18.05 ]
Matrix diff: 65085.109375
* 	Execution time: .330291104 seconds

---New data---

[Remaining: 157]

[File : ./suiteSparse_dataset/Chevron2/Chevron2.mtx]
[K : 32]
[Sputnik_gflops : 1.74 ]
Matrix diff: 51042.050781
* 	Execution time: .673066437 seconds

---New data---

[Remaining: 156]

[File : ./suiteSparse_dataset/ex11/ex11.mtx]
[K : 32]
[Sputnik_gflops : 68.52 ]
Matrix diff: 54334.492188
* 	Execution time: .400795137 seconds

---New data---

[Remaining: 155]

[File : ./suiteSparse_dataset/pltexpa/pltexpa_A_5.mtx]
[K : 32]
[Sputnik_gflops : 1.33 ]
Matrix diff: 29059.816406
* 	Execution time: .320888584 seconds

---New data---

[Remaining: 154]

[File : ./suiteSparse_dataset/pltexpa/pltexpa.mtx]
[K : 32]
[Sputnik_gflops : 1.33 ]
Matrix diff: 28532.279297
* 	Execution time: .306306690 seconds

---New data---

[Remaining: 153]

[File : ./suiteSparse_dataset/pltexpa/pltexpa_A_4.mtx]
[K : 32]
[Sputnik_gflops : 1.26 ]
Matrix diff: 41096.296875
* 	Execution time: .339864344 seconds

---New data---

[Remaining: 152]

[File : ./suiteSparse_dataset/msc10848/msc10848.mtx]
[K : 32]
[Sputnik_gflops : 176.65 ]
Matrix diff: 69265.093750
* 	Execution time: .389072144 seconds

---New data---

[Remaining: 151]

[File : ./suiteSparse_dataset/Si34H36/Si34H36.mtx]
[K : 32]
[Sputnik_gflops : 9.19 ]
Matrix diff: 37524.496094
* 	Execution time: 1.345254055 seconds

---New data---

[Remaining: 150]

[File : ./suiteSparse_dataset/TEM27623/TEM27623_M.mtx]
[K : 32]
[Sputnik_gflops : 10.11 ]
Matrix diff: 30584.240234
* 	Execution time: .314544748 seconds

---New data---

[Remaining: 149]

[File : ./suiteSparse_dataset/TEM27623/TEM27623.mtx]
[K : 32]
[Sputnik_gflops : 10.11 ]
Matrix diff: 33769.222656
* 	Execution time: .301495047 seconds

---New data---

[Remaining: 148]

[File : ./suiteSparse_dataset/appu/appu.mtx]
[K : 32]
[Sputnik_gflops : 156.68 ]
Matrix diff: 69886.343750
* 	Execution time: .603318471 seconds

---New data---

[Remaining: 147]

[File : ./suiteSparse_dataset/cage11/cage11.mtx]
[K : 32]
[Sputnik_gflops : 6.44 ]
Matrix diff: 45550.093750
* 	Execution time: .388367023 seconds

---New data---

[Remaining: 146]

[File : ./suiteSparse_dataset/lhr17/lhr17.mtx]
[K : 32]
[Sputnik_gflops : 20.45 ]
Matrix diff: 40622.093750
* 	Execution time: .300976976 seconds

---New data---

[Remaining: 145]

[File : ./suiteSparse_dataset/consph/consph.mtx]
[K : 32]
[Sputnik_gflops : 14.60 ]
Matrix diff: 19010.244141
* 	Execution time: 1.382829022 seconds

---New data---

[Remaining: 144]

[File : ./suiteSparse_dataset/mark3jac080sc/mark3jac080sc.mtx]
[K : 32]
[Sputnik_gflops : 2.99 ]
Matrix diff: 61994.210938
* 	Execution time: .316361854 seconds

---New data---

[Remaining: 143]

[File : ./suiteSparse_dataset/lowThrust_11/lowThrust_11.mtx]
[K : 32]
[Sputnik_gflops : 11.64 ]
Matrix diff: 45008.074219
* 	Execution time: .267593628 seconds

---New data---

[Remaining: 142]

[File : ./suiteSparse_dataset/TSOPF_FS_b162_c3/TSOPF_FS_b162_c3.mtx]
[K : 32]
[Sputnik_gflops : 33.27 ]
Matrix diff: 62711.957031
* 	Execution time: .518495919 seconds

---New data---

[Remaining: 141]

[File : ./suiteSparse_dataset/cond-mat-2003/cond-mat-2003.mtx]
[K : 32]
[Sputnik_gflops : 4.35 ]
Matrix diff: 73281.000000
* 	Execution time: .297146454 seconds

---New data---

[Remaining: 140]

[File : ./suiteSparse_dataset/cfd1/cfd1.mtx]
[K : 32]
[Sputnik_gflops : 6.11 ]
Matrix diff: 59526.019531
* 	Execution time: .685763505 seconds

---New data---

[Remaining: 139]

[File : ./suiteSparse_dataset/lowThrust_7/lowThrust_7.mtx]
[K : 32]
[Sputnik_gflops : 12.26 ]
Matrix diff: 47468.601562
* 	Execution time: .256857978 seconds

---New data---

[Remaining: 138]

[File : ./suiteSparse_dataset/light_in_tissue/light_in_tissue.mtx]
[K : 32]
[Sputnik_gflops : 8.31 ]
Matrix diff: 42307.039062
* 	Execution time: .331523023 seconds

---New data---

[Remaining: 137]

[File : ./suiteSparse_dataset/sd2010/sd2010.mtx]
[K : 32]
[Sputnik_gflops : 0.92 ]
Matrix diff: 56437.855469
* 	Execution time: .577472436 seconds

---New data---

[Remaining: 136]

[File : ./suiteSparse_dataset/bbmat/bbmat.mtx]
[K : 32]
[Sputnik_gflops : 20.65 ]
Matrix diff: 62278.289062
* 	Execution time: .595696538 seconds

---New data---

[Remaining: 135]

[File : ./suiteSparse_dataset/vfem/vfem.mtx]
[K : 32]
[Sputnik_gflops : 2.88 ]
Matrix diff: 37364.101562
* 	Execution time: .855019649 seconds

---New data---

[Remaining: 134]

[File : ./suiteSparse_dataset/Wordnet3/Wordnet3.mtx]
[K : 32]
[Sputnik_gflops : 0.34 ]
Matrix diff: 64126.214844
* 	Execution time: .531444258 seconds

---New data---

[Remaining: 133]

[File : ./suiteSparse_dataset/crankseg_1/crankseg_1.mtx]
[K : 32]
[Sputnik_gflops : 65.93 ]
Matrix diff: 82622.242188
* 	Execution time: 1.927634364 seconds

---New data---

[Remaining: 132]

[File : ./suiteSparse_dataset/laminar_duct3D/laminar_duct3D.mtx]
[K : 32]
[Sputnik_gflops : 14.93 ]
Matrix diff: 26372.082031
* 	Execution time: 1.112692895 seconds

---New data---

[Remaining: 131]

[File : ./suiteSparse_dataset/n4c6-b5/n4c6-b5.mtx]
[K : 32]
[Sputnik_gflops : 5.26 ]
Matrix diff: 42071.945312
* 	Execution time: .310019611 seconds

---New data---

[Remaining: 130]

[File : ./suiteSparse_dataset/rgg_n_2_16_s0/rgg_n_2_16_s0.mtx]
[K : 32]
[Sputnik_gflops : 2.80 ]
Matrix diff: 54310.925781
* 	Execution time: .485859692 seconds

---New data---

[Remaining: 129]

[File : ./suiteSparse_dataset/tomographic1/tomographic1.mtx]
[K : 32]
[Sputnik_gflops : 2.61 ]
Matrix diff: 62170.179688
* 	Execution time: .530248606 seconds

---New data---

[Remaining: 128]

[File : ./suiteSparse_dataset/soc-Epinions1/soc-Epinions1.mtx]
[K : 32]
[Sputnik_gflops : 1.55 ]
Matrix diff: 57435.656250
* 	Execution time: .551788406 seconds

---New data---

[Remaining: 127]

[File : ./suiteSparse_dataset/FEM_3D_thermal1/FEM_3D_thermal1.mtx]
[K : 32]
[Sputnik_gflops : 23.56 ]
Matrix diff: 37652.257812
* 	Execution time: .316635187 seconds

---New data---

[Remaining: 126]

[File : ./suiteSparse_dataset/invextr1_new/invextr1_new.mtx]
[K : 32]
[Sputnik_gflops : 33.83 ]
Matrix diff: 61206.738281
* 	Execution time: .570504992 seconds

---New data---

[Remaining: 125]

[File : ./suiteSparse_dataset/sc205-2r/sc205-2r_A_12.mtx]
[K : 32]
[Sputnik_gflops : 0.99 ]
Matrix diff: 41487.695312
* 	Execution time: .333725834 seconds

---New data---

[Remaining: 124]

[File : ./suiteSparse_dataset/sc205-2r/sc205-2r.mtx]
[K : 32]
[Sputnik_gflops : 0.99 ]
Matrix diff: 27234.587891
* 	Execution time: .312491026 seconds

---New data---

[Remaining: 123]

[File : ./suiteSparse_dataset/sparsine/sparsine.mtx]
[K : 32]
[Sputnik_gflops : 10.86 ]
Matrix diff: 51024.160156
* 	Execution time: .542223901 seconds

---New data---

[Remaining: 122]

[File : ./suiteSparse_dataset/wang3/wang3.mtx]
[K : 32]
[Sputnik_gflops : 4.58 ]
Matrix diff: 39590.617188
* 	Execution time: .271080737 seconds

---New data---

[Remaining: 121]

[File : ./suiteSparse_dataset/c-47/c-47.mtx]
[K : 32]
[Sputnik_gflops : 15.69 ]
Matrix diff: 65750.007812
* 	Execution time: .254765704 seconds

---New data---

[Remaining: 120]

[File : ./suiteSparse_dataset/TSOPF_FS_b300_c2/TSOPF_FS_b300_c2.mtx]
[K : 32]
[Sputnik_gflops : 46.62 ]
Matrix diff: 10753.049805
* 	Execution time: 1.692891793 seconds

---New data---

[Remaining: 119]

[File : ./suiteSparse_dataset/mark3jac100/mark3jac100.mtx]
[K : 32]
[Sputnik_gflops : 2.39 ]
Matrix diff: 64512.402344
* 	Execution time: .356672311 seconds

---New data---

[Remaining: 118]

[File : ./suiteSparse_dataset/rajat15/rajat15.mtx]
[K : 32]
[Sputnik_gflops : 5.61 ]
Matrix diff: 59019.175781
* 	Execution time: .374787068 seconds

---New data---

[Remaining: 117]

[File : ./suiteSparse_dataset/raefsky3/raefsky3.mtx]
[K : 32]
[Sputnik_gflops : 57.75 ]
Matrix diff: 54203.265625
* 	Execution time: .489444263 seconds

---New data---

[Remaining: 116]

[File : ./suiteSparse_dataset/Goodwin_040/Goodwin_040.mtx]
[K : 32]
[Sputnik_gflops : 30.40 ]
Matrix diff: 59957.437500
* 	Execution time: .304647208 seconds

---New data---

[Remaining: 115]

[File : ./suiteSparse_dataset/cvxbqp1/cvxbqp1.mtx]
[K : 32]
[Sputnik_gflops : 2.46 ]
Matrix diff: 55691.585938
* 	Execution time: .372073920 seconds

---New data---

[Remaining: 114]

[File : ./suiteSparse_dataset/Zd_Jac6/Zd_Jac6.mtx]
[K : 32]
[Sputnik_gflops : 53.88 ]
Matrix diff: 60419.437500
* 	Execution time: .544450376 seconds

---New data---

[Remaining: 113]

[File : ./suiteSparse_dataset/thread/thread.mtx]
[K : 32]
[Sputnik_gflops : 82.84 ]
Matrix diff: 54332.617188
* 	Execution time: .906818517 seconds

---New data---

[Remaining: 112]

[File : ./suiteSparse_dataset/epb3/epb3.mtx]
[K : 32]
[Sputnik_gflops : 1.10 ]
Matrix diff: 34370.875000
* 	Execution time: .605118665 seconds

---New data---

[Remaining: 111]

[File : ./suiteSparse_dataset/g7jac120/g7jac120.mtx]
[K : 32]
[Sputnik_gflops : 6.61 ]
Matrix diff: 29879.744141
* 	Execution time: .356470983 seconds

---New data---

[Remaining: 110]

[File : ./suiteSparse_dataset/world/world.mtx]
[K : 32]
[Sputnik_gflops : 1.51 ]
Matrix diff: 57538.886719
* 	Execution time: .346886170 seconds

---New data---

[Remaining: 109]

[File : ./suiteSparse_dataset/south31/south31.mtx]
[K : 32]
[Sputnik_gflops : 2.95 ]
Matrix diff: 55909.617188
* 	Execution time: .260164568 seconds

---New data---

[Remaining: 108]

[File : ./suiteSparse_dataset/Ga3As3H12/Ga3As3H12.mtx]
[K : 32]
[Sputnik_gflops : 26.23 ]
Matrix diff: 135454.687500
* 	Execution time: 1.261367225 seconds

---New data---

[Remaining: 107]

[File : ./suiteSparse_dataset/mycielskian15/mycielskian15.mtx]
[K : 32]
[Sputnik_gflops : 283.91 ]
Matrix diff: 90279.445312
* 	Execution time: 1.944047556 seconds

---New data---

[Remaining: 106]

[File : ./suiteSparse_dataset/sme3Da/sme3Da.mtx]
[K : 32]
[Sputnik_gflops : 95.06 ]
Matrix diff: 60606.183594
* 	Execution time: .383657451 seconds

---New data---

[Remaining: 105]

[File : ./suiteSparse_dataset/c-68/c-68.mtx]
[K : 32]
[Sputnik_gflops : 2.37 ]
Matrix diff: 56038.316406
* 	Execution time: .467385050 seconds

---New data---

[Remaining: 104]

[File : ./suiteSparse_dataset/rim/rim.mtx]
[K : 32]
[Sputnik_gflops : 34.72 ]
Matrix diff: 55802.101562
* 	Execution time: .420247831 seconds

---New data---

[Remaining: 103]

[File : ./suiteSparse_dataset/fome12/fome12.mtx]
[K : 32]
[Sputnik_gflops : 2.11 ]
Matrix diff: 28488.244141
* 	Execution time: .304855978 seconds

---New data---

[Remaining: 102]

[File : ./suiteSparse_dataset/G_n_pin_pout/G_n_pin_pout.mtx]
[K : 32]
[Sputnik_gflops : 1.76 ]
Matrix diff: 51266.246094
* 	Execution time: .746015082 seconds

---New data---

[Remaining: 101]

[File : ./suiteSparse_dataset/nd6k/nd6k.mtx]
[K : 32]
[Sputnik_gflops : 328.19 ]
Matrix diff: 69384.414062
* 	Execution time: 1.240443650 seconds

---New data---

[Remaining: 100]

[File : ./suiteSparse_dataset/lhr10/lhr10.mtx]
[K : 32]
[Sputnik_gflops : 35.43 ]
Matrix diff: 41368.566406
* 	Execution time: .264158948 seconds

---New data---

[Remaining: 99]

[File : ./suiteSparse_dataset/g7jac180/g7jac180.mtx]
[K : 32]
[Sputnik_gflops : 4.37 ]
Matrix diff: 52547.660156
* 	Execution time: .481369281 seconds

---New data---

[Remaining: 98]

[File : ./suiteSparse_dataset/nug08-3rd/nug08-3rd.mtx]
[K : 32]
[Sputnik_gflops : 4.20 ]
Matrix diff: 47833.847656
* 	Execution time: .283268019 seconds

---New data---

[Remaining: 97]

[File : ./suiteSparse_dataset/Si5H12/Si5H12.mtx]
[K : 32]
[Sputnik_gflops : 30.75 ]
Matrix diff: 60313.394531
* 	Execution time: .336202757 seconds

---New data---

[Remaining: 96]

[File : ./suiteSparse_dataset/smt/smt.mtx]
[K : 32]
[Sputnik_gflops : 92.72 ]
Matrix diff: 20948.083984
* 	Execution time: .768306710 seconds

---New data---

[Remaining: 95]

[File : ./suiteSparse_dataset/t3dh_e/t3dh_e.mtx]
[K : 32]
[Sputnik_gflops : 11.97 ]
Matrix diff: 144682.296875
* 	Execution time: 1.094938260 seconds

---New data---

[Remaining: 94]

[File : ./suiteSparse_dataset/Zd_Jac6_db/Zd_Jac6_db.mtx]
[K : 32]
[Sputnik_gflops : 22.20 ]
Matrix diff: 57495.789062
* 	Execution time: .350714178 seconds

---New data---

[Remaining: 93]

[File : ./suiteSparse_dataset/c-66b/c-66b.mtx]
[K : 32]
[Sputnik_gflops : 3.51 ]
Matrix diff: 54522.707031
* 	Execution time: .395420548 seconds

---New data---

[Remaining: 92]

[File : ./suiteSparse_dataset/vsp_sctap1-2b_and_seymourl/vsp_sctap1-2b_and_seymourl.mtx]
[K : 32]
[Sputnik_gflops : 3.07 ]
Matrix diff: 64787.546875
* 	Execution time: .332035031 seconds

---New data---

[Remaining: 91]

[File : ./suiteSparse_dataset/g7jac140/g7jac140.mtx]
[K : 32]
[Sputnik_gflops : 5.78 ]
Matrix diff: 57720.378906
* 	Execution time: .391699119 seconds

---New data---

[Remaining: 90]

[File : ./suiteSparse_dataset/soc-sign-Slashdot081106/soc-sign-Slashdot081106.mtx]
[K : 32]
[Sputnik_gflops : 1.52 ]
Matrix diff: 52518.019531
* 	Execution time: .536789560 seconds

---New data---

[Remaining: 89]

[File : ./suiteSparse_dataset/rajat22/rajat22.mtx]
[K : 32]
[Sputnik_gflops : 2.18 ]
Matrix diff: 45179.300781
* 	Execution time: .327351060 seconds

---New data---

[Remaining: 88]

[File : ./suiteSparse_dataset/brack2/brack2.mtx]
[K : 32]
[Sputnik_gflops : 3.28 ]
Matrix diff: 48176.234375
* 	Execution time: .485620291 seconds

---New data---

[Remaining: 87]

[File : ./suiteSparse_dataset/RFdevice/RFdevice.mtx]
[K : 32]
[Sputnik_gflops : 1.17 ]
Matrix diff: 53270.925781
* 	Execution time: .480977957 seconds

---New data---

[Remaining: 86]

[File : ./suiteSparse_dataset/msc23052/msc23052.mtx]
[K : 32]
[Sputnik_gflops : 37.96 ]
Matrix diff: 58979.769531
* 	Execution time: .395213399 seconds

---New data---

[Remaining: 85]

[File : ./suiteSparse_dataset/ecl32/ecl32.mtx]
[K : 32]
[Sputnik_gflops : 2.48 ]
Matrix diff: 62037.562500
* 	Execution time: .403053680 seconds

---New data---

[Remaining: 84]

[File : ./suiteSparse_dataset/igbt3/igbt3.mtx]
[K : 32]
[Sputnik_gflops : 33.88 ]
Matrix diff: 38153.058594
* 	Execution time: .258866273 seconds

---New data---

[Remaining: 83]

[File : ./suiteSparse_dataset/vsp_vibrobox_scagr7-2c_rlfddd/vsp_vibrobox_scagr7-2c_rlfddd.mtx]
[K : 32]
[Sputnik_gflops : 2.56 ]
Matrix diff: 63158.738281
* 	Execution time: .583049422 seconds

---New data---

[Remaining: 82]

[File : ./suiteSparse_dataset/lowThrust_13/lowThrust_13.mtx]
[K : 32]
[Sputnik_gflops : 11.54 ]
Matrix diff: 61880.531250
* 	Execution time: .248873916 seconds

---New data---

[Remaining: 81]

[File : ./suiteSparse_dataset/chipcool1/chipcool1.mtx]
[K : 32]
[Sputnik_gflops : 12.21 ]
Matrix diff: 34933.328125
* 	Execution time: .285066892 seconds

---New data---

[Remaining: 80]

[File : ./suiteSparse_dataset/baxter/baxter.mtx]
[K : 32]
[Sputnik_gflops : 2.33 ]
Matrix diff: 59343.058594
* 	Execution time: .272551945 seconds

---New data---

[Remaining: 79]

[File : ./suiteSparse_dataset/conf6_0-8x8-30/conf6_0-8x8-30.mtx]
[K : 32]
[Sputnik_gflops : 13.94 ]
Matrix diff: 57837.062500
* 	Execution time: .665079186 seconds

---New data---

[Remaining: 78]

[File : ./suiteSparse_dataset/conf5_4-8x8-10/conf5_4-8x8-10.mtx]
[K : 32]
[Sputnik_gflops : 13.94 ]
Matrix diff: 58172.886719
* 	Execution time: .661574495 seconds

---New data---

[Remaining: 77]

[File : ./suiteSparse_dataset/pcrystk03/pcrystk03.mtx]
[K : 32]
[Sputnik_gflops : 50.13 ]
Matrix diff: 69597.914062
* 	Execution time: .471523609 seconds

---New data---

[Remaining: 76]

[File : ./suiteSparse_dataset/graphics/graphics.mtx]
[K : 32]
[Sputnik_gflops : 5.91 ]
Matrix diff: 47514.851562
* 	Execution time: .251520588 seconds

---New data---

[Remaining: 75]

[File : ./suiteSparse_dataset/lhr17c/lhr17c.mtx]
[K : 32]
[Sputnik_gflops : 21.61 ]
Matrix diff: 31414.839844
* 	Execution time: .291343520 seconds

---New data---

[Remaining: 74]

[File : ./suiteSparse_dataset/t3dl_a/t3dl_a.mtx]
[K : 32]
[Sputnik_gflops : 21.52 ]
Matrix diff: 61173.066406
* 	Execution time: .313490770 seconds

---New data---

[Remaining: 73]

[File : ./suiteSparse_dataset/conf5_4-8x8-15/conf5_4-8x8-15.mtx]
[K : 32]
[Sputnik_gflops : 13.20 ]
Matrix diff: 61802.070312
* 	Execution time: .670649452 seconds

---New data---

[Remaining: 72]

[File : ./suiteSparse_dataset/airfoil_2d/airfoil_2d.mtx]
[K : 32]
[Sputnik_gflops : 22.36 ]
Matrix diff: 65060.285156
* 	Execution time: .286608001 seconds

---New data---

[Remaining: 71]

[File : ./suiteSparse_dataset/foldoc/foldoc.mtx]
[K : 32]
[Sputnik_gflops : 11.74 ]
Matrix diff: 65058.441406
* 	Execution time: .241561014 seconds

---New data---

[Remaining: 70]

[File : ./suiteSparse_dataset/IG5-16/IG5-16.mtx]
[K : 32]
[Sputnik_gflops : 29.42 ]
Matrix diff: 61793.382812
* 	Execution time: .336891328 seconds

---New data---

[Remaining: 69]

[File : ./suiteSparse_dataset/c-54/c-54.mtx]
[K : 32]
[Sputnik_gflops : 6.81 ]
Matrix diff: 32350.558594
* 	Execution time: .317646893 seconds

---New data---

[Remaining: 68]

[File : ./suiteSparse_dataset/lp_nug20/lp_nug20.mtx]
[K : 32]
[Sputnik_gflops : 4.85 ]
Matrix diff: 64602.539062
* 	Execution time: .306375408 seconds

---New data---

[Remaining: 67]

[File : ./suiteSparse_dataset/me2010/me2010.mtx]
[K : 32]
[Sputnik_gflops : 1.17 ]
Matrix diff: 61380.710938
* 	Execution time: .453574683 seconds

---New data---

[Remaining: 66]

[File : ./suiteSparse_dataset/pkustk07/pkustk07.mtx]
[K : 32]
[Sputnik_gflops : 145.29 ]
Matrix diff: 14557.949219
* 	Execution time: .562829076 seconds

---New data---

[Remaining: 65]

[File : ./suiteSparse_dataset/Zhao1/Zhao1.mtx]
[K : 32]
[Sputnik_gflops : 2.55 ]
Matrix diff: 57334.445312
* 	Execution time: .294944042 seconds

---New data---

[Remaining: 64]

[File : ./suiteSparse_dataset/jan99jac080sc/jan99jac080sc.mtx]
[K : 32]
[Sputnik_gflops : 3.97 ]
Matrix diff: 53921.078125
* 	Execution time: .280111500 seconds

---New data---

[Remaining: 63]

[File : ./suiteSparse_dataset/net100/net100.mtx]
[K : 32]
[Sputnik_gflops : 39.58 ]
Matrix diff: 60394.804688
* 	Execution time: .541500752 seconds

---New data---

[Remaining: 62]

[File : ./suiteSparse_dataset/n4c6-b12/n4c6-b12.mtx]
[K : 32]
[Sputnik_gflops : 3.13 ]
Matrix diff: 59035.765625
* 	Execution time: .363073001 seconds

---New data---

[Remaining: 61]

[File : ./suiteSparse_dataset/wathen100/wathen100.mtx]
[K : 32]
[Sputnik_gflops : 8.49 ]
Matrix diff: 42318.695312
* 	Execution time: .310479864 seconds

---New data---

[Remaining: 60]

[File : ./suiteSparse_dataset/lhr11/lhr11.mtx]
[K : 32]
[Sputnik_gflops : 31.95 ]
Matrix diff: 45563.695312
* 	Execution time: .239153780 seconds

---New data---

[Remaining: 59]

[File : ./suiteSparse_dataset/g7jac060/g7jac060.mtx]
[K : 32]
[Sputnik_gflops : 10.71 ]
Matrix diff: 37163.496094
* 	Execution time: .271399914 seconds

---New data---

[Remaining: 58]

[File : ./suiteSparse_dataset/g7jac040/g7jac040.mtx]
[K : 32]
[Sputnik_gflops : 13.58 ]
Matrix diff: 58532.406250
* 	Execution time: .255226187 seconds

---New data---

[Remaining: 57]

[File : ./suiteSparse_dataset/ASIC_100ks/ASIC_100ks.mtx]
[K : 32]
[Sputnik_gflops : 1.02 ]
Matrix diff: 44054.863281
* 	Execution time: .712525754 seconds

---New data---

[Remaining: 56]

[File : ./suiteSparse_dataset/opt1/opt1.mtx]
[K : 32]
[Sputnik_gflops : 138.25 ]
Matrix diff: 62236.476562
* 	Execution time: .482151336 seconds

---New data---

[Remaining: 55]

[File : ./suiteSparse_dataset/lhr11c/lhr11c.mtx]
[K : 32]
[Sputnik_gflops : 33.75 ]
Matrix diff: 48562.359375
* 	Execution time: .256475710 seconds

---New data---

[Remaining: 54]

[File : ./suiteSparse_dataset/vsp_bcsstk30_500sep_10in_1Kout/vsp_bcsstk30_500sep_10in_1Kout.mtx]
[K : 32]
[Sputnik_gflops : 20.67 ]
Matrix diff: 12456.460938
* 	Execution time: .999675321 seconds

---New data---

[Remaining: 53]

[File : ./suiteSparse_dataset/poisson3Da/poisson3Da.mtx]
[K : 32]
[Sputnik_gflops : 33.46 ]
Matrix diff: 37232.855469
* 	Execution time: .291874848 seconds

---New data---

[Remaining: 52]

[File : ./suiteSparse_dataset/ak2010/ak2010.mtx]
[K : 32]
[Sputnik_gflops : 1.86 ]
Matrix diff: 59750.121094
* 	Execution time: .338503511 seconds

---New data---

[Remaining: 51]

[File : ./suiteSparse_dataset/Chevron1/Chevron1.mtx]
[K : 32]
[Sputnik_gflops : 4.17 ]
Matrix diff: 59790.769531
* 	Execution time: .325122941 seconds

---New data---

[Remaining: 50]

[File : ./suiteSparse_dataset/Dubcova2/Dubcova2.mtx]
[K : 32]
[Sputnik_gflops : 4.29 ]
Matrix diff: 54604.468750
* 	Execution time: .528345746 seconds

---New data---

[Remaining: 49]

[File : ./suiteSparse_dataset/net75/net75.mtx]
[K : 32]
[Sputnik_gflops : 48.37 ]
Matrix diff: 59007.937500
* 	Execution time: .444112490 seconds

---New data---

[Remaining: 48]

[File : ./suiteSparse_dataset/memplus/memplus.mtx]
[K : 32]
[Sputnik_gflops : 7.01 ]
Matrix diff: 63529.011719
* 	Execution time: .246831907 seconds

---New data---

[Remaining: 47]

[File : ./suiteSparse_dataset/g7jac080/g7jac080.mtx]
[K : 32]
[Sputnik_gflops : 9.20 ]
Matrix diff: 42834.382812
* 	Execution time: .288312578 seconds

---New data---

[Remaining: 46]

[File : ./suiteSparse_dataset/lhr34/lhr34.mtx]
[K : 32]
[Sputnik_gflops : 10.85 ]
Matrix diff: 63919.679688
* 	Execution time: .399367588 seconds

---New data---

[Remaining: 45]

[File : ./suiteSparse_dataset/ncvxqp3/ncvxqp3.mtx]
[K : 32]
[Sputnik_gflops : 1.56 ]
Matrix diff: 43704.683594
* 	Execution time: .517998414 seconds

---New data---

[Remaining: 44]

[File : ./suiteSparse_dataset/wiki-RfA/wiki-RfA.mtx]
[K : 32]
[Sputnik_gflops : 25.19 ]
Matrix diff: 31996.097656
* 	Execution time: .259342014 seconds

---New data---

[Remaining: 43]

[File : ./suiteSparse_dataset/wiki-RfA/wiki-RfA_Positive.mtx]
[K : 32]
[Sputnik_gflops : 18.69 ]
Matrix diff: 43164.226562
* 	Execution time: .244146230 seconds

---New data---

[Remaining: 42]

[File : ./suiteSparse_dataset/chipcool0/chipcool0.mtx]
[K : 32]
[Sputnik_gflops : 12.21 ]
Matrix diff: 35769.964844
* 	Execution time: .283833048 seconds

---New data---

[Remaining: 41]

[File : ./suiteSparse_dataset/lowThrust_9/lowThrust_9.mtx]
[K : 32]
[Sputnik_gflops : 11.81 ]
Matrix diff: 66651.257812
* 	Execution time: .263571545 seconds

---New data---

[Remaining: 40]

[File : ./suiteSparse_dataset/net50/net50.mtx]
[K : 32]
[Sputnik_gflops : 61.43 ]
Matrix diff: 58841.683594
* 	Execution time: .354967293 seconds

---New data---

[Remaining: 39]

[File : ./suiteSparse_dataset/LeGresley_87936/LeGresley_87936.mtx]
[K : 32]
[Sputnik_gflops : 1.31 ]
Matrix diff: 36081.171875
* 	Execution time: .656234952 seconds

---New data---

[Remaining: 38]

[File : ./suiteSparse_dataset/Andrews/Andrews.mtx]
[K : 32]
[Sputnik_gflops : 3.71 ]
Matrix diff: 64393.648438
* 	Execution time: .490335743 seconds

---New data---

[Remaining: 37]

[File : ./suiteSparse_dataset/crankseg_2/crankseg_2.mtx]
[K : 32]
[Sputnik_gflops : 57.15 ]
Matrix diff: 50392.757812
* 	Execution time: 2.570563174 seconds

---New data---

[Remaining: 36]

[File : ./suiteSparse_dataset/c-65/c-65.mtx]
[K : 32]
[Sputnik_gflops : 2.75 ]
Matrix diff: 59862.410156
* 	Execution time: .367043576 seconds

---New data---

[Remaining: 35]

[File : ./suiteSparse_dataset/lhr34c/lhr34c.mtx]
[K : 32]
[Sputnik_gflops : 10.89 ]
Matrix diff: 53689.195312
* 	Execution time: .402921642 seconds

---New data---

[Remaining: 34]

[File : ./suiteSparse_dataset/TSOPF_RS_b2383_c1/TSOPF_RS_b2383_c1.mtx]
[K : 32]
[Sputnik_gflops : 178.39 ]
Matrix diff: 32332.908203
* 	Execution time: 3.292637612 seconds

---New data---

[Remaining: 33]

[File : ./suiteSparse_dataset/venkat50/venkat50.mtx]
[K : 32]
[Sputnik_gflops : 7.78 ]
Matrix diff: 27142.060547
* 	Execution time: .692825954 seconds

---New data---

[Remaining: 32]

[File : ./suiteSparse_dataset/sinc15/sinc15.mtx]
[K : 32]
[Sputnik_gflops : 73.42 ]
Matrix diff: 50160.242188
* 	Execution time: .326290399 seconds

---New data---

[Remaining: 31]

[File : ./suiteSparse_dataset/TSOPF_RS_b300_c2/TSOPF_RS_b300_c2.mtx]
[K : 32]
[Sputnik_gflops : 64.15 ]
Matrix diff: 79206.187500
* 	Execution time: .776853905 seconds

---New data---

[Remaining: 30]

[File : ./suiteSparse_dataset/bundle1/bundle1.mtx]
[K : 32]
[Sputnik_gflops : 119.26 ]
Matrix diff: 58206.972656
* 	Execution time: .324893982 seconds

---New data---

[Remaining: 29]

[File : ./suiteSparse_dataset/soc-sign-Slashdot090216/soc-sign-Slashdot090216.mtx]
[K : 32]
[Sputnik_gflops : 1.38 ]
Matrix diff: 64342.464844
* 	Execution time: .611007836 seconds

---New data---

[Remaining: 28]

[File : ./suiteSparse_dataset/chem_master1/chem_master1.mtx]
[K : 32]
[Sputnik_gflops : 2.18 ]
Matrix diff: 61754.500000
* 	Execution time: .324581606 seconds

---New data---

[Remaining: 27]

[File : ./suiteSparse_dataset/c-62ghs/c-62ghs.mtx]
[K : 32]
[Sputnik_gflops : 5.66 ]
Matrix diff: 61312.457031
* 	Execution time: .362176610 seconds

---New data---

[Remaining: 26]

[File : ./suiteSparse_dataset/TSOPF_FS_b300/TSOPF_FS_b300.mtx]
[K : 32]
[Sputnik_gflops : 89.91 ]
Matrix diff: 60407.664062
* 	Execution time: .895881514 seconds

---New data---

[Remaining: 25]

[File : ./suiteSparse_dataset/TSOPF_RS_b39_c19/TSOPF_RS_b39_c19.mtx]
[K : 32]
[Sputnik_gflops : 7.87 ]
Matrix diff: 3362.412842
* 	Execution time: .374726232 seconds

---New data---

[Remaining: 24]

[File : ./suiteSparse_dataset/208bit/208bit.mtx]
[K : 32]
[Sputnik_gflops : 8.34 ]
Matrix diff: 45417.589844
* 	Execution time: .315833632 seconds

---New data---

[Remaining: 23]

[File : ./suiteSparse_dataset/mark3jac040sc/mark3jac040sc.mtx]
[K : 32]
[Sputnik_gflops : 5.70 ]
Matrix diff: 50495.339844
* 	Execution time: .263831383 seconds

---New data---

[Remaining: 22]

[File : ./suiteSparse_dataset/g7jac160sc/g7jac160sc.mtx]
[K : 32]
[Sputnik_gflops : 4.93 ]
Matrix diff: 53961.429688
* 	Execution time: .408452082 seconds

---New data---

[Remaining: 21]

[File : ./suiteSparse_dataset/conf5_4-8x8-05/conf5_4-8x8-05.mtx]
[K : 32]
[Sputnik_gflops : 13.40 ]
Matrix diff: 57627.667969
* 	Execution time: .671963104 seconds

---New data---

[Remaining: 20]

[File : ./suiteSparse_dataset/jan99jac120sc/jan99jac120sc.mtx]
[K : 32]
[Sputnik_gflops : 2.68 ]
Matrix diff: 62114.734375
* 	Execution time: .335309361 seconds

---New data---

[Remaining: 19]

[File : ./suiteSparse_dataset/mosfet2/mosfet2.mtx]
[K : 32]
[Sputnik_gflops : 11.92 ]
Matrix diff: 71662.750000
* 	Execution time: .597993703 seconds

---New data---

[Remaining: 18]

[File : ./suiteSparse_dataset/lowThrust_5/lowThrust_5.mtx]
[K : 32]
[Sputnik_gflops : 13.14 ]
Matrix diff: 44679.968750
* 	Execution time: .260004396 seconds

---New data---

[Remaining: 17]

[File : ./suiteSparse_dataset/soc-Slashdot0811/soc-Slashdot0811.mtx]
[K : 32]
[Sputnik_gflops : 2.67 ]
Matrix diff: 71628.968750
* 	Execution time: .634516808 seconds

---New data---

[Remaining: 16]

[File : ./suiteSparse_dataset/ex19/ex19.mtx]
[K : 32]
[Sputnik_gflops : 31.33 ]
Matrix diff: 67287.226562
* 	Execution time: .267380998 seconds

---New data---

[Remaining: 15]

[File : ./suiteSparse_dataset/ca-HepPh/ca-HepPh.mtx]
[K : 32]
[Sputnik_gflops : 28.60 ]
Matrix diff: 29983.490234
* 	Execution time: .256620671 seconds

---New data---

[Remaining: 14]

[File : ./suiteSparse_dataset/IG5-17/IG5-17.mtx]
[K : 32]
[Sputnik_gflops : 21.50 ]
Matrix diff: 56204.074219
* 	Execution time: .429507923 seconds

---New data---

[Remaining: 13]

[File : ./suiteSparse_dataset/net125/net125.mtx]
[K : 32]
[Sputnik_gflops : 33.45 ]
Matrix diff: 24818.951172
* 	Execution time: .633367833 seconds

---New data---

[Remaining: 12]

[File : ./suiteSparse_dataset/bcsstk32/bcsstk32.mtx]
[K : 32]
[Sputnik_gflops : 16.80 ]
Matrix diff: 57670.773438
* 	Execution time: .595865932 seconds

---New data---

[Remaining: 11]

[File : ./suiteSparse_dataset/onetone2/onetone2.mtx]
[K : 32]
[Sputnik_gflops : 3.02 ]
Matrix diff: 58775.371094
* 	Execution time: .303444541 seconds

---New data---

[Remaining: 10]

[File : ./suiteSparse_dataset/lhr10c/lhr10c.mtx]
[K : 32]
[Sputnik_gflops : 34.74 ]
Matrix diff: 39261.472656
* 	Execution time: .266018944 seconds

---New data---

[Remaining: 9]

[File : ./suiteSparse_dataset/olafu/olafu.mtx]
[K : 32]
[Sputnik_gflops : 65.80 ]
Matrix diff: 60601.605469
* 	Execution time: .356086911 seconds

---New data---

[Remaining: 8]

[File : ./suiteSparse_dataset/Trefethen_20000/Trefethen_20000.mtx]
[K : 32]
[Sputnik_gflops : 23.76 ]
Matrix diff: 58566.734375
* 	Execution time: .289782163 seconds

---New data---

[Remaining: 7]

[File : ./suiteSparse_dataset/g7jac180sc/g7jac180sc.mtx]
[K : 32]
[Sputnik_gflops : 4.53 ]
Matrix diff: 44050.332031
* 	Execution time: .491537726 seconds

---New data---

[Remaining: 6]

[File : ./suiteSparse_dataset/e40r0100/e40r0100.mtx]
[K : 32]
[Sputnik_gflops : 32.27 ]
Matrix diff: 60300.636719
* 	Execution time: .329381124 seconds

---New data---

[Remaining: 5]

[File : ./suiteSparse_dataset/li/li.mtx]
[K : 32]
[Sputnik_gflops : 45.53 ]
Matrix diff: 45948.859375
* 	Execution time: .472224511 seconds

---New data---

[Remaining: 4]

[File : ./suiteSparse_dataset/lhr14/lhr14.mtx]
[K : 32]
[Sputnik_gflops : 26.42 ]
Matrix diff: 45541.972656
* 	Execution time: .273075406 seconds

---New data---

[Remaining: 3]

[File : ./suiteSparse_dataset/jan99jac060sc/jan99jac060sc.mtx]
[K : 32]
[Sputnik_gflops : 5.26 ]
Matrix diff: 50095.804688
* 	Execution time: .263065295 seconds

---New data---

[Remaining: 2]

[File : ./suiteSparse_dataset/HEP-th/HEP-th.mtx]
[K : 32]
[Sputnik_gflops : 8.11 ]
Matrix diff: 35154.886719
* 	Execution time: .316663038 seconds

---New data---

[Remaining: 1]

[File : ./suiteSparse_dataset/c-63/c-63.mtx]
[K : 32]
[Sputnik_gflops : 3.70 ]
Matrix diff: 45531.652344
* 	Execution time: .370064431 seconds

---New data---

[Remaining: 0]

[File : ./suiteSparse_dataset/c-67b/c-67b.mtx]
[K : 32]
[Sputnik_gflops : 2.70 ]
Matrix diff: 53820.390625
* 	Execution time: .433491372 seconds

---Test done---

* Total time spent: 270.577632613 seconds (0 hours, 4 minutes, 30.577632613 seconds)
