[numTestFiles : 532]


---New data---

[Remaining: 531]

[File : ./suiteSparse_dataset_10000_100000/ch7-8-b3/ch7-8-b3.mtx]
[K : 32]
[Sputnik_gflops : 5.64 ]
Matrix diff: 54912.824219

---New data---

[Remaining: 530]

[File : ./suiteSparse_dataset_10000_100000/skirt/skirt.mtx]
[K : 32]
[Sputnik_gflops : 20.42 ]
Matrix diff: 40516.566406

---New data---

[Remaining: 529]

[File : ./suiteSparse_dataset_10000_100000/sctap1-2r/sctap1-2r.mtx]
[K : 32]
[Sputnik_gflops : 1.70 ]
Matrix diff: 57020.074219

---New data---

[Remaining: 528]

[File : ./suiteSparse_dataset_10000_100000/sctap1-2r/sctap1-2r_A_11.mtx]
[K : 32]
[Sputnik_gflops : 1.79 ]
Matrix diff: 67140.710938

---New data---

[Remaining: 527]

[File : ./suiteSparse_dataset_10000_100000/OPF_6000/OPF_6000.mtx]
[K : 32]
[Sputnik_gflops : 5.95 ]
Matrix diff: 50546.355469

---New data---

[Remaining: 526]

[File : ./suiteSparse_dataset_10000_100000/trdheim/trdheim.mtx]
[K : 32]
[Sputnik_gflops : 68.93 ]
Matrix diff: 55718.449219

---New data---

[Remaining: 525]

[File : ./suiteSparse_dataset_10000_100000/mult_dcop_01/mult_dcop_01.mtx]
[K : 32]
[Sputnik_gflops : 5.35 ]
Matrix diff: 43555.031250

---New data---

[Remaining: 524]

[File : ./suiteSparse_dataset_10000_100000/xenon1/xenon1.mtx]
[K : 32]
[Sputnik_gflops : 8.38 ]
Matrix diff: 36895.992188

---New data---

[Remaining: 523]

[File : ./suiteSparse_dataset_10000_100000/delaunay_n16/delaunay_n16.mtx]
[K : 32]
[Sputnik_gflops : 1.61 ]
Matrix diff: 49306.617188

---New data---

[Remaining: 522]

[File : ./suiteSparse_dataset_10000_100000/pkustk13/pkustk13.mtx]
[K : 32]
[Sputnik_gflops : 12.88 ]
Matrix diff: 25768.117188

---New data---

[Remaining: 521]

[File : ./suiteSparse_dataset_10000_100000/ABACUS_shell_ud/ABACUS_shell_ud_M.mtx]
[K : 32]
[Sputnik_gflops : 6.62 ]
Matrix diff: 48400.519531

---New data---

[Remaining: 520]

[File : ./suiteSparse_dataset_10000_100000/ABACUS_shell_ud/ABACUS_shell_ud_K.mtx]
[K : 32]
[Sputnik_gflops : 6.92 ]
Matrix diff: 42018.414062

---New data---

[Remaining: 519]

[File : ./suiteSparse_dataset_10000_100000/ABACUS_shell_ud/ABACUS_shell_ud.mtx]
[K : 32]
[Sputnik_gflops : 7.00 ]
Matrix diff: 32787.703125

---New data---

[Remaining: 518]

[File : ./suiteSparse_dataset_10000_100000/pattern1/pattern1.mtx]
[K : 32]
[Sputnik_gflops : 382.53 ]
Matrix diff: 43041.308594

---New data---

[Remaining: 517]

[File : ./suiteSparse_dataset_10000_100000/nv1/nv1.mtx]
[K : 32]
[Sputnik_gflops : 7.32 ]
Matrix diff: 36263.500000

---New data---

[Remaining: 516]

[File : ./suiteSparse_dataset_10000_100000/crystk03/crystk03.mtx]
[K : 32]
[Sputnik_gflops : 50.14 ]
Matrix diff: 63169.656250

---New data---

[Remaining: 515]

[File : ./suiteSparse_dataset_10000_100000/viscoplastic2/viscoplastic2_C_6.mtx]
[K : 32]
[Sputnik_gflops : 6.24 ]
Matrix diff: 64037.371094

---New data---

[Remaining: 514]

[File : ./suiteSparse_dataset_10000_100000/viscoplastic2/viscoplastic2_C_3.mtx]
[K : 32]
[Sputnik_gflops : 6.24 ]
Matrix diff: 57678.835938

---New data---

[Remaining: 513]

[File : ./suiteSparse_dataset_10000_100000/viscoplastic2/viscoplastic2_C_7.mtx]
[K : 32]
[Sputnik_gflops : 6.24 ]
Matrix diff: 63957.761719

---New data---

[Remaining: 512]

[File : ./suiteSparse_dataset_10000_100000/viscoplastic2/viscoplastic2_C_5.mtx]
[K : 32]
[Sputnik_gflops : 6.24 ]
Matrix diff: 56173.023438

---New data---

[Remaining: 511]

[File : ./suiteSparse_dataset_10000_100000/viscoplastic2/viscoplastic2.mtx]
[K : 32]
[Sputnik_gflops : 5.91 ]
Matrix diff: 60570.242188

---New data---

[Remaining: 510]

[File : ./suiteSparse_dataset_10000_100000/viscoplastic2/viscoplastic2_C_2.mtx]
[K : 32]
[Sputnik_gflops : 5.95 ]
Matrix diff: 59707.023438

---New data---

[Remaining: 509]

[File : ./suiteSparse_dataset_10000_100000/viscoplastic2/viscoplastic2_C_1.mtx]
[K : 32]
[Sputnik_gflops : 5.95 ]
Matrix diff: 63795.382812

---New data---

[Remaining: 508]

[File : ./suiteSparse_dataset_10000_100000/viscoplastic2/viscoplastic2_C_4.mtx]
[K : 32]
[Sputnik_gflops : 5.95 ]
Matrix diff: 59484.582031

---New data---

[Remaining: 507]

[File : ./suiteSparse_dataset_10000_100000/ABACUS_shell_md/ABACUS_shell_md_K.mtx]
[K : 32]
[Sputnik_gflops : 6.60 ]
Matrix diff: 51550.882812

---New data---

[Remaining: 506]

[File : ./suiteSparse_dataset_10000_100000/ABACUS_shell_md/ABACUS_shell_md.mtx]
[K : 32]
[Sputnik_gflops : 6.67 ]
Matrix diff: 52915.722656

---New data---

[Remaining: 505]

[File : ./suiteSparse_dataset_10000_100000/ABACUS_shell_md/ABACUS_shell_md_M.mtx]
[K : 32]
[Sputnik_gflops : 6.31 ]
Matrix diff: 70605.656250

---New data---

[Remaining: 504]

[File : ./suiteSparse_dataset_10000_100000/Dubcova1/Dubcova1.mtx]
[K : 32]
[Sputnik_gflops : 16.08 ]
Matrix diff: 68039.031250

---New data---

[Remaining: 503]

[File : ./suiteSparse_dataset_10000_100000/ted_A/ted_A.mtx]
[K : 32]
[Sputnik_gflops : 61.37 ]
Matrix diff: 46317.523438

---New data---

[Remaining: 502]

[File : ./suiteSparse_dataset_10000_100000/mk12-b4/mk12-b4.mtx]
[K : 32]
[Sputnik_gflops : 1.63 ]
Matrix diff: 51284.167969

---New data---

[Remaining: 501]

[File : ./suiteSparse_dataset_10000_100000/std1_Jac3_db/std1_Jac3_db.mtx]
[K : 32]
[Sputnik_gflops : 19.24 ]
Matrix diff: 59777.964844

---New data---

[Remaining: 500]

[File : ./suiteSparse_dataset_10000_100000/OPF_10000/OPF_10000.mtx]
[K : 32]
[Sputnik_gflops : 4.27 ]
Matrix diff: 34321.601562

---New data---

[Remaining: 499]

[File : ./suiteSparse_dataset_10000_100000/worms20_10NN/worms20_10NN.mtx]
[K : 32]
[Sputnik_gflops : 10.51 ]
Matrix diff: 43935.867188

---New data---

[Remaining: 498]

[File : ./suiteSparse_dataset_10000_100000/cbuckle/cbuckle.mtx]
[K : 32]
[Sputnik_gflops : 62.34 ]
Matrix diff: 58038.871094

---New data---

[Remaining: 497]

[File : ./suiteSparse_dataset_10000_100000/cbuckle/cbuckle_G.mtx]
[K : 32]
[Sputnik_gflops : 47.60 ]
Matrix diff: 40037.984375

---New data---

[Remaining: 496]

[File : ./suiteSparse_dataset_10000_100000/c-71/c-71.mtx]
[K : 32]
[Sputnik_gflops : 2.58 ]
Matrix diff: 58736.289062

---New data---

[Remaining: 495]

[File : ./suiteSparse_dataset_10000_100000/std1_Jac2/std1_Jac2.mtx]
[K : 32]
[Sputnik_gflops : 44.89 ]
Matrix diff: 61830.203125

---New data---

[Remaining: 494]

[File : ./suiteSparse_dataset_10000_100000/ifiss_mat/ifiss_mat.mtx]
[K : 32]
[Sputnik_gflops : 6.81 ]
Matrix diff: 82003.539062

---New data---

[Remaining: 493]

[File : ./suiteSparse_dataset_10000_100000/TSOPF_RS_b678_c1/TSOPF_RS_b678_c1.mtx]
[K : 32]
[Sputnik_gflops : 213.81 ]
Matrix diff: 70156.171875

---New data---

[Remaining: 492]

[File : ./suiteSparse_dataset_10000_100000/Zd_Jac2_db/Zd_Jac2_db.mtx]
[K : 32]
[Sputnik_gflops : 22.52 ]
Matrix diff: 64250.347656

---New data---

[Remaining: 491]

[File : ./suiteSparse_dataset_10000_100000/scfxm1-2b/scfxm1-2b_A_3.mtx]
[K : 32]
[Sputnik_gflops : 3.09 ]
Matrix diff: 41236.910156

---New data---

[Remaining: 490]

[File : ./suiteSparse_dataset_10000_100000/scfxm1-2b/scfxm1-2b.mtx]
[K : 32]
[Sputnik_gflops : 3.05 ]
Matrix diff: 32256.904297

---New data---

[Remaining: 489]

[File : ./suiteSparse_dataset_10000_100000/mario001/mario001.mtx]
[K : 32]
[Sputnik_gflops : 2.32 ]
Matrix diff: 62576.613281

---New data---

[Remaining: 488]

[File : ./suiteSparse_dataset_10000_100000/e18/e18.mtx]
[K : 32]
[Sputnik_gflops : 2.74 ]
Matrix diff: 58839.246094

---New data---

[Remaining: 487]

[File : ./suiteSparse_dataset_10000_100000/nsct/nsct_A_1.mtx]
[K : 32]
[Sputnik_gflops : 13.15 ]
Matrix diff: 48127.804688

---New data---

[Remaining: 486]

[File : ./suiteSparse_dataset_10000_100000/nsct/nsct.mtx]
[K : 32]
[Sputnik_gflops : 13.42 ]
Matrix diff: 53291.078125

---New data---

[Remaining: 485]

[File : ./suiteSparse_dataset_10000_100000/nsct/nsct_A_2.mtx]
[K : 32]
[Sputnik_gflops : 13.43 ]
Matrix diff: 34343.519531

---New data---

[Remaining: 484]

[File : ./suiteSparse_dataset_10000_100000/lowThrust_10/lowThrust_10.mtx]
[K : 32]
[Sputnik_gflops : 11.04 ]
Matrix diff: 47847.152344

---New data---

[Remaining: 483]

[File : ./suiteSparse_dataset_10000_100000/2D_27628_bjtcai/2D_27628_bjtcai.mtx]
[K : 32]
[Sputnik_gflops : 9.65 ]
Matrix diff: 33752.925781

---New data---

[Remaining: 482]

[File : ./suiteSparse_dataset_10000_100000/Si10H16/Si10H16.mtx]
[K : 32]
[Sputnik_gflops : 49.13 ]
Matrix diff: 60258.011719

---New data---

[Remaining: 481]

[File : ./suiteSparse_dataset_10000_100000/af23560/af23560.mtx]
[K : 32]
[Sputnik_gflops : 14.48 ]
Matrix diff: 42986.339844

---New data---

[Remaining: 480]

[File : ./suiteSparse_dataset_10000_100000/m_t1/m_t1.mtx]
[K : 32]
[Sputnik_gflops : 17.65 ]
Matrix diff: 54832.195312

---New data---

[Remaining: 479]

[File : ./suiteSparse_dataset_10000_100000/cit-HepPh/cit-HepPh.mtx]
[K : 32]
[Sputnik_gflops : 6.18 ]
Matrix diff: 56450.371094

---New data---

[Remaining: 478]

[File : ./suiteSparse_dataset_10000_100000/rma10/rma10.mtx]
[K : 32]
[Sputnik_gflops : 18.90 ]
Matrix diff: 31142.921875

---New data---

[Remaining: 477]

[File : ./suiteSparse_dataset_10000_100000/GaAsH6/GaAsH6.mtx]
[K : 32]
[Sputnik_gflops : 15.69 ]
Matrix diff: 47150.804688

---New data---

[Remaining: 476]

[File : ./suiteSparse_dataset_10000_100000/c-67/c-67.mtx]
[K : 32]
[Sputnik_gflops : 2.78 ]
Matrix diff: 66154.812500

---New data---

[Remaining: 475]

[File : ./suiteSparse_dataset_10000_100000/torsion1/torsion1.mtx]
[K : 32]
[Sputnik_gflops : 2.17 ]
Matrix diff: 43310.847656

---New data---

[Remaining: 474]

[File : ./suiteSparse_dataset_10000_100000/nv2010/nv2010.mtx]
[K : 32]
[Sputnik_gflops : 1.02 ]
Matrix diff: 54977.769531

---New data---

[Remaining: 473]

[File : ./suiteSparse_dataset_10000_100000/bcircuit/bcircuit.mtx]
[K : 32]
[Sputnik_gflops : 1.39 ]
Matrix diff: 59653.832031

---New data---

[Remaining: 472]

[File : ./suiteSparse_dataset_10000_100000/shyy161/shyy161.mtx]
[K : 32]
[Sputnik_gflops : 0.99 ]
Matrix diff: 59788.175781

---New data---

[Remaining: 471]

[File : ./suiteSparse_dataset_10000_100000/c-64b/c-64b.mtx]
[K : 32]
[Sputnik_gflops : 4.83 ]
Matrix diff: 55921.457031

---New data---

[Remaining: 470]

[File : ./suiteSparse_dataset_10000_100000/c-59/c-59.mtx]
[K : 32]
[Sputnik_gflops : 4.94 ]
Matrix diff: 57108.851562

---New data---

[Remaining: 469]

[File : ./suiteSparse_dataset_10000_100000/vsp_c-60_data_cti_cs4/vsp_c-60_data_cti_cs4.mtx]
[K : 32]
[Sputnik_gflops : 1.15 ]
Matrix diff: 51301.800781

---New data---

[Remaining: 468]

[File : ./suiteSparse_dataset_10000_100000/cond-mat-2005/cond-mat-2005.mtx]
[K : 32]
[Sputnik_gflops : 3.76 ]
Matrix diff: 63060.503906

---New data---

[Remaining: 467]

[File : ./suiteSparse_dataset_10000_100000/mark3jac040/mark3jac040.mtx]
[K : 32]
[Sputnik_gflops : 5.92 ]
Matrix diff: 64672.542969

---New data---

[Remaining: 466]

[File : ./suiteSparse_dataset_10000_100000/kim1/kim1.mtx]
[K : 32]
[Sputnik_gflops : 11.08 ]
Matrix diff: 59104.539062

---New data---

[Remaining: 465]

[File : ./suiteSparse_dataset_10000_100000/juba40k/juba40k.mtx]
[K : 32]
[Sputnik_gflops : 1.56 ]
Matrix diff: 58627.507812

---New data---

[Remaining: 464]

[File : ./suiteSparse_dataset_10000_100000/TSOPF_FS_b300_c1/TSOPF_FS_b300_c1.mtx]
[K : 32]
[Sputnik_gflops : 84.92 ]
Matrix diff: 42047.980469

---New data---

[Remaining: 463]

[File : ./suiteSparse_dataset_10000_100000/pfinan512/pfinan512.mtx]
[K : 32]
[Sputnik_gflops : 1.79 ]
Matrix diff: 67714.078125

---New data---

[Remaining: 462]

[File : ./suiteSparse_dataset_10000_100000/co9/co9.mtx]
[K : 32]
[Sputnik_gflops : 7.73 ]
Matrix diff: 28424.794922

---New data---

[Remaining: 461]

[File : ./suiteSparse_dataset_10000_100000/case39/case39_A_12.mtx]
[K : 32]
[Sputnik_gflops : 11.29 ]
Matrix diff: 49676.808594

---New data---

[Remaining: 460]

[File : ./suiteSparse_dataset_10000_100000/case39/case39_A_13.mtx]
[K : 32]
[Sputnik_gflops : 11.29 ]
Matrix diff: 59402.574219

---New data---

[Remaining: 459]

[File : ./suiteSparse_dataset_10000_100000/case39/case39_A_09.mtx]
[K : 32]
[Sputnik_gflops : 11.29 ]
Matrix diff: 64093.191406

---New data---

[Remaining: 458]

[File : ./suiteSparse_dataset_10000_100000/case39/case39.mtx]
[K : 32]
[Sputnik_gflops : 11.29 ]
Matrix diff: 52184.671875

---New data---

[Remaining: 457]

[File : ./suiteSparse_dataset_10000_100000/case39/case39_A_07.mtx]
[K : 32]
[Sputnik_gflops : 11.29 ]
Matrix diff: 53627.503906

---New data---

[Remaining: 456]

[File : ./suiteSparse_dataset_10000_100000/case39/case39_A_03.mtx]
[K : 32]
[Sputnik_gflops : 11.29 ]
Matrix diff: 53815.289062

---New data---

[Remaining: 455]

[File : ./suiteSparse_dataset_10000_100000/case39/case39_A_11.mtx]
[K : 32]
[Sputnik_gflops : 11.29 ]
Matrix diff: 49892.750000

---New data---

[Remaining: 454]

[File : ./suiteSparse_dataset_10000_100000/case39/case39_A_02.mtx]
[K : 32]
[Sputnik_gflops : 11.29 ]
Matrix diff: 61105.203125

---New data---

[Remaining: 453]

[File : ./suiteSparse_dataset_10000_100000/case39/case39_A_05.mtx]
[K : 32]
[Sputnik_gflops : 11.28 ]
Matrix diff: 58076.390625

---New data---

[Remaining: 452]

[File : ./suiteSparse_dataset_10000_100000/case39/case39_A_04.mtx]
[K : 32]
[Sputnik_gflops : 11.29 ]
Matrix diff: 58114.433594

---New data---

[Remaining: 451]

[File : ./suiteSparse_dataset_10000_100000/case39/case39_A_06.mtx]
[K : 32]
[Sputnik_gflops : 11.29 ]
Matrix diff: 51720.460938

---New data---

[Remaining: 450]

[File : ./suiteSparse_dataset_10000_100000/case39/case39_A_08.mtx]
[K : 32]
[Sputnik_gflops : 11.29 ]
Matrix diff: 52405.753906

---New data---

[Remaining: 449]

[File : ./suiteSparse_dataset_10000_100000/case39/case39_A_10.mtx]
[K : 32]
[Sputnik_gflops : 11.29 ]
Matrix diff: 55616.523438

---New data---

[Remaining: 448]

[File : ./suiteSparse_dataset_10000_100000/case39/case39_A_01.mtx]
[K : 32]
[Sputnik_gflops : 11.29 ]
Matrix diff: 53550.269531

---New data---

[Remaining: 447]

[File : ./suiteSparse_dataset_10000_100000/ncvxqp7/ncvxqp7.mtx]
[K : 32]
[Sputnik_gflops : 1.32 ]
Matrix diff: 36775.550781

---New data---

[Remaining: 446]

[File : ./suiteSparse_dataset_10000_100000/uni_chimera_i2/uni_chimera_i2_A_18.mtx]
[K : 32]
[Sputnik_gflops : 1.40 ]
Matrix diff: 44782.914062

---New data---

[Remaining: 445]

[File : ./suiteSparse_dataset_10000_100000/uni_chimera_i2/uni_chimera_i2_A_02.mtx]
[K : 32]
[Sputnik_gflops : 1.40 ]
Matrix diff: 23933.162109

---New data---

[Remaining: 444]

[File : ./suiteSparse_dataset_10000_100000/uni_chimera_i2/uni_chimera_i2_A_14.mtx]
[K : 32]
[Sputnik_gflops : 1.40 ]
Matrix diff: 24626.234375

---New data---

[Remaining: 443]

[File : ./suiteSparse_dataset_10000_100000/uni_chimera_i2/uni_chimera_i2_A_10.mtx]
[K : 32]
[Sputnik_gflops : 1.40 ]
Matrix diff: 64762.000000

---New data---

[Remaining: 442]

[File : ./suiteSparse_dataset_10000_100000/uni_chimera_i2/uni_chimera_i2_A_17.mtx]
[K : 32]
[Sputnik_gflops : 1.40 ]
Matrix diff: 46029.121094

---New data---

[Remaining: 441]

[File : ./suiteSparse_dataset_10000_100000/uni_chimera_i2/uni_chimera_i2.mtx]
[K : 32]
[Sputnik_gflops : 1.40 ]
Matrix diff: 47766.542969

---New data---

[Remaining: 440]

[File : ./suiteSparse_dataset_10000_100000/uni_chimera_i2/uni_chimera_i2_A_16.mtx]
[K : 32]
[Sputnik_gflops : 1.40 ]
Matrix diff: 47258.148438

---New data---

[Remaining: 439]

[File : ./suiteSparse_dataset_10000_100000/uni_chimera_i2/uni_chimera_i2_A_07.mtx]
[K : 32]
[Sputnik_gflops : 1.40 ]
Matrix diff: 49611.253906

---New data---

[Remaining: 438]

[File : ./suiteSparse_dataset_10000_100000/uni_chimera_i2/uni_chimera_i2_A_22.mtx]
[K : 32]
[Sputnik_gflops : 1.40 ]
Matrix diff: 39027.000000

---New data---

[Remaining: 437]

[File : ./suiteSparse_dataset_10000_100000/uni_chimera_i2/uni_chimera_i2_A_20.mtx]
[K : 32]
[Sputnik_gflops : 1.40 ]
Matrix diff: 32638.687500

---New data---

[Remaining: 436]

[File : ./suiteSparse_dataset_10000_100000/uni_chimera_i2/uni_chimera_i2_A_01.mtx]
[K : 32]
[Sputnik_gflops : 1.40 ]
Matrix diff: 24542.332031

---New data---

[Remaining: 435]

[File : ./suiteSparse_dataset_10000_100000/uni_chimera_i2/uni_chimera_i2_A_19.mtx]
[K : 32]
[Sputnik_gflops : 1.40 ]
Matrix diff: 36428.640625

---New data---

[Remaining: 434]

[File : ./suiteSparse_dataset_10000_100000/uni_chimera_i2/uni_chimera_i2_A_04.mtx]
[K : 32]
[Sputnik_gflops : 1.40 ]
Matrix diff: 8876.846680

---New data---

[Remaining: 433]

[File : ./suiteSparse_dataset_10000_100000/uni_chimera_i2/uni_chimera_i2_A_09.mtx]
[K : 32]
[Sputnik_gflops : 1.40 ]
Matrix diff: 59208.300781

---New data---

[Remaining: 432]

[File : ./suiteSparse_dataset_10000_100000/uni_chimera_i2/uni_chimera_i2_A_06.mtx]
[K : 32]
[Sputnik_gflops : 1.40 ]
Matrix diff: 43576.761719

---New data---

[Remaining: 431]

[File : ./suiteSparse_dataset_10000_100000/uni_chimera_i2/uni_chimera_i2_A_13.mtx]
[K : 32]
[Sputnik_gflops : 1.40 ]
Matrix diff: 31342.771484

---New data---

[Remaining: 430]

[File : ./suiteSparse_dataset_10000_100000/uni_chimera_i2/uni_chimera_i2_A_03.mtx]
[K : 32]
[Sputnik_gflops : 1.40 ]
Matrix diff: 21954.109375

---New data---

[Remaining: 429]

[File : ./suiteSparse_dataset_10000_100000/uni_chimera_i2/uni_chimera_i2_A_15.mtx]
[K : 32]
[Sputnik_gflops : 1.40 ]
Matrix diff: 54986.207031

---New data---

[Remaining: 428]

[File : ./suiteSparse_dataset_10000_100000/uni_chimera_i2/uni_chimera_i2_A_24.mtx]
[K : 32]
[Sputnik_gflops : 1.40 ]
Matrix diff: 30675.927734

---New data---

[Remaining: 427]

[File : ./suiteSparse_dataset_10000_100000/uni_chimera_i2/uni_chimera_i2_A_05.mtx]
[K : 32]
[Sputnik_gflops : 1.40 ]
Matrix diff: 67351.914062

---New data---

[Remaining: 426]

[File : ./suiteSparse_dataset_10000_100000/uni_chimera_i2/uni_chimera_i2_A_08.mtx]
[K : 32]
[Sputnik_gflops : 1.40 ]
Matrix diff: 51705.058594

---New data---

[Remaining: 425]

[File : ./suiteSparse_dataset_10000_100000/uni_chimera_i2/uni_chimera_i2_A_11.mtx]
[K : 32]
[Sputnik_gflops : 1.40 ]
Matrix diff: 25583.906250

---New data---

[Remaining: 424]

[File : ./suiteSparse_dataset_10000_100000/uni_chimera_i2/uni_chimera_i2_A_21.mtx]
[K : 32]
[Sputnik_gflops : 1.40 ]
Matrix diff: 35047.023438

---New data---

[Remaining: 423]

[File : ./suiteSparse_dataset_10000_100000/uni_chimera_i2/uni_chimera_i2_A_12.mtx]
[K : 32]
[Sputnik_gflops : 1.40 ]
Matrix diff: 26891.421875

---New data---

[Remaining: 422]

[File : ./suiteSparse_dataset_10000_100000/uni_chimera_i2/uni_chimera_i2_A_23.mtx]
[K : 32]
[Sputnik_gflops : 1.40 ]
Matrix diff: 65273.984375

---New data---

[Remaining: 421]

[File : ./suiteSparse_dataset_10000_100000/venkat25/venkat25.mtx]
[K : 32]
[Sputnik_gflops : 7.73 ]
Matrix diff: 51675.277344

---New data---

[Remaining: 420]

[File : ./suiteSparse_dataset_10000_100000/stokes128/stokes128.mtx]
[K : 32]
[Sputnik_gflops : 3.97 ]
Matrix diff: 45679.601562

---New data---

[Remaining: 419]

[File : ./suiteSparse_dataset_10000_100000/finan512/finan512.mtx]
[K : 32]
[Sputnik_gflops : 1.87 ]
Matrix diff: 66590.015625

---New data---

[Remaining: 418]

[File : ./suiteSparse_dataset_10000_100000/poisson3Db/poisson3Db.mtx]
[K : 32]
[Sputnik_gflops : 5.67 ]
Matrix diff: 29020.855469

---New data---

[Remaining: 417]

[File : ./suiteSparse_dataset_10000_100000/preferentialAttachment/preferentialAttachment.mtx]
[K : 32]
[Sputnik_gflops : 1.75 ]
Matrix diff: 34893.796875

---New data---

[Remaining: 416]

[File : ./suiteSparse_dataset_10000_100000/F2/F2.mtx]
[K : 32]
[Sputnik_gflops : 18.07 ]
Matrix diff: 65736.976562

---New data---

[Remaining: 415]

[File : ./suiteSparse_dataset_10000_100000/dbir2/dbir2.mtx]
[K : 32]
[Sputnik_gflops : 23.30 ]
Matrix diff: 66970.820312

---New data---

[Remaining: 414]

[File : ./suiteSparse_dataset_10000_100000/ca-AstroPh/ca-AstroPh.mtx]
[K : 32]
[Sputnik_gflops : 19.53 ]
Matrix diff: 31454.597656

---New data---

[Remaining: 413]

[File : ./suiteSparse_dataset_10000_100000/g7jac080sc/g7jac080sc.mtx]
[K : 32]
[Sputnik_gflops : 9.17 ]
Matrix diff: 40081.410156

---New data---

[Remaining: 412]

[File : ./suiteSparse_dataset_10000_100000/vsp_south31_slptsk/vsp_south31_slptsk.mtx]
[K : 32]
[Sputnik_gflops : 4.23 ]
Matrix diff: 62311.425781

---New data---

[Remaining: 411]

[File : ./suiteSparse_dataset_10000_100000/pkustk08/pkustk08.mtx]
[K : 32]
[Sputnik_gflops : 106.30 ]
Matrix diff: 81264.156250

---New data---

[Remaining: 410]

[File : ./suiteSparse_dataset_10000_100000/deltaX/deltaX.mtx]
[K : 32]
[Sputnik_gflops : 2.73 ]
Matrix diff: 41132.984375

---New data---

[Remaining: 409]

[File : ./suiteSparse_dataset_10000_100000/TSOPF_FS_b39_c7/TSOPF_FS_b39_c7.mtx]
[K : 32]
[Sputnik_gflops : 15.24 ]
Matrix diff: 56032.394531

---New data---

[Remaining: 408]

[File : ./suiteSparse_dataset_10000_100000/lhr71c/lhr71c.mtx]
[K : 32]
[Sputnik_gflops : 5.15 ]
Matrix diff: 48405.480469

---New data---

[Remaining: 407]

[File : ./suiteSparse_dataset_10000_100000/mod2/mod2.mtx]
[K : 32]
[Sputnik_gflops : 1.52 ]
Matrix diff: 48341.425781

---New data---

[Remaining: 406]

[File : ./suiteSparse_dataset_10000_100000/raefsky4/raefsky4.mtx]
[K : 32]
[Sputnik_gflops : 58.73 ]
Matrix diff: 64596.660156

---New data---

[Remaining: 405]

[File : ./suiteSparse_dataset_10000_100000/cat_ears_4_4/cat_ears_4_4.mtx]
[K : 32]
[Sputnik_gflops : 2.75 ]
Matrix diff: 36639.312500

---New data---

[Remaining: 404]

[File : ./suiteSparse_dataset_10000_100000/ckt11752_tr_0/ckt11752_tr_0.mtx]
[K : 32]
[Sputnik_gflops : 2.36 ]
Matrix diff: 63029.949219

---New data---

[Remaining: 403]

[File : ./suiteSparse_dataset_10000_100000/gyro_k/gyro_k.mtx]
[K : 32]
[Sputnik_gflops : 58.42 ]
Matrix diff: 52889.984375

---New data---

[Remaining: 402]

[File : ./suiteSparse_dataset_10000_100000/pkustk09/pkustk09.mtx]
[K : 32]
[Sputnik_gflops : 22.82 ]
Matrix diff: 60138.003906

---New data---

[Remaining: 401]

[File : ./suiteSparse_dataset_10000_100000/Zd_Jac3_db/Zd_Jac3_db.mtx]
[K : 32]
[Sputnik_gflops : 22.58 ]
Matrix diff: 59860.617188

---New data---

[Remaining: 400]

[File : ./suiteSparse_dataset_10000_100000/g7jac120sc/g7jac120sc.mtx]
[K : 32]
[Sputnik_gflops : 6.26 ]
Matrix diff: 46369.296875

---New data---

[Remaining: 399]

[File : ./suiteSparse_dataset_10000_100000/mouse_gene/mouse_gene.mtx]
[K : 32]
[Sputnik_gflops : 217.18 ]
Matrix diff: 86522.820312

---New data---

[Remaining: 398]

[File : ./suiteSparse_dataset_10000_100000/Trefethen_20000b/Trefethen_20000b.mtx]
[K : 32]
[Sputnik_gflops : 24.10 ]
Matrix diff: 57719.660156

---New data---

[Remaining: 397]

[File : ./suiteSparse_dataset_10000_100000/3D_28984_Tetra/3D_28984_Tetra.mtx]
[K : 32]
[Sputnik_gflops : 12.48 ]
Matrix diff: 60333.695312

---New data---

[Remaining: 396]

[File : ./suiteSparse_dataset_10000_100000/bcsstk29/bcsstk29.mtx]
[K : 32]
[Sputnik_gflops : 54.41 ]
Matrix diff: 60111.953125

---New data---

[Remaining: 395]

[File : ./suiteSparse_dataset_10000_100000/mark3jac140/mark3jac140.mtx]
[K : 32]
[Sputnik_gflops : 1.70 ]
Matrix diff: 60030.589844

---New data---

[Remaining: 394]

[File : ./suiteSparse_dataset_10000_100000/bcsstm36/bcsstm36.mtx]
[K : 32]
[Sputnik_gflops : 10.55 ]
Matrix diff: 37885.964844

---New data---

[Remaining: 393]

[File : ./suiteSparse_dataset_10000_100000/mycielskian16/mycielskian16.mtx]
[K : 32]
[Sputnik_gflops : 226.96 ]
Matrix diff: 111132.968750

---New data---

[Remaining: 392]

[File : ./suiteSparse_dataset_10000_100000/olesnik0/olesnik0.mtx]
[K : 32]
[Sputnik_gflops : 1.67 ]
Matrix diff: 14805.574219

---New data---

[Remaining: 391]

[File : ./suiteSparse_dataset_10000_100000/c-52/c-52.mtx]
[K : 32]
[Sputnik_gflops : 6.18 ]
Matrix diff: 52304.957031

---New data---

[Remaining: 390]

[File : ./suiteSparse_dataset_10000_100000/c-50/c-50.mtx]
[K : 32]
[Sputnik_gflops : 6.74 ]
Matrix diff: 39577.246094

---New data---

[Remaining: 389]

[File : ./suiteSparse_dataset_10000_100000/pkustk05/pkustk05.mtx]
[K : 32]
[Sputnik_gflops : 27.87 ]
Matrix diff: 31474.919922

---New data---

[Remaining: 388]

[File : ./suiteSparse_dataset_10000_100000/conf6_0-8x8-80/conf6_0-8x8-80.mtx]
[K : 32]
[Sputnik_gflops : 13.50 ]
Matrix diff: 44655.777344

---New data---

[Remaining: 387]

[File : ./suiteSparse_dataset_10000_100000/vanbody/vanbody.mtx]
[K : 32]
[Sputnik_gflops : 17.52 ]
Matrix diff: 7754.860840

---New data---

[Remaining: 386]

[File : ./suiteSparse_dataset_10000_100000/EAT_SR/EAT_SR.mtx]
[K : 32]
[Sputnik_gflops : 10.54 ]
Matrix diff: 45736.089844

---New data---

[Remaining: 385]

[File : ./suiteSparse_dataset_10000_100000/c-62/c-62.mtx]
[K : 32]
[Sputnik_gflops : 5.62 ]
Matrix diff: 3557.353027

---New data---

[Remaining: 384]

[File : ./suiteSparse_dataset_10000_100000/ns3Da/ns3Da.mtx]
[K : 32]
[Sputnik_gflops : 68.91 ]
Matrix diff: 54371.527344

---New data---

[Remaining: 383]

[File : ./suiteSparse_dataset_10000_100000/pcrystk02/pcrystk02.mtx]
[K : 32]
[Sputnik_gflops : 85.38 ]
Matrix diff: 52011.796875

---New data---

[Remaining: 382]

[File : ./suiteSparse_dataset_10000_100000/windscreen/windscreen.mtx]
[K : 32]
[Sputnik_gflops : 50.00 ]
Matrix diff: 58729.300781

---New data---

[Remaining: 381]

[File : ./suiteSparse_dataset_10000_100000/windscreen/windscreen_M.mtx]
[K : 32]
[Sputnik_gflops : 49.96 ]
Matrix diff: 51596.695312

---New data---

[Remaining: 380]

[File : ./suiteSparse_dataset_10000_100000/HEP-th-new/HEP-th-new.mtx]
[K : 32]
[Sputnik_gflops : 8.00 ]
Matrix diff: 33804.074219

---New data---

[Remaining: 379]

[File : ./suiteSparse_dataset_10000_100000/bcsstk37/bcsstk37.mtx]
[K : 32]
[Sputnik_gflops : 30.57 ]
Matrix diff: 37848.109375

---New data---

[Remaining: 378]

[File : ./suiteSparse_dataset_10000_100000/crystk02/crystk02.mtx]
[K : 32]
[Sputnik_gflops : 85.38 ]
Matrix diff: 55488.628906

---New data---

[Remaining: 377]

[File : ./suiteSparse_dataset_10000_100000/dbir1/dbir1.mtx]
[K : 32]
[Sputnik_gflops : 21.83 ]
Matrix diff: 49843.531250

---New data---

[Remaining: 376]

[File : ./suiteSparse_dataset_10000_100000/fem_filter/fem_filter.mtx]
[K : 32]
[Sputnik_gflops : 5.33 ]
Matrix diff: 62693.332031

---New data---

[Remaining: 375]

[File : ./suiteSparse_dataset_10000_100000/flower_7_4/flower_7_4.mtx]
[K : 32]
[Sputnik_gflops : 1.90 ]
Matrix diff: 54568.667969

---New data---

[Remaining: 374]

[File : ./suiteSparse_dataset_10000_100000/p2p-Gnutella31/p2p-Gnutella31.mtx]
[K : 32]
[Sputnik_gflops : 0.66 ]
Matrix diff: 39393.953125

---New data---

[Remaining: 373]

[File : ./suiteSparse_dataset_10000_100000/tsyl201/tsyl201.mtx]
[K : 32]
[Sputnik_gflops : 99.06 ]
Matrix diff: 28532.089844

---New data---

[Remaining: 372]

[File : ./suiteSparse_dataset_10000_100000/mark3jac100sc/mark3jac100sc.mtx]
[K : 32]
[Sputnik_gflops : 2.39 ]
Matrix diff: 60871.722656

---New data---

[Remaining: 371]

[File : ./suiteSparse_dataset_10000_100000/copter2/copter2.mtx]
[K : 32]
[Sputnik_gflops : 4.34 ]
Matrix diff: 55593.570312

---New data---

[Remaining: 370]

[File : ./suiteSparse_dataset_10000_100000/cz40948/cz40948.mtx]
[K : 32]
[Sputnik_gflops : 4.32 ]
Matrix diff: 58984.246094

---New data---

[Remaining: 369]

[File : ./suiteSparse_dataset_10000_100000/vibrobox/vibrobox.mtx]
[K : 32]
[Sputnik_gflops : 39.00 ]
Matrix diff: 47535.734375

---New data---

[Remaining: 368]

[File : ./suiteSparse_dataset_10000_100000/TF16/TF16.mtx]
[K : 32]
[Sputnik_gflops : 12.69 ]
Matrix diff: 38194.613281

---New data---

[Remaining: 367]

[File : ./suiteSparse_dataset_10000_100000/TSOPF_RS_b162_c3/TSOPF_RS_b162_c3.mtx]
[K : 32]
[Sputnik_gflops : 45.03 ]
Matrix diff: 60362.992188

---New data---

[Remaining: 366]

[File : ./suiteSparse_dataset_10000_100000/sme3Db/sme3Db.mtx]
[K : 32]
[Sputnik_gflops : 40.44 ]
Matrix diff: 60652.085938

---New data---

[Remaining: 365]

[File : ./suiteSparse_dataset_10000_100000/venkat01/venkat01.mtx]
[K : 32]
[Sputnik_gflops : 7.35 ]
Matrix diff: 22992.943359

---New data---

[Remaining: 364]

[File : ./suiteSparse_dataset_10000_100000/human_gene2/human_gene2.mtx]
[K : 32]
[Sputnik_gflops : 1033.85 ]
Matrix diff: 105257.164062

---New data---

[Remaining: 363]

[File : ./suiteSparse_dataset_10000_100000/nmos3/nmos3.mtx]
[K : 32]
[Sputnik_gflops : 19.58 ]
Matrix diff: 31463.281250

---New data---

[Remaining: 362]

[File : ./suiteSparse_dataset_10000_100000/jan99jac120/jan99jac120.mtx]
[K : 32]
[Sputnik_gflops : 2.67 ]
Matrix diff: 35905.566406

---New data---

[Remaining: 361]

[File : ./suiteSparse_dataset_10000_100000/p010/p010.mtx]
[K : 32]
[Sputnik_gflops : 10.71 ]
Matrix diff: 52945.484375

---New data---

[Remaining: 360]

[File : ./suiteSparse_dataset_10000_100000/gyro/gyro_M.mtx]
[K : 32]
[Sputnik_gflops : 19.72 ]
Matrix diff: 28393.980469

---New data---

[Remaining: 359]

[File : ./suiteSparse_dataset_10000_100000/gyro/gyro.mtx]
[K : 32]
[Sputnik_gflops : 58.70 ]
Matrix diff: 60842.843750

---New data---

[Remaining: 358]

[File : ./suiteSparse_dataset_10000_100000/pkustk02/pkustk02.mtx]
[K : 32]
[Sputnik_gflops : 112.58 ]
Matrix diff: 57798.476562

---New data---

[Remaining: 357]

[File : ./suiteSparse_dataset_10000_100000/jan99jac100sc/jan99jac100sc.mtx]
[K : 32]
[Sputnik_gflops : 3.03 ]
Matrix diff: 57294.085938

---New data---

[Remaining: 356]

[File : ./suiteSparse_dataset_10000_100000/Maragal_8/Maragal_8.mtx]
[K : 32]
[Sputnik_gflops : 8.73 ]
Matrix diff: 32773.039062

---New data---

[Remaining: 355]

[File : ./suiteSparse_dataset_10000_100000/ch7-7-b5/ch7-7-b5.mtx]
[K : 32]
[Sputnik_gflops : 2.00 ]
Matrix diff: 55273.898438

---New data---

[Remaining: 354]

[File : ./suiteSparse_dataset_10000_100000/pkustk01/pkustk01.mtx]
[K : 32]
[Sputnik_gflops : 35.24 ]
Matrix diff: 61270.468750

---New data---

[Remaining: 353]

[File : ./suiteSparse_dataset_10000_100000/finance256/finance256.mtx]
[K : 32]
[Sputnik_gflops : 3.76 ]
Matrix diff: 63655.250000

---New data---

[Remaining: 352]

[File : ./suiteSparse_dataset_10000_100000/fxm3_16/fxm3_16.mtx]
[K : 32]
[Sputnik_gflops : 1.95 ]
Matrix diff: 65751.476562

---New data---

[Remaining: 351]

[File : ./suiteSparse_dataset_10000_100000/jan99jac060/jan99jac060.mtx]
[K : 32]
[Sputnik_gflops : 5.25 ]
Matrix diff: 55030.359375

---New data---

[Remaining: 350]

[File : ./suiteSparse_dataset_10000_100000/pwt/pwt.mtx]
[K : 32]
[Sputnik_gflops : 4.30 ]
Matrix diff: 65252.414062

---New data---

[Remaining: 349]

[File : ./suiteSparse_dataset_10000_100000/mark3jac080/mark3jac080.mtx]
[K : 32]
[Sputnik_gflops : 2.99 ]
Matrix diff: 64885.617188

---New data---

[Remaining: 348]

[File : ./suiteSparse_dataset_10000_100000/Ill_Stokes/Ill_Stokes.mtx]
[K : 32]
[Sputnik_gflops : 7.70 ]
Matrix diff: 44754.167969

---New data---

[Remaining: 347]

[File : ./suiteSparse_dataset_10000_100000/SiO/SiO.mtx]
[K : 32]
[Sputnik_gflops : 20.67 ]
Matrix diff: 61309.726562

---New data---

[Remaining: 346]

[File : ./suiteSparse_dataset_10000_100000/2D_54019_highK/2D_54019_highK.mtx]
[K : 32]
[Sputnik_gflops : 5.75 ]
Matrix diff: 56130.769531

---New data---

[Remaining: 345]

[File : ./suiteSparse_dataset_10000_100000/rlfprim/rlfprim.mtx]
[K : 32]
[Sputnik_gflops : 1.53 ]
Matrix diff: 63619.250000

---New data---

[Remaining: 344]

[File : ./suiteSparse_dataset_10000_100000/g7jac200sc/g7jac200sc.mtx]
[K : 32]
[Sputnik_gflops : 4.19 ]
Matrix diff: 49846.640625

---New data---

[Remaining: 343]

[File : ./suiteSparse_dataset_10000_100000/astro-ph/astro-ph.mtx]
[K : 32]
[Sputnik_gflops : 15.16 ]
Matrix diff: 47075.828125

---New data---

[Remaining: 342]

[File : ./suiteSparse_dataset_10000_100000/TSOPF_FS_b39_c19/TSOPF_FS_b39_c19.mtx]
[K : 32]
[Sputnik_gflops : 5.99 ]
Matrix diff: 57813.714844

---New data---

[Remaining: 341]

[File : ./suiteSparse_dataset_10000_100000/bcsstk35/bcsstk35.mtx]
[K : 32]
[Sputnik_gflops : 27.80 ]
Matrix diff: 54692.304688

---New data---

[Remaining: 340]

[File : ./suiteSparse_dataset_10000_100000/TSOPF_FS_b162_c4/TSOPF_FS_b162_c4.mtx]
[K : 32]
[Sputnik_gflops : 25.30 ]
Matrix diff: 25286.537109

---New data---

[Remaining: 339]

[File : ./suiteSparse_dataset_10000_100000/lowThrust_12/lowThrust_12.mtx]
[K : 32]
[Sputnik_gflops : 11.56 ]
Matrix diff: 41538.789062

---New data---

[Remaining: 338]

[File : ./suiteSparse_dataset_10000_100000/g7jac100/g7jac100.mtx]
[K : 32]
[Sputnik_gflops : 7.70 ]
Matrix diff: 31033.617188

---New data---

[Remaining: 337]

[File : ./suiteSparse_dataset_10000_100000/g7jac050sc/g7jac050sc.mtx]
[K : 32]
[Sputnik_gflops : 11.97 ]
Matrix diff: 41511.949219

---New data---

[Remaining: 336]

[File : ./suiteSparse_dataset_10000_100000/mycielskian14/mycielskian14.mtx]
[K : 32]
[Sputnik_gflops : 375.68 ]
Matrix diff: 23937.480469

---New data---

[Remaining: 335]

[File : ./suiteSparse_dataset_10000_100000/gupta1/gupta1.mtx]
[K : 32]
[Sputnik_gflops : 35.42 ]
Matrix diff: 27324.580078

---New data---

[Remaining: 334]

[File : ./suiteSparse_dataset_10000_100000/bayer04/bayer04.mtx]
[K : 32]
[Sputnik_gflops : 6.25 ]
Matrix diff: 67683.687500

---New data---

[Remaining: 333]

[File : ./suiteSparse_dataset_10000_100000/Goodwin_071/Goodwin_071.mtx]
[K : 32]
[Sputnik_gflops : 9.52 ]
Matrix diff: 26822.193359

---New data---

[Remaining: 332]

[File : ./suiteSparse_dataset_10000_100000/cyl6/cyl6.mtx]
[K : 32]
[Sputnik_gflops : 66.37 ]
Matrix diff: 57616.867188

---New data---

[Remaining: 331]

[File : ./suiteSparse_dataset_10000_100000/g7jac140sc/g7jac140sc.mtx]
[K : 32]
[Sputnik_gflops : 5.78 ]
Matrix diff: 63063.386719

---New data---

[Remaining: 330]

[File : ./suiteSparse_dataset_10000_100000/ts-palko/ts-palko.mtx]
[K : 32]
[Sputnik_gflops : 18.13 ]
Matrix diff: 57917.761719

---New data---

[Remaining: 329]

[File : ./suiteSparse_dataset_10000_100000/wing/wing.mtx]
[K : 32]
[Sputnik_gflops : 1.11 ]
Matrix diff: 42289.109375

---New data---

[Remaining: 328]

[File : ./suiteSparse_dataset_10000_100000/crplat2/crplat2.mtx]
[K : 32]
[Sputnik_gflops : 51.76 ]
Matrix diff: 58321.402344

---New data---

[Remaining: 327]

[File : ./suiteSparse_dataset_10000_100000/c-60/c-60.mtx]
[K : 32]
[Sputnik_gflops : 2.76 ]
Matrix diff: 65972.367188

---New data---

[Remaining: 326]

[File : ./suiteSparse_dataset_10000_100000/mip1/mip1.mtx]
[K : 32]
[Sputnik_gflops : 40.92 ]
Matrix diff: 59436.652344

---New data---

[Remaining: 325]

[File : ./suiteSparse_dataset_10000_100000/Zhao2/Zhao2.mtx]
[K : 32]
[Sputnik_gflops : 2.55 ]
Matrix diff: 62286.914062

---New data---

[Remaining: 324]

[File : ./suiteSparse_dataset_10000_100000/c-66/c-66.mtx]
[K : 32]
[Sputnik_gflops : 3.51 ]
Matrix diff: 41803.898438

---New data---

[Remaining: 323]

[File : ./suiteSparse_dataset_10000_100000/helm3d01/helm3d01.mtx]
[K : 32]
[Sputnik_gflops : 7.24 ]
Matrix diff: 45584.515625

---New data---

[Remaining: 322]

[File : ./suiteSparse_dataset_10000_100000/shermanACb/shermanACb.mtx]
[K : 32]
[Sputnik_gflops : 7.43 ]
Matrix diff: 56705.031250

---New data---

[Remaining: 321]

[File : ./suiteSparse_dataset_10000_100000/k3plates/k3plates.mtx]
[K : 32]
[Sputnik_gflops : 53.10 ]
Matrix diff: 35615.667969

---New data---

[Remaining: 320]

[File : ./suiteSparse_dataset_10000_100000/lowThrust_6/lowThrust_6.mtx]
[K : 32]
[Sputnik_gflops : 12.68 ]
Matrix diff: 47707.925781

---New data---

[Remaining: 319]

[File : ./suiteSparse_dataset_10000_100000/Reuters911/Reuters911.mtx]
[K : 32]
[Sputnik_gflops : 28.99 ]
Matrix diff: 54538.367188

---New data---

[Remaining: 318]

[File : ./suiteSparse_dataset_10000_100000/Zd_Jac2/Zd_Jac2.mtx]
[K : 32]
[Sputnik_gflops : 51.71 ]
Matrix diff: 47960.753906

---New data---

[Remaining: 317]

[File : ./suiteSparse_dataset_10000_100000/JP/JP.mtx]
[K : 32]
[Sputnik_gflops : 39.36 ]
Matrix diff: 37917.691406

---New data---

[Remaining: 316]

[File : ./suiteSparse_dataset_10000_100000/wang4/wang4.mtx]
[K : 32]
[Sputnik_gflops : 4.58 ]
Matrix diff: 50295.050781

---New data---

[Remaining: 315]

[File : ./suiteSparse_dataset_10000_100000/cit-HepTh/cit-HepTh.mtx]
[K : 32]
[Sputnik_gflops : 8.03 ]
Matrix diff: 41640.960938

---New data---

[Remaining: 314]

[File : ./suiteSparse_dataset_10000_100000/crystm02/crystm02.mtx]
[K : 32]
[Sputnik_gflops : 28.79 ]
Matrix diff: 56046.257812

---New data---

[Remaining: 313]

[File : ./suiteSparse_dataset_10000_100000/t3dh_a/t3dh_a.mtx]
[K : 32]
[Sputnik_gflops : 12.18 ]
Matrix diff: 107214.148438

---New data---

[Remaining: 312]

[File : ./suiteSparse_dataset_10000_100000/EAT_RS/EAT_RS.mtx]
[K : 32]
[Sputnik_gflops : 10.58 ]
Matrix diff: 33127.257812

---New data---

[Remaining: 311]

[File : ./suiteSparse_dataset_10000_100000/jan99jac100/jan99jac100.mtx]
[K : 32]
[Sputnik_gflops : 3.20 ]
Matrix diff: 59977.390625

---New data---

[Remaining: 310]

[File : ./suiteSparse_dataset_10000_100000/3dtube/3dtube.mtx]
[K : 32]
[Sputnik_gflops : 27.44 ]
Matrix diff: 15719.249023

---New data---

[Remaining: 309]

[File : ./suiteSparse_dataset_10000_100000/g7jac160/g7jac160.mtx]
[K : 32]
[Sputnik_gflops : 5.13 ]
Matrix diff: 56840.859375

---New data---

[Remaining: 308]

[File : ./suiteSparse_dataset_10000_100000/g7jac040sc/g7jac040sc.mtx]
[K : 32]
[Sputnik_gflops : 14.33 ]
Matrix diff: 68182.390625

---New data---

[Remaining: 307]

[File : ./suiteSparse_dataset_10000_100000/tandem_vtx/tandem_vtx.mtx]
[K : 32]
[Sputnik_gflops : 13.03 ]
Matrix diff: 63855.093750

---New data---

[Remaining: 306]

[File : ./suiteSparse_dataset_10000_100000/c-51/c-51.mtx]
[K : 32]
[Sputnik_gflops : 6.63 ]
Matrix diff: 48683.992188

---New data---

[Remaining: 305]

[File : ./suiteSparse_dataset_10000_100000/human_gene1/human_gene1.mtx]
[K : 32]
[Sputnik_gflops : 663.16 ]
Matrix diff: 34581.613281

---New data---

[Remaining: 304]

[File : ./suiteSparse_dataset_10000_100000/wy2010/wy2010.mtx]
[K : 32]
[Sputnik_gflops : 1.01 ]
Matrix diff: 65552.617188

---New data---

[Remaining: 303]

[File : ./suiteSparse_dataset_10000_100000/TSOPF_RS_b2052_c1/TSOPF_RS_b2052_c1.mtx]
[K : 32]
[Sputnik_gflops : 175.41 ]
Matrix diff: 78054.335938

---New data---

[Remaining: 302]

[File : ./suiteSparse_dataset_10000_100000/c-56/c-56.mtx]
[K : 32]
[Sputnik_gflops : 5.19 ]
Matrix diff: 64939.890625

---New data---

[Remaining: 301]

[File : ./suiteSparse_dataset_10000_100000/pkustk06/pkustk06.mtx]
[K : 32]
[Sputnik_gflops : 22.93 ]
Matrix diff: 35317.894531

---New data---

[Remaining: 300]

[File : ./suiteSparse_dataset_10000_100000/vsp_bump2_e18_aa01_model1_crew1/vsp_bump2_e18_aa01_model1_crew1.mtx]
[K : 32]
[Sputnik_gflops : 3.14 ]
Matrix diff: 56699.117188

---New data---

[Remaining: 299]

[File : ./suiteSparse_dataset_10000_100000/ex35/ex35.mtx]
[K : 32]
[Sputnik_gflops : 10.28 ]
Matrix diff: 44003.187500

---New data---

[Remaining: 298]

[File : ./suiteSparse_dataset_10000_100000/copter1/copter1.mtx]
[K : 32]
[Sputnik_gflops : 12.45 ]
Matrix diff: 34456.199219

---New data---

[Remaining: 297]

[File : ./suiteSparse_dataset_10000_100000/ncvxbqp1/ncvxbqp1.mtx]
[K : 32]
[Sputnik_gflops : 2.46 ]
Matrix diff: 30276.640625

---New data---

[Remaining: 296]

[File : ./suiteSparse_dataset_10000_100000/mark3jac060sc/mark3jac060sc.mtx]
[K : 32]
[Sputnik_gflops : 3.98 ]
Matrix diff: 60152.957031

---New data---

[Remaining: 295]

[File : ./suiteSparse_dataset_10000_100000/bcsstk25/bcsstk25.mtx]
[K : 32]
[Sputnik_gflops : 18.49 ]
Matrix diff: 66123.906250

---New data---

[Remaining: 294]

[File : ./suiteSparse_dataset_10000_100000/TSOPF_RS_b162_c4/TSOPF_RS_b162_c4.mtx]
[K : 32]
[Sputnik_gflops : 34.25 ]
Matrix diff: 60584.371094

---New data---

[Remaining: 293]

[File : ./suiteSparse_dataset_10000_100000/loc-Brightkite/loc-Brightkite.mtx]
[K : 32]
[Sputnik_gflops : 2.15 ]
Matrix diff: 48737.441406

---New data---

[Remaining: 292]

[File : ./suiteSparse_dataset_10000_100000/garon2/garon2.mtx]
[K : 32]
[Sputnik_gflops : 37.14 ]
Matrix diff: 53588.972656

---New data---

[Remaining: 291]

[File : ./suiteSparse_dataset_10000_100000/TSOPF_RS_b39_c30/TSOPF_RS_b39_c30.mtx]
[K : 32]
[Sputnik_gflops : 5.26 ]
Matrix diff: 60122.039062

---New data---

[Remaining: 290]

[File : ./suiteSparse_dataset_10000_100000/TSOPF_RS_b300_c1/TSOPF_RS_b300_c1.mtx]
[K : 32]
[Sputnik_gflops : 120.42 ]
Matrix diff: 64837.023438

---New data---

[Remaining: 289]

[File : ./suiteSparse_dataset_10000_100000/tube2/tube2.mtx]
[K : 32]
[Sputnik_gflops : 33.96 ]
Matrix diff: 63939.843750

---New data---

[Remaining: 288]

[File : ./suiteSparse_dataset_10000_100000/lhr14c/lhr14c.mtx]
[K : 32]
[Sputnik_gflops : 26.39 ]
Matrix diff: 41918.832031

---New data---

[Remaining: 287]

[File : ./suiteSparse_dataset_10000_100000/bayer01/bayer01.mtx]
[K : 32]
[Sputnik_gflops : 1.47 ]
Matrix diff: 53451.652344

---New data---

[Remaining: 286]

[File : ./suiteSparse_dataset_10000_100000/obstclae/obstclae.mtx]
[K : 32]
[Sputnik_gflops : 2.17 ]
Matrix diff: 38180.839844

---New data---

[Remaining: 285]

[File : ./suiteSparse_dataset_10000_100000/nh2010/nh2010.mtx]
[K : 32]
[Sputnik_gflops : 1.73 ]
Matrix diff: 22997.738281

---New data---

[Remaining: 284]

[File : ./suiteSparse_dataset_10000_100000/c-72/c-72.mtx]
[K : 32]
[Sputnik_gflops : 1.76 ]
Matrix diff: 49287.011719

---New data---

[Remaining: 283]

[File : ./suiteSparse_dataset_10000_100000/IG5-15/IG5-15.mtx]
[K : 32]
[Sputnik_gflops : 41.05 ]
Matrix diff: 47494.839844

---New data---

[Remaining: 282]

[File : ./suiteSparse_dataset_10000_100000/bauru5727/bauru5727.mtx]
[K : 32]
[Sputnik_gflops : 1.57 ]
Matrix diff: 53574.296875

---New data---

[Remaining: 281]

[File : ./suiteSparse_dataset_10000_100000/Pres_Poisson/Pres_Poisson.mtx]
[K : 32]
[Sputnik_gflops : 56.62 ]
Matrix diff: 58766.546875

---New data---

[Remaining: 280]

[File : ./suiteSparse_dataset_10000_100000/g7jac200/g7jac200.mtx]
[K : 32]
[Sputnik_gflops : 4.19 ]
Matrix diff: 46929.191406

---New data---

[Remaining: 279]

[File : ./suiteSparse_dataset_10000_100000/g7jac100sc/g7jac100sc.mtx]
[K : 32]
[Sputnik_gflops : 7.70 ]
Matrix diff: 29466.962891

---New data---

[Remaining: 278]

[File : ./suiteSparse_dataset_10000_100000/TSOPF_RS_b678_c2/TSOPF_RS_b678_c2.mtx]
[K : 32]
[Sputnik_gflops : 112.54 ]
Matrix diff: 108178.085938

---New data---

[Remaining: 277]

[File : ./suiteSparse_dataset_10000_100000/scagr7-2r/scagr7-2r.mtx]
[K : 32]
[Sputnik_gflops : 1.38 ]
Matrix diff: 42392.890625

---New data---

[Remaining: 276]

[File : ./suiteSparse_dataset_10000_100000/scagr7-2r/scagr7-2r_A_11.mtx]
[K : 32]
[Sputnik_gflops : 1.38 ]
Matrix diff: 47367.320312

---New data---

[Remaining: 275]

[File : ./suiteSparse_dataset_10000_100000/TF17/TF17.mtx]
[K : 32]
[Sputnik_gflops : 5.56 ]
Matrix diff: 59636.312500

---New data---

[Remaining: 274]

[File : ./suiteSparse_dataset_10000_100000/soc-sign-Slashdot090221/soc-sign-Slashdot090221.mtx]
[K : 32]
[Sputnik_gflops : 1.43 ]
Matrix diff: 28420.753906

---New data---

[Remaining: 273]

[File : ./suiteSparse_dataset_10000_100000/net150/net150.mtx]
[K : 32]
[Sputnik_gflops : 28.81 ]
Matrix diff: 111934.960938

---New data---

[Remaining: 272]

[File : ./suiteSparse_dataset_10000_100000/IG5-18/IG5-18.mtx]
[K : 32]
[Sputnik_gflops : 15.74 ]
Matrix diff: 59394.511719

---New data---

[Remaining: 271]

[File : ./suiteSparse_dataset_10000_100000/mark3jac120sc/mark3jac120sc.mtx]
[K : 32]
[Sputnik_gflops : 2.00 ]
Matrix diff: 51446.730469

---New data---

[Remaining: 270]

[File : ./suiteSparse_dataset_10000_100000/fe_body/fe_body.mtx]
[K : 32]
[Sputnik_gflops : 2.83 ]
Matrix diff: 61380.054688

---New data---

[Remaining: 269]

[File : ./suiteSparse_dataset_10000_100000/c-64/c-64.mtx]
[K : 32]
[Sputnik_gflops : 4.73 ]
Matrix diff: 62911.937500

---New data---

[Remaining: 268]

[File : ./suiteSparse_dataset_10000_100000/email-Enron/email-Enron.mtx]
[K : 32]
[Sputnik_gflops : 4.55 ]
Matrix diff: 59913.582031

---New data---

[Remaining: 267]

[File : ./suiteSparse_dataset_10000_100000/viscorocks/viscorocks.mtx]
[K : 32]
[Sputnik_gflops : 13.56 ]
Matrix diff: 66193.687500

---New data---

[Remaining: 266]

[File : ./suiteSparse_dataset_10000_100000/std1_Jac3/std1_Jac3.mtx]
[K : 32]
[Sputnik_gflops : 49.46 ]
Matrix diff: 57708.574219

---New data---

[Remaining: 265]

[File : ./suiteSparse_dataset_10000_100000/TSOPF_RS_b39_c7/TSOPF_RS_b39_c7.mtx]
[K : 32]
[Sputnik_gflops : 21.00 ]
Matrix diff: 59763.027344

---New data---

[Remaining: 264]

[File : ./suiteSparse_dataset_10000_100000/mark3jac140sc/mark3jac140sc.mtx]
[K : 32]
[Sputnik_gflops : 1.62 ]
Matrix diff: 40606.257812

---New data---

[Remaining: 263]

[File : ./suiteSparse_dataset_10000_100000/gyro_m/gyro_m.mtx]
[K : 32]
[Sputnik_gflops : 19.72 ]
Matrix diff: 38010.457031

---New data---

[Remaining: 262]

[File : ./suiteSparse_dataset_10000_100000/epb2/epb2.mtx]
[K : 32]
[Sputnik_gflops : 4.83 ]
Matrix diff: 56949.441406

---New data---

[Remaining: 261]

[File : ./suiteSparse_dataset_10000_100000/ship_001/ship_001.mtx]
[K : 32]
[Sputnik_gflops : 66.20 ]
Matrix diff: 150960.015625

---New data---

[Remaining: 260]

[File : ./suiteSparse_dataset_10000_100000/ted_A_unscaled/ted_A_unscaled.mtx]
[K : 32]
[Sputnik_gflops : 61.37 ]
Matrix diff: 47931.089844

---New data---

[Remaining: 259]

[File : ./suiteSparse_dataset_10000_100000/vsp_msc10848_300sep_100in_1Kout/vsp_msc10848_300sep_100in_1Kout.mtx]
[K : 32]
[Sputnik_gflops : 81.60 ]
Matrix diff: 28470.076172

---New data---

[Remaining: 258]

[File : ./suiteSparse_dataset_10000_100000/k49_norm_10NN/k49_norm_10NN.mtx]
[K : 32]
[Sputnik_gflops : 6.92 ]
Matrix diff: 55144.496094

---New data---

[Remaining: 257]

[File : ./suiteSparse_dataset_10000_100000/ct2010/ct2010.mtx]
[K : 32]
[Sputnik_gflops : 1.26 ]
Matrix diff: 55602.414062

---New data---

[Remaining: 256]

[File : ./suiteSparse_dataset_10000_100000/conf6_0-8x8-20/conf6_0-8x8-20.mtx]
[K : 32]
[Sputnik_gflops : 13.95 ]
Matrix diff: 62967.417969

---New data---

[Remaining: 255]

[File : ./suiteSparse_dataset_10000_100000/fxm4_6/fxm4_6.mtx]
[K : 32]
[Sputnik_gflops : 4.42 ]
Matrix diff: 55839.546875

---New data---

[Remaining: 254]

[File : ./suiteSparse_dataset_10000_100000/water_tank/water_tank.mtx]
[K : 32]
[Sputnik_gflops : 9.68 ]
Matrix diff: 11665.644531

---New data---

[Remaining: 253]

[File : ./suiteSparse_dataset_10000_100000/windtunnel_evap3d/windtunnel_evap3d.mtx]
[K : 32]
[Sputnik_gflops : 28.64 ]
Matrix diff: 52880.105469

---New data---

[Remaining: 252]

[File : ./suiteSparse_dataset_10000_100000/g7jac060sc/g7jac060sc.mtx]
[K : 32]
[Sputnik_gflops : 11.31 ]
Matrix diff: 55667.343750

---New data---

[Remaining: 251]

[File : ./suiteSparse_dataset_10000_100000/c-61/c-61.mtx]
[K : 32]
[Sputnik_gflops : 2.87 ]
Matrix diff: 61243.675781

---New data---

[Remaining: 250]

[File : ./suiteSparse_dataset_10000_100000/dixmaanl/dixmaanl.mtx]
[K : 32]
[Sputnik_gflops : 1.47 ]
Matrix diff: 65932.640625

---New data---

[Remaining: 249]

[File : ./suiteSparse_dataset_10000_100000/Goodwin_030/Goodwin_030.mtx]
[K : 32]
[Sputnik_gflops : 52.36 ]
Matrix diff: 37409.988281

---New data---

[Remaining: 248]

[File : ./suiteSparse_dataset_10000_100000/lp_pds_10/lp_pds_10.mtx]
[K : 32]
[Sputnik_gflops : 2.29 ]
Matrix diff: 56762.558594

---New data---

[Remaining: 247]

[File : ./suiteSparse_dataset_10000_100000/pkustk11/pkustk11.mtx]
[K : 32]
[Sputnik_gflops : 11.89 ]
Matrix diff: 15584.080078

---New data---

[Remaining: 246]

[File : ./suiteSparse_dataset_10000_100000/rgg_n_2_15_s0/rgg_n_2_15_s0.mtx]
[K : 32]
[Sputnik_gflops : 5.25 ]
Matrix diff: 37117.898438

---New data---

[Remaining: 245]

[File : ./suiteSparse_dataset_10000_100000/cz10228/cz10228.mtx]
[K : 32]
[Sputnik_gflops : 17.06 ]
Matrix diff: 7274.073242

---New data---

[Remaining: 244]

[File : ./suiteSparse_dataset_10000_100000/Maragal_6/Maragal_6.mtx]
[K : 32]
[Sputnik_gflops : 43.27 ]
Matrix diff: 62095.281250

---New data---

[Remaining: 243]

[File : ./suiteSparse_dataset_10000_100000/bcsstk39/bcsstk39.mtx]
[K : 32]
[Sputnik_gflops : 16.78 ]
Matrix diff: 58976.503906

---New data---

[Remaining: 242]

[File : ./suiteSparse_dataset_10000_100000/ted_AB_unscaled/ted_AB_unscaled.mtx]
[K : 32]
[Sputnik_gflops : 79.63 ]
Matrix diff: 36070.925781

---New data---

[Remaining: 241]

[File : ./suiteSparse_dataset_10000_100000/vsp_model1_crew1_cr42_south31/vsp_model1_crew1_cr42_south31.mtx]
[K : 32]
[Sputnik_gflops : 3.28 ]
Matrix diff: 57472.000000

---New data---

[Remaining: 240]

[File : ./suiteSparse_dataset_10000_100000/pli/pli.mtx]
[K : 32]
[Sputnik_gflops : 45.41 ]
Matrix diff: 61524.292969

---New data---

[Remaining: 239]

[File : ./suiteSparse_dataset_10000_100000/bcsstk36/bcsstk36.mtx]
[K : 32]
[Sputnik_gflops : 37.60 ]
Matrix diff: 54282.882812

---New data---

[Remaining: 238]

[File : ./suiteSparse_dataset_10000_100000/ncvxqp5/ncvxqp5.mtx]
[K : 32]
[Sputnik_gflops : 1.91 ]
Matrix diff: 50387.644531

---New data---

[Remaining: 237]

[File : ./suiteSparse_dataset_10000_100000/mixtank_new/mixtank_new.mtx]
[K : 32]
[Sputnik_gflops : 38.74 ]
Matrix diff: 59525.093750

---New data---

[Remaining: 236]

[File : ./suiteSparse_dataset_10000_100000/TSOPF_FS_b300_c3/TSOPF_FS_b300_c3.mtx]
[K : 32]
[Sputnik_gflops : 31.96 ]
Matrix diff: 88761.875000

---New data---

[Remaining: 235]

[File : ./suiteSparse_dataset_10000_100000/c-58/c-58.mtx]
[K : 32]
[Sputnik_gflops : 6.88 ]
Matrix diff: 58892.183594

---New data---

[Remaining: 234]

[File : ./suiteSparse_dataset_10000_100000/Franz11/Franz11.mtx]
[K : 32]
[Sputnik_gflops : 4.09 ]
Matrix diff: 33336.441406

---New data---

[Remaining: 233]

[File : ./suiteSparse_dataset_10000_100000/gas_sensor/gas_sensor.mtx]
[K : 32]
[Sputnik_gflops : 6.69 ]
Matrix diff: 52921.957031

---New data---

[Remaining: 232]

[File : ./suiteSparse_dataset_10000_100000/cz20468/cz20468.mtx]
[K : 32]
[Sputnik_gflops : 8.63 ]
Matrix diff: 52462.863281

---New data---

[Remaining: 231]

[File : ./suiteSparse_dataset_10000_100000/denormal/denormal.mtx]
[K : 32]
[Sputnik_gflops : 2.55 ]
Matrix diff: 54506.699219

---New data---

[Remaining: 230]

[File : ./suiteSparse_dataset_10000_100000/conf5_4-8x8-20/conf5_4-8x8-20.mtx]
[K : 32]
[Sputnik_gflops : 13.95 ]
Matrix diff: 59663.761719

---New data---

[Remaining: 229]

[File : ./suiteSparse_dataset_10000_100000/Maragal_7/Maragal_7.mtx]
[K : 32]
[Sputnik_gflops : 16.91 ]
Matrix diff: 42619.160156

---New data---

[Remaining: 228]

[File : ./suiteSparse_dataset_10000_100000/pdb1HYS/pdb1HYS.mtx]
[K : 32]
[Sputnik_gflops : 56.82 ]
Matrix diff: 103297.796875

---New data---

[Remaining: 227]

[File : ./suiteSparse_dataset_10000_100000/gupta3/gupta3.mtx]
[K : 32]
[Sputnik_gflops : 484.75 ]
Matrix diff: 48932.765625

---New data---

[Remaining: 226]

[File : ./suiteSparse_dataset_10000_100000/mark3jac120/mark3jac120.mtx]
[K : 32]
[Sputnik_gflops : 1.89 ]
Matrix diff: 42975.707031

---New data---

[Remaining: 225]

[File : ./suiteSparse_dataset_10000_100000/scfxm1-2r/scfxm1-2r_A_9.mtx]
[K : 32]
[Sputnik_gflops : 1.56 ]
Matrix diff: 49479.843750

---New data---

[Remaining: 224]

[File : ./suiteSparse_dataset_10000_100000/scfxm1-2r/scfxm1-2r.mtx]
[K : 32]
[Sputnik_gflops : 1.56 ]
Matrix diff: 60297.656250

---New data---

[Remaining: 223]

[File : ./suiteSparse_dataset_10000_100000/scfxm1-2r/scfxm1-2r_A_8.mtx]
[K : 32]
[Sputnik_gflops : 3.10 ]
Matrix diff: 50694.226562

---New data---

[Remaining: 222]

[File : ./suiteSparse_dataset_10000_100000/av41092/av41092.mtx]
[K : 32]
[Sputnik_gflops : 17.50 ]
Matrix diff: 59290.105469

---New data---

[Remaining: 221]

[File : ./suiteSparse_dataset_10000_100000/ted_AB/ted_AB.mtx]
[K : 32]
[Sputnik_gflops : 79.59 ]
Matrix diff: 38859.769531

---New data---

[Remaining: 220]

[File : ./suiteSparse_dataset_10000_100000/jan99jac080/jan99jac080.mtx]
[K : 32]
[Sputnik_gflops : 3.97 ]
Matrix diff: 64489.976562

---New data---

[Remaining: 219]

[File : ./suiteSparse_dataset_10000_100000/ramage02/ramage02.mtx]
[K : 32]
[Sputnik_gflops : 161.05 ]
Matrix diff: 60717.976562

---New data---

[Remaining: 218]

[File : ./suiteSparse_dataset_10000_100000/c-53/c-53.mtx]
[K : 32]
[Sputnik_gflops : 6.78 ]
Matrix diff: 34080.312500

---New data---

[Remaining: 217]

[File : ./suiteSparse_dataset_10000_100000/wathen120/wathen120.mtx]
[K : 32]
[Sputnik_gflops : 7.10 ]
Matrix diff: 53597.187500

---New data---

[Remaining: 216]

[File : ./suiteSparse_dataset_10000_100000/TSOPF_RS_b300_c3/TSOPF_RS_b300_c3.mtx]
[K : 32]
[Sputnik_gflops : 41.26 ]
Matrix diff: 88479.773438

---New data---

[Remaining: 215]

[File : ./suiteSparse_dataset_10000_100000/fome13/fome13.mtx]
[K : 32]
[Sputnik_gflops : 1.06 ]
Matrix diff: 66172.468750

---New data---

[Remaining: 214]

[File : ./suiteSparse_dataset_10000_100000/ckt11752_dc_1/ckt11752_dc_1.mtx]
[K : 32]
[Sputnik_gflops : 2.37 ]
Matrix diff: 66440.906250

---New data---

[Remaining: 213]

[File : ./suiteSparse_dataset_10000_100000/sinc18/sinc18.mtx]
[K : 32]
[Sputnik_gflops : 62.26 ]
Matrix diff: 60074.140625

---New data---

[Remaining: 212]

[File : ./suiteSparse_dataset_10000_100000/ABACUS_shell_ld/ABACUS_shell_ld_M.mtx]
[K : 32]
[Sputnik_gflops : 6.61 ]
Matrix diff: 40075.019531

---New data---

[Remaining: 211]

[File : ./suiteSparse_dataset_10000_100000/ABACUS_shell_ld/ABACUS_shell_ld_K.mtx]
[K : 32]
[Sputnik_gflops : 6.92 ]
Matrix diff: 40787.433594

---New data---

[Remaining: 210]

[File : ./suiteSparse_dataset_10000_100000/ABACUS_shell_ld/ABACUS_shell_ld.mtx]
[K : 32]
[Sputnik_gflops : 7.00 ]
Matrix diff: 51478.578125

---New data---

[Remaining: 209]

[File : ./suiteSparse_dataset_10000_100000/TSOPF_FS_b162_c1/TSOPF_FS_b162_c1.mtx]
[K : 32]
[Sputnik_gflops : 90.02 ]
Matrix diff: 55867.269531

---New data---

[Remaining: 208]

[File : ./suiteSparse_dataset_10000_100000/vsp_barth5_1Ksep_50in_5Kout/vsp_barth5_1Ksep_50in_5Kout.mtx]
[K : 32]
[Sputnik_gflops : 3.26 ]
Matrix diff: 50967.507812

---New data---

[Remaining: 207]

[File : ./suiteSparse_dataset_10000_100000/net4-1/net4-1.mtx]
[K : 32]
[Sputnik_gflops : 5.40 ]
Matrix diff: 42981.957031

---New data---

[Remaining: 206]

[File : ./suiteSparse_dataset_10000_100000/c-57/c-57.mtx]
[K : 32]
[Sputnik_gflops : 4.98 ]
Matrix diff: 66491.812500

---New data---

[Remaining: 205]

[File : ./suiteSparse_dataset_10000_100000/tube1/tube1.mtx]
[K : 32]
[Sputnik_gflops : 33.95 ]
Matrix diff: 61335.925781

---New data---

[Remaining: 204]

[File : ./suiteSparse_dataset_10000_100000/cage10/cage10.mtx]
[K : 32]
[Sputnik_gflops : 20.13 ]
Matrix diff: 58517.996094

---New data---

[Remaining: 203]

[File : ./suiteSparse_dataset_10000_100000/ACTIVSg10K/ACTIVSg10K.mtx]
[K : 32]
[Sputnik_gflops : 6.05 ]
Matrix diff: 41244.886719

---New data---

[Remaining: 202]

[File : ./suiteSparse_dataset_10000_100000/Zd_Jac3/Zd_Jac3.mtx]
[K : 32]
[Sputnik_gflops : 63.61 ]
Matrix diff: 61230.191406

---New data---

[Remaining: 201]

[File : ./suiteSparse_dataset_10000_100000/TSOPF_RS_b2383/TSOPF_RS_b2383.mtx]
[K : 32]
[Sputnik_gflops : 178.41 ]
Matrix diff: 86504.351562

---New data---

[Remaining: 200]

[File : ./suiteSparse_dataset_10000_100000/bcsstk17/bcsstk17.mtx]
[K : 32]
[Sputnik_gflops : 61.46 ]
Matrix diff: 29782.705078

---New data---

[Remaining: 199]

[File : ./suiteSparse_dataset_10000_100000/192bit/192bit.mtx]
[K : 32]
[Sputnik_gflops : 14.37 ]
Matrix diff: 43156.800781

---New data---

[Remaining: 198]

[File : ./suiteSparse_dataset_10000_100000/mark3jac060/mark3jac060.mtx]
[K : 32]
[Sputnik_gflops : 3.98 ]
Matrix diff: 55503.113281

---New data---

[Remaining: 197]

[File : ./suiteSparse_dataset_10000_100000/t3dl/t3dl.mtx]
[K : 32]
[Sputnik_gflops : 21.51 ]
Matrix diff: 60354.574219

---New data---

[Remaining: 196]

[File : ./suiteSparse_dataset_10000_100000/psse2/psse2.mtx]
[K : 32]
[Sputnik_gflops : 6.38 ]
Matrix diff: 64155.074219

---New data---

[Remaining: 195]

[File : ./suiteSparse_dataset_10000_100000/inlet/inlet.mtx]
[K : 32]
[Sputnik_gflops : 41.35 ]
Matrix diff: 53682.582031

---New data---

[Remaining: 194]

[File : ./suiteSparse_dataset_10000_100000/mk12-b3/mk12-b3.mtx]
[K : 32]
[Sputnik_gflops : 4.85 ]
Matrix diff: 61386.054688

---New data---

[Remaining: 193]

[File : ./suiteSparse_dataset_10000_100000/t3dh/t3dh.mtx]
[K : 32]
[Sputnik_gflops : 11.57 ]
Matrix diff: 110790.257812

---New data---

[Remaining: 192]

[File : ./suiteSparse_dataset_10000_100000/t3dh/t3dh_E.mtx]
[K : 32]
[Sputnik_gflops : 12.18 ]
Matrix diff: 79364.085938

---New data---

[Remaining: 191]

[File : ./suiteSparse_dataset_10000_100000/c-55/c-55.mtx]
[K : 32]
[Sputnik_gflops : 6.60 ]
Matrix diff: 59365.382812

---New data---

[Remaining: 190]

[File : ./suiteSparse_dataset_10000_100000/ABACUS_shell_hd/ABACUS_shell_hd_M.mtx]
[K : 32]
[Sputnik_gflops : 6.61 ]
Matrix diff: 56285.511719

---New data---

[Remaining: 189]

[File : ./suiteSparse_dataset_10000_100000/ABACUS_shell_hd/ABACUS_shell_hd_K.mtx]
[K : 32]
[Sputnik_gflops : 6.92 ]
Matrix diff: 50175.718750

---New data---

[Remaining: 188]

[File : ./suiteSparse_dataset_10000_100000/ABACUS_shell_hd/ABACUS_shell_hd.mtx]
[K : 32]
[Sputnik_gflops : 7.00 ]
Matrix diff: 49434.960938

---New data---

[Remaining: 187]

[File : ./suiteSparse_dataset_10000_100000/gupta2/gupta2.mtx]
[K : 32]
[Sputnik_gflops : 18.67 ]
Matrix diff: 90224.867188

---New data---

[Remaining: 186]

[File : ./suiteSparse_dataset_10000_100000/hvdc1/hvdc1.mtx]
[K : 32]
[Sputnik_gflops : 4.55 ]
Matrix diff: 53003.261719

---New data---

[Remaining: 185]

[File : ./suiteSparse_dataset_10000_100000/waveguide3D/waveguide3D.mtx]
[K : 32]
[Sputnik_gflops : 12.02 ]
Matrix diff: 49439.230469

---New data---

[Remaining: 184]

[File : ./suiteSparse_dataset_10000_100000/sme3Dc/sme3Dc.mtx]
[K : 32]
[Sputnik_gflops : 29.76 ]
Matrix diff: 32931.441406

---New data---

[Remaining: 183]

[File : ./suiteSparse_dataset_10000_100000/lowThrust_8/lowThrust_8.mtx]
[K : 32]
[Sputnik_gflops : 12.09 ]
Matrix diff: 33199.500000

---New data---

[Remaining: 182]

[File : ./suiteSparse_dataset_10000_100000/psse0/psse0.mtx]
[K : 32]
[Sputnik_gflops : 6.08 ]
Matrix diff: 69791.117188

---New data---

[Remaining: 181]

[File : ./suiteSparse_dataset_10000_100000/lhr71/lhr71.mtx]
[K : 32]
[Sputnik_gflops : 5.44 ]
Matrix diff: 53622.351562

---New data---

[Remaining: 180]

[File : ./suiteSparse_dataset_10000_100000/apache1/apache1.mtx]
[K : 32]
[Sputnik_gflops : 1.46 ]
Matrix diff: 40615.257812

---New data---

[Remaining: 179]

[File : ./suiteSparse_dataset_10000_100000/bcsstk31/bcsstk31.mtx]
[K : 32]
[Sputnik_gflops : 16.35 ]
Matrix diff: 55688.519531

---New data---

[Remaining: 178]

[File : ./suiteSparse_dataset_10000_100000/lpl1/lpl1.mtx]
[K : 32]
[Sputnik_gflops : 5.47 ]
Matrix diff: 32375.046875

---New data---

[Remaining: 177]

[File : ./suiteSparse_dataset_10000_100000/H2O/H2O.mtx]
[K : 32]
[Sputnik_gflops : 8.65 ]
Matrix diff: 32407.193359

---New data---

[Remaining: 176]

[File : ./suiteSparse_dataset_10000_100000/fe_rotor/fe_rotor.mtx]
[K : 32]
[Sputnik_gflops : 2.34 ]
Matrix diff: 32117.470703

---New data---

[Remaining: 175]

[File : ./suiteSparse_dataset_10000_100000/Goodwin_054/Goodwin_054.mtx]
[K : 32]
[Sputnik_gflops : 17.08 ]
Matrix diff: 59435.718750

---New data---

[Remaining: 174]

[File : ./suiteSparse_dataset_10000_100000/onera_dual/onera_dual.mtx]
[K : 32]
[Sputnik_gflops : 1.01 ]
Matrix diff: 38216.316406

---New data---

[Remaining: 173]

[File : ./suiteSparse_dataset_10000_100000/crystm03/crystm03.mtx]
[K : 32]
[Sputnik_gflops : 16.77 ]
Matrix diff: 63220.019531

---New data---

[Remaining: 172]

[File : ./suiteSparse_dataset_10000_100000/bcsstk30/bcsstk30.mtx]
[K : 32]
[Sputnik_gflops : 42.55 ]
Matrix diff: 59289.003906

---New data---

[Remaining: 171]

[File : ./suiteSparse_dataset_10000_100000/soc-Slashdot0902/soc-Slashdot0902.mtx]
[K : 32]
[Sputnik_gflops : 2.47 ]
Matrix diff: 34946.714844

---New data---

[Remaining: 170]

[File : ./suiteSparse_dataset_10000_100000/onetone1/onetone1.mtx]
[K : 32]
[Sputnik_gflops : 4.61 ]
Matrix diff: 35028.363281

---New data---

[Remaining: 169]

[File : ./suiteSparse_dataset_10000_100000/nd12k/nd12k.mtx]
[K : 32]
[Sputnik_gflops : 170.10 ]
Matrix diff: 43849.652344

---New data---

[Remaining: 168]

[File : ./suiteSparse_dataset_10000_100000/std1_Jac2_db/std1_Jac2_db.mtx]
[K : 32]
[Sputnik_gflops : 18.04 ]
Matrix diff: 39274.027344

---New data---

[Remaining: 167]

[File : ./suiteSparse_dataset_10000_100000/lpl3/lpl3.mtx]
[K : 32]
[Sputnik_gflops : 4.84 ]
Matrix diff: 62131.414062

---New data---

[Remaining: 166]

[File : ./suiteSparse_dataset_10000_100000/Chevron2/Chevron2.mtx]
[K : 32]
[Sputnik_gflops : 1.74 ]
Matrix diff: 60004.613281

---New data---

[Remaining: 165]

[File : ./suiteSparse_dataset_10000_100000/ex11/ex11.mtx]
[K : 32]
[Sputnik_gflops : 68.55 ]
Matrix diff: 57873.566406

---New data---

[Remaining: 164]

[File : ./suiteSparse_dataset_10000_100000/route/route.mtx]
[K : 32]
[Sputnik_gflops : 4.04 ]
Matrix diff: 63112.421875

---New data---

[Remaining: 163]

[File : ./suiteSparse_dataset_10000_100000/pltexpa/pltexpa_A_5.mtx]
[K : 32]
[Sputnik_gflops : 1.33 ]
Matrix diff: 24425.587891

---New data---

[Remaining: 162]

[File : ./suiteSparse_dataset_10000_100000/pltexpa/pltexpa.mtx]
[K : 32]
[Sputnik_gflops : 1.33 ]
Matrix diff: 29167.173828

---New data---

[Remaining: 161]

[File : ./suiteSparse_dataset_10000_100000/pltexpa/pltexpa_A_4.mtx]
[K : 32]
[Sputnik_gflops : 1.26 ]
Matrix diff: 26816.890625

---New data---

[Remaining: 160]

[File : ./suiteSparse_dataset_10000_100000/msc10848/msc10848.mtx]
[K : 32]
[Sputnik_gflops : 176.81 ]
Matrix diff: 65237.902344

---New data---

[Remaining: 159]

[File : ./suiteSparse_dataset_10000_100000/Si34H36/Si34H36.mtx]
[K : 32]
[Sputnik_gflops : 9.49 ]
Matrix diff: 27084.718750

---New data---

[Remaining: 158]

[File : ./suiteSparse_dataset_10000_100000/TEM27623/TEM27623_M.mtx]
[K : 32]
[Sputnik_gflops : 10.10 ]
Matrix diff: 32468.257812

---New data---

[Remaining: 157]

[File : ./suiteSparse_dataset_10000_100000/TEM27623/TEM27623.mtx]
[K : 32]
[Sputnik_gflops : 10.10 ]
Matrix diff: 29917.058594

---New data---

[Remaining: 156]

[File : ./suiteSparse_dataset_10000_100000/sx-mathoverflow/sx-mathoverflow.mtx]
[K : 32]
[Sputnik_gflops : 6.83 ]
Matrix diff: 55057.667969

---New data---

[Remaining: 155]

[File : ./suiteSparse_dataset_10000_100000/sx-mathoverflow/sx-mathoverflow_C2Q.mtx]
[K : 32]
[Sputnik_gflops : 2.89 ]
Matrix diff: 50709.941406

---New data---

[Remaining: 154]

[File : ./suiteSparse_dataset_10000_100000/appu/appu.mtx]
[K : 32]
[Sputnik_gflops : 156.75 ]
Matrix diff: 67346.367188

---New data---

[Remaining: 153]

[File : ./suiteSparse_dataset_10000_100000/cage11/cage11.mtx]
[K : 32]
[Sputnik_gflops : 6.10 ]
Matrix diff: 48456.683594

---New data---

[Remaining: 152]

[File : ./suiteSparse_dataset_10000_100000/lhr17/lhr17.mtx]
[K : 32]
[Sputnik_gflops : 20.45 ]
Matrix diff: 46998.773438

---New data---

[Remaining: 151]

[File : ./suiteSparse_dataset_10000_100000/consph/consph.mtx]
[K : 32]
[Sputnik_gflops : 14.46 ]
Matrix diff: 46628.121094

---New data---

[Remaining: 150]

[File : ./suiteSparse_dataset_10000_100000/mark3jac080sc/mark3jac080sc.mtx]
[K : 32]
[Sputnik_gflops : 2.99 ]
Matrix diff: 54614.367188

---New data---

[Remaining: 149]

[File : ./suiteSparse_dataset_10000_100000/lowThrust_11/lowThrust_11.mtx]
[K : 32]
[Sputnik_gflops : 11.63 ]
Matrix diff: 46531.003906

---New data---

[Remaining: 148]

[File : ./suiteSparse_dataset_10000_100000/TSOPF_FS_b162_c3/TSOPF_FS_b162_c3.mtx]
[K : 32]
[Sputnik_gflops : 33.28 ]
Matrix diff: 60480.457031

---New data---

[Remaining: 147]

[File : ./suiteSparse_dataset_10000_100000/cond-mat-2003/cond-mat-2003.mtx]
[K : 32]
[Sputnik_gflops : 4.34 ]
Matrix diff: 52712.554688

---New data---

[Remaining: 146]

[File : ./suiteSparse_dataset_10000_100000/cfd1/cfd1.mtx]
[K : 32]
[Sputnik_gflops : 6.29 ]
Matrix diff: 49729.011719

---New data---

[Remaining: 145]

[File : ./suiteSparse_dataset_10000_100000/lowThrust_7/lowThrust_7.mtx]
[K : 32]
[Sputnik_gflops : 12.25 ]
Matrix diff: 43167.972656

---New data---

[Remaining: 144]

[File : ./suiteSparse_dataset_10000_100000/light_in_tissue/light_in_tissue.mtx]
[K : 32]
[Sputnik_gflops : 8.31 ]
Matrix diff: 50125.437500

---New data---

[Remaining: 143]

[File : ./suiteSparse_dataset_10000_100000/sd2010/sd2010.mtx]
[K : 32]
[Sputnik_gflops : 0.92 ]
Matrix diff: 53851.699219

---New data---

[Remaining: 142]

[File : ./suiteSparse_dataset_10000_100000/bbmat/bbmat.mtx]
[K : 32]
[Sputnik_gflops : 20.65 ]
Matrix diff: 61797.570312

---New data---

[Remaining: 141]

[File : ./suiteSparse_dataset_10000_100000/vfem/vfem.mtx]
[K : 32]
[Sputnik_gflops : 2.88 ]
Matrix diff: 62202.453125

---New data---

[Remaining: 140]

[File : ./suiteSparse_dataset_10000_100000/Wordnet3/Wordnet3.mtx]
[K : 32]
[Sputnik_gflops : 0.34 ]
Matrix diff: 62110.015625

---New data---

[Remaining: 139]

[File : ./suiteSparse_dataset_10000_100000/crankseg_1/crankseg_1.mtx]
[K : 32]
[Sputnik_gflops : 65.94 ]
Matrix diff: 39450.808594

---New data---

[Remaining: 138]

[File : ./suiteSparse_dataset_10000_100000/laminar_duct3D/laminar_duct3D.mtx]
[K : 32]
[Sputnik_gflops : 14.93 ]
Matrix diff: 32437.115234

---New data---

[Remaining: 137]

[File : ./suiteSparse_dataset_10000_100000/n4c6-b5/n4c6-b5.mtx]
[K : 32]
[Sputnik_gflops : 5.26 ]
Matrix diff: 62028.265625

---New data---

[Remaining: 136]

[File : ./suiteSparse_dataset_10000_100000/rgg_n_2_16_s0/rgg_n_2_16_s0.mtx]
[K : 32]
[Sputnik_gflops : 2.80 ]
Matrix diff: 61449.792969

---New data---

[Remaining: 135]

[File : ./suiteSparse_dataset_10000_100000/tomographic1/tomographic1.mtx]
[K : 32]
[Sputnik_gflops : 2.61 ]
Matrix diff: 43305.257812

---New data---

[Remaining: 134]

[File : ./suiteSparse_dataset_10000_100000/soc-Epinions1/soc-Epinions1.mtx]
[K : 32]
[Sputnik_gflops : 1.55 ]
Matrix diff: 31383.902344

---New data---

[Remaining: 133]

[File : ./suiteSparse_dataset_10000_100000/FEM_3D_thermal1/FEM_3D_thermal1.mtx]
[K : 32]
[Sputnik_gflops : 23.56 ]
Matrix diff: 43499.648438

---New data---

[Remaining: 132]

[File : ./suiteSparse_dataset_10000_100000/invextr1_new/invextr1_new.mtx]
[K : 32]
[Sputnik_gflops : 33.83 ]
Matrix diff: 58060.324219

---New data---

[Remaining: 131]

[File : ./suiteSparse_dataset_10000_100000/sc205-2r/sc205-2r_A_12.mtx]
[K : 32]
[Sputnik_gflops : 0.99 ]
Matrix diff: 59161.042969

---New data---

[Remaining: 130]

[File : ./suiteSparse_dataset_10000_100000/sc205-2r/sc205-2r.mtx]
[K : 32]
[Sputnik_gflops : 0.99 ]
Matrix diff: 41299.863281

---New data---

[Remaining: 129]

[File : ./suiteSparse_dataset_10000_100000/sparsine/sparsine.mtx]
[K : 32]
[Sputnik_gflops : 10.86 ]
Matrix diff: 63401.335938

---New data---

[Remaining: 128]

[File : ./suiteSparse_dataset_10000_100000/wang3/wang3.mtx]
[K : 32]
[Sputnik_gflops : 4.58 ]
Matrix diff: 53597.214844

---New data---

[Remaining: 127]

[File : ./suiteSparse_dataset_10000_100000/c-47/c-47.mtx]
[K : 32]
[Sputnik_gflops : 15.69 ]
Matrix diff: 61334.656250

---New data---

[Remaining: 126]

[File : ./suiteSparse_dataset_10000_100000/TSOPF_FS_b300_c2/TSOPF_FS_b300_c2.mtx]
[K : 32]
[Sputnik_gflops : 46.21 ]
Matrix diff: 47699.437500

---New data---

[Remaining: 125]

[File : ./suiteSparse_dataset_10000_100000/mark3jac100/mark3jac100.mtx]
[K : 32]
[Sputnik_gflops : 2.39 ]
Matrix diff: 31089.943359

---New data---

[Remaining: 124]

[File : ./suiteSparse_dataset_10000_100000/rajat15/rajat15.mtx]
[K : 32]
[Sputnik_gflops : 5.61 ]
Matrix diff: 65030.914062

---New data---

[Remaining: 123]

[File : ./suiteSparse_dataset_10000_100000/raefsky3/raefsky3.mtx]
[K : 32]
[Sputnik_gflops : 57.74 ]
Matrix diff: 57188.500000

---New data---

[Remaining: 122]

[File : ./suiteSparse_dataset_10000_100000/Goodwin_040/Goodwin_040.mtx]
[K : 32]
[Sputnik_gflops : 30.41 ]
Matrix diff: 60319.156250

---New data---

[Remaining: 121]

[File : ./suiteSparse_dataset_10000_100000/cvxbqp1/cvxbqp1.mtx]
[K : 32]
[Sputnik_gflops : 2.46 ]
Matrix diff: 35995.949219

---New data---

[Remaining: 120]

[File : ./suiteSparse_dataset_10000_100000/Zd_Jac6/Zd_Jac6.mtx]
[K : 32]
[Sputnik_gflops : 56.92 ]
Matrix diff: 62493.730469

---New data---

[Remaining: 119]

[File : ./suiteSparse_dataset_10000_100000/thread/thread.mtx]
[K : 32]
[Sputnik_gflops : 87.45 ]
Matrix diff: 102842.445312

---New data---

[Remaining: 118]

[File : ./suiteSparse_dataset_10000_100000/epb3/epb3.mtx]
[K : 32]
[Sputnik_gflops : 1.09 ]
Matrix diff: 23383.105469

---New data---

[Remaining: 117]

[File : ./suiteSparse_dataset_10000_100000/g7jac120/g7jac120.mtx]
[K : 32]
[Sputnik_gflops : 6.61 ]
Matrix diff: 44996.757812

---New data---

[Remaining: 116]

[File : ./suiteSparse_dataset_10000_100000/world/world.mtx]
[K : 32]
[Sputnik_gflops : 1.51 ]
Matrix diff: 59249.953125

---New data---

[Remaining: 115]

[File : ./suiteSparse_dataset_10000_100000/south31/south31.mtx]
[K : 32]
[Sputnik_gflops : 2.95 ]
Matrix diff: 49196.304688

---New data---

[Remaining: 114]

[File : ./suiteSparse_dataset_10000_100000/Ga3As3H12/Ga3As3H12.mtx]
[K : 32]
[Sputnik_gflops : 27.70 ]
Matrix diff: 117596.812500

---New data---

[Remaining: 113]

[File : ./suiteSparse_dataset_10000_100000/mycielskian15/mycielskian15.mtx]
[K : 32]
[Sputnik_gflops : 283.81 ]
Matrix diff: 74927.234375

---New data---

[Remaining: 112]

[File : ./suiteSparse_dataset_10000_100000/sme3Da/sme3Da.mtx]
[K : 32]
[Sputnik_gflops : 89.89 ]
Matrix diff: 56239.566406

---New data---

[Remaining: 111]

[File : ./suiteSparse_dataset_10000_100000/c-68/c-68.mtx]
[K : 32]
[Sputnik_gflops : 2.25 ]
Matrix diff: 56377.878906

---New data---

[Remaining: 110]

[File : ./suiteSparse_dataset_10000_100000/rim/rim.mtx]
[K : 32]
[Sputnik_gflops : 34.72 ]
Matrix diff: 59674.042969

---New data---

[Remaining: 109]

[File : ./suiteSparse_dataset_10000_100000/fome12/fome12.mtx]
[K : 32]
[Sputnik_gflops : 2.11 ]
Matrix diff: 29685.070312

---New data---

[Remaining: 108]

[File : ./suiteSparse_dataset_10000_100000/G_n_pin_pout/G_n_pin_pout.mtx]
[K : 32]
[Sputnik_gflops : 1.76 ]
Matrix diff: 35915.355469

---New data---

[Remaining: 107]

[File : ./suiteSparse_dataset_10000_100000/nd6k/nd6k.mtx]
[K : 32]
[Sputnik_gflops : 328.22 ]
Matrix diff: 83448.250000

---New data---

[Remaining: 106]

[File : ./suiteSparse_dataset_10000_100000/lhr10/lhr10.mtx]
[K : 32]
[Sputnik_gflops : 35.37 ]
Matrix diff: 32276.615234

---New data---

[Remaining: 105]

[File : ./suiteSparse_dataset_10000_100000/g7jac180/g7jac180.mtx]
[K : 32]
[Sputnik_gflops : 4.41 ]
Matrix diff: 56537.539062

---New data---

[Remaining: 104]

[File : ./suiteSparse_dataset_10000_100000/nug08-3rd/nug08-3rd.mtx]
[K : 32]
[Sputnik_gflops : 4.43 ]
Matrix diff: 48834.718750

---New data---

[Remaining: 103]

[File : ./suiteSparse_dataset_10000_100000/Si5H12/Si5H12.mtx]
[K : 32]
[Sputnik_gflops : 32.50 ]
Matrix diff: 59128.214844

---New data---

[Remaining: 102]

[File : ./suiteSparse_dataset_10000_100000/smt/smt.mtx]
[K : 32]
[Sputnik_gflops : 97.89 ]
Matrix diff: 61145.972656

---New data---

[Remaining: 101]

[File : ./suiteSparse_dataset_10000_100000/t3dh_e/t3dh_e.mtx]
[K : 32]
[Sputnik_gflops : 11.87 ]
Matrix diff: 96339.703125

---New data---

[Remaining: 100]

[File : ./suiteSparse_dataset_10000_100000/Zd_Jac6_db/Zd_Jac6_db.mtx]
[K : 32]
[Sputnik_gflops : 22.20 ]
Matrix diff: 66268.085938

---New data---

[Remaining: 99]

[File : ./suiteSparse_dataset_10000_100000/c-66b/c-66b.mtx]
[K : 32]
[Sputnik_gflops : 3.51 ]
Matrix diff: 36131.375000

---New data---

[Remaining: 98]

[File : ./suiteSparse_dataset_10000_100000/vsp_sctap1-2b_and_seymourl/vsp_sctap1-2b_and_seymourl.mtx]
[K : 32]
[Sputnik_gflops : 3.07 ]
Matrix diff: 57283.417969

---New data---

[Remaining: 97]

[File : ./suiteSparse_dataset_10000_100000/g7jac140/g7jac140.mtx]
[K : 32]
[Sputnik_gflops : 5.78 ]
Matrix diff: 60570.472656

---New data---

[Remaining: 96]

[File : ./suiteSparse_dataset_10000_100000/soc-sign-Slashdot081106/soc-sign-Slashdot081106.mtx]
[K : 32]
[Sputnik_gflops : 1.52 ]
Matrix diff: 52481.867188

---New data---

[Remaining: 95]

[File : ./suiteSparse_dataset_10000_100000/rajat22/rajat22.mtx]
[K : 32]
[Sputnik_gflops : 2.18 ]
Matrix diff: 59848.578125

---New data---

[Remaining: 94]

[File : ./suiteSparse_dataset_10000_100000/brack2/brack2.mtx]
[K : 32]
[Sputnik_gflops : 3.28 ]
Matrix diff: 57398.503906

---New data---

[Remaining: 93]

[File : ./suiteSparse_dataset_10000_100000/RFdevice/RFdevice.mtx]
[K : 32]
[Sputnik_gflops : 1.17 ]
Matrix diff: 66097.820312

---New data---

[Remaining: 92]

[File : ./suiteSparse_dataset_10000_100000/msc23052/msc23052.mtx]
[K : 32]
[Sputnik_gflops : 37.97 ]
Matrix diff: 58608.476562

---New data---

[Remaining: 91]

[File : ./suiteSparse_dataset_10000_100000/ecl32/ecl32.mtx]
[K : 32]
[Sputnik_gflops : 2.48 ]
Matrix diff: 59338.523438

---New data---

[Remaining: 90]

[File : ./suiteSparse_dataset_10000_100000/gridgena/gridgena.mtx]
[K : 32]
[Sputnik_gflops : 3.76 ]
Matrix diff: 41210.753906

---New data---

[Remaining: 89]

[File : ./suiteSparse_dataset_10000_100000/igbt3/igbt3.mtx]
[K : 32]
[Sputnik_gflops : 33.83 ]
Matrix diff: 45232.402344

---New data---

[Remaining: 88]

[File : ./suiteSparse_dataset_10000_100000/vsp_vibrobox_scagr7-2c_rlfddd/vsp_vibrobox_scagr7-2c_rlfddd.mtx]
[K : 32]
[Sputnik_gflops : 2.56 ]
Matrix diff: 41483.281250

---New data---

[Remaining: 87]

[File : ./suiteSparse_dataset_10000_100000/lowThrust_13/lowThrust_13.mtx]
[K : 32]
[Sputnik_gflops : 11.54 ]
Matrix diff: 48953.421875

---New data---

[Remaining: 86]

[File : ./suiteSparse_dataset_10000_100000/chipcool1/chipcool1.mtx]
[K : 32]
[Sputnik_gflops : 12.21 ]
Matrix diff: 34364.906250

---New data---

[Remaining: 85]

[File : ./suiteSparse_dataset_10000_100000/baxter/baxter.mtx]
[K : 32]
[Sputnik_gflops : 2.33 ]
Matrix diff: 61034.523438

---New data---

[Remaining: 84]

[File : ./suiteSparse_dataset_10000_100000/conf6_0-8x8-30/conf6_0-8x8-30.mtx]
[K : 32]
[Sputnik_gflops : 13.95 ]
Matrix diff: 54602.671875

---New data---

[Remaining: 83]

[File : ./suiteSparse_dataset_10000_100000/conf5_4-8x8-10/conf5_4-8x8-10.mtx]
[K : 32]
[Sputnik_gflops : 13.94 ]
Matrix diff: 37658.652344

---New data---

[Remaining: 82]

[File : ./suiteSparse_dataset_10000_100000/pcrystk03/pcrystk03.mtx]
[K : 32]
[Sputnik_gflops : 50.12 ]
Matrix diff: 63907.984375

---New data---

[Remaining: 81]

[File : ./suiteSparse_dataset_10000_100000/graphics/graphics.mtx]
[K : 32]
[Sputnik_gflops : 5.92 ]
Matrix diff: 56898.406250

---New data---

[Remaining: 80]

[File : ./suiteSparse_dataset_10000_100000/lhr17c/lhr17c.mtx]
[K : 32]
[Sputnik_gflops : 21.61 ]
Matrix diff: 39354.367188

---New data---

[Remaining: 79]

[File : ./suiteSparse_dataset_10000_100000/t3dl_a/t3dl_a.mtx]
[K : 32]
[Sputnik_gflops : 21.51 ]
Matrix diff: 62415.722656

---New data---

[Remaining: 78]

[File : ./suiteSparse_dataset_10000_100000/conf5_4-8x8-15/conf5_4-8x8-15.mtx]
[K : 32]
[Sputnik_gflops : 13.21 ]
Matrix diff: 57504.625000

---New data---

[Remaining: 77]

[File : ./suiteSparse_dataset_10000_100000/airfoil_2d/airfoil_2d.mtx]
[K : 32]
[Sputnik_gflops : 22.36 ]
Matrix diff: 70603.773438

---New data---

[Remaining: 76]

[File : ./suiteSparse_dataset_10000_100000/foldoc/foldoc.mtx]
[K : 32]
[Sputnik_gflops : 11.74 ]
Matrix diff: 50534.714844

---New data---

[Remaining: 75]

[File : ./suiteSparse_dataset_10000_100000/IG5-16/IG5-16.mtx]
[K : 32]
[Sputnik_gflops : 29.42 ]
Matrix diff: 60578.054688

---New data---

[Remaining: 74]

[File : ./suiteSparse_dataset_10000_100000/c-54/c-54.mtx]
[K : 32]
[Sputnik_gflops : 6.81 ]
Matrix diff: 33015.187500

---New data---

[Remaining: 73]

[File : ./suiteSparse_dataset_10000_100000/lp_nug20/lp_nug20.mtx]
[K : 32]
[Sputnik_gflops : 4.85 ]
Matrix diff: 52105.472656

---New data---

[Remaining: 72]

[File : ./suiteSparse_dataset_10000_100000/me2010/me2010.mtx]
[K : 32]
[Sputnik_gflops : 1.22 ]
Matrix diff: 62156.730469

---New data---

[Remaining: 71]

[File : ./suiteSparse_dataset_10000_100000/mult_dcop_03/mult_dcop_03.mtx]
[K : 32]
[Sputnik_gflops : 5.35 ]
Matrix diff: 43554.125000

---New data---

[Remaining: 70]

[File : ./suiteSparse_dataset_10000_100000/pkustk07/pkustk07.mtx]
[K : 32]
[Sputnik_gflops : 145.22 ]
Matrix diff: 27327.605469

---New data---

[Remaining: 69]

[File : ./suiteSparse_dataset_10000_100000/Zhao1/Zhao1.mtx]
[K : 32]
[Sputnik_gflops : 2.55 ]
Matrix diff: 55952.695312

---New data---

[Remaining: 68]

[File : ./suiteSparse_dataset_10000_100000/jan99jac080sc/jan99jac080sc.mtx]
[K : 32]
[Sputnik_gflops : 3.97 ]
Matrix diff: 71612.046875

---New data---

[Remaining: 67]

[File : ./suiteSparse_dataset_10000_100000/net100/net100.mtx]
[K : 32]
[Sputnik_gflops : 38.58 ]
Matrix diff: 59002.710938

---New data---

[Remaining: 66]

[File : ./suiteSparse_dataset_10000_100000/n4c6-b12/n4c6-b12.mtx]
[K : 32]
[Sputnik_gflops : 3.13 ]
Matrix diff: 57285.925781

---New data---

[Remaining: 65]

[File : ./suiteSparse_dataset_10000_100000/wathen100/wathen100.mtx]
[K : 32]
[Sputnik_gflops : 8.74 ]
Matrix diff: 58663.910156

---New data---

[Remaining: 64]

[File : ./suiteSparse_dataset_10000_100000/lhr11/lhr11.mtx]
[K : 32]
[Sputnik_gflops : 32.88 ]
Matrix diff: 33261.425781

---New data---

[Remaining: 63]

[File : ./suiteSparse_dataset_10000_100000/g7jac060/g7jac060.mtx]
[K : 32]
[Sputnik_gflops : 11.02 ]
Matrix diff: 53404.683594

---New data---

[Remaining: 62]

[File : ./suiteSparse_dataset_10000_100000/g7jac040/g7jac040.mtx]
[K : 32]
[Sputnik_gflops : 13.97 ]
Matrix diff: 54118.359375

---New data---

[Remaining: 61]

[File : ./suiteSparse_dataset_10000_100000/ASIC_100ks/ASIC_100ks.mtx]
[K : 32]
[Sputnik_gflops : 1.02 ]
Matrix diff: 29908.123047

---New data---

[Remaining: 60]

[File : ./suiteSparse_dataset_10000_100000/opt1/opt1.mtx]
[K : 32]
[Sputnik_gflops : 138.16 ]
Matrix diff: 44674.171875

---New data---

[Remaining: 59]

[File : ./suiteSparse_dataset_10000_100000/lhr11c/lhr11c.mtx]
[K : 32]
[Sputnik_gflops : 33.75 ]
Matrix diff: 36339.777344

---New data---

[Remaining: 58]

[File : ./suiteSparse_dataset_10000_100000/vsp_bcsstk30_500sep_10in_1Kout/vsp_bcsstk30_500sep_10in_1Kout.mtx]
[K : 32]
[Sputnik_gflops : 20.68 ]
Matrix diff: 36230.601562

---New data---

[Remaining: 57]

[File : ./suiteSparse_dataset_10000_100000/poisson3Da/poisson3Da.mtx]
[K : 32]
[Sputnik_gflops : 33.44 ]
Matrix diff: 45162.707031

---New data---

[Remaining: 56]

[File : ./suiteSparse_dataset_10000_100000/minsurfo/minsurfo.mtx]
[K : 32]
[Sputnik_gflops : 2.15 ]
Matrix diff: 65880.132812

---New data---

[Remaining: 55]

[File : ./suiteSparse_dataset_10000_100000/ak2010/ak2010.mtx]
[K : 32]
[Sputnik_gflops : 1.86 ]
Matrix diff: 62755.187500

---New data---

[Remaining: 54]

[File : ./suiteSparse_dataset_10000_100000/Chevron1/Chevron1.mtx]
[K : 32]
[Sputnik_gflops : 4.17 ]
Matrix diff: 58257.597656

---New data---

[Remaining: 53]

[File : ./suiteSparse_dataset_10000_100000/Dubcova2/Dubcova2.mtx]
[K : 32]
[Sputnik_gflops : 4.29 ]
Matrix diff: 54638.046875

---New data---

[Remaining: 52]

[File : ./suiteSparse_dataset_10000_100000/net75/net75.mtx]
[K : 32]
[Sputnik_gflops : 48.38 ]
Matrix diff: 59136.859375

---New data---

[Remaining: 51]

[File : ./suiteSparse_dataset_10000_100000/memplus/memplus.mtx]
[K : 32]
[Sputnik_gflops : 7.01 ]
Matrix diff: 42902.781250

---New data---

[Remaining: 50]

[File : ./suiteSparse_dataset_10000_100000/g7jac080/g7jac080.mtx]
[K : 32]
[Sputnik_gflops : 9.20 ]
Matrix diff: 32781.375000

---New data---

[Remaining: 49]

[File : ./suiteSparse_dataset_10000_100000/lhr34/lhr34.mtx]
[K : 32]
[Sputnik_gflops : 10.86 ]
Matrix diff: 55882.828125

---New data---

[Remaining: 48]

[File : ./suiteSparse_dataset_10000_100000/ncvxqp3/ncvxqp3.mtx]
[K : 32]
[Sputnik_gflops : 1.50 ]
Matrix diff: 48076.765625

---New data---

[Remaining: 47]

[File : ./suiteSparse_dataset_10000_100000/wiki-RfA/wiki-RfA.mtx]
[K : 32]
[Sputnik_gflops : 25.19 ]
Matrix diff: 36586.851562

---New data---

[Remaining: 46]

[File : ./suiteSparse_dataset_10000_100000/wiki-RfA/wiki-RfA_Positive.mtx]
[K : 32]
[Sputnik_gflops : 18.70 ]
Matrix diff: 47621.992188

---New data---

[Remaining: 45]

[File : ./suiteSparse_dataset_10000_100000/chipcool0/chipcool0.mtx]
[K : 32]
[Sputnik_gflops : 12.21 ]
Matrix diff: 41938.949219

---New data---

[Remaining: 44]

[File : ./suiteSparse_dataset_10000_100000/lowThrust_9/lowThrust_9.mtx]
[K : 32]
[Sputnik_gflops : 11.82 ]
Matrix diff: 66438.554688

---New data---

[Remaining: 43]

[File : ./suiteSparse_dataset_10000_100000/net50/net50.mtx]
[K : 32]
[Sputnik_gflops : 61.42 ]
Matrix diff: 57349.187500

---New data---

[Remaining: 42]

[File : ./suiteSparse_dataset_10000_100000/mult_dcop_02/mult_dcop_02.mtx]
[K : 32]
[Sputnik_gflops : 5.35 ]
Matrix diff: 49577.886719

---New data---

[Remaining: 41]

[File : ./suiteSparse_dataset_10000_100000/LeGresley_87936/LeGresley_87936.mtx]
[K : 32]
[Sputnik_gflops : 1.31 ]
Matrix diff: 64159.882812

---New data---

[Remaining: 40]

[File : ./suiteSparse_dataset_10000_100000/Andrews/Andrews.mtx]
[K : 32]
[Sputnik_gflops : 3.71 ]
Matrix diff: 55695.332031

---New data---

[Remaining: 39]

[File : ./suiteSparse_dataset_10000_100000/crankseg_2/crankseg_2.mtx]
[K : 32]
[Sputnik_gflops : 59.33 ]
Matrix diff: 53296.566406

---New data---

[Remaining: 38]

[File : ./suiteSparse_dataset_10000_100000/c-65/c-65.mtx]
[K : 32]
[Sputnik_gflops : 2.74 ]
Matrix diff: 58514.777344

---New data---

[Remaining: 37]

[File : ./suiteSparse_dataset_10000_100000/lhr34c/lhr34c.mtx]
[K : 32]
[Sputnik_gflops : 10.86 ]
Matrix diff: 34078.312500

---New data---

[Remaining: 36]

[File : ./suiteSparse_dataset_10000_100000/TSOPF_RS_b2383_c1/TSOPF_RS_b2383_c1.mtx]
[K : 32]
[Sputnik_gflops : 178.16 ]
Matrix diff: 75784.882812

---New data---

[Remaining: 35]

[File : ./suiteSparse_dataset_10000_100000/spmsrtls/spmsrtls.mtx]
[K : 32]
[Sputnik_gflops : 4.25 ]
Matrix diff: 39128.035156

---New data---

[Remaining: 34]

[File : ./suiteSparse_dataset_10000_100000/venkat50/venkat50.mtx]
[K : 32]
[Sputnik_gflops : 7.48 ]
Matrix diff: 27545.365234

---New data---

[Remaining: 33]

[File : ./suiteSparse_dataset_10000_100000/jnlbrng1/jnlbrng1.mtx]
[K : 32]
[Sputnik_gflops : 2.19 ]
Matrix diff: 60771.457031

---New data---

[Remaining: 32]

[File : ./suiteSparse_dataset_10000_100000/sinc15/sinc15.mtx]
[K : 32]
[Sputnik_gflops : 73.34 ]
Matrix diff: 58548.066406

---New data---

[Remaining: 31]

[File : ./suiteSparse_dataset_10000_100000/TSOPF_RS_b300_c2/TSOPF_RS_b300_c2.mtx]
[K : 32]
[Sputnik_gflops : 63.98 ]
Matrix diff: 75754.843750

---New data---

[Remaining: 30]

[File : ./suiteSparse_dataset_10000_100000/bundle1/bundle1.mtx]
[K : 32]
[Sputnik_gflops : 119.17 ]
Matrix diff: 56333.558594

---New data---

[Remaining: 29]

[File : ./suiteSparse_dataset_10000_100000/soc-sign-Slashdot090216/soc-sign-Slashdot090216.mtx]
[K : 32]
[Sputnik_gflops : 1.36 ]
Matrix diff: 44633.343750

---New data---

[Remaining: 28]

[File : ./suiteSparse_dataset_10000_100000/chem_master1/chem_master1.mtx]
[K : 32]
[Sputnik_gflops : 2.17 ]
Matrix diff: 45982.460938

---New data---

[Remaining: 27]

[File : ./suiteSparse_dataset_10000_100000/c-62ghs/c-62ghs.mtx]
[K : 32]
[Sputnik_gflops : 5.64 ]
Matrix diff: 56150.417969

---New data---

[Remaining: 26]

[File : ./suiteSparse_dataset_10000_100000/TSOPF_FS_b300/TSOPF_FS_b300.mtx]
[K : 32]
[Sputnik_gflops : 89.70 ]
Matrix diff: 64698.589844

---New data---

[Remaining: 25]

[File : ./suiteSparse_dataset_10000_100000/TSOPF_RS_b39_c19/TSOPF_RS_b39_c19.mtx]
[K : 32]
[Sputnik_gflops : 8.29 ]
Matrix diff: 59718.140625

---New data---

[Remaining: 24]

[File : ./suiteSparse_dataset_10000_100000/208bit/208bit.mtx]
[K : 32]
[Sputnik_gflops : 8.82 ]
Matrix diff: 37553.492188

---New data---

[Remaining: 23]

[File : ./suiteSparse_dataset_10000_100000/mark3jac040sc/mark3jac040sc.mtx]
[K : 32]
[Sputnik_gflops : 5.94 ]
Matrix diff: 54394.554688

---New data---

[Remaining: 22]

[File : ./suiteSparse_dataset_10000_100000/g7jac160sc/g7jac160sc.mtx]
[K : 32]
[Sputnik_gflops : 4.86 ]
Matrix diff: 54775.710938

---New data---

[Remaining: 21]

[File : ./suiteSparse_dataset_10000_100000/conf5_4-8x8-05/conf5_4-8x8-05.mtx]
[K : 32]
[Sputnik_gflops : 13.94 ]
Matrix diff: 58152.804688

---New data---

[Remaining: 20]

[File : ./suiteSparse_dataset_10000_100000/jan99jac120sc/jan99jac120sc.mtx]
[K : 32]
[Sputnik_gflops : 2.67 ]
Matrix diff: 40083.539062

---New data---

[Remaining: 19]

[File : ./suiteSparse_dataset_10000_100000/mosfet2/mosfet2.mtx]
[K : 32]
[Sputnik_gflops : 11.89 ]
Matrix diff: 54741.554688

---New data---

[Remaining: 18]

[File : ./suiteSparse_dataset_10000_100000/lowThrust_5/lowThrust_5.mtx]
[K : 32]
[Sputnik_gflops : 13.10 ]
Matrix diff: 55854.742188

---New data---

[Remaining: 17]

[File : ./suiteSparse_dataset_10000_100000/soc-Slashdot0811/soc-Slashdot0811.mtx]
[K : 32]
[Sputnik_gflops : 2.66 ]
Matrix diff: 64381.031250

---New data---

[Remaining: 16]

[File : ./suiteSparse_dataset_10000_100000/ex19/ex19.mtx]
[K : 32]
[Sputnik_gflops : 31.28 ]
Matrix diff: 58195.640625

---New data---

[Remaining: 15]

[File : ./suiteSparse_dataset_10000_100000/ca-HepPh/ca-HepPh.mtx]
[K : 32]
[Sputnik_gflops : 28.51 ]
Matrix diff: 38159.238281

---New data---

[Remaining: 14]

[File : ./suiteSparse_dataset_10000_100000/IG5-17/IG5-17.mtx]
[K : 32]
[Sputnik_gflops : 21.45 ]
Matrix diff: 59291.027344

---New data---

[Remaining: 13]

[File : ./suiteSparse_dataset_10000_100000/net125/net125.mtx]
[K : 32]
[Sputnik_gflops : 33.35 ]
Matrix diff: 28787.148438

---New data---

[Remaining: 12]

[File : ./suiteSparse_dataset_10000_100000/bcsstk32/bcsstk32.mtx]
[K : 32]
[Sputnik_gflops : 16.80 ]
Matrix diff: 58098.488281

---New data---

[Remaining: 11]

[File : ./suiteSparse_dataset_10000_100000/onetone2/onetone2.mtx]
[K : 32]
[Sputnik_gflops : 3.08 ]
Matrix diff: 52388.394531

---New data---

[Remaining: 10]

[File : ./suiteSparse_dataset_10000_100000/lhr10c/lhr10c.mtx]
[K : 32]
[Sputnik_gflops : 35.39 ]
Matrix diff: 36207.046875

---New data---

[Remaining: 9]

[File : ./suiteSparse_dataset_10000_100000/olafu/olafu.mtx]
[K : 32]
[Sputnik_gflops : 67.09 ]
Matrix diff: 59787.437500

---New data---

[Remaining: 8]

[File : ./suiteSparse_dataset_10000_100000/Trefethen_20000/Trefethen_20000.mtx]
[K : 32]
[Sputnik_gflops : 24.23 ]
Matrix diff: 65904.359375

---New data---

[Remaining: 7]

[File : ./suiteSparse_dataset_10000_100000/g7jac180sc/g7jac180sc.mtx]
[K : 32]
[Sputnik_gflops : 4.61 ]
Matrix diff: 60357.437500

---New data---

[Remaining: 6]

[File : ./suiteSparse_dataset_10000_100000/e40r0100/e40r0100.mtx]
[K : 32]
[Sputnik_gflops : 32.23 ]
Matrix diff: 60335.292969

---New data---

[Remaining: 5]

[File : ./suiteSparse_dataset_10000_100000/li/li.mtx]
[K : 32]
[Sputnik_gflops : 45.41 ]
Matrix diff: 51140.511719

---New data---

[Remaining: 4]

[File : ./suiteSparse_dataset_10000_100000/lhr14/lhr14.mtx]
[K : 32]
[Sputnik_gflops : 26.38 ]
Matrix diff: 45964.132812

---New data---

[Remaining: 3]

[File : ./suiteSparse_dataset_10000_100000/jan99jac060sc/jan99jac060sc.mtx]
[K : 32]
[Sputnik_gflops : 5.24 ]
Matrix diff: 57809.121094

---New data---

[Remaining: 2]

[File : ./suiteSparse_dataset_10000_100000/HEP-th/HEP-th.mtx]
[K : 32]
[Sputnik_gflops : 8.10 ]
Matrix diff: 32233.726562

---New data---

[Remaining: 1]

[File : ./suiteSparse_dataset_10000_100000/c-63/c-63.mtx]
[K : 32]
[Sputnik_gflops : 3.89 ]
Matrix diff: 41851.140625

---New data---

[Remaining: 0]

[File : ./suiteSparse_dataset_10000_100000/c-67b/c-67b.mtx]
[K : 32]
[Sputnik_gflops : 2.79 ]
Matrix diff: 65851.914062

---Test done---

Total time spent: 282.154115601 seconds (0 hours, 4 minutes, 42.154115601 seconds)
