* Start test...
* Test program: ./build_BSMR/BSMR-sddmm
* Test log file: ./results_suiteSparse_dataset_10000_100000/BSMR_results/results_log.log
* Number of test files: 532

---New data---

[Remaining: 531]

sparseMatrix::CSR initialize from file : ./suiteSparse_dataset_10000_100000/ch7-8-b3/ch7-8-b3.mtx
* 	Execution time: 51.402357232 seconds

---New data---

[Remaining: 530]

sparseMatrix::CSR initialize from file : ./suiteSparse_dataset_10000_100000/skirt/skirt.mtx
* 	Execution time: 11.319972889 seconds

---New data---

[Remaining: 529]

sparseMatrix::CSR initialize from file : ./suiteSparse_dataset_10000_100000/sctap1-2r/sctap1-2r.mtx
* 	Execution time: 70.380579530 seconds

---New data---

[Remaining: 528]

sparseMatrix::CSR initialize from file : ./suiteSparse_dataset_10000_100000/sctap1-2r/sctap1-2r_A_11.mtx
* 	Execution time: 69.965452940 seconds

---New data---

[Remaining: 527]

sparseMatrix::CSR initialize from file : ./suiteSparse_dataset_10000_100000/OPF_6000/OPF_6000.mtx
* 	Execution time: 36.641051703 seconds

---New data---

[Remaining: 526]

sparseMatrix::CSR initialize from file : ./suiteSparse_dataset_10000_100000/trdheim/trdheim.mtx
* 	Execution time: 46.491486172 seconds

---New data---

[Remaining: 525]

sparseMatrix::CSR initialize from file : ./suiteSparse_dataset_10000_100000/mult_dcop_01/mult_dcop_01.mtx
* 	Execution time: 49.588041261 seconds

---New data---

[Remaining: 524]

sparseMatrix::CSR initialize from file : ./suiteSparse_dataset_10000_100000/xenon1/xenon1.mtx
* 	Execution time: 161.871676254 seconds

---New data---

[Remaining: 523]

sparseMatrix::CSR initialize from file : ./suiteSparse_dataset_10000_100000/delaunay_n16/delaunay_n16.mtx
* 	Execution time: 219.894938400 seconds

---New data---

[Remaining: 522]

sparseMatrix::CSR initialize from file : ./suiteSparse_dataset_10000_100000/pkustk13/pkustk13.mtx
* 	Execution time: 815.718723377 seconds

---New data---

[Remaining: 521]

sparseMatrix::CSR initialize from file : ./suiteSparse_dataset_10000_100000/ABACUS_shell_ud/ABACUS_shell_ud_M.mtx
* 	Execution time: 37.178650544 seconds

---New data---

[Remaining: 520]

sparseMatrix::CSR initialize from file : ./suiteSparse_dataset_10000_100000/ABACUS_shell_ud/ABACUS_shell_ud_K.mtx
* 	Execution time: 37.456000239 seconds

---New data---

[Remaining: 519]

sparseMatrix::CSR initialize from file : ./suiteSparse_dataset_10000_100000/ABACUS_shell_ud/ABACUS_shell_ud.mtx
* 	Execution time: 37.507323854 seconds

---New data---

[Remaining: 518]

sparseMatrix::CSR initialize from file : ./suiteSparse_dataset_10000_100000/pattern1/pattern1.mtx
* 	Execution time: 319.640597050 seconds

---New data---

[Remaining: 517]

sparseMatrix::CSR initialize from file : ./suiteSparse_dataset_10000_100000/nv1/nv1.mtx
* 	Execution time: 793.851202890 seconds

---New data---

[Remaining: 516]

sparseMatrix::CSR initialize from file : ./suiteSparse_dataset_10000_100000/crystk03/crystk03.mtx
* 	Execution time: 53.933905327 seconds

---New data---

[Remaining: 515]

sparseMatrix::CSR initialize from file : ./suiteSparse_dataset_10000_100000/viscoplastic2/viscoplastic2_C_6.mtx
* 	Execution time: 75.107667487 seconds

---New data---

[Remaining: 514]

sparseMatrix::CSR initialize from file : ./suiteSparse_dataset_10000_100000/viscoplastic2/viscoplastic2_C_3.mtx
* 	Execution time: 74.539253983 seconds

---New data---

[Remaining: 513]

sparseMatrix::CSR initialize from file : ./suiteSparse_dataset_10000_100000/viscoplastic2/viscoplastic2_C_7.mtx
* 	Execution time: 75.094850863 seconds

---New data---

[Remaining: 512]

sparseMatrix::CSR initialize from file : ./suiteSparse_dataset_10000_100000/viscoplastic2/viscoplastic2_C_5.mtx
* 	Execution time: 75.538345736 seconds

---New data---

[Remaining: 511]

sparseMatrix::CSR initialize from file : ./suiteSparse_dataset_10000_100000/viscoplastic2/viscoplastic2.mtx
* 	Execution time: 75.353322757 seconds

---New data---

[Remaining: 510]

sparseMatrix::CSR initialize from file : ./suiteSparse_dataset_10000_100000/viscoplastic2/viscoplastic2_C_2.mtx
* 	Execution time: 74.905977624 seconds

---New data---

[Remaining: 509]

sparseMatrix::CSR initialize from file : ./suiteSparse_dataset_10000_100000/viscoplastic2/viscoplastic2_C_1.mtx
* 	Execution time: 74.473582681 seconds

---New data---

[Remaining: 508]

sparseMatrix::CSR initialize from file : ./suiteSparse_dataset_10000_100000/viscoplastic2/viscoplastic2_C_4.mtx
* 	Execution time: 75.169827882 seconds

---New data---

[Remaining: 507]

sparseMatrix::CSR initialize from file : ./suiteSparse_dataset_10000_100000/ABACUS_shell_md/ABACUS_shell_md_K.mtx
* 	Execution time: 37.887341170 seconds

---New data---

[Remaining: 506]

sparseMatrix::CSR initialize from file : ./suiteSparse_dataset_10000_100000/ABACUS_shell_md/ABACUS_shell_md.mtx
* 	Execution time: 37.731129478 seconds

---New data---

[Remaining: 505]

sparseMatrix::CSR initialize from file : ./suiteSparse_dataset_10000_100000/ABACUS_shell_md/ABACUS_shell_md_M.mtx
* 	Execution time: 37.253935821 seconds

---New data---

[Remaining: 504]

sparseMatrix::CSR initialize from file : ./suiteSparse_dataset_10000_100000/Dubcova1/Dubcova1.mtx
* 	Execution time: 22.709440534 seconds

---New data---

[Remaining: 503]

sparseMatrix::CSR initialize from file : ./suiteSparse_dataset_10000_100000/ted_A/ted_A.mtx
* 	Execution time: 13.964345829 seconds

---New data---

[Remaining: 502]

sparseMatrix::CSR initialize from file : ./suiteSparse_dataset_10000_100000/mk12-b4/mk12-b4.mtx
* 	Execution time: 174.946473063 seconds

---New data---

[Remaining: 501]

sparseMatrix::CSR initialize from file : ./suiteSparse_dataset_10000_100000/std1_Jac3_db/std1_Jac3_db.mtx
* 	Execution time: 34.300964568 seconds

---New data---

[Remaining: 500]

sparseMatrix::CSR initialize from file : ./suiteSparse_dataset_10000_100000/OPF_10000/OPF_10000.mtx
* 	Execution time: 80.142852485 seconds

---New data---

[Remaining: 499]

sparseMatrix::CSR initialize from file : ./suiteSparse_dataset_10000_100000/worms20_10NN/worms20_10NN.mtx
* 	Execution time: 27.416228870 seconds

---New data---

[Remaining: 498]

sparseMatrix::CSR initialize from file : ./suiteSparse_dataset_10000_100000/cbuckle/cbuckle.mtx
* 	Execution time: 17.068385200 seconds

---New data---

[Remaining: 497]

sparseMatrix::CSR initialize from file : ./suiteSparse_dataset_10000_100000/cbuckle/cbuckle_G.mtx
* 	Execution time: 15.354201567 seconds

---New data---

[Remaining: 496]

sparseMatrix::CSR initialize from file : ./suiteSparse_dataset_10000_100000/c-71/c-71.mtx
* 	Execution time: 259.212278339 seconds

---New data---

[Remaining: 495]

sparseMatrix::CSR initialize from file : ./suiteSparse_dataset_10000_100000/std1_Jac2/std1_Jac2.mtx
* 	Execution time: 81.057865577 seconds

---New data---

[Remaining: 494]

sparseMatrix::CSR initialize from file : ./suiteSparse_dataset_10000_100000/ifiss_mat/ifiss_mat.mtx
* 	Execution time: 702.850388022 seconds

---New data---

[Remaining: 493]

sparseMatrix::CSR initialize from file : ./suiteSparse_dataset_10000_100000/TSOPF_RS_b678_c1/TSOPF_RS_b678_c1.mtx
* 	Execution time: 138.656532391 seconds

---New data---

[Remaining: 492]

sparseMatrix::CSR initialize from file : ./suiteSparse_dataset_10000_100000/Zd_Jac2_db/Zd_Jac2_db.mtx
* 	Execution time: 42.122645990 seconds

---New data---

[Remaining: 491]

sparseMatrix::CSR initialize from file : ./suiteSparse_dataset_10000_100000/scfxm1-2b/scfxm1-2b_A_3.mtx
* 	Execution time: 34.772672239 seconds

---New data---

[Remaining: 490]

sparseMatrix::CSR initialize from file : ./suiteSparse_dataset_10000_100000/scfxm1-2b/scfxm1-2b.mtx
* 	Execution time: 34.295489904 seconds

---New data---

[Remaining: 489]

sparseMatrix::CSR initialize from file : ./suiteSparse_dataset_10000_100000/mario001/mario001.mtx
* 	Execution time: 67.444562949 seconds

---New data---

[Remaining: 488]

sparseMatrix::CSR initialize from file : ./suiteSparse_dataset_10000_100000/e18/e18.mtx
* 	Execution time: 66.573638592 seconds

---New data---

[Remaining: 487]

sparseMatrix::CSR initialize from file : ./suiteSparse_dataset_10000_100000/nsct/nsct_A_1.mtx
* 	Execution time: 63.200010930 seconds

---New data---

[Remaining: 486]

sparseMatrix::CSR initialize from file : ./suiteSparse_dataset_10000_100000/nsct/nsct.mtx
* 	Execution time: 64.423865067 seconds

---New data---

[Remaining: 485]

sparseMatrix::CSR initialize from file : ./suiteSparse_dataset_10000_100000/nsct/nsct_A_2.mtx
* 	Execution time: 65.083472415 seconds

---New data---

[Remaining: 484]

sparseMatrix::CSR initialize from file : ./suiteSparse_dataset_10000_100000/lowThrust_10/lowThrust_10.mtx
* 	Execution time: 17.388738959 seconds

---New data---

[Remaining: 483]

sparseMatrix::CSR initialize from file : ./suiteSparse_dataset_10000_100000/2D_27628_bjtcai/2D_27628_bjtcai.mtx
* 	Execution time: 45.506874201 seconds

---New data---

[Remaining: 482]

sparseMatrix::CSR initialize from file : ./suiteSparse_dataset_10000_100000/Si10H16/Si10H16.mtx
* 	Execution time: 31.856820219 seconds

---New data---

[Remaining: 481]

sparseMatrix::CSR initialize from file : ./suiteSparse_dataset_10000_100000/af23560/af23560.mtx
* 	Execution time: 37.241708042 seconds

---New data---

[Remaining: 480]

sparseMatrix::CSR initialize from file : ./suiteSparse_dataset_10000_100000/m_t1/m_t1.mtx
* 	Execution time: 822.165736854 seconds

---New data---

[Remaining: 479]

sparseMatrix::CSR initialize from file : ./suiteSparse_dataset_10000_100000/cit-HepPh/cit-HepPh.mtx
* 	Execution time: 117.228275609 seconds

---New data---

[Remaining: 478]

sparseMatrix::CSR initialize from file : ./suiteSparse_dataset_10000_100000/rma10/rma10.mtx
* 	Execution time: 197.838252119 seconds

---New data---

[Remaining: 477]

sparseMatrix::CSR initialize from file : ./suiteSparse_dataset_10000_100000/GaAsH6/GaAsH6.mtx
* 	Execution time: 296.106814011 seconds

---New data---

[Remaining: 476]

sparseMatrix::CSR initialize from file : ./suiteSparse_dataset_10000_100000/c-67/c-67.mtx
* 	Execution time: 113.570740881 seconds

---New data---

[Remaining: 475]

sparseMatrix::CSR initialize from file : ./suiteSparse_dataset_10000_100000/torsion1/torsion1.mtx
* 	Execution time: 64.695505520 seconds

---New data---

[Remaining: 474]

sparseMatrix::CSR initialize from file : ./suiteSparse_dataset_10000_100000/nv2010/nv2010.mtx
* 	Execution time: 432.428480027 seconds

---New data---

[Remaining: 473]

sparseMatrix::CSR initialize from file : ./suiteSparse_dataset_10000_100000/bcircuit/bcircuit.mtx
* 	Execution time: 351.851342003 seconds

---New data---

[Remaining: 472]

sparseMatrix::CSR initialize from file : ./suiteSparse_dataset_10000_100000/shyy161/shyy161.mtx
* 	Execution time: 246.885752302 seconds

---New data---

[Remaining: 471]

sparseMatrix::CSR initialize from file : ./suiteSparse_dataset_10000_100000/c-64b/c-64b.mtx
* 	Execution time: 94.806141001 seconds

---New data---

[Remaining: 470]

sparseMatrix::CSR initialize from file : ./suiteSparse_dataset_10000_100000/c-59/c-59.mtx
* 	Execution time: 70.040074819 seconds

---New data---

[Remaining: 469]

sparseMatrix::CSR initialize from file : ./suiteSparse_dataset_10000_100000/vsp_c-60_data_cti_cs4/vsp_c-60_data_cti_cs4.mtx
* 	Execution time: 332.079634459 seconds

---New data---

[Remaining: 468]

sparseMatrix::CSR initialize from file : ./suiteSparse_dataset_10000_100000/cond-mat-2005/cond-mat-2005.mtx
* 	Execution time: 89.132148258 seconds

---New data---

[Remaining: 467]

sparseMatrix::CSR initialize from file : ./suiteSparse_dataset_10000_100000/mark3jac040/mark3jac040.mtx
* 	Execution time: 25.415651644 seconds

---New data---

[Remaining: 466]

sparseMatrix::CSR initialize from file : ./suiteSparse_dataset_10000_100000/kim1/kim1.mtx
* 	Execution time: 109.349851986 seconds

---New data---

[Remaining: 465]

sparseMatrix::CSR initialize from file : ./suiteSparse_dataset_10000_100000/juba40k/juba40k.mtx
* 	Execution time: 69.285677074 seconds

---New data---

[Remaining: 464]

sparseMatrix::CSR initialize from file : ./suiteSparse_dataset_10000_100000/TSOPF_FS_b300_c1/TSOPF_FS_b300_c1.mtx
* 	Execution time: 98.452129930 seconds

---New data---

[Remaining: 463]

sparseMatrix::CSR initialize from file : ./suiteSparse_dataset_10000_100000/pfinan512/pfinan512.mtx
* 	Execution time: 258.307301555 seconds

---New data---

[Remaining: 462]

sparseMatrix::CSR initialize from file : ./suiteSparse_dataset_10000_100000/co9/co9.mtx
* 	Execution time: 18.872728804 seconds

---New data---

[Remaining: 461]

sparseMatrix::CSR initialize from file : ./suiteSparse_dataset_10000_100000/case39/case39_A_12.mtx
* 	Execution time: 66.726605298 seconds

---New data---

[Remaining: 460]

sparseMatrix::CSR initialize from file : ./suiteSparse_dataset_10000_100000/case39/case39_A_13.mtx
* 	Execution time: 67.517111476 seconds

---New data---

[Remaining: 459]

sparseMatrix::CSR initialize from file : ./suiteSparse_dataset_10000_100000/case39/case39_A_09.mtx
* 	Execution time: 66.961911122 seconds

---New data---

[Remaining: 458]

sparseMatrix::CSR initialize from file : ./suiteSparse_dataset_10000_100000/case39/case39.mtx
* 	Execution time: 65.299555613 seconds

---New data---

[Remaining: 457]

sparseMatrix::CSR initialize from file : ./suiteSparse_dataset_10000_100000/case39/case39_A_07.mtx
* 	Execution time: 65.887693999 seconds

---New data---

[Remaining: 456]

sparseMatrix::CSR initialize from file : ./suiteSparse_dataset_10000_100000/case39/case39_A_03.mtx
* 	Execution time: 67.040629355 seconds

---New data---

[Remaining: 455]

sparseMatrix::CSR initialize from file : ./suiteSparse_dataset_10000_100000/case39/case39_A_11.mtx
* 	Execution time: 66.931898680 seconds

---New data---

[Remaining: 454]

sparseMatrix::CSR initialize from file : ./suiteSparse_dataset_10000_100000/case39/case39_A_02.mtx
* 	Execution time: 67.392814801 seconds

---New data---

[Remaining: 453]

sparseMatrix::CSR initialize from file : ./suiteSparse_dataset_10000_100000/case39/case39_A_05.mtx
* 	Execution time: 67.143471568 seconds

---New data---

[Remaining: 452]

sparseMatrix::CSR initialize from file : ./suiteSparse_dataset_10000_100000/case39/case39_A_04.mtx
* 	Execution time: 65.651631027 seconds

---New data---

[Remaining: 451]

sparseMatrix::CSR initialize from file : ./suiteSparse_dataset_10000_100000/case39/case39_A_06.mtx
* 	Execution time: 65.830712951 seconds

---New data---

[Remaining: 450]

sparseMatrix::CSR initialize from file : ./suiteSparse_dataset_10000_100000/case39/case39_A_08.mtx
* 	Execution time: 65.627432593 seconds

---New data---

[Remaining: 449]

sparseMatrix::CSR initialize from file : ./suiteSparse_dataset_10000_100000/case39/case39_A_10.mtx
* 	Execution time: 65.771137689 seconds

---New data---

[Remaining: 448]

sparseMatrix::CSR initialize from file : ./suiteSparse_dataset_10000_100000/case39/case39_A_01.mtx
* 	Execution time: 66.763711268 seconds

---New data---

[Remaining: 447]

sparseMatrix::CSR initialize from file : ./suiteSparse_dataset_10000_100000/ncvxqp7/ncvxqp7.mtx
* 	Execution time: 574.571896344 seconds

---New data---

[Remaining: 446]

sparseMatrix::CSR initialize from file : ./suiteSparse_dataset_10000_100000/uni_chimera_i2/uni_chimera_i2_A_18.mtx
* 	Execution time: 1237.081655104 seconds

---New data---

[Remaining: 445]

sparseMatrix::CSR initialize from file : ./suiteSparse_dataset_10000_100000/uni_chimera_i2/uni_chimera_i2_A_02.mtx
* 	Execution time: 1246.480675320 seconds

---New data---

[Remaining: 444]

sparseMatrix::CSR initialize from file : ./suiteSparse_dataset_10000_100000/uni_chimera_i2/uni_chimera_i2_A_14.mtx
* 	Execution time: 1237.823048651 seconds

---New data---

[Remaining: 443]

sparseMatrix::CSR initialize from file : ./suiteSparse_dataset_10000_100000/uni_chimera_i2/uni_chimera_i2_A_10.mtx
* 	Execution time: 1230.150487989 seconds

---New data---

[Remaining: 442]

sparseMatrix::CSR initialize from file : ./suiteSparse_dataset_10000_100000/uni_chimera_i2/uni_chimera_i2_A_17.mtx
* 	Execution time: 1237.882261621 seconds

---New data---

[Remaining: 441]

sparseMatrix::CSR initialize from file : ./suiteSparse_dataset_10000_100000/uni_chimera_i2/uni_chimera_i2.mtx
* 	Execution time: 1233.229746927 seconds

---New data---

[Remaining: 440]

sparseMatrix::CSR initialize from file : ./suiteSparse_dataset_10000_100000/uni_chimera_i2/uni_chimera_i2_A_16.mtx
* 	Execution time: 1242.522626219 seconds

---New data---

[Remaining: 439]

sparseMatrix::CSR initialize from file : ./suiteSparse_dataset_10000_100000/uni_chimera_i2/uni_chimera_i2_A_07.mtx
* 	Execution time: 1239.334753463 seconds

---New data---

[Remaining: 438]

sparseMatrix::CSR initialize from file : ./suiteSparse_dataset_10000_100000/uni_chimera_i2/uni_chimera_i2_A_22.mtx
* 	Execution time: 1240.200155596 seconds

---New data---

[Remaining: 437]

sparseMatrix::CSR initialize from file : ./suiteSparse_dataset_10000_100000/uni_chimera_i2/uni_chimera_i2_A_20.mtx
* 	Execution time: 1239.283079767 seconds

---New data---

[Remaining: 436]

sparseMatrix::CSR initialize from file : ./suiteSparse_dataset_10000_100000/uni_chimera_i2/uni_chimera_i2_A_01.mtx
* 	Execution time: 1236.716090112 seconds

---New data---

[Remaining: 435]

sparseMatrix::CSR initialize from file : ./suiteSparse_dataset_10000_100000/uni_chimera_i2/uni_chimera_i2_A_19.mtx
* 	Execution time: 1245.121274965 seconds

---New data---

[Remaining: 434]

sparseMatrix::CSR initialize from file : ./suiteSparse_dataset_10000_100000/uni_chimera_i2/uni_chimera_i2_A_04.mtx
* 	Execution time: 1245.273093972 seconds

---New data---

[Remaining: 433]

sparseMatrix::CSR initialize from file : ./suiteSparse_dataset_10000_100000/uni_chimera_i2/uni_chimera_i2_A_09.mtx
* 	Execution time: 1231.951903111 seconds

---New data---

[Remaining: 432]

sparseMatrix::CSR initialize from file : ./suiteSparse_dataset_10000_100000/uni_chimera_i2/uni_chimera_i2_A_06.mtx
* 	Execution time: 1237.809916935 seconds

---New data---

[Remaining: 431]

sparseMatrix::CSR initialize from file : ./suiteSparse_dataset_10000_100000/uni_chimera_i2/uni_chimera_i2_A_13.mtx
* 	Execution time: 1236.965032485 seconds

---New data---

[Remaining: 430]

sparseMatrix::CSR initialize from file : ./suiteSparse_dataset_10000_100000/uni_chimera_i2/uni_chimera_i2_A_03.mtx
* 	Execution time: 1226.484429526 seconds

---New data---

[Remaining: 429]

sparseMatrix::CSR initialize from file : ./suiteSparse_dataset_10000_100000/uni_chimera_i2/uni_chimera_i2_A_15.mtx
* 	Execution time: 1232.202899572 seconds

---New data---

[Remaining: 428]

sparseMatrix::CSR initialize from file : ./suiteSparse_dataset_10000_100000/uni_chimera_i2/uni_chimera_i2_A_24.mtx
* 	Execution time: 1238.789670157 seconds

---New data---

[Remaining: 427]

sparseMatrix::CSR initialize from file : ./suiteSparse_dataset_10000_100000/uni_chimera_i2/uni_chimera_i2_A_05.mtx
* 	Execution time: 1248.014063961 seconds

---New data---

[Remaining: 426]

sparseMatrix::CSR initialize from file : ./suiteSparse_dataset_10000_100000/uni_chimera_i2/uni_chimera_i2_A_08.mtx
* 	Execution time: 1228.177332419 seconds

---New data---

[Remaining: 425]

sparseMatrix::CSR initialize from file : ./suiteSparse_dataset_10000_100000/uni_chimera_i2/uni_chimera_i2_A_11.mtx
* 	Execution time: 1232.530122247 seconds

---New data---

[Remaining: 424]

sparseMatrix::CSR initialize from file : ./suiteSparse_dataset_10000_100000/uni_chimera_i2/uni_chimera_i2_A_21.mtx
* 	Execution time: 1233.192848249 seconds

---New data---

[Remaining: 423]

sparseMatrix::CSR initialize from file : ./suiteSparse_dataset_10000_100000/uni_chimera_i2/uni_chimera_i2_A_12.mtx
* 	Execution time: 1231.904849706 seconds

---New data---

[Remaining: 422]

sparseMatrix::CSR initialize from file : ./suiteSparse_dataset_10000_100000/uni_chimera_i2/uni_chimera_i2_A_23.mtx
* 	Execution time: 1229.226137290 seconds

---New data---

[Remaining: 421]

sparseMatrix::CSR initialize from file : ./suiteSparse_dataset_10000_100000/venkat25/venkat25.mtx
* 	Execution time: 231.030224233 seconds

---New data---

[Remaining: 420]

sparseMatrix::CSR initialize from file : ./suiteSparse_dataset_10000_100000/stokes128/stokes128.mtx
* 	Execution time: 89.134102312 seconds

---New data---

[Remaining: 419]

sparseMatrix::CSR initialize from file : ./suiteSparse_dataset_10000_100000/finan512/finan512.mtx
* 	Execution time: 260.859569465 seconds

---New data---

[Remaining: 418]

sparseMatrix::CSR initialize from file : ./suiteSparse_dataset_10000_100000/poisson3Db/poisson3Db.mtx
* 	Execution time: 1080.468624422 seconds

---New data---

[Remaining: 417]

sparseMatrix::CSR initialize from file : ./suiteSparse_dataset_10000_100000/preferentialAttachment/preferentialAttachment.mtx
* 	Execution time: 1626.571093534 seconds

---New data---

[Remaining: 416]

sparseMatrix::CSR initialize from file : ./suiteSparse_dataset_10000_100000/F2/F2.mtx
* 	Execution time: 463.126318801 seconds

---New data---

[Remaining: 415]

sparseMatrix::CSR initialize from file : ./suiteSparse_dataset_10000_100000/dbir2/dbir2.mtx
* 	Execution time: 135.645393464 seconds

---New data---

[Remaining: 414]

sparseMatrix::CSR initialize from file : ./suiteSparse_dataset_10000_100000/ca-AstroPh/ca-AstroPh.mtx
* 	Execution time: 30.060739290 seconds

---New data---

[Remaining: 413]

sparseMatrix::CSR initialize from file : ./suiteSparse_dataset_10000_100000/g7jac080sc/g7jac080sc.mtx
* 	Execution time: 35.526582955 seconds

---New data---

[Remaining: 412]

sparseMatrix::CSR initialize from file : ./suiteSparse_dataset_10000_100000/vsp_south31_slptsk/vsp_south31_slptsk.mtx
* 	Execution time: 69.032079668 seconds

---New data---

[Remaining: 411]

sparseMatrix::CSR initialize from file : ./suiteSparse_dataset_10000_100000/pkustk08/pkustk08.mtx
* 	Execution time: 73.192145446 seconds

---New data---

[Remaining: 410]

sparseMatrix::CSR initialize from file : ./suiteSparse_dataset_10000_100000/deltaX/deltaX.mtx
* 	Execution time: 124.114059970 seconds

---New data---

[Remaining: 409]

sparseMatrix::CSR initialize from file : ./suiteSparse_dataset_10000_100000/TSOPF_FS_b39_c7/TSOPF_FS_b39_c7.mtx
* 	Execution time: 34.764996359 seconds

---New data---

[Remaining: 408]

sparseMatrix::CSR initialize from file : ./suiteSparse_dataset_10000_100000/lhr71c/lhr71c.mtx
* 	Execution time: 311.767909889 seconds

---New data---

[Remaining: 407]

sparseMatrix::CSR initialize from file : ./suiteSparse_dataset_10000_100000/mod2/mod2.mtx
* 	Execution time: 99.605938164 seconds

---New data---

[Remaining: 406]

sparseMatrix::CSR initialize from file : ./suiteSparse_dataset_10000_100000/raefsky4/raefsky4.mtx
* 	Execution time: 36.023941047 seconds

---New data---

[Remaining: 405]

sparseMatrix::CSR initialize from file : ./suiteSparse_dataset_10000_100000/cat_ears_4_4/cat_ears_4_4.mtx
* 	Execution time: 47.379540375 seconds

---New data---

[Remaining: 404]

sparseMatrix::CSR initialize from file : ./suiteSparse_dataset_10000_100000/ckt11752_tr_0/ckt11752_tr_0.mtx
* 	Execution time: 122.601761768 seconds

---New data---

[Remaining: 403]

sparseMatrix::CSR initialize from file : ./suiteSparse_dataset_10000_100000/gyro_k/gyro_k.mtx
* 	Execution time: 27.900869621 seconds

---New data---

[Remaining: 402]

sparseMatrix::CSR initialize from file : ./suiteSparse_dataset_10000_100000/pkustk09/pkustk09.mtx
* 	Execution time: 76.145373588 seconds

---New data---

[Remaining: 401]

sparseMatrix::CSR initialize from file : ./suiteSparse_dataset_10000_100000/Zd_Jac3_db/Zd_Jac3_db.mtx
* 	Execution time: 43.108141275 seconds

---New data---

[Remaining: 400]

sparseMatrix::CSR initialize from file : ./suiteSparse_dataset_10000_100000/g7jac120sc/g7jac120sc.mtx
* 	Execution time: 86.220312106 seconds

---New data---

[Remaining: 399]

sparseMatrix::CSR initialize from file : ./suiteSparse_dataset_10000_100000/mouse_gene/mouse_gene.mtx
* 	Execution time: 2223.864637063 seconds

---New data---

[Remaining: 398]

sparseMatrix::CSR initialize from file : ./suiteSparse_dataset_10000_100000/Trefethen_20000b/Trefethen_20000b.mtx
* 	Execution time: 27.212981253 seconds

---New data---

[Remaining: 397]

sparseMatrix::CSR initialize from file : ./suiteSparse_dataset_10000_100000/3D_28984_Tetra/3D_28984_Tetra.mtx
* 	Execution time: 56.015523786 seconds

---New data---

[Remaining: 396]

sparseMatrix::CSR initialize from file : ./suiteSparse_dataset_10000_100000/bcsstk29/bcsstk29.mtx
* 	Execution time: 17.173893168 seconds

---New data---

[Remaining: 395]

sparseMatrix::CSR initialize from file : ./suiteSparse_dataset_10000_100000/mark3jac140/mark3jac140.mtx
* 	Execution time: 328.626690080 seconds

---New data---

[Remaining: 394]

sparseMatrix::CSR initialize from file : ./suiteSparse_dataset_10000_100000/bcsstm36/bcsstm36.mtx
* 	Execution time: 20.492427181 seconds

---New data---

[Remaining: 393]

sparseMatrix::CSR initialize from file : ./suiteSparse_dataset_10000_100000/mycielskian16/mycielskian16.mtx
* 	Execution time: 2094.124368045 seconds

---New data---

[Remaining: 392]

sparseMatrix::CSR initialize from file : ./suiteSparse_dataset_10000_100000/olesnik0/olesnik0.mtx
* 	Execution time: 452.350892657 seconds

---New data---

[Remaining: 391]

sparseMatrix::CSR initialize from file : ./suiteSparse_dataset_10000_100000/c-52/c-52.mtx
* 	Execution time: 25.648342232 seconds

---New data---

[Remaining: 390]

sparseMatrix::CSR initialize from file : ./suiteSparse_dataset_10000_100000/c-50/c-50.mtx
* 	Execution time: 23.717258807 seconds

---New data---

[Remaining: 389]

sparseMatrix::CSR initialize from file : ./suiteSparse_dataset_10000_100000/pkustk05/pkustk05.mtx
* 	Execution time: 98.557998466 seconds

---New data---

[Remaining: 388]

sparseMatrix::CSR initialize from file : ./suiteSparse_dataset_10000_100000/conf6_0-8x8-80/conf6_0-8x8-80.mtx
* 	Execution time: 190.270143800 seconds

---New data---

[Remaining: 387]

sparseMatrix::CSR initialize from file : ./suiteSparse_dataset_10000_100000/vanbody/vanbody.mtx
* 	Execution time: 142.233085876 seconds

---New data---

[Remaining: 386]

sparseMatrix::CSR initialize from file : ./suiteSparse_dataset_10000_100000/EAT_SR/EAT_SR.mtx
* 	Execution time: 32.459044602 seconds

---New data---

[Remaining: 385]

sparseMatrix::CSR initialize from file : ./suiteSparse_dataset_10000_100000/c-62/c-62.mtx
* 	Execution time: 73.753026656 seconds

---New data---

[Remaining: 384]

sparseMatrix::CSR initialize from file : ./suiteSparse_dataset_10000_100000/ns3Da/ns3Da.mtx
* 	Execution time: 74.713290715 seconds

---New data---

[Remaining: 383]

sparseMatrix::CSR initialize from file : ./suiteSparse_dataset_10000_100000/pcrystk02/pcrystk02.mtx
* 	Execution time: 21.731075444 seconds

---New data---

[Remaining: 382]

sparseMatrix::CSR initialize from file : ./suiteSparse_dataset_10000_100000/windscreen/windscreen.mtx
* 	Execution time: 44.921151222 seconds

---New data---

[Remaining: 381]

sparseMatrix::CSR initialize from file : ./suiteSparse_dataset_10000_100000/windscreen/windscreen_M.mtx
* 	Execution time: 45.507967534 seconds

---New data---

[Remaining: 380]

sparseMatrix::CSR initialize from file : ./suiteSparse_dataset_10000_100000/HEP-th-new/HEP-th-new.mtx
* 	Execution time: 62.621255607 seconds

---New data---

[Remaining: 379]

sparseMatrix::CSR initialize from file : ./suiteSparse_dataset_10000_100000/bcsstk37/bcsstk37.mtx
* 	Execution time: 43.676342166 seconds

---New data---

[Remaining: 378]

sparseMatrix::CSR initialize from file : ./suiteSparse_dataset_10000_100000/crystk02/crystk02.mtx
* 	Execution time: 21.660624443 seconds

---New data---

[Remaining: 377]

sparseMatrix::CSR initialize from file : ./suiteSparse_dataset_10000_100000/dbir1/dbir1.mtx
* 	Execution time: 123.925728344 seconds

---New data---

[Remaining: 376]

sparseMatrix::CSR initialize from file : ./suiteSparse_dataset_10000_100000/fem_filter/fem_filter.mtx
* 	Execution time: 657.765425734 seconds

---New data---

[Remaining: 375]

sparseMatrix::CSR initialize from file : ./suiteSparse_dataset_10000_100000/flower_7_4/flower_7_4.mtx
* 	Execution time: 116.842134823 seconds

---New data---

[Remaining: 374]

sparseMatrix::CSR initialize from file : ./suiteSparse_dataset_10000_100000/p2p-Gnutella31/p2p-Gnutella31.mtx
* 	Execution time: 80.667389811 seconds

---New data---

[Remaining: 373]

sparseMatrix::CSR initialize from file : ./suiteSparse_dataset_10000_100000/tsyl201/tsyl201.mtx
* 	Execution time: 54.790003626 seconds

---New data---

[Remaining: 372]

sparseMatrix::CSR initialize from file : ./suiteSparse_dataset_10000_100000/mark3jac100sc/mark3jac100sc.mtx
* 	Execution time: 115.458119658 seconds

---New data---

[Remaining: 371]

sparseMatrix::CSR initialize from file : ./suiteSparse_dataset_10000_100000/copter2/copter2.mtx
* 	Execution time: 157.804731740 seconds

---New data---

[Remaining: 370]

sparseMatrix::CSR initialize from file : ./suiteSparse_dataset_10000_100000/cz40948/cz40948.mtx
* 	Execution time: 83.326872057 seconds

---New data---

[Remaining: 369]

sparseMatrix::CSR initialize from file : ./suiteSparse_dataset_10000_100000/vibrobox/vibrobox.mtx
* 	Execution time: 14.620347360 seconds

---New data---

[Remaining: 368]

sparseMatrix::CSR initialize from file : ./suiteSparse_dataset_10000_100000/TF16/TF16.mtx
* 	Execution time: 29.639582086 seconds

---New data---

[Remaining: 367]

sparseMatrix::CSR initialize from file : ./suiteSparse_dataset_10000_100000/TSOPF_RS_b162_c3/TSOPF_RS_b162_c3.mtx
* 	Execution time: 24.322743868 seconds

---New data---

[Remaining: 366]

sparseMatrix::CSR initialize from file : ./suiteSparse_dataset_10000_100000/sme3Db/sme3Db.mtx
* 	Execution time: 118.885434893 seconds

---New data---

[Remaining: 365]

sparseMatrix::CSR initialize from file : ./suiteSparse_dataset_10000_100000/venkat01/venkat01.mtx
* 	Execution time: 234.823605030 seconds

---New data---

[Remaining: 364]

sparseMatrix::CSR initialize from file : ./suiteSparse_dataset_10000_100000/human_gene2/human_gene2.mtx
* 	Execution time: 847.156389651 seconds

---New data---

[Remaining: 363]

sparseMatrix::CSR initialize from file : ./suiteSparse_dataset_10000_100000/nmos3/nmos3.mtx
* 	Execution time: 26.561975265 seconds

---New data---

[Remaining: 362]

sparseMatrix::CSR initialize from file : ./suiteSparse_dataset_10000_100000/jan99jac120/jan99jac120.mtx
* 	Execution time: 95.456351802 seconds

---New data---

[Remaining: 361]

sparseMatrix::CSR initialize from file : ./suiteSparse_dataset_10000_100000/p010/p010.mtx
* 	Execution time: 21.025397316 seconds

---New data---

[Remaining: 360]

sparseMatrix::CSR initialize from file : ./suiteSparse_dataset_10000_100000/gyro/gyro_M.mtx
* 	Execution time: 22.621484834 seconds

---New data---

[Remaining: 359]

sparseMatrix::CSR initialize from file : ./suiteSparse_dataset_10000_100000/gyro/gyro.mtx
* 	Execution time: 27.632627809 seconds

---New data---

[Remaining: 358]

sparseMatrix::CSR initialize from file : ./suiteSparse_dataset_10000_100000/pkustk02/pkustk02.mtx
* 	Execution time: 14.087915995 seconds

---New data---

[Remaining: 357]

sparseMatrix::CSR initialize from file : ./suiteSparse_dataset_10000_100000/jan99jac100sc/jan99jac100sc.mtx
* 	Execution time: 72.422434056 seconds

---New data---

[Remaining: 356]

sparseMatrix::CSR initialize from file : ./suiteSparse_dataset_10000_100000/Maragal_8/Maragal_8.mtx
* 	Execution time: 306.927934942 seconds

---New data---

[Remaining: 355]

sparseMatrix::CSR initialize from file : ./suiteSparse_dataset_10000_100000/ch7-7-b5/ch7-7-b5.mtx
* 	Execution time: 95.386127177 seconds

---New data---

[Remaining: 354]

sparseMatrix::CSR initialize from file : ./suiteSparse_dataset_10000_100000/pkustk01/pkustk01.mtx
* 	Execution time: 35.088722499 seconds

---New data---

[Remaining: 353]

sparseMatrix::CSR initialize from file : ./suiteSparse_dataset_10000_100000/finance256/finance256.mtx
* 	Execution time: 60.438015983 seconds

---New data---

[Remaining: 352]

sparseMatrix::CSR initialize from file : ./suiteSparse_dataset_10000_100000/fxm3_16/fxm3_16.mtx
* 	Execution time: 207.295130578 seconds

---New data---

[Remaining: 351]

sparseMatrix::CSR initialize from file : ./suiteSparse_dataset_10000_100000/jan99jac060/jan99jac060.mtx
* 	Execution time: 26.385452949 seconds

---New data---

[Remaining: 350]

sparseMatrix::CSR initialize from file : ./suiteSparse_dataset_10000_100000/pwt/pwt.mtx
* 	Execution time: 64.709956810 seconds

---New data---

[Remaining: 349]

sparseMatrix::CSR initialize from file : ./suiteSparse_dataset_10000_100000/mark3jac080/mark3jac080.mtx
* 	Execution time: 89.992222957 seconds

---New data---

[Remaining: 348]

sparseMatrix::CSR initialize from file : ./suiteSparse_dataset_10000_100000/Ill_Stokes/Ill_Stokes.mtx
* 	Execution time: 50.225170912 seconds

---New data---

[Remaining: 347]

sparseMatrix::CSR initialize from file : ./suiteSparse_dataset_10000_100000/SiO/SiO.mtx
* 	Execution time: 92.244484898 seconds

---New data---

[Remaining: 346]

sparseMatrix::CSR initialize from file : ./suiteSparse_dataset_10000_100000/2D_54019_highK/2D_54019_highK.mtx
* 	Execution time: 171.988418946 seconds

---New data---

[Remaining: 345]

sparseMatrix::CSR initialize from file : ./suiteSparse_dataset_10000_100000/rlfprim/rlfprim.mtx
* 	Execution time: 122.513408935 seconds

---New data---

[Remaining: 344]

sparseMatrix::CSR initialize from file : ./suiteSparse_dataset_10000_100000/g7jac200sc/g7jac200sc.mtx
* 	Execution time: 188.040854994 seconds

---New data---

[Remaining: 343]

sparseMatrix::CSR initialize from file : ./suiteSparse_dataset_10000_100000/astro-ph/astro-ph.mtx
* 	Execution time: 21.420836199 seconds

---New data---

[Remaining: 342]

sparseMatrix::CSR initialize from file : ./suiteSparse_dataset_10000_100000/TSOPF_FS_b39_c19/TSOPF_FS_b39_c19.mtx
* 	Execution time: 240.571804576 seconds

---New data---

[Remaining: 341]

sparseMatrix::CSR initialize from file : ./suiteSparse_dataset_10000_100000/bcsstk35/bcsstk35.mtx
* 	Execution time: 57.227275693 seconds

---New data---

[Remaining: 340]

sparseMatrix::CSR initialize from file : ./suiteSparse_dataset_10000_100000/TSOPF_FS_b162_c4/TSOPF_FS_b162_c4.mtx
* 	Execution time: 92.041831004 seconds

---New data---

[Remaining: 339]

sparseMatrix::CSR initialize from file : ./suiteSparse_dataset_10000_100000/lowThrust_12/lowThrust_12.mtx
* 	Execution time: 17.841840437 seconds

---New data---

[Remaining: 338]

sparseMatrix::CSR initialize from file : ./suiteSparse_dataset_10000_100000/g7jac100/g7jac100.mtx
* 	Execution time: 49.193043381 seconds

---New data---

[Remaining: 337]

sparseMatrix::CSR initialize from file : ./suiteSparse_dataset_10000_100000/g7jac050sc/g7jac050sc.mtx
* 	Execution time: 18.970920517 seconds

---New data---

[Remaining: 336]

sparseMatrix::CSR initialize from file : ./suiteSparse_dataset_10000_100000/mycielskian14/mycielskian14.mtx
* 	Execution time: 89.859467773 seconds

---New data---

[Remaining: 335]

sparseMatrix::CSR initialize from file : ./suiteSparse_dataset_10000_100000/gupta1/gupta1.mtx
* 	Execution time: 78.068491259 seconds

---New data---

[Remaining: 334]

sparseMatrix::CSR initialize from file : ./suiteSparse_dataset_10000_100000/bayer04/bayer04.mtx
* 	Execution time: 23.679654234 seconds

---New data---

[Remaining: 333]

sparseMatrix::CSR initialize from file : ./suiteSparse_dataset_10000_100000/Goodwin_071/Goodwin_071.mtx
* 	Execution time: 209.405087734 seconds

---New data---

[Remaining: 332]

sparseMatrix::CSR initialize from file : ./suiteSparse_dataset_10000_100000/cyl6/cyl6.mtx
* 	Execution time: 16.947975883 seconds

---New data---

[Remaining: 331]

sparseMatrix::CSR initialize from file : ./suiteSparse_dataset_10000_100000/g7jac140sc/g7jac140sc.mtx
* 	Execution time: 106.533335795 seconds

---New data---

[Remaining: 330]

sparseMatrix::CSR initialize from file : ./suiteSparse_dataset_10000_100000/ts-palko/ts-palko.mtx
* 	Execution time: 182.900551807 seconds

---New data---

[Remaining: 329]

sparseMatrix::CSR initialize from file : ./suiteSparse_dataset_10000_100000/wing/wing.mtx
* 	Execution time: 123.948276522 seconds

---New data---

[Remaining: 328]

sparseMatrix::CSR initialize from file : ./suiteSparse_dataset_10000_100000/crplat2/crplat2.mtx
* 	Execution time: 27.387181463 seconds

---New data---

[Remaining: 327]

sparseMatrix::CSR initialize from file : ./suiteSparse_dataset_10000_100000/c-60/c-60.mtx
* 	Execution time: 69.893140729 seconds

---New data---

[Remaining: 326]

sparseMatrix::CSR initialize from file : ./suiteSparse_dataset_10000_100000/mip1/mip1.mtx
* 	Execution time: 539.069936950 seconds

---New data---

[Remaining: 325]

sparseMatrix::CSR initialize from file : ./suiteSparse_dataset_10000_100000/Zhao2/Zhao2.mtx
* 	Execution time: 56.790929990 seconds

---New data---

[Remaining: 324]

sparseMatrix::CSR initialize from file : ./suiteSparse_dataset_10000_100000/c-66/c-66.mtx
* 	Execution time: 90.009116246 seconds

---New data---

[Remaining: 323]

sparseMatrix::CSR initialize from file : ./suiteSparse_dataset_10000_100000/helm3d01/helm3d01.mtx
* 	Execution time: 91.348024330 seconds

---New data---

[Remaining: 322]

sparseMatrix::CSR initialize from file : ./suiteSparse_dataset_10000_100000/shermanACb/shermanACb.mtx
* 	Execution time: 30.968353521 seconds

---New data---

[Remaining: 321]

sparseMatrix::CSR initialize from file : ./suiteSparse_dataset_10000_100000/k3plates/k3plates.mtx
* 	Execution time: 14.026940399 seconds

---New data---

[Remaining: 320]

sparseMatrix::CSR initialize from file : ./suiteSparse_dataset_10000_100000/lowThrust_6/lowThrust_6.mtx
* 	Execution time: 15.510812398 seconds

---New data---

[Remaining: 319]

sparseMatrix::CSR initialize from file : ./suiteSparse_dataset_10000_100000/Reuters911/Reuters911.mtx
* 	Execution time: 17.087543311 seconds

---New data---

[Remaining: 318]

sparseMatrix::CSR initialize from file : ./suiteSparse_dataset_10000_100000/Zd_Jac2/Zd_Jac2.mtx
* 	Execution time: 107.866634753 seconds

---New data---

[Remaining: 317]

sparseMatrix::CSR initialize from file : ./suiteSparse_dataset_10000_100000/JP/JP.mtx
* 	Execution time: 1496.863961476 seconds

---New data---

[Remaining: 316]

sparseMatrix::CSR initialize from file : ./suiteSparse_dataset_10000_100000/wang4/wang4.mtx
* 	Execution time: 37.323959175 seconds

---New data---

[Remaining: 315]

sparseMatrix::CSR initialize from file : ./suiteSparse_dataset_10000_100000/cit-HepTh/cit-HepTh.mtx
* 	Execution time: 62.479360415 seconds

---New data---

[Remaining: 314]

sparseMatrix::CSR initialize from file : ./suiteSparse_dataset_10000_100000/crystm02/crystm02.mtx
* 	Execution time: 15.546953364 seconds

---New data---

[Remaining: 313]

sparseMatrix::CSR initialize from file : ./suiteSparse_dataset_10000_100000/t3dh_a/t3dh_a.mtx
* 	Execution time: 681.954886476 seconds

---New data---

[Remaining: 312]

sparseMatrix::CSR initialize from file : ./suiteSparse_dataset_10000_100000/EAT_RS/EAT_RS.mtx
* 	Execution time: 55.336185766 seconds

---New data---

[Remaining: 311]

sparseMatrix::CSR initialize from file : ./suiteSparse_dataset_10000_100000/jan99jac100/jan99jac100.mtx
* 	Execution time: 72.295989975 seconds

---New data---

[Remaining: 310]

sparseMatrix::CSR initialize from file : ./suiteSparse_dataset_10000_100000/3dtube/3dtube.mtx
* 	Execution time: 164.304487745 seconds

---New data---

[Remaining: 309]

sparseMatrix::CSR initialize from file : ./suiteSparse_dataset_10000_100000/g7jac160/g7jac160.mtx
* 	Execution time: 129.615595894 seconds

---New data---

[Remaining: 308]

sparseMatrix::CSR initialize from file : ./suiteSparse_dataset_10000_100000/g7jac040sc/g7jac040sc.mtx
* 	Execution time: 11.155210378 seconds

---New data---

[Remaining: 307]

sparseMatrix::CSR initialize from file : ./suiteSparse_dataset_10000_100000/tandem_vtx/tandem_vtx.mtx
* 	Execution time: 27.022970688 seconds

---New data---

[Remaining: 306]

sparseMatrix::CSR initialize from file : ./suiteSparse_dataset_10000_100000/c-51/c-51.mtx
* 	Execution time: 24.280122029 seconds

---New data---

[Remaining: 305]

sparseMatrix::CSR initialize from file : ./suiteSparse_dataset_10000_100000/human_gene1/human_gene1.mtx
* 	Execution time: 1416.163471733 seconds

---New data---

[Remaining: 304]

sparseMatrix::CSR initialize from file : ./suiteSparse_dataset_10000_100000/wy2010/wy2010.mtx
* 	Execution time: 452.177746682 seconds

---New data---

[Remaining: 303]

sparseMatrix::CSR initialize from file : ./suiteSparse_dataset_10000_100000/TSOPF_RS_b2052_c1/TSOPF_RS_b2052_c1.mtx
* 	Execution time: 270.161326694 seconds

---New data---

[Remaining: 302]

sparseMatrix::CSR initialize from file : ./suiteSparse_dataset_10000_100000/c-56/c-56.mtx
* 	Execution time: 53.462394657 seconds

---New data---

[Remaining: 301]

sparseMatrix::CSR initialize from file : ./suiteSparse_dataset_10000_100000/pkustk06/pkustk06.mtx
* 	Execution time: 125.150195312 seconds

---New data---

[Remaining: 300]

sparseMatrix::CSR initialize from file : ./suiteSparse_dataset_10000_100000/vsp_bump2_e18_aa01_model1_crew1/vsp_bump2_e18_aa01_model1_crew1.mtx
* 	Execution time: 138.474438182 seconds

---New data---

[Remaining: 299]

sparseMatrix::CSR initialize from file : ./suiteSparse_dataset_10000_100000/ex35/ex35.mtx
* 	Execution time: 26.666973763 seconds

---New data---

[Remaining: 298]

sparseMatrix::CSR initialize from file : ./suiteSparse_dataset_10000_100000/copter1/copter1.mtx
* 	Execution time: 20.367594451 seconds

---New data---

[Remaining: 297]

sparseMatrix::CSR initialize from file : ./suiteSparse_dataset_10000_100000/ncvxbqp1/ncvxbqp1.mtx
* 	Execution time: 122.945577192 seconds

---New data---

[Remaining: 296]

sparseMatrix::CSR initialize from file : ./suiteSparse_dataset_10000_100000/mark3jac060sc/mark3jac060sc.mtx
* 	Execution time: 39.061159394 seconds

---New data---

[Remaining: 295]

sparseMatrix::CSR initialize from file : ./suiteSparse_dataset_10000_100000/bcsstk25/bcsstk25.mtx
* 	Execution time: 20.155371630 seconds

---New data---

[Remaining: 294]

sparseMatrix::CSR initialize from file : ./suiteSparse_dataset_10000_100000/TSOPF_RS_b162_c4/TSOPF_RS_b162_c4.mtx
* 	Execution time: 35.903463373 seconds

---New data---

[Remaining: 293]

sparseMatrix::CSR initialize from file : ./suiteSparse_dataset_10000_100000/loc-Brightkite/loc-Brightkite.mtx
* 	Execution time: 133.788622795 seconds

---New data---

[Remaining: 292]

sparseMatrix::CSR initialize from file : ./suiteSparse_dataset_10000_100000/garon2/garon2.mtx
* 	Execution time: 19.075303095 seconds

---New data---

[Remaining: 291]

sparseMatrix::CSR initialize from file : ./suiteSparse_dataset_10000_100000/TSOPF_RS_b39_c30/TSOPF_RS_b39_c30.mtx
* 	Execution time: 174.135630019 seconds

---New data---

[Remaining: 290]

sparseMatrix::CSR initialize from file : ./suiteSparse_dataset_10000_100000/TSOPF_RS_b300_c1/TSOPF_RS_b300_c1.mtx
* 	Execution time: 40.601744330 seconds

---New data---

[Remaining: 289]

sparseMatrix::CSR initialize from file : ./suiteSparse_dataset_10000_100000/tube2/tube2.mtx
* 	Execution time: 32.555465685 seconds

---New data---

[Remaining: 288]

sparseMatrix::CSR initialize from file : ./suiteSparse_dataset_10000_100000/lhr14c/lhr14c.mtx
* 	Execution time: 16.316935013 seconds

---New data---

[Remaining: 287]

sparseMatrix::CSR initialize from file : ./suiteSparse_dataset_10000_100000/bayer01/bayer01.mtx
* 	Execution time: 125.581452694 seconds

---New data---

[Remaining: 286]

sparseMatrix::CSR initialize from file : ./suiteSparse_dataset_10000_100000/obstclae/obstclae.mtx
* 	Execution time: 63.010561726 seconds

---New data---

[Remaining: 285]

sparseMatrix::CSR initialize from file : ./suiteSparse_dataset_10000_100000/nh2010/nh2010.mtx
* 	Execution time: 85.694088385 seconds

---New data---

[Remaining: 284]

sparseMatrix::CSR initialize from file : ./suiteSparse_dataset_10000_100000/c-72/c-72.mtx
* 	Execution time: 300.609977705 seconds

---New data---

[Remaining: 283]

sparseMatrix::CSR initialize from file : ./suiteSparse_dataset_10000_100000/IG5-15/IG5-15.mtx
* 	Execution time: 22.026983352 seconds

---New data---

[Remaining: 282]

sparseMatrix::CSR initialize from file : ./suiteSparse_dataset_10000_100000/bauru5727/bauru5727.mtx
* 	Execution time: 68.682348488 seconds

---New data---

[Remaining: 281]

sparseMatrix::CSR initialize from file : ./suiteSparse_dataset_10000_100000/Pres_Poisson/Pres_Poisson.mtx
* 	Execution time: 21.793639751 seconds

---New data---

[Remaining: 280]

sparseMatrix::CSR initialize from file : ./suiteSparse_dataset_10000_100000/g7jac200/g7jac200.mtx
* 	Execution time: 188.566834476 seconds

---New data---

[Remaining: 279]

sparseMatrix::CSR initialize from file : ./suiteSparse_dataset_10000_100000/g7jac100sc/g7jac100sc.mtx
* 	Execution time: 48.478638490 seconds

---New data---

[Remaining: 278]

sparseMatrix::CSR initialize from file : ./suiteSparse_dataset_10000_100000/TSOPF_RS_b678_c2/TSOPF_RS_b678_c2.mtx
* 	Execution time: 422.973945684 seconds

---New data---

[Remaining: 277]

sparseMatrix::CSR initialize from file : ./suiteSparse_dataset_10000_100000/scagr7-2r/scagr7-2r.mtx
* 	Execution time: 60.472663257 seconds

---New data---

[Remaining: 276]

sparseMatrix::CSR initialize from file : ./suiteSparse_dataset_10000_100000/scagr7-2r/scagr7-2r_A_11.mtx
* 	Execution time: 60.337298825 seconds

---New data---

[Remaining: 275]

sparseMatrix::CSR initialize from file : ./suiteSparse_dataset_10000_100000/TF17/TF17.mtx
* 	Execution time: 154.117936197 seconds

---New data---

[Remaining: 274]

sparseMatrix::CSR initialize from file : ./suiteSparse_dataset_10000_100000/soc-sign-Slashdot090221/soc-sign-Slashdot090221.mtx
* 	Execution time: 298.650203888 seconds

---New data---

[Remaining: 273]

sparseMatrix::CSR initialize from file : ./suiteSparse_dataset_10000_100000/net150/net150.mtx
* 	Execution time: 140.387624001 seconds

---New data---

[Remaining: 272]

sparseMatrix::CSR initialize from file : ./suiteSparse_dataset_10000_100000/IG5-18/IG5-18.mtx
* 	Execution time: 296.439773918 seconds

---New data---

[Remaining: 271]

sparseMatrix::CSR initialize from file : ./suiteSparse_dataset_10000_100000/mark3jac120sc/mark3jac120sc.mtx
* 	Execution time: 151.346571269 seconds

---New data---

[Remaining: 270]

sparseMatrix::CSR initialize from file : ./suiteSparse_dataset_10000_100000/fe_body/fe_body.mtx
* 	Execution time: 77.111042039 seconds

---New data---

[Remaining: 269]

sparseMatrix::CSR initialize from file : ./suiteSparse_dataset_10000_100000/c-64/c-64.mtx
* 	Execution time: 95.276479846 seconds

---New data---

[Remaining: 268]

sparseMatrix::CSR initialize from file : ./suiteSparse_dataset_10000_100000/email-Enron/email-Enron.mtx
* 	Execution time: 69.460912581 seconds

---New data---

[Remaining: 267]

sparseMatrix::CSR initialize from file : ./suiteSparse_dataset_10000_100000/viscorocks/viscorocks.mtx
* 	Execution time: 106.902834184 seconds

---New data---

[Remaining: 266]

sparseMatrix::CSR initialize from file : ./suiteSparse_dataset_10000_100000/std1_Jac3/std1_Jac3.mtx
* 	Execution time: 94.882464614 seconds

---New data---

[Remaining: 265]

sparseMatrix::CSR initialize from file : ./suiteSparse_dataset_10000_100000/TSOPF_RS_b39_c7/TSOPF_RS_b39_c7.mtx
* 	Execution time: 14.227840883 seconds

---New data---

[Remaining: 264]

sparseMatrix::CSR initialize from file : ./suiteSparse_dataset_10000_100000/mark3jac140sc/mark3jac140sc.mtx
* 	Execution time: 326.880641438 seconds

---New data---

[Remaining: 263]

sparseMatrix::CSR initialize from file : ./suiteSparse_dataset_10000_100000/gyro_m/gyro_m.mtx
* 	Execution time: 22.666868865 seconds

---New data---

[Remaining: 262]

sparseMatrix::CSR initialize from file : ./suiteSparse_dataset_10000_100000/epb2/epb2.mtx
* 	Execution time: 33.077005148 seconds

---New data---

[Remaining: 261]

sparseMatrix::CSR initialize from file : ./suiteSparse_dataset_10000_100000/ship_001/ship_001.mtx
* 	Execution time: 134.257928260 seconds

---New data---

[Remaining: 260]

sparseMatrix::CSR initialize from file : ./suiteSparse_dataset_10000_100000/ted_A_unscaled/ted_A_unscaled.mtx
* 	Execution time: 13.731817909 seconds

---New data---

[Remaining: 259]

sparseMatrix::CSR initialize from file : ./suiteSparse_dataset_10000_100000/vsp_msc10848_300sep_100in_1Kout/vsp_msc10848_300sep_100in_1Kout.mtx
* 	Execution time: 80.404771027 seconds

---New data---

[Remaining: 258]

sparseMatrix::CSR initialize from file : ./suiteSparse_dataset_10000_100000/k49_norm_10NN/k49_norm_10NN.mtx
* 	Execution time: 144.847927255 seconds

---New data---

[Remaining: 257]

sparseMatrix::CSR initialize from file : ./suiteSparse_dataset_10000_100000/ct2010/ct2010.mtx
* 	Execution time: 261.028083885 seconds

---New data---

[Remaining: 256]

sparseMatrix::CSR initialize from file : ./suiteSparse_dataset_10000_100000/conf6_0-8x8-20/conf6_0-8x8-20.mtx
* 	Execution time: 190.915338362 seconds

---New data---

[Remaining: 255]

sparseMatrix::CSR initialize from file : ./suiteSparse_dataset_10000_100000/fxm4_6/fxm4_6.mtx
* 	Execution time: 54.203787964 seconds

---New data---

[Remaining: 254]

sparseMatrix::CSR initialize from file : ./suiteSparse_dataset_10000_100000/water_tank/water_tank.mtx
* 	Execution time: 274.547253112 seconds

---New data---

[Remaining: 253]

sparseMatrix::CSR initialize from file : ./suiteSparse_dataset_10000_100000/windtunnel_evap3d/windtunnel_evap3d.mtx
* 	Execution time: 203.240286642 seconds

---New data---

[Remaining: 252]

sparseMatrix::CSR initialize from file : ./suiteSparse_dataset_10000_100000/g7jac060sc/g7jac060sc.mtx
* 	Execution time: 24.894459955 seconds

---New data---

[Remaining: 251]

sparseMatrix::CSR initialize from file : ./suiteSparse_dataset_10000_100000/c-61/c-61.mtx
* 	Execution time: 70.803783186 seconds

---New data---

[Remaining: 250]

sparseMatrix::CSR initialize from file : ./suiteSparse_dataset_10000_100000/dixmaanl/dixmaanl.mtx
* 	Execution time: 111.684192114 seconds

---New data---

[Remaining: 249]

sparseMatrix::CSR initialize from file : ./suiteSparse_dataset_10000_100000/Goodwin_030/Goodwin_030.mtx
* 	Execution time: 12.804461487 seconds

---New data---

[Remaining: 248]

sparseMatrix::CSR initialize from file : ./suiteSparse_dataset_10000_100000/lp_pds_10/lp_pds_10.mtx
* 	Execution time: 36.659087429 seconds

---New data---

[Remaining: 247]

sparseMatrix::CSR initialize from file : ./suiteSparse_dataset_10000_100000/pkustk11/pkustk11.mtx
* 	Execution time: 560.230536151 seconds

---New data---

[Remaining: 246]

sparseMatrix::CSR initialize from file : ./suiteSparse_dataset_10000_100000/rgg_n_2_15_s0/rgg_n_2_15_s0.mtx
* 	Execution time: 84.079885209 seconds

---New data---

[Remaining: 245]

sparseMatrix::CSR initialize from file : ./suiteSparse_dataset_10000_100000/cz10228/cz10228.mtx
* 	Execution time: 8.441718964 seconds

---New data---

[Remaining: 244]

sparseMatrix::CSR initialize from file : ./suiteSparse_dataset_10000_100000/Maragal_6/Maragal_6.mtx
* 	Execution time: 57.552004799 seconds

---New data---

[Remaining: 243]

sparseMatrix::CSR initialize from file : ./suiteSparse_dataset_10000_100000/bcsstk39/bcsstk39.mtx
* 	Execution time: 131.644665732 seconds

---New data---

[Remaining: 242]

sparseMatrix::CSR initialize from file : ./suiteSparse_dataset_10000_100000/ted_AB_unscaled/ted_AB_unscaled.mtx
* 	Execution time: 16.730751916 seconds

---New data---

[Remaining: 241]

sparseMatrix::CSR initialize from file : ./suiteSparse_dataset_10000_100000/vsp_model1_crew1_cr42_south31/vsp_model1_crew1_cr42_south31.mtx
* 	Execution time: 100.908191799 seconds

---New data---

[Remaining: 240]

sparseMatrix::CSR initialize from file : ./suiteSparse_dataset_10000_100000/pli/pli.mtx
* 	Execution time: 49.543483696 seconds

---New data---

[Remaining: 239]

sparseMatrix::CSR initialize from file : ./suiteSparse_dataset_10000_100000/bcsstk36/bcsstk36.mtx
* 	Execution time: 38.992173149 seconds

---New data---

[Remaining: 238]

sparseMatrix::CSR initialize from file : ./suiteSparse_dataset_10000_100000/ncvxqp5/ncvxqp5.mtx
* 	Execution time: 161.262254828 seconds

---New data---

[Remaining: 237]

sparseMatrix::CSR initialize from file : ./suiteSparse_dataset_10000_100000/mixtank_new/mixtank_new.mtx
* 	Execution time: 120.820289079 seconds

---New data---

[Remaining: 236]

sparseMatrix::CSR initialize from file : ./suiteSparse_dataset_10000_100000/TSOPF_FS_b300_c3/TSOPF_FS_b300_c3.mtx
* 	Execution time: 706.240658283 seconds

---New data---

[Remaining: 235]

sparseMatrix::CSR initialize from file : ./suiteSparse_dataset_10000_100000/c-58/c-58.mtx
* 	Execution time: 65.488381669 seconds

---New data---

[Remaining: 234]

sparseMatrix::CSR initialize from file : ./suiteSparse_dataset_10000_100000/Franz11/Franz11.mtx
* 	Execution time: 64.140242883 seconds

---New data---

[Remaining: 233]

sparseMatrix::CSR initialize from file : ./suiteSparse_dataset_10000_100000/gas_sensor/gas_sensor.mtx
* 	Execution time: 343.870895633 seconds

---New data---

[Remaining: 232]

sparseMatrix::CSR initialize from file : ./suiteSparse_dataset_10000_100000/cz20468/cz20468.mtx
* 	Execution time: 24.720742672 seconds

---New data---

[Remaining: 231]

sparseMatrix::CSR initialize from file : ./suiteSparse_dataset_10000_100000/denormal/denormal.mtx
* 	Execution time: 450.240887385 seconds

---New data---

[Remaining: 230]

sparseMatrix::CSR initialize from file : ./suiteSparse_dataset_10000_100000/conf5_4-8x8-20/conf5_4-8x8-20.mtx
* 	Execution time: 190.243018348 seconds

---New data---

[Remaining: 229]

sparseMatrix::CSR initialize from file : ./suiteSparse_dataset_10000_100000/Maragal_7/Maragal_7.mtx
* 	Execution time: 208.512570405 seconds

---New data---

[Remaining: 228]

sparseMatrix::CSR initialize from file : ./suiteSparse_dataset_10000_100000/pdb1HYS/pdb1HYS.mtx
* 	Execution time: 139.491273124 seconds

---New data---

[Remaining: 227]

sparseMatrix::CSR initialize from file : ./suiteSparse_dataset_10000_100000/gupta3/gupta3.mtx
* 	Execution time: 819.400342046 seconds

---New data---

[Remaining: 226]

sparseMatrix::CSR initialize from file : ./suiteSparse_dataset_10000_100000/mark3jac120/mark3jac120.mtx
* 	Execution time: 149.464479006 seconds

---New data---

[Remaining: 225]

sparseMatrix::CSR initialize from file : ./suiteSparse_dataset_10000_100000/scfxm1-2r/scfxm1-2r_A_9.mtx
* 	Execution time: 139.206908239 seconds

---New data---

[Remaining: 224]

sparseMatrix::CSR initialize from file : ./suiteSparse_dataset_10000_100000/scfxm1-2r/scfxm1-2r.mtx
* 	Execution time: 136.410199507 seconds

---New data---

[Remaining: 223]

sparseMatrix::CSR initialize from file : ./suiteSparse_dataset_10000_100000/scfxm1-2r/scfxm1-2r_A_8.mtx
* 	Execution time: 34.862045329 seconds

---New data---

[Remaining: 222]

sparseMatrix::CSR initialize from file : ./suiteSparse_dataset_10000_100000/av41092/av41092.mtx
* 	Execution time: 168.391493760 seconds

---New data---

[Remaining: 221]

sparseMatrix::CSR initialize from file : ./suiteSparse_dataset_10000_100000/ted_AB/ted_AB.mtx
* 	Execution time: 16.717365180 seconds

---New data---

[Remaining: 220]

sparseMatrix::CSR initialize from file : ./suiteSparse_dataset_10000_100000/jan99jac080/jan99jac080.mtx
* 	Execution time: 38.973786166 seconds

---New data---

[Remaining: 219]

sparseMatrix::CSR initialize from file : ./suiteSparse_dataset_10000_100000/ramage02/ramage02.mtx
* 	Execution time: 53.613096334 seconds

---New data---

[Remaining: 218]

sparseMatrix::CSR initialize from file : ./suiteSparse_dataset_10000_100000/c-53/c-53.mtx
* 	Execution time: 36.279126843 seconds

---New data---

[Remaining: 217]

sparseMatrix::CSR initialize from file : ./suiteSparse_dataset_10000_100000/wathen120/wathen120.mtx
* 	Execution time: 69.692062779 seconds

---New data---

[Remaining: 216]

sparseMatrix::CSR initialize from file : ./suiteSparse_dataset_10000_100000/TSOPF_RS_b300_c3/TSOPF_RS_b300_c3.mtx
* 	Execution time: 249.468978501 seconds

---New data---

[Remaining: 215]

sparseMatrix::CSR initialize from file : ./suiteSparse_dataset_10000_100000/fome13/fome13.mtx
* 	Execution time: 478.509267085 seconds

---New data---

[Remaining: 214]

sparseMatrix::CSR initialize from file : ./suiteSparse_dataset_10000_100000/ckt11752_dc_1/ckt11752_dc_1.mtx
* 	Execution time: 123.794430000 seconds

---New data---

[Remaining: 213]

sparseMatrix::CSR initialize from file : ./suiteSparse_dataset_10000_100000/sinc18/sinc18.mtx
* 	Execution time: 43.714311958 seconds

---New data---

[Remaining: 212]

sparseMatrix::CSR initialize from file : ./suiteSparse_dataset_10000_100000/ABACUS_shell_ld/ABACUS_shell_ld_M.mtx
* 	Execution time: 36.827150011 seconds

---New data---

[Remaining: 211]

sparseMatrix::CSR initialize from file : ./suiteSparse_dataset_10000_100000/ABACUS_shell_ld/ABACUS_shell_ld_K.mtx
* 	Execution time: 37.686129494 seconds

---New data---

[Remaining: 210]

sparseMatrix::CSR initialize from file : ./suiteSparse_dataset_10000_100000/ABACUS_shell_ld/ABACUS_shell_ld.mtx
* 	Execution time: 37.485691081 seconds

---New data---

[Remaining: 209]

sparseMatrix::CSR initialize from file : ./suiteSparse_dataset_10000_100000/TSOPF_FS_b162_c1/TSOPF_FS_b162_c1.mtx
* 	Execution time: 11.052415397 seconds

---New data---

[Remaining: 208]

sparseMatrix::CSR initialize from file : ./suiteSparse_dataset_10000_100000/vsp_barth5_1Ksep_50in_5Kout/vsp_barth5_1Ksep_50in_5Kout.mtx
* 	Execution time: 73.913871700 seconds

---New data---

[Remaining: 207]

sparseMatrix::CSR initialize from file : ./suiteSparse_dataset_10000_100000/net4-1/net4-1.mtx
* 	Execution time: 410.296628776 seconds

---New data---

[Remaining: 206]

sparseMatrix::CSR initialize from file : ./suiteSparse_dataset_10000_100000/c-57/c-57.mtx
* 	Execution time: 55.616290408 seconds

---New data---

[Remaining: 205]

sparseMatrix::CSR initialize from file : ./suiteSparse_dataset_10000_100000/tube1/tube1.mtx
* 	Execution time: 33.181814897 seconds

---New data---

[Remaining: 204]

sparseMatrix::CSR initialize from file : ./suiteSparse_dataset_10000_100000/cage10/cage10.mtx
* 	Execution time: 12.296102015 seconds

---New data---

[Remaining: 203]

sparseMatrix::CSR initialize from file : ./suiteSparse_dataset_10000_100000/ACTIVSg10K/ACTIVSg10K.mtx
* 	Execution time: 21.859208461 seconds

---New data---

[Remaining: 202]

sparseMatrix::CSR initialize from file : ./suiteSparse_dataset_10000_100000/Zd_Jac3/Zd_Jac3.mtx
* 	Execution time: 125.697824048 seconds

---New data---

[Remaining: 201]

sparseMatrix::CSR initialize from file : ./suiteSparse_dataset_10000_100000/TSOPF_RS_b2383/TSOPF_RS_b2383.mtx
* 	Execution time: 902.072831376 seconds

---New data---

[Remaining: 200]

sparseMatrix::CSR initialize from file : ./suiteSparse_dataset_10000_100000/bcsstk17/bcsstk17.mtx
* 	Execution time: 11.569088697 seconds

---New data---

[Remaining: 199]

sparseMatrix::CSR initialize from file : ./suiteSparse_dataset_10000_100000/192bit/192bit.mtx
* 	Execution time: 21.872298980 seconds

---New data---

[Remaining: 198]

sparseMatrix::CSR initialize from file : ./suiteSparse_dataset_10000_100000/mark3jac060/mark3jac060.mtx
* 	Execution time: 39.170102181 seconds

---New data---

[Remaining: 197]

sparseMatrix::CSR initialize from file : ./suiteSparse_dataset_10000_100000/t3dl/t3dl.mtx
* 	Execution time: 34.059704633 seconds

---New data---

[Remaining: 196]

sparseMatrix::CSR initialize from file : ./suiteSparse_dataset_10000_100000/psse2/psse2.mtx
* 	Execution time: 16.340433615 seconds

---New data---

[Remaining: 195]

sparseMatrix::CSR initialize from file : ./suiteSparse_dataset_10000_100000/inlet/inlet.mtx
* 	Execution time: 14.525120506 seconds

---New data---

[Remaining: 194]

sparseMatrix::CSR initialize from file : ./suiteSparse_dataset_10000_100000/mk12-b3/mk12-b3.mtx
* 	Execution time: 43.526521478 seconds

---New data---

[Remaining: 193]

sparseMatrix::CSR initialize from file : ./suiteSparse_dataset_10000_100000/t3dh/t3dh.mtx
* 	Execution time: 688.165768279 seconds

---New data---

[Remaining: 192]

sparseMatrix::CSR initialize from file : ./suiteSparse_dataset_10000_100000/t3dh/t3dh_E.mtx
* 	Execution time: 696.732720506 seconds

---New data---

[Remaining: 191]

sparseMatrix::CSR initialize from file : ./suiteSparse_dataset_10000_100000/c-55/c-55.mtx
* 	Execution time: 50.591953362 seconds

---New data---

[Remaining: 190]

sparseMatrix::CSR initialize from file : ./suiteSparse_dataset_10000_100000/ABACUS_shell_hd/ABACUS_shell_hd_M.mtx
* 	Execution time: 37.366060713 seconds

---New data---

[Remaining: 189]

sparseMatrix::CSR initialize from file : ./suiteSparse_dataset_10000_100000/ABACUS_shell_hd/ABACUS_shell_hd_K.mtx
* 	Execution time: 37.814434150 seconds

---New data---

[Remaining: 188]

sparseMatrix::CSR initialize from file : ./suiteSparse_dataset_10000_100000/ABACUS_shell_hd/ABACUS_shell_hd.mtx
* 	Execution time: 37.963681498 seconds

---New data---

[Remaining: 187]

sparseMatrix::CSR initialize from file : ./suiteSparse_dataset_10000_100000/gupta2/gupta2.mtx
* 	Execution time: 257.512286038 seconds

---New data---

[Remaining: 186]

sparseMatrix::CSR initialize from file : ./suiteSparse_dataset_10000_100000/hvdc1/hvdc1.mtx
* 	Execution time: 31.068475813 seconds

---New data---

[Remaining: 185]

sparseMatrix::CSR initialize from file : ./suiteSparse_dataset_10000_100000/waveguide3D/waveguide3D.mtx
* 	Execution time: 48.848371867 seconds

---New data---

[Remaining: 184]

sparseMatrix::CSR initialize from file : ./suiteSparse_dataset_10000_100000/sme3Dc/sme3Dc.mtx
* 	Execution time: 245.345399215 seconds

---New data---

[Remaining: 183]

sparseMatrix::CSR initialize from file : ./suiteSparse_dataset_10000_100000/lowThrust_8/lowThrust_8.mtx
* 	Execution time: 16.605888984 seconds

---New data---

[Remaining: 182]

sparseMatrix::CSR initialize from file : ./suiteSparse_dataset_10000_100000/psse0/psse0.mtx
* 	Execution time: 16.025783049 seconds

---New data---

[Remaining: 181]

sparseMatrix::CSR initialize from file : ./suiteSparse_dataset_10000_100000/lhr71/lhr71.mtx
* 	Execution time: 319.612131361 seconds

---New data---

[Remaining: 180]

sparseMatrix::CSR initialize from file : ./suiteSparse_dataset_10000_100000/apache1/apache1.mtx
* 	Execution time: 303.445713014 seconds

---New data---

[Remaining: 179]

sparseMatrix::CSR initialize from file : ./suiteSparse_dataset_10000_100000/bcsstk31/bcsstk31.mtx
* 	Execution time: 86.805347569 seconds

---New data---

[Remaining: 178]

sparseMatrix::CSR initialize from file : ./suiteSparse_dataset_10000_100000/lpl1/lpl1.mtx
* 	Execution time: 54.486879202 seconds

---New data---

[Remaining: 177]

sparseMatrix::CSR initialize from file : ./suiteSparse_dataset_10000_100000/H2O/H2O.mtx
* 	Execution time: 358.002084851 seconds

---New data---

[Remaining: 176]

sparseMatrix::CSR initialize from file : ./suiteSparse_dataset_10000_100000/fe_rotor/fe_rotor.mtx
* 	Execution time: 978.212722918 seconds

---New data---

[Remaining: 175]

sparseMatrix::CSR initialize from file : ./suiteSparse_dataset_10000_100000/Goodwin_054/Goodwin_054.mtx
* 	Execution time: 85.301211134 seconds

---New data---

[Remaining: 174]

sparseMatrix::CSR initialize from file : ./suiteSparse_dataset_10000_100000/onera_dual/onera_dual.mtx
* 	Execution time: 444.449036553 seconds

---New data---

[Remaining: 173]

sparseMatrix::CSR initialize from file : ./suiteSparse_dataset_10000_100000/crystm03/crystm03.mtx
* 	Execution time: 40.031297404 seconds

---New data---

[Remaining: 172]

sparseMatrix::CSR initialize from file : ./suiteSparse_dataset_10000_100000/bcsstk30/bcsstk30.mtx
* 	Execution time: 67.845052133 seconds

---New data---

[Remaining: 171]

sparseMatrix::CSR initialize from file : ./suiteSparse_dataset_10000_100000/soc-Slashdot0902/soc-Slashdot0902.mtx
* 	Execution time: 642.567729198 seconds

---New data---

[Remaining: 170]

sparseMatrix::CSR initialize from file : ./suiteSparse_dataset_10000_100000/onetone1/onetone1.mtx
* 	Execution time: 83.440286947 seconds

---New data---

[Remaining: 169]

sparseMatrix::CSR initialize from file : ./suiteSparse_dataset_10000_100000/nd12k/nd12k.mtx
* 	Execution time: 429.820989693 seconds

---New data---

[Remaining: 168]

sparseMatrix::CSR initialize from file : ./suiteSparse_dataset_10000_100000/std1_Jac2_db/std1_Jac2_db.mtx
* 	Execution time: 33.837758068 seconds

---New data---

[Remaining: 167]

sparseMatrix::CSR initialize from file : ./suiteSparse_dataset_10000_100000/lpl3/lpl3.mtx
* 	Execution time: 23.785040305 seconds

---New data---

[Remaining: 166]

sparseMatrix::CSR initialize from file : ./suiteSparse_dataset_10000_100000/Chevron2/Chevron2.mtx
* 	Execution time: 465.520434743 seconds

---New data---

[Remaining: 165]

sparseMatrix::CSR initialize from file : ./suiteSparse_dataset_10000_100000/ex11/ex11.mtx
* 	Execution time: 42.093004170 seconds

---New data---

[Remaining: 164]

sparseMatrix::CSR initialize from file : ./suiteSparse_dataset_10000_100000/route/route.mtx
* 	Execution time: 56.268881544 seconds

---New data---

[Remaining: 163]

sparseMatrix::CSR initialize from file : ./suiteSparse_dataset_10000_100000/pltexpa/pltexpa_A_5.mtx
* 	Execution time: 83.210373370 seconds

---New data---

[Remaining: 162]

sparseMatrix::CSR initialize from file : ./suiteSparse_dataset_10000_100000/pltexpa/pltexpa.mtx
* 	Execution time: 83.124112975 seconds

---New data---

[Remaining: 161]

sparseMatrix::CSR initialize from file : ./suiteSparse_dataset_10000_100000/pltexpa/pltexpa_A_4.mtx
* 	Execution time: 91.947067639 seconds

---New data---

[Remaining: 160]

sparseMatrix::CSR initialize from file : ./suiteSparse_dataset_10000_100000/msc10848/msc10848.mtx
* 	Execution time: 20.189876875 seconds

---New data---

[Remaining: 159]

sparseMatrix::CSR initialize from file : ./suiteSparse_dataset_10000_100000/Si34H36/Si34H36.mtx
* 	Execution time: 875.082471396 seconds

---New data---

[Remaining: 158]

sparseMatrix::CSR initialize from file : ./suiteSparse_dataset_10000_100000/TEM27623/TEM27623_M.mtx
* 	Execution time: 42.452468787 seconds

---New data---

[Remaining: 157]

sparseMatrix::CSR initialize from file : ./suiteSparse_dataset_10000_100000/TEM27623/TEM27623.mtx
* 	Execution time: 42.578787922 seconds

---New data---

[Remaining: 156]

sparseMatrix::CSR initialize from file : ./suiteSparse_dataset_10000_100000/sx-mathoverflow/sx-mathoverflow.mtx
* 	Execution time: 43.760027814 seconds

---New data---

[Remaining: 155]

sparseMatrix::CSR initialize from file : ./suiteSparse_dataset_10000_100000/sx-mathoverflow/sx-mathoverflow_C2Q.mtx
* 	Execution time: 23.836844349 seconds

---New data---

[Remaining: 154]

sparseMatrix::CSR initialize from file : ./suiteSparse_dataset_10000_100000/appu/appu.mtx
* 	Execution time: 119.790063558 seconds

---New data---

[Remaining: 153]

sparseMatrix::CSR initialize from file : ./suiteSparse_dataset_10000_100000/cage11/cage11.mtx
* 	Execution time: 110.517500322 seconds

---New data---

[Remaining: 152]

sparseMatrix::CSR initialize from file : ./suiteSparse_dataset_10000_100000/lhr17/lhr17.mtx
* 	Execution time: 23.701911905 seconds

---New data---

[Remaining: 151]

sparseMatrix::CSR initialize from file : ./suiteSparse_dataset_10000_100000/consph/consph.mtx
* 	Execution time: 568.298474067 seconds

---New data---

[Remaining: 150]

sparseMatrix::CSR initialize from file : ./suiteSparse_dataset_10000_100000/mark3jac080sc/mark3jac080sc.mtx
* 	Execution time: 90.793420273 seconds

---New data---

[Remaining: 149]

sparseMatrix::CSR initialize from file : ./suiteSparse_dataset_10000_100000/lowThrust_11/lowThrust_11.mtx
* 	Execution time: 17.683736166 seconds

---New data---

[Remaining: 148]

sparseMatrix::CSR initialize from file : ./suiteSparse_dataset_10000_100000/TSOPF_FS_b162_c3/TSOPF_FS_b162_c3.mtx
* 	Execution time: 58.953982625 seconds

---New data---

[Remaining: 147]

sparseMatrix::CSR initialize from file : ./suiteSparse_dataset_10000_100000/cond-mat-2003/cond-mat-2003.mtx
* 	Execution time: 57.182438345 seconds

---New data---

[Remaining: 146]

sparseMatrix::CSR initialize from file : ./suiteSparse_dataset_10000_100000/cfd1/cfd1.mtx
* 	Execution time: 378.674568431 seconds

---New data---

[Remaining: 145]

sparseMatrix::CSR initialize from file : ./suiteSparse_dataset_10000_100000/lowThrust_7/lowThrust_7.mtx
* 	Execution time: 16.305903529 seconds

---New data---

[Remaining: 144]

sparseMatrix::CSR initialize from file : ./suiteSparse_dataset_10000_100000/light_in_tissue/light_in_tissue.mtx
* 	Execution time: 49.247842639 seconds

---New data---

[Remaining: 143]

sparseMatrix::CSR initialize from file : ./suiteSparse_dataset_10000_100000/sd2010/sd2010.mtx
* 	Execution time: 446.312611750 seconds

---New data---

[Remaining: 142]

sparseMatrix::CSR initialize from file : ./suiteSparse_dataset_10000_100000/bbmat/bbmat.mtx
* 	Execution time: 146.059063635 seconds

---New data---

[Remaining: 141]

sparseMatrix::CSR initialize from file : ./suiteSparse_dataset_10000_100000/vfem/vfem.mtx
* 	Execution time: 1000.113653618 seconds

---New data---

[Remaining: 140]

sparseMatrix::CSR initialize from file : ./suiteSparse_dataset_10000_100000/Wordnet3/Wordnet3.mtx
* 	Execution time: 266.914345310 seconds

---New data---

[Remaining: 139]

sparseMatrix::CSR initialize from file : ./suiteSparse_dataset_10000_100000/crankseg_1/crankseg_1.mtx
* 	Execution time: 392.457188441 seconds

---New data---

[Remaining: 138]

sparseMatrix::CSR initialize from file : ./suiteSparse_dataset_10000_100000/laminar_duct3D/laminar_duct3D.mtx
* 	Execution time: 500.033195048 seconds

---New data---

[Remaining: 137]

sparseMatrix::CSR initialize from file : ./suiteSparse_dataset_10000_100000/n4c6-b5/n4c6-b5.mtx
* 	Execution time: 70.445387384 seconds

---New data---

[Remaining: 136]

sparseMatrix::CSR initialize from file : ./suiteSparse_dataset_10000_100000/rgg_n_2_16_s0/rgg_n_2_16_s0.mtx
* 	Execution time: 414.564073653 seconds

---New data---

[Remaining: 135]

sparseMatrix::CSR initialize from file : ./suiteSparse_dataset_10000_100000/tomographic1/tomographic1.mtx
* 	Execution time: 188.000197576 seconds

---New data---

[Remaining: 134]

sparseMatrix::CSR initialize from file : ./suiteSparse_dataset_10000_100000/soc-Epinions1/soc-Epinions1.mtx
* 	Execution time: 295.660080896 seconds

---New data---

[Remaining: 133]

sparseMatrix::CSR initialize from file : ./suiteSparse_dataset_10000_100000/FEM_3D_thermal1/FEM_3D_thermal1.mtx
* 	Execution time: 30.295255339 seconds

---New data---

[Remaining: 132]

sparseMatrix::CSR initialize from file : ./suiteSparse_dataset_10000_100000/invextr1_new/invextr1_new.mtx
* 	Execution time: 114.110608400 seconds

---New data---

[Remaining: 131]

sparseMatrix::CSR initialize from file : ./suiteSparse_dataset_10000_100000/sc205-2r/sc205-2r_A_12.mtx
* 	Execution time: 76.551361238 seconds

---New data---

[Remaining: 130]

sparseMatrix::CSR initialize from file : ./suiteSparse_dataset_10000_100000/sc205-2r/sc205-2r.mtx
* 	Execution time: 76.440285964 seconds

---New data---

[Remaining: 129]

sparseMatrix::CSR initialize from file : ./suiteSparse_dataset_10000_100000/sparsine/sparsine.mtx
* 	Execution time: 294.129138828 seconds

---New data---

[Remaining: 128]

sparseMatrix::CSR initialize from file : ./suiteSparse_dataset_10000_100000/wang3/wang3.mtx
* 	Execution time: 37.077000214 seconds

---New data---

[Remaining: 127]

sparseMatrix::CSR initialize from file : ./suiteSparse_dataset_10000_100000/c-47/c-47.mtx
* 	Execution time: 14.096375305 seconds

---New data---

[Remaining: 126]

sparseMatrix::CSR initialize from file : ./suiteSparse_dataset_10000_100000/TSOPF_FS_b300_c2/TSOPF_FS_b300_c2.mtx
* 	Execution time: 330.987724707 seconds

---New data---

[Remaining: 125]

sparseMatrix::CSR initialize from file : ./suiteSparse_dataset_10000_100000/mark3jac100/mark3jac100.mtx
* 	Execution time: 116.133258355 seconds

---New data---

[Remaining: 124]

sparseMatrix::CSR initialize from file : ./suiteSparse_dataset_10000_100000/rajat15/rajat15.mtx
* 	Execution time: 102.020892184 seconds

---New data---

[Remaining: 123]

sparseMatrix::CSR initialize from file : ./suiteSparse_dataset_10000_100000/raefsky3/raefsky3.mtx
* 	Execution time: 51.078840146 seconds

---New data---

[Remaining: 122]

sparseMatrix::CSR initialize from file : ./suiteSparse_dataset_10000_100000/Goodwin_040/Goodwin_040.mtx
* 	Execution time: 31.279620622 seconds

---New data---

[Remaining: 121]

sparseMatrix::CSR initialize from file : ./suiteSparse_dataset_10000_100000/cvxbqp1/cvxbqp1.mtx
* 	Execution time: 122.288868980 seconds

---New data---

[Remaining: 120]

sparseMatrix::CSR initialize from file : ./suiteSparse_dataset_10000_100000/Zd_Jac6/Zd_Jac6.mtx
* 	Execution time: 112.652732777 seconds

---New data---

[Remaining: 119]

sparseMatrix::CSR initialize from file : ./suiteSparse_dataset_10000_100000/thread/thread.mtx
* 	Execution time: 116.263730664 seconds

---New data---

[Remaining: 118]

sparseMatrix::CSR initialize from file : ./suiteSparse_dataset_10000_100000/epb3/epb3.mtx
* 	Execution time: 425.878199186 seconds

---New data---

[Remaining: 117]

sparseMatrix::CSR initialize from file : ./suiteSparse_dataset_10000_100000/g7jac120/g7jac120.mtx
* 	Execution time: 85.450437772 seconds

---New data---

[Remaining: 116]

sparseMatrix::CSR initialize from file : ./suiteSparse_dataset_10000_100000/world/world.mtx
* 	Execution time: 101.583117769 seconds

---New data---

[Remaining: 115]

sparseMatrix::CSR initialize from file : ./suiteSparse_dataset_10000_100000/south31/south31.mtx
* 	Execution time: 31.191499448 seconds

---New data---

[Remaining: 114]

sparseMatrix::CSR initialize from file : ./suiteSparse_dataset_10000_100000/Ga3As3H12/Ga3As3H12.mtx
* 	Execution time: 382.443903932 seconds

---New data---

[Remaining: 113]

sparseMatrix::CSR initialize from file : ./suiteSparse_dataset_10000_100000/mycielskian15/mycielskian15.mtx
* 	Execution time: 426.019835769 seconds

---New data---

[Remaining: 112]

sparseMatrix::CSR initialize from file : ./suiteSparse_dataset_10000_100000/sme3Da/sme3Da.mtx
* 	Execution time: 31.328194359 seconds

---New data---

[Remaining: 111]

sparseMatrix::CSR initialize from file : ./suiteSparse_dataset_10000_100000/c-68/c-68.mtx
* 	Execution time: 174.130692321 seconds

---New data---

[Remaining: 110]

sparseMatrix::CSR initialize from file : ./suiteSparse_dataset_10000_100000/rim/rim.mtx
* 	Execution time: 51.805059694 seconds

---New data---

[Remaining: 109]

sparseMatrix::CSR initialize from file : ./suiteSparse_dataset_10000_100000/fome12/fome12.mtx
* 	Execution time: 85.828020617 seconds

---New data---

[Remaining: 108]

sparseMatrix::CSR initialize from file : ./suiteSparse_dataset_10000_100000/G_n_pin_pout/G_n_pin_pout.mtx
* 	Execution time: 1234.469921199 seconds

---New data---

[Remaining: 107]

sparseMatrix::CSR initialize from file : ./suiteSparse_dataset_10000_100000/nd6k/nd6k.mtx
* 	Execution time: 144.410208516 seconds

---New data---

[Remaining: 106]

sparseMatrix::CSR initialize from file : ./suiteSparse_dataset_10000_100000/lhr10/lhr10.mtx
* 	Execution time: 10.824813256 seconds

---New data---

[Remaining: 105]

sparseMatrix::CSR initialize from file : ./suiteSparse_dataset_10000_100000/g7jac180/g7jac180.mtx
* 	Execution time: 156.205914229 seconds

---New data---

[Remaining: 104]

sparseMatrix::CSR initialize from file : ./suiteSparse_dataset_10000_100000/nug08-3rd/nug08-3rd.mtx
* 	Execution time: 33.064631453 seconds

---New data---

[Remaining: 103]

sparseMatrix::CSR initialize from file : ./suiteSparse_dataset_10000_100000/Si5H12/Si5H12.mtx
* 	Execution time: 34.555549206 seconds

---New data---

[Remaining: 102]

sparseMatrix::CSR initialize from file : ./suiteSparse_dataset_10000_100000/smt/smt.mtx
* 	Execution time: 90.203562534 seconds

---New data---

[Remaining: 101]

sparseMatrix::CSR initialize from file : ./suiteSparse_dataset_10000_100000/t3dh_e/t3dh_e.mtx
* 	Execution time: 684.031212704 seconds

---New data---

[Remaining: 100]

sparseMatrix::CSR initialize from file : ./suiteSparse_dataset_10000_100000/Zd_Jac6_db/Zd_Jac6_db.mtx
* 	Execution time: 41.497260308 seconds

---New data---

[Remaining: 99]

sparseMatrix::CSR initialize from file : ./suiteSparse_dataset_10000_100000/c-66b/c-66b.mtx
* 	Execution time: 91.071204638 seconds

---New data---

[Remaining: 98]

sparseMatrix::CSR initialize from file : ./suiteSparse_dataset_10000_100000/vsp_sctap1-2b_and_seymourl/vsp_sctap1-2b_and_seymourl.mtx
* 	Execution time: 75.371793178 seconds

---New data---

[Remaining: 97]

sparseMatrix::CSR initialize from file : ./suiteSparse_dataset_10000_100000/g7jac140/g7jac140.mtx
* 	Execution time: 108.007116137 seconds

---New data---

[Remaining: 96]

sparseMatrix::CSR initialize from file : ./suiteSparse_dataset_10000_100000/soc-sign-Slashdot081106/soc-sign-Slashdot081106.mtx
* 	Execution time: 267.076015260 seconds

---New data---

[Remaining: 95]

sparseMatrix::CSR initialize from file : ./suiteSparse_dataset_10000_100000/rajat22/rajat22.mtx
* 	Execution time: 76.760591301 seconds

---New data---

[Remaining: 94]

sparseMatrix::CSR initialize from file : ./suiteSparse_dataset_10000_100000/brack2/brack2.mtx
* 	Execution time: 159.184448652 seconds

---New data---

[Remaining: 93]

sparseMatrix::CSR initialize from file : ./suiteSparse_dataset_10000_100000/RFdevice/RFdevice.mtx
* 	Execution time: 391.402051138 seconds

---New data---

[Remaining: 92]

sparseMatrix::CSR initialize from file : ./suiteSparse_dataset_10000_100000/msc23052/msc23052.mtx
* 	Execution time: 38.542801007 seconds

---New data---

[Remaining: 91]

sparseMatrix::CSR initialize from file : ./suiteSparse_dataset_10000_100000/ecl32/ecl32.mtx
* 	Execution time: 140.942326879 seconds

---New data---

[Remaining: 90]

sparseMatrix::CSR initialize from file : ./suiteSparse_dataset_10000_100000/gridgena/gridgena.mtx
* 	Execution time: 94.151782611 seconds

---New data---

[Remaining: 89]

sparseMatrix::CSR initialize from file : ./suiteSparse_dataset_10000_100000/igbt3/igbt3.mtx
* 	Execution time: 11.974795554 seconds

---New data---

[Remaining: 88]

sparseMatrix::CSR initialize from file : ./suiteSparse_dataset_10000_100000/vsp_vibrobox_scagr7-2c_rlfddd/vsp_vibrobox_scagr7-2c_rlfddd.mtx
* 	Execution time: 447.035209301 seconds

---New data---

[Remaining: 87]

sparseMatrix::CSR initialize from file : ./suiteSparse_dataset_10000_100000/lowThrust_13/lowThrust_13.mtx
* 	Execution time: 18.141613741 seconds

---New data---

[Remaining: 86]

sparseMatrix::CSR initialize from file : ./suiteSparse_dataset_10000_100000/chipcool1/chipcool1.mtx
* 	Execution time: 46.422838372 seconds

---New data---

[Remaining: 85]

sparseMatrix::CSR initialize from file : ./suiteSparse_dataset_10000_100000/baxter/baxter.mtx
* 	Execution time: 37.622866554 seconds

---New data---

[Remaining: 84]

sparseMatrix::CSR initialize from file : ./suiteSparse_dataset_10000_100000/conf6_0-8x8-30/conf6_0-8x8-30.mtx
* 	Execution time: 189.082727667 seconds

---New data---

[Remaining: 83]

sparseMatrix::CSR initialize from file : ./suiteSparse_dataset_10000_100000/conf5_4-8x8-10/conf5_4-8x8-10.mtx
* 	Execution time: 190.573706481 seconds

---New data---

[Remaining: 82]

sparseMatrix::CSR initialize from file : ./suiteSparse_dataset_10000_100000/pcrystk03/pcrystk03.mtx
* 	Execution time: 53.752248859 seconds

---New data---

[Remaining: 81]

sparseMatrix::CSR initialize from file : ./suiteSparse_dataset_10000_100000/graphics/graphics.mtx
* 	Execution time: 20.416034364 seconds

---New data---

[Remaining: 80]

sparseMatrix::CSR initialize from file : ./suiteSparse_dataset_10000_100000/lhr17c/lhr17c.mtx
* 	Execution time: 24.258106597 seconds

---New data---

[Remaining: 79]

sparseMatrix::CSR initialize from file : ./suiteSparse_dataset_10000_100000/t3dl_a/t3dl_a.mtx
* 	Execution time: 34.468095916 seconds

---New data---

[Remaining: 78]

sparseMatrix::CSR initialize from file : ./suiteSparse_dataset_10000_100000/conf5_4-8x8-15/conf5_4-8x8-15.mtx
* 	Execution time: 189.394812755 seconds

---New data---

[Remaining: 77]

sparseMatrix::CSR initialize from file : ./suiteSparse_dataset_10000_100000/airfoil_2d/airfoil_2d.mtx
* 	Execution time: 18.813275491 seconds

---New data---

[Remaining: 76]

sparseMatrix::CSR initialize from file : ./suiteSparse_dataset_10000_100000/foldoc/foldoc.mtx
* 	Execution time: 14.101116102 seconds

---New data---

[Remaining: 75]

sparseMatrix::CSR initialize from file : ./suiteSparse_dataset_10000_100000/IG5-16/IG5-16.mtx
* 	Execution time: 51.965712908 seconds

---New data---

[Remaining: 74]

sparseMatrix::CSR initialize from file : ./suiteSparse_dataset_10000_100000/c-54/c-54.mtx
* 	Execution time: 44.808343791 seconds

---New data---

[Remaining: 73]

sparseMatrix::CSR initialize from file : ./suiteSparse_dataset_10000_100000/lp_nug20/lp_nug20.mtx
* 	Execution time: 80.791687850 seconds

---New data---

[Remaining: 72]

sparseMatrix::CSR initialize from file : ./suiteSparse_dataset_10000_100000/me2010/me2010.mtx
* 	Execution time: 263.589629685 seconds

---New data---

[Remaining: 71]

sparseMatrix::CSR initialize from file : ./suiteSparse_dataset_10000_100000/mult_dcop_03/mult_dcop_03.mtx
* 	Execution time: 49.080105773 seconds

---New data---

[Remaining: 70]

sparseMatrix::CSR initialize from file : ./suiteSparse_dataset_10000_100000/pkustk07/pkustk07.mtx
* 	Execution time: 48.518716518 seconds

---New data---

[Remaining: 69]

sparseMatrix::CSR initialize from file : ./suiteSparse_dataset_10000_100000/Zhao1/Zhao1.mtx
* 	Execution time: 56.782247493 seconds

---New data---

[Remaining: 68]

sparseMatrix::CSR initialize from file : ./suiteSparse_dataset_10000_100000/jan99jac080sc/jan99jac080sc.mtx
* 	Execution time: 38.903617406 seconds

---New data---

[Remaining: 67]

sparseMatrix::CSR initialize from file : ./suiteSparse_dataset_10000_100000/net100/net100.mtx
* 	Execution time: 71.404729605 seconds

---New data---

[Remaining: 66]

sparseMatrix::CSR initialize from file : ./suiteSparse_dataset_10000_100000/n4c6-b12/n4c6-b12.mtx
* 	Execution time: 109.322545320 seconds

---New data---

[Remaining: 65]

sparseMatrix::CSR initialize from file : ./suiteSparse_dataset_10000_100000/wathen100/wathen100.mtx
* 	Execution time: 43.643635877 seconds

---New data---

[Remaining: 64]

sparseMatrix::CSR initialize from file : ./suiteSparse_dataset_10000_100000/lhr11/lhr11.mtx
* 	Execution time: 10.943125404 seconds

---New data---

[Remaining: 63]

sparseMatrix::CSR initialize from file : ./suiteSparse_dataset_10000_100000/g7jac060/g7jac060.mtx
* 	Execution time: 24.794226321 seconds

---New data---

[Remaining: 62]

sparseMatrix::CSR initialize from file : ./suiteSparse_dataset_10000_100000/g7jac040/g7jac040.mtx
* 	Execution time: 11.130435024 seconds

---New data---

[Remaining: 61]

sparseMatrix::CSR initialize from file : ./suiteSparse_dataset_10000_100000/ASIC_100ks/ASIC_100ks.mtx
* 	Execution time: 650.162535299 seconds

---New data---

[Remaining: 60]

sparseMatrix::CSR initialize from file : ./suiteSparse_dataset_10000_100000/opt1/opt1.mtx
* 	Execution time: 34.683305429 seconds

---New data---

[Remaining: 59]

sparseMatrix::CSR initialize from file : ./suiteSparse_dataset_10000_100000/lhr11c/lhr11c.mtx
* 	Execution time: 11.132274031 seconds

---New data---

[Remaining: 58]

sparseMatrix::CSR initialize from file : ./suiteSparse_dataset_10000_100000/vsp_bcsstk30_500sep_10in_1Kout/vsp_bcsstk30_500sep_10in_1Kout.mtx
* 	Execution time: 378.733036152 seconds

---New data---

[Remaining: 57]

sparseMatrix::CSR initialize from file : ./suiteSparse_dataset_10000_100000/poisson3Da/poisson3Da.mtx
* 	Execution time: 27.651413299 seconds

---New data---

[Remaining: 56]

sparseMatrix::CSR initialize from file : ./suiteSparse_dataset_10000_100000/minsurfo/minsurfo.mtx
* 	Execution time: 64.919122350 seconds

---New data---

[Remaining: 55]

sparseMatrix::CSR initialize from file : ./suiteSparse_dataset_10000_100000/ak2010/ak2010.mtx
* 	Execution time: 79.701179355 seconds

---New data---

[Remaining: 54]

sparseMatrix::CSR initialize from file : ./suiteSparse_dataset_10000_100000/Chevron1/Chevron1.mtx
* 	Execution time: 76.179969088 seconds

---New data---

[Remaining: 53]

sparseMatrix::CSR initialize from file : ./suiteSparse_dataset_10000_100000/Dubcova2/Dubcova2.mtx
* 	Execution time: 345.499859542 seconds

---New data---

[Remaining: 52]

sparseMatrix::CSR initialize from file : ./suiteSparse_dataset_10000_100000/net75/net75.mtx
* 	Execution time: 46.913000897 seconds

---New data---

[Remaining: 51]

sparseMatrix::CSR initialize from file : ./suiteSparse_dataset_10000_100000/memplus/memplus.mtx
* 	Execution time: 18.807306274 seconds

---New data---

[Remaining: 50]

sparseMatrix::CSR initialize from file : ./suiteSparse_dataset_10000_100000/g7jac080/g7jac080.mtx
* 	Execution time: 35.903673392 seconds

---New data---

[Remaining: 49]

sparseMatrix::CSR initialize from file : ./suiteSparse_dataset_10000_100000/lhr34/lhr34.mtx
* 	Execution time: 76.790742209 seconds

---New data---

[Remaining: 48]

sparseMatrix::CSR initialize from file : ./suiteSparse_dataset_10000_100000/ncvxqp3/ncvxqp3.mtx
* 	Execution time: 406.354400045 seconds

---New data---

[Remaining: 47]

sparseMatrix::CSR initialize from file : ./suiteSparse_dataset_10000_100000/wiki-RfA/wiki-RfA.mtx
* 	Execution time: 17.040458997 seconds

---New data---

[Remaining: 46]

sparseMatrix::CSR initialize from file : ./suiteSparse_dataset_10000_100000/wiki-RfA/wiki-RfA_Positive.mtx
* 	Execution time: 13.514038765 seconds

---New data---

[Remaining: 45]

sparseMatrix::CSR initialize from file : ./suiteSparse_dataset_10000_100000/chipcool0/chipcool0.mtx
* 	Execution time: 46.463932179 seconds

---New data---

[Remaining: 44]

sparseMatrix::CSR initialize from file : ./suiteSparse_dataset_10000_100000/lowThrust_9/lowThrust_9.mtx
* 	Execution time: 17.233998254 seconds

---New data---

[Remaining: 43]

sparseMatrix::CSR initialize from file : ./suiteSparse_dataset_10000_100000/net50/net50.mtx
* 	Execution time: 26.652441322 seconds

---New data---

[Remaining: 42]

sparseMatrix::CSR initialize from file : ./suiteSparse_dataset_10000_100000/mult_dcop_02/mult_dcop_02.mtx
* 	Execution time: 48.777508456 seconds

---New data---

[Remaining: 41]

sparseMatrix::CSR initialize from file : ./suiteSparse_dataset_10000_100000/LeGresley_87936/LeGresley_87936.mtx
* 	Execution time: 427.843175811 seconds

---New data---

[Remaining: 40]

sparseMatrix::CSR initialize from file : ./suiteSparse_dataset_10000_100000/Andrews/Andrews.mtx
* 	Execution time: 309.291189585 seconds

---New data---

[Remaining: 39]

sparseMatrix::CSR initialize from file : ./suiteSparse_dataset_10000_100000/crankseg_2/crankseg_2.mtx
* 	Execution time: 625.789530291 seconds

---New data---

[Remaining: 38]

sparseMatrix::CSR initialize from file : ./suiteSparse_dataset_10000_100000/c-65/c-65.mtx
* 	Execution time: 83.082681843 seconds

---New data---

[Remaining: 37]

sparseMatrix::CSR initialize from file : ./suiteSparse_dataset_10000_100000/lhr34c/lhr34c.mtx
* 	Execution time: 77.372835789 seconds

---New data---

[Remaining: 36]

sparseMatrix::CSR initialize from file : ./suiteSparse_dataset_10000_100000/TSOPF_RS_b2383_c1/TSOPF_RS_b2383_c1.mtx
* 	Execution time: 896.213211072 seconds

---New data---

[Remaining: 35]

sparseMatrix::CSR initialize from file : ./suiteSparse_dataset_10000_100000/spmsrtls/spmsrtls.mtx
* 	Execution time: 32.524978529 seconds

---New data---

[Remaining: 34]

sparseMatrix::CSR initialize from file : ./suiteSparse_dataset_10000_100000/venkat50/venkat50.mtx
* 	Execution time: 234.286852726 seconds

---New data---

[Remaining: 33]

sparseMatrix::CSR initialize from file : ./suiteSparse_dataset_10000_100000/jnlbrng1/jnlbrng1.mtx
* 	Execution time: 63.333540452 seconds

---New data---

[Remaining: 32]

sparseMatrix::CSR initialize from file : ./suiteSparse_dataset_10000_100000/sinc15/sinc15.mtx
* 	Execution time: 21.855243694 seconds

---New data---

[Remaining: 31]

sparseMatrix::CSR initialize from file : ./suiteSparse_dataset_10000_100000/TSOPF_RS_b300_c2/TSOPF_RS_b300_c2.mtx
* 	Execution time: 120.186376284 seconds

---New data---

[Remaining: 30]

sparseMatrix::CSR initialize from file : ./suiteSparse_dataset_10000_100000/bundle1/bundle1.mtx
* 	Execution time: 12.573638191 seconds

---New data---

[Remaining: 29]

sparseMatrix::CSR initialize from file : ./suiteSparse_dataset_10000_100000/soc-sign-Slashdot090216/soc-sign-Slashdot090216.mtx
* 	Execution time: 290.406688731 seconds

---New data---

[Remaining: 28]

sparseMatrix::CSR initialize from file : ./suiteSparse_dataset_10000_100000/chem_master1/chem_master1.mtx
* 	Execution time: 71.108307397 seconds

---New data---

[Remaining: 27]

sparseMatrix::CSR initialize from file : ./suiteSparse_dataset_10000_100000/c-62ghs/c-62ghs.mtx
* 	Execution time: 75.881758762 seconds

---New data---

[Remaining: 26]

sparseMatrix::CSR initialize from file : ./suiteSparse_dataset_10000_100000/TSOPF_FS_b300/TSOPF_FS_b300.mtx
* 	Execution time: 99.658805119 seconds

---New data---

[Remaining: 25]

sparseMatrix::CSR initialize from file : ./suiteSparse_dataset_10000_100000/TSOPF_RS_b39_c19/TSOPF_RS_b39_c19.mtx
* 	Execution time: 78.988064400 seconds

---New data---

[Remaining: 24]

sparseMatrix::CSR initialize from file : ./suiteSparse_dataset_10000_100000/208bit/208bit.mtx
* 	Execution time: 60.184942227 seconds

---New data---

[Remaining: 23]

sparseMatrix::CSR initialize from file : ./suiteSparse_dataset_10000_100000/mark3jac040sc/mark3jac040sc.mtx
* 	Execution time: 25.905047871 seconds

---New data---

[Remaining: 22]

sparseMatrix::CSR initialize from file : ./suiteSparse_dataset_10000_100000/g7jac160sc/g7jac160sc.mtx
* 	Execution time: 130.039861407 seconds

---New data---

[Remaining: 21]

sparseMatrix::CSR initialize from file : ./suiteSparse_dataset_10000_100000/conf5_4-8x8-05/conf5_4-8x8-05.mtx
* 	Execution time: 189.509229080 seconds

---New data---

[Remaining: 20]

sparseMatrix::CSR initialize from file : ./suiteSparse_dataset_10000_100000/jan99jac120sc/jan99jac120sc.mtx
* 	Execution time: 93.389535572 seconds

---New data---

[Remaining: 19]

sparseMatrix::CSR initialize from file : ./suiteSparse_dataset_10000_100000/mosfet2/mosfet2.mtx
* 	Execution time: 252.785217342 seconds

---New data---

[Remaining: 18]

sparseMatrix::CSR initialize from file : ./suiteSparse_dataset_10000_100000/lowThrust_5/lowThrust_5.mtx
* 	Execution time: 14.663687641 seconds

---New data---

[Remaining: 17]

sparseMatrix::CSR initialize from file : ./suiteSparse_dataset_10000_100000/soc-Slashdot0811/soc-Slashdot0811.mtx
* 	Execution time: 569.693686583 seconds

---New data---

[Remaining: 16]

sparseMatrix::CSR initialize from file : ./suiteSparse_dataset_10000_100000/ex19/ex19.mtx
* 	Execution time: 13.653646537 seconds

---New data---

[Remaining: 15]

sparseMatrix::CSR initialize from file : ./suiteSparse_dataset_10000_100000/ca-HepPh/ca-HepPh.mtx
* 	Execution time: 12.185525346 seconds

---New data---

[Remaining: 14]

sparseMatrix::CSR initialize from file : ./suiteSparse_dataset_10000_100000/IG5-17/IG5-17.mtx
* 	Execution time: 115.576208521 seconds

---New data---

[Remaining: 13]

sparseMatrix::CSR initialize from file : ./suiteSparse_dataset_10000_100000/net125/net125.mtx
* 	Execution time: 104.746951268 seconds

---New data---

[Remaining: 12]

sparseMatrix::CSR initialize from file : ./suiteSparse_dataset_10000_100000/bcsstk32/bcsstk32.mtx
* 	Execution time: 122.750828960 seconds

---New data---

[Remaining: 11]

sparseMatrix::CSR initialize from file : ./suiteSparse_dataset_10000_100000/onetone2/onetone2.mtx
* 	Execution time: 75.193860355 seconds

---New data---

[Remaining: 10]

sparseMatrix::CSR initialize from file : ./suiteSparse_dataset_10000_100000/lhr10c/lhr10c.mtx
* 	Execution time: 10.651886973 seconds

---New data---

[Remaining: 9]

sparseMatrix::CSR initialize from file : ./suiteSparse_dataset_10000_100000/olafu/olafu.mtx
* 	Execution time: 25.638332690 seconds

---New data---

[Remaining: 8]

sparseMatrix::CSR initialize from file : ./suiteSparse_dataset_10000_100000/Trefethen_20000/Trefethen_20000.mtx
* 	Execution time: 27.410728982 seconds

---New data---

[Remaining: 7]

sparseMatrix::CSR initialize from file : ./suiteSparse_dataset_10000_100000/g7jac180sc/g7jac180sc.mtx
* 	Execution time: 159.019841341 seconds

---New data---

[Remaining: 6]

sparseMatrix::CSR initialize from file : ./suiteSparse_dataset_10000_100000/e40r0100/e40r0100.mtx
* 	Execution time: 29.961044228 seconds

---New data---

[Remaining: 5]

sparseMatrix::CSR initialize from file : ./suiteSparse_dataset_10000_100000/li/li.mtx
* 	Execution time: 74.674081018 seconds

---New data---

[Remaining: 4]

sparseMatrix::CSR initialize from file : ./suiteSparse_dataset_10000_100000/lhr14/lhr14.mtx
* 	Execution time: 16.273250994 seconds

---New data---

[Remaining: 3]

sparseMatrix::CSR initialize from file : ./suiteSparse_dataset_10000_100000/jan99jac060sc/jan99jac060sc.mtx
* 	Execution time: 26.287418347 seconds

---New data---

[Remaining: 2]

sparseMatrix::CSR initialize from file : ./suiteSparse_dataset_10000_100000/HEP-th/HEP-th.mtx
* 	Execution time: 58.952743997 seconds

---New data---

[Remaining: 1]

sparseMatrix::CSR initialize from file : ./suiteSparse_dataset_10000_100000/c-63/c-63.mtx
* 	Execution time: 77.050015698 seconds

---New data---

[Remaining: 0]

sparseMatrix::CSR initialize from file : ./suiteSparse_dataset_10000_100000/c-67b/c-67b.mtx
* 	Execution time: 111.799175659 seconds

---Test done---

* Total time spent: 109893.984239532 seconds (30 hours, 31 minutes, 33.984239532 seconds)
